Log file open, 01/14/18 23:01:07
LogWindows: Failed to load 'aqProf.dll' (GetLastError=126)
LogWindows: File 'aqProf.dll' does not exist
LogWindows: Failed to load 'VtuneApi.dll' (GetLastError=126)
LogWindows: File 'VtuneApi.dll' does not exist
LogWindows: Failed to load 'VtuneApi32e.dll' (GetLastError=126)
LogWindows: File 'VtuneApi32e.dll' does not exist
LogInit: Display: Running engine without a game
LogPlatformFile: Not using cached read wrapper
LogInit: Display: Loading recent project file: ../../../../../../Documents/GitHub/FITA/FITA_0/FITA_0.uproject
LogInit: Display: RandInit(-1053607479) SRandInit(-1053607479).
LogInit: Read version file with build ID '3709383'
LogInit: Overriding engine version to CL 3794801, compatible CL 3709383
LogInit: Registered custom module enumerator with build ID '3709383'
LogTaskGraph: Started task graph with 5 named threads and 11 total threads with 3 sets of task threads.
LogStats: Stats thread started at 0.386144
LogD3D11RHI: Aftermath initialized
LogPluginManager: Mounting plugin Paper2D
LogPluginManager: Mounting plugin LightPropagationVolume
LogPluginManager: Mounting plugin CodeLiteSourceCodeAccess
LogPluginManager: Mounting plugin GitSourceControl
LogPluginManager: Mounting plugin KDevelopSourceCodeAccess
LogPluginManager: Mounting plugin NullSourceCodeAccess
LogPluginManager: Mounting plugin PerforceSourceControl
LogPluginManager: Mounting plugin SubversionSourceControl
LogPluginManager: Mounting plugin UObjectPlugin
LogPluginManager: Mounting plugin VisualStudioCodeSourceCodeAccess
LogPluginManager: Mounting plugin VisualStudioSourceCodeAccess
LogPluginManager: Mounting plugin XCodeSourceCodeAccess
LogPluginManager: Mounting plugin AssetManagerEditor
LogPluginManager: Mounting plugin AudioCapture
LogPluginManager: Mounting plugin FacialAnimation
LogPluginManager: Mounting plugin GameplayTagsEditor
LogPluginManager: Mounting plugin MobileLauncherProfileWizard
LogPluginManager: Mounting plugin PluginBrowser
LogPluginManager: Mounting plugin SpeedTreeImporter
LogPluginManager: Mounting plugin AlembicImporter
LogPluginManager: Mounting plugin CharacterAI
LogPluginManager: Mounting plugin HTML5Networking
LogPluginManager: Mounting plugin AndroidMedia
LogPluginManager: Mounting plugin AvfMedia
LogPluginManager: Mounting plugin ImgMedia
LogPluginManager: Mounting plugin MediaCompositing
LogPluginManager: Mounting plugin MediaPlayerEditor
LogPluginManager: Mounting plugin WmfMedia
LogPluginManager: Mounting plugin TcpMessaging
LogPluginManager: Mounting plugin UdpMessaging
LogPluginManager: Mounting plugin ActorSequence
LogPluginManager: Mounting plugin LevelSequenceEditor
LogPluginManager: Mounting plugin MatineeToLevelSequence
LogPluginManager: Mounting plugin OnlineSubsystemGooglePlay
LogPluginManager: Mounting plugin OnlineSubsystemIOS
LogPluginManager: Mounting plugin OnlineSubsystem
LogPluginManager: Mounting plugin OnlineSubsystemNull
LogPluginManager: Mounting plugin OnlineSubsystemUtils
LogPluginManager: Mounting plugin AndroidDeviceProfileSelector
LogPluginManager: Mounting plugin AndroidMoviePlayer
LogPluginManager: Mounting plugin AndroidPermission
LogPluginManager: Mounting plugin AppleARKit
LogPluginManager: Mounting plugin AppleMoviePlayer
LogPluginManager: Mounting plugin ArchVisCharacter
LogPluginManager: Mounting plugin CableComponent
LogPluginManager: Mounting plugin CustomMeshComponent
LogPluginManager: Mounting plugin ExampleDeviceProfileSelector
LogPluginManager: Mounting plugin GoogleCloudMessaging
LogPluginManager: Mounting plugin ImmediatePhysics
LogPluginManager: Mounting plugin IOSDeviceProfileSelector
LogPluginManager: Mounting plugin LinuxDeviceProfileSelector
LogPluginManager: Mounting plugin LocationServicesBPLibrary
LogPluginManager: Mounting plugin MobilePatchingUtils
LogPluginManager: Mounting plugin OculusVR
LogPluginManager: Plugin shader directory ../../../Engine/Plugins/Runtime/Oculus/OculusVR/Shaders found
LogPluginManager: Mapping shader source directory ../../../Engine/Plugins/Runtime/Oculus/OculusVR/Shaders to virtual directory /Plugin/OculusVR
LogPluginManager: Mounting plugin PhysXVehicles
LogPluginManager: Mounting plugin ProceduralMeshComponent
LogPluginManager: Mounting plugin RuntimePhysXCooking
LogPluginManager: Mounting plugin SteamVR
LogPluginManager: Mounting plugin WindowsMoviePlayer
LogModuleManager: Display: Found up-to-date module file ../../../../../../Documents/GitHub/FITA/FITA_0/Binaries/Win64/UE4Editor-FITA_0-403.dll (API version 3709383).
LogModuleManager: Display: Found up-to-date module file ../../../Engine/Plugins/2D/Paper2D/Binaries/Win64/UE4Editor-Paper2D.dll (API version 3709383).
LogModuleManager: Display: Found up-to-date module file ../../../Engine/Plugins/2D/Paper2D/Binaries/Win64/UE4Editor-Paper2DEditor.dll (API version 3709383).
LogModuleManager: Display: Found up-to-date module file ../../../Engine/Plugins/2D/Paper2D/Binaries/Win64/UE4Editor-PaperSpriteSheetImporter.dll (API version 3709383).
LogModuleManager: Display: Found up-to-date module file ../../../Engine/Plugins/2D/Paper2D/Binaries/Win64/UE4Editor-PaperTiledImporter.dll (API version 3709383).
LogModuleManager: Display: Found up-to-date module file ../../../Engine/Plugins/2D/Paper2D/Binaries/Win64/UE4Editor-SmartSnapping.dll (API version 3709383).
LogModuleManager: Display: Found up-to-date module file ../../../Engine/Plugins/Blendables/LightPropagationVolume/Binaries/Win64/UE4Editor-LightPropagationVolumeRuntime.dll (API version 3709383).
LogModuleManager: Display: Found up-to-date module file ../../../Engine/Plugins/Blendables/LightPropagationVolume/Binaries/Win64/UE4Editor-LightPropagationVolumeEditor.dll (API version 3709383).
LogModuleManager: Display: Found up-to-date module file ../../../Engine/Plugins/Developer/GitSourceControl/Binaries/Win64/UE4Editor-GitSourceControl.dll (API version 3709383).
LogModuleManager: Display: Found up-to-date module file ../../../Engine/Plugins/Developer/PerforceSourceControl/Binaries/Win64/UE4Editor-PerforceSourceControl.dll (API version 3709383).
LogModuleManager: Display: Found up-to-date module file ../../../Engine/Plugins/Developer/SubversionSourceControl/Binaries/Win64/UE4Editor-SubversionSourceControl.dll (API version 3709383).
LogModuleManager: Display: Found up-to-date module file ../../../Engine/Plugins/Developer/UObjectPlugin/Binaries/Win64/UE4Editor-UObjectPlugin.dll (API version 3709383).
LogModuleManager: Display: Found up-to-date module file ../../../Engine/Plugins/Developer/VisualStudioCodeSourceCodeAccess/Binaries/Win64/UE4Editor-VisualStudioCodeSourceCodeAccess.dll (API version 3709383).
LogModuleManager: Display: Found up-to-date module file ../../../Engine/Plugins/Developer/VisualStudioSourceCodeAccess/Binaries/Win64/UE4Editor-VisualStudioSourceCodeAccess.dll (API version 3709383).
LogModuleManager: Display: Found up-to-date module file ../../../Engine/Plugins/Editor/AssetManagerEditor/Binaries/Win64/UE4Editor-AssetManagerEditor.dll (API version 3709383).
LogModuleManager: Display: Found up-to-date module file ../../../Engine/Plugins/Editor/AudioCapture/Binaries/Win64/UE4Editor-AudioCapture.dll (API version 3709383).
LogModuleManager: Display: Found up-to-date module file ../../../Engine/Plugins/Editor/FacialAnimation/Binaries/Win64/UE4Editor-FacialAnimation.dll (API version 3709383).
LogModuleManager: Display: Found up-to-date module file ../../../Engine/Plugins/Editor/FacialAnimation/Binaries/Win64/UE4Editor-FacialAnimationEditor.dll (API version 3709383).
LogModuleManager: Display: Found up-to-date module file ../../../Engine/Plugins/Editor/GameplayTagsEditor/Binaries/Win64/UE4Editor-GameplayTagsEditor.dll (API version 3709383).
LogModuleManager: Display: Found up-to-date module file ../../../Engine/Plugins/Editor/MobileLauncherProfileWizard/Binaries/Win64/UE4Editor-MobileLauncherProfileWizard.dll (API version 3709383).
LogModuleManager: Display: Found up-to-date module file ../../../Engine/Plugins/Editor/PluginBrowser/Binaries/Win64/UE4Editor-PluginBrowser.dll (API version 3709383).
LogModuleManager: Display: Found up-to-date module file ../../../Engine/Plugins/Editor/SpeedTreeImporter/Binaries/Win64/UE4Editor-SpeedTreeImporter.dll (API version 3709383).
LogModuleManager: Display: Found up-to-date module file ../../../Engine/Plugins/Experimental/AlembicImporter/Binaries/Win64/UE4Editor-AlembicImporter.dll (API version 3709383).
LogModuleManager: Display: Found up-to-date module file ../../../Engine/Plugins/Experimental/AlembicImporter/Binaries/Win64/UE4Editor-AlembicLibrary.dll (API version 3709383).
LogModuleManager: Display: Found up-to-date module file ../../../Engine/Plugins/Experimental/CharacterAI/Binaries/Win64/UE4Editor-CharacterAI.dll (API version 3709383).
LogModuleManager: Display: Found up-to-date module file ../../../Engine/Plugins/Experimental/HTML5Networking/Binaries/Win64/UE4Editor-HTML5Networking.dll (API version 3709383).
LogModuleManager: Display: Found up-to-date module file ../../../Engine/Plugins/Media/AndroidMedia/Binaries/Win64/UE4Editor-AndroidMediaEditor.dll (API version 3709383).
LogModuleManager: Display: Found up-to-date module file ../../../Engine/Plugins/Media/AndroidMedia/Binaries/Win64/UE4Editor-AndroidMediaFactory.dll (API version 3709383).
LogModuleManager: Display: Found up-to-date module file ../../../Engine/Plugins/Media/AvfMedia/Binaries/Win64/UE4Editor-AvfMediaEditor.dll (API version 3709383).
LogModuleManager: Display: Found up-to-date module file ../../../Engine/Plugins/Media/AvfMedia/Binaries/Win64/UE4Editor-AvfMediaFactory.dll (API version 3709383).
LogModuleManager: Display: Found up-to-date module file ../../../Engine/Plugins/Media/AvfMedia/Binaries/Win64/UE4Editor-AvfMediaFactory.dll (API version 3709383).
LogModuleManager: Display: Found up-to-date module file ../../../Engine/Plugins/Media/ImgMedia/Binaries/Win64/UE4Editor-ImgMedia.dll (API version 3709383).
LogModuleManager: Display: Found up-to-date module file ../../../Engine/Plugins/Media/ImgMedia/Binaries/Win64/UE4Editor-ImgMediaEditor.dll (API version 3709383).
LogModuleManager: Display: Found up-to-date module file ../../../Engine/Plugins/Media/ImgMedia/Binaries/Win64/UE4Editor-ImgMediaFactory.dll (API version 3709383).
LogModuleManager: Display: Found up-to-date module file ../../../Engine/Plugins/Media/ImgMedia/Binaries/Win64/UE4Editor-ImgMediaFactory.dll (API version 3709383).
LogModuleManager: Display: Found up-to-date module file ../../../Engine/Plugins/Media/ImgMedia/Binaries/Win64/UE4Editor-OpenExrWrapper.dll (API version 3709383).
LogModuleManager: Display: Found up-to-date module file ../../../Engine/Plugins/Media/MediaCompositing/Binaries/Win64/UE4Editor-MediaCompositing.dll (API version 3709383).
LogModuleManager: Display: Found up-to-date module file ../../../Engine/Plugins/Media/MediaCompositing/Binaries/Win64/UE4Editor-MediaCompositingEditor.dll (API version 3709383).
LogModuleManager: Display: Found up-to-date module file ../../../Engine/Plugins/Media/MediaPlayerEditor/Binaries/Win64/UE4Editor-MediaPlayerEditor.dll (API version 3709383).
LogModuleManager: Display: Found up-to-date module file ../../../Engine/Plugins/Media/WmfMedia/Binaries/Win64/UE4Editor-WmfMedia.dll (API version 3709383).
LogModuleManager: Display: Found up-to-date module file ../../../Engine/Plugins/Media/WmfMedia/Binaries/Win64/UE4Editor-WmfMediaEditor.dll (API version 3709383).
LogModuleManager: Display: Found up-to-date module file ../../../Engine/Plugins/Media/WmfMedia/Binaries/Win64/UE4Editor-WmfMediaFactory.dll (API version 3709383).
LogModuleManager: Display: Found up-to-date module file ../../../Engine/Plugins/Media/WmfMedia/Binaries/Win64/UE4Editor-WmfMediaFactory.dll (API version 3709383).
LogModuleManager: Display: Found up-to-date module file ../../../Engine/Plugins/Messaging/TcpMessaging/Binaries/Win64/UE4Editor-TcpMessaging.dll (API version 3709383).
LogModuleManager: Display: Found up-to-date module file ../../../Engine/Plugins/Messaging/UdpMessaging/Binaries/Win64/UE4Editor-UdpMessaging.dll (API version 3709383).
LogModuleManager: Display: Found up-to-date module file ../../../Engine/Plugins/MovieScene/ActorSequence/Binaries/Win64/UE4Editor-ActorSequence.dll (API version 3709383).
LogModuleManager: Display: Found up-to-date module file ../../../Engine/Plugins/MovieScene/LevelSequenceEditor/Binaries/Win64/UE4Editor-LevelSequenceEditor.dll (API version 3709383).
LogModuleManager: Display: Found up-to-date module file ../../../Engine/Plugins/MovieScene/MatineeToLevelSequence/Binaries/Win64/UE4Editor-MatineeToLevelSequence.dll (API version 3709383).
LogModuleManager: Display: Found up-to-date module file ../../../Engine/Plugins/Online/OnlineSubsystem/Binaries/Win64/UE4Editor-OnlineSubsystem.dll (API version 3709383).
LogModuleManager: Display: Found up-to-date module file ../../../Engine/Plugins/Online/OnlineSubsystemNull/Binaries/Win64/UE4Editor-OnlineSubsystemNull.dll (API version 3709383).
LogModuleManager: Display: Found up-to-date module file ../../../Engine/Plugins/Online/OnlineSubsystemUtils/Binaries/Win64/UE4Editor-OnlineSubsystemUtils.dll (API version 3709383).
LogModuleManager: Display: Found up-to-date module file ../../../Engine/Plugins/Online/OnlineSubsystemUtils/Binaries/Win64/UE4Editor-OnlineBlueprintSupport.dll (API version 3709383).
LogModuleManager: Display: Found up-to-date module file ../../../Engine/Plugins/Runtime/AndroidDeviceProfileSelector/Binaries/Win64/UE4Editor-AndroidDeviceProfileSelector.dll (API version 3709383).
LogModuleManager: Display: Found up-to-date module file ../../../Engine/Plugins/Runtime/AndroidPermission/Binaries/Win64/UE4Editor-AndroidPermission.dll (API version 3709383).
LogModuleManager: Display: Found up-to-date module file ../../../Engine/Plugins/Runtime/AppleARKit/Binaries/Win64/UE4Editor-AppleARKit.dll (API version 3709383).
LogModuleManager: Display: Found up-to-date module file ../../../Engine/Plugins/Runtime/ArchVisCharacter/Binaries/Win64/UE4Editor-ArchVisCharacter.dll (API version 3709383).
LogModuleManager: Display: Found up-to-date module file ../../../Engine/Plugins/Runtime/CableComponent/Binaries/Win64/UE4Editor-CableComponent.dll (API version 3709383).
LogModuleManager: Display: Found up-to-date module file ../../../Engine/Plugins/Runtime/CustomMeshComponent/Binaries/Win64/UE4Editor-CustomMeshComponent.dll (API version 3709383).
LogModuleManager: Display: Found up-to-date module file ../../../Engine/Plugins/Runtime/ExampleDeviceProfileSelector/Binaries/Win64/UE4Editor-ExampleDeviceProfileSelector.dll (API version 3709383).
LogModuleManager: Display: Found up-to-date module file ../../../Engine/Plugins/Runtime/ImmediatePhysics/Binaries/Win64/UE4Editor-ImmediatePhysics.dll (API version 3709383).
LogModuleManager: Display: Found up-to-date module file ../../../Engine/Plugins/Runtime/ImmediatePhysics/Binaries/Win64/UE4Editor-ImmediatePhysicsEditor.dll (API version 3709383).
LogModuleManager: Display: Found up-to-date module file ../../../Engine/Plugins/Runtime/LocationServicesBPLibrary/Binaries/Win64/UE4Editor-LocationServicesBPLibrary.dll (API version 3709383).
LogModuleManager: Display: Found up-to-date module file ../../../Engine/Plugins/Runtime/MobilePatchingUtils/Binaries/Win64/UE4Editor-MobilePatchingUtils.dll (API version 3709383).
LogModuleManager: Display: Found up-to-date module file ../../../Engine/Plugins/Runtime/Oculus/OculusVR/Binaries/Win64/UE4Editor-OculusHMD.dll (API version 3709383).
LogModuleManager: Display: Found up-to-date module file ../../../Engine/Plugins/Runtime/Oculus/OculusVR/Binaries/Win64/UE4Editor-OculusInput.dll (API version 3709383).
LogModuleManager: Display: Found up-to-date module file ../../../Engine/Plugins/Runtime/Oculus/OculusVR/Binaries/Win64/UE4Editor-OculusEditor.dll (API version 3709383).
LogModuleManager: Display: Found up-to-date module file ../../../Engine/Plugins/Runtime/PhysXVehicles/Binaries/Win64/UE4Editor-PhysXVehicles.dll (API version 3709383).
LogModuleManager: Display: Found up-to-date module file ../../../Engine/Plugins/Runtime/PhysXVehicles/Binaries/Win64/UE4Editor-PhysXVehiclesEditor.dll (API version 3709383).
LogModuleManager: Display: Found up-to-date module file ../../../Engine/Plugins/Runtime/ProceduralMeshComponent/Binaries/Win64/UE4Editor-ProceduralMeshComponent.dll (API version 3709383).
LogModuleManager: Display: Found up-to-date module file ../../../Engine/Plugins/Runtime/ProceduralMeshComponent/Binaries/Win64/UE4Editor-ProceduralMeshComponentEditor.dll (API version 3709383).
LogModuleManager: Display: Found up-to-date module file ../../../Engine/Plugins/Runtime/RuntimePhysXCooking/Binaries/Win64/UE4Editor-RuntimePhysXCooking.dll (API version 3709383).
LogModuleManager: Display: Found up-to-date module file ../../../Engine/Plugins/Runtime/Steam/SteamVR/Binaries/Win64/UE4Editor-SteamVR.dll (API version 3709383).
LogModuleManager: Display: Found up-to-date module file ../../../Engine/Plugins/Runtime/Steam/SteamVR/Binaries/Win64/UE4Editor-SteamVRController.dll (API version 3709383).
LogModuleManager: Display: Found up-to-date module file ../../../Engine/Plugins/Runtime/WindowsMoviePlayer/Binaries/Win64/UE4Editor-WindowsMoviePlayer.dll (API version 3709383).
LogInit: Using libcurl 7.47.1
LogInit:  - built for x86_64-pc-win32
LogInit:  - supports SSL with OpenSSL/1.0.2g
LogInit:  - supports HTTP deflate (compression) using libz 1.2.8
LogInit:  - other features:
LogInit:      CURL_VERSION_SSL
LogInit:      CURL_VERSION_LIBZ
LogInit:      CURL_VERSION_IPV6
LogInit:      CURL_VERSION_ASYNCHDNS
LogInit:      CURL_VERSION_LARGEFILE
LogInit:      CURL_VERSION_IDN
LogInit:  CurlRequestOptions (configurable via config and command line):
LogInit:  - bVerifyPeer = false  - Libcurl will NOT verify peer certificate
LogInit:  - bUseHttpProxy = false  - Libcurl will NOT use HTTP proxy
LogInit:  - bDontReuseConnections = false  - Libcurl will reuse connections
LogInit:  - CertBundlePath = nullptr  - Libcurl will use whatever was configured at build time.
LogInit: Build: ++UE4+Release-4.18-CL-3794801
LogInit: Engine Version: 4.18.2-3794801+++UE4+Release-4.18
LogInit: Compatible Engine Version: 4.18.0-3709383+++UE4+Release-4.18
LogInit: Net CL: 3709383
LogDevObjectVersion: Number of dev versions registered: 16
LogDevObjectVersion:   Dev-Blueprints (B0D832E4-1F89-4F0D-ACCF-7EB736FD4AA2): 10
LogDevObjectVersion:   Dev-Build (E1C64328-A22C-4D53-A36C-8E866417BD8C): 0
LogDevObjectVersion:   Dev-Core (375EC13C-06E4-48FB-B500-84F0262A717E): 2
LogDevObjectVersion:   Dev-Editor (E4B068ED-F494-42E9-A231-DA0B2E46BB41): 20
LogDevObjectVersion:   Dev-Framework (CFFC743F-43B0-4480-9391-14DF171D2073): 30
LogDevObjectVersion:   Dev-Mobile (B02B49B5-BB20-44E9-A304-32B752E40360): 0
LogDevObjectVersion:   Dev-Networking (A4E4105C-59A1-49B5-A7C5-40C4547EDFEE): 0
LogDevObjectVersion:   Dev-Online (39C831C9-5AE6-47DC-9A44-9C173E1C8E7C): 0
LogDevObjectVersion:   Dev-Physics (78F01B33-EBEA-4F98-B9B4-84EACCB95AA2): 0
LogDevObjectVersion:   Dev-Platform (6631380F-2D4D-43E0-8009-CF276956A95A): 0
LogDevObjectVersion:   Dev-Rendering (12F88B9F-8875-4AFC-A67C-D90C383ABD29): 20
LogDevObjectVersion:   Dev-Sequencer (7B5AE74C-D270-4C10-A958-57980B212A5A): 4
LogDevObjectVersion:   Dev-VR (D7296918-1DD6-4BDD-9DE2-64A83CC13884): 0
LogDevObjectVersion:   Dev-LoadTimes (C2A15278-BFE7-4AFE-6C17-90FF531DF755): 1
LogDevObjectVersion:   Private-Geometry (6EACA3D4-40EC-4CC1-B786-8BED09428FC5): 1
LogDevObjectVersion:   Dev-AnimPhys (29E575DD-E0A3-4627-9D10-D276232CDCEA): 12
LogInit: Compiled (64-bit): Dec  8 2017 02:04:53
LogInit: Compiled with Visual C++: 19.00.24215.01
LogInit: Build Configuration: Development
LogInit: Branch Name: ++UE4+Release-4.18
LogInit: Command line: -EpicPortal 
LogInit: Base directory: E:/Program Files/Epic Games/UE_4.18/Engine/Binaries/Win64/
LogInit: Installed Engine Build: 1
LogInit: Presizing for max 8388607 objects, including 0 objects not considered by GC, pre-allocating 0 bytes for permanent pool.
LogInit: Object subsystem initialized
[2018.01.15-04.01.14:035][  0]LogInit: Selected Device Profile: [Windows]
[2018.01.15-04.01.14:036][  0]LogInit: Applying CVar settings loaded from the selected device profile: [Windows]
[2018.01.15-04.01.14:098][  0]LogInit: Computer: PEARL
[2018.01.15-04.01.14:098][  0]LogInit: User: Mrgds2
[2018.01.15-04.01.14:098][  0]LogInit: CPU Page size=4096, Cores=3
[2018.01.15-04.01.14:098][  0]LogInit: High frequency timer resolution =3.429436 MHz
[2018.01.15-04.01.14:098][  0]LogMemory: Memory total: Physical=7.9GB (8GB approx)
[2018.01.15-04.01.14:099][  0]LogMemory: Platform Memory Stats for Windows
[2018.01.15-04.01.14:099][  0]LogMemory: Process Physical Memory: 271.81 MB used, 271.81 MB peak
[2018.01.15-04.01.14:099][  0]LogMemory: Process Virtual Memory: 269.65 MB used, 269.65 MB peak
[2018.01.15-04.01.14:099][  0]LogMemory: Physical Memory: 5494.44 MB used,  2598.43 MB free, 8092.87 MB total
[2018.01.15-04.01.14:099][  0]LogMemory: Virtual Memory: 680.64 MB used,  2598.43 MB free, 134217728.00 MB total
[2018.01.15-04.01.14:743][  0]LogInit: Using OS detected language (en-US).
[2018.01.15-04.01.14:743][  0]LogInit: Using OS detected locale (en-US).
[2018.01.15-04.01.15:427][  0]LogTextLocalizationManager: No specific localization for 'en-US' exists, so the 'en' localization will be used.
[2018.01.15-04.01.16:472][  0]LogInit: Setting process to per monitor DPI aware
[2018.01.15-04.01.23:925][  0]LogD3D11RHI: D3D11 adapters:
[2018.01.15-04.01.24:022][  0]LogD3D11RHI:    0. 'NVIDIA GeForce GTX 970' (Feature Level 11_0)
[2018.01.15-04.01.24:022][  0]LogD3D11RHI:       4058/0/4046 MB DedicatedVideo/DedicatedSystem/SharedSystem, Outputs:2, VendorId:0x10de
[2018.01.15-04.01.24:027][  0]LogD3D11RHI:    1. 'Microsoft Basic Render Driver' (Feature Level 11_0)
[2018.01.15-04.01.24:028][  0]LogD3D11RHI:       0/0/4046 MB DedicatedVideo/DedicatedSystem/SharedSystem, Outputs:0, VendorId:0x1414
[2018.01.15-04.01.24:028][  0]LogD3D11RHI: Chosen D3D11 Adapter: 0
[2018.01.15-04.01.24:037][  0]LogD3D11RHI: Creating new Direct3DDevice
[2018.01.15-04.01.24:037][  0]LogD3D11RHI:     GPU DeviceId: 0x13c2 (for the marketing name, search the web for "GPU Device Id")
[2018.01.15-04.01.24:037][  0]LogWindows: EnumDisplayDevices:
[2018.01.15-04.01.24:037][  0]LogWindows:    0. 'NVIDIA GeForce GTX 970' (P:0 D:1)
[2018.01.15-04.01.24:037][  0]LogWindows:    1. 'NVIDIA GeForce GTX 970' (P:1 D:1)
[2018.01.15-04.01.24:038][  0]LogWindows:    2. 'NVIDIA GeForce GTX 970' (P:0 D:0)
[2018.01.15-04.01.24:038][  0]LogWindows:    3. 'NVIDIA GeForce GTX 970' (P:0 D:0)
[2018.01.15-04.01.24:038][  0]LogWindows: DebugString: GetVideoDriverDetailsInvalid PrimaryIsNotTheChoosenAdapter GetVideoDriverDetailsInvalid PrimaryIsNotTheChoosenAdapter GetVideoDriverDetailsInvalid PrimaryIsNotTheChoosenAdapter GetVideoDriverDetailsInvalid PrimaryIsNotTheChoosenAdapter FoundDriverCount:0 
[2018.01.15-04.01.24:038][  0]LogD3D11RHI:     Adapter Name: NVIDIA GeForce GTX 970
[2018.01.15-04.01.24:038][  0]LogD3D11RHI:   Driver Version: Unknown (internal:Unknown, unified:Unknown)
[2018.01.15-04.01.24:038][  0]LogD3D11RHI:      Driver Date: Unknown
[2018.01.15-04.01.24:038][  0]LogRHI: Texture pool is 2840 MB (70% of 4058 MB)
[2018.01.15-04.01.24:085][  0]LogD3D11RHI: Async texture creation enabled
[2018.01.15-04.01.24:428][  0]LogD3D11RHI: GPU Timing Frequency: 1000.000000 (Debug: 2 1)
[2018.01.15-04.01.24:532][  0]LogShaderCompilers: Guid format shader working directory is 0 characters bigger than the processId version (../../../../../../Documents/GitHub/FITA/FITA_0/Intermediate/Shaders/WorkingDirectory/8420/).
[2018.01.15-04.01.24:533][  0]LogShaderCompilers: Cleaned the shader compiler working directory 'C:/Users/Mrgds/AppData/Local/Temp/UnrealShaderWorkingDir/2A8D163F40D03DCF7D4B0C97045ABB6E/'.
[2018.01.15-04.01.24:533][  0]LogShaderCompilers: Display: Using Local Shader Compiler.
[2018.01.15-04.01.28:317][  0]LogTemp: Display: Loaded TP AllDesktopTargetPlatform
[2018.01.15-04.01.28:402][  0]LogTemp: Display: Loaded TP MacClientTargetPlatform
[2018.01.15-04.01.28:486][  0]LogTemp: Display: Loaded TP MacNoEditorTargetPlatform
[2018.01.15-04.01.28:576][  0]LogTemp: Display: Loaded TP MacServerTargetPlatform
[2018.01.15-04.01.28:679][  0]LogTemp: Display: Loaded TP MacTargetPlatform
[2018.01.15-04.01.28:771][  0]LogTemp: Display: Loaded TP WindowsClientTargetPlatform
[2018.01.15-04.01.28:859][  0]LogTemp: Display: Loaded TP WindowsNoEditorTargetPlatform
[2018.01.15-04.01.28:951][  0]LogTemp: Display: Loaded TP WindowsServerTargetPlatform
[2018.01.15-04.01.29:027][  0]LogTemp: Display: Loaded TP WindowsTargetPlatform
[2018.01.15-04.01.29:111][  0]LogTemp: Display: Loaded TP Android_ASTCTargetPlatform
[2018.01.15-04.01.29:195][  0]LogTemp: Display: Loaded TP Android_ATCTargetPlatform
[2018.01.15-04.01.29:279][  0]LogTemp: Display: Loaded TP Android_DXTTargetPlatform
[2018.01.15-04.01.29:364][  0]LogTemp: Display: Loaded TP Android_ETC1TargetPlatform
[2018.01.15-04.01.29:447][  0]LogTemp: Display: Loaded TP Android_ETC2TargetPlatform
[2018.01.15-04.01.29:635][  0]LogTemp: Display: Loaded TP Android_MultiTargetPlatform
[2018.01.15-04.01.29:635][  0]LogTemp: Display: Loaded TP Android_PVRTCTargetPlatform
[2018.01.15-04.01.29:739][  0]LogTemp: Display: Loaded TP AndroidTargetPlatform
[2018.01.15-04.01.29:810][  0]LogTemp: Display: Loaded TP HTML5TargetPlatform
[2018.01.15-04.01.30:029][  0]LogTemp: Display: Loaded TP IOSTargetPlatform
[2018.01.15-04.01.30:080][  0]LogTemp: Display: Loaded TP TVOSTargetPlatform
[2018.01.15-04.01.30:164][  0]LogTemp: Display: Loaded TP LinuxClientTargetPlatform
[2018.01.15-04.01.30:249][  0]LogTemp: Display: Loaded TP LinuxNoEditorTargetPlatform
[2018.01.15-04.01.30:334][  0]LogTemp: Display: Loaded TP LinuxServerTargetPlatform
[2018.01.15-04.01.30:448][  0]LogTemp: Display: Loaded TP LinuxTargetPlatform
[2018.01.15-04.01.30:448][  0]LogTargetPlatformManager: Display: Building Assets For Windows
[2018.01.15-04.01.31:714][  0]LogDerivedDataCache: Display: Max Cache Size: 512 MB
[2018.01.15-04.01.32:201][  0]LogDerivedDataCache: Loaded boot cache 0.48s 78MB C:/Users/Mrgds/AppData/Local/UnrealEngine/4.18/DerivedDataCache/Boot.ddc.
[2018.01.15-04.01.32:201][  0]LogDerivedDataCache: Display: Loaded Boot cache: C:/Users/Mrgds/AppData/Local/UnrealEngine/4.18/DerivedDataCache/Boot.ddc
[2018.01.15-04.01.32:201][  0]LogDerivedDataCache: FDerivedDataBackendGraph:  Pak pak cache file ../../../../../../Documents/GitHub/FITA/FITA_0/DerivedDataCache/DDC.ddp not found, will not use a pak cache.
[2018.01.15-04.01.32:201][  0]LogDerivedDataCache: Unable to find inner node Pak for hierarchical cache Hierarchy.
[2018.01.15-04.01.32:201][  0]LogDerivedDataCache: FDerivedDataBackendGraph:  CompressedPak pak cache file ../../../../../../Documents/GitHub/FITA/FITA_0/DerivedDataCache/Compressed.ddp not found, will not use a pak cache.
[2018.01.15-04.01.32:201][  0]LogDerivedDataCache: Unable to find inner node CompressedPak for hierarchical cache Hierarchy.
[2018.01.15-04.01.32:224][  0]LogDerivedDataCache: Display: Pak cache opened for reading ../../../Engine/DerivedDataCache/Compressed.ddp.
[2018.01.15-04.01.32:236][  0]LogDerivedDataCache: Using Local data cache path C:/Users/Mrgds/AppData/Local/UnrealEngine/Common/DerivedDataCache: Writable
[2018.01.15-04.01.32:253][  0]LogMaterial: Verifying Global Shaders for PCD3D_SM5
[2018.01.15-04.01.32:253][  0]LogSlate: Using Freetype 2.6.0
[2018.01.15-04.01.32:305][  0]LogSlate: SlateFontCache - WITH_FREETYPE: 1, WITH_HARFBUZZ: 1
[2018.01.15-04.01.32:306][  0]LogSlate: SlateFontCache - WITH_FREETYPE: 1, WITH_HARFBUZZ: 1
[2018.01.15-04.01.38:258][  0]LogInit: Selected Device Profile: [Windows]
[2018.01.15-04.01.38:990][  0]LogSimplygon: Simplygon DLL not present - disabling.
[2018.01.15-04.01.39:077][  0]LogMeshReduction: Using SimplygonSwarm for distributed automatic mesh merging
[2018.01.15-04.01.39:077][  0]LogMeshReduction: Using QuadricMeshReduction for automatic static mesh reduction
[2018.01.15-04.01.39:077][  0]LogMeshReduction: No automatic skeletal mesh reduction module available
[2018.01.15-04.01.39:077][  0]LogMeshReduction: No automatic mesh merging module available
[2018.01.15-04.01.39:077][  0]LogMeshMerging: No automatic mesh merging module available
[2018.01.15-04.01.39:127][  0]LogNetVersion: FITA_0 , NetCL: 3709383, EngineNetVer: 2, GameNetVer: 0 (Checksum: 2661453100)
[2018.01.15-04.01.39:376][  0]LogAssetRegistry: FAssetRegistry took 0.0276 seconds to start up
[2018.01.15-04.01.40:232][  0]LogPackageLocalizationCache: Processed 7 localized package path(s) for 2 prioritized culture(s) in 0.133020 seconds
[2018.01.15-04.01.40:248][  0]LogUObjectArray: 35900 objects as part of root set at end of initial load.
[2018.01.15-04.01.40:248][  0]LogUObjectAllocator: 7372024 out of 0 bytes used by permanent object pool.
[2018.01.15-04.01.40:248][  0]LogUObjectArray: CloseDisregardForGC: 0/0 objects in disregard for GC pool
[2018.01.15-04.01.40:399][  0]LogInit: WinSock: version 1.1 (2.2), MaxSocks=32767, MaxUdp=65467
[2018.01.15-04.02.08:779][  0]LogTcpMessaging: Initializing TcpMessaging bridge
[2018.01.15-04.02.08:854][  0]LogUdpMessaging: Initializing bridge on interface 0.0.0.0:0 to multicast group 230.0.0.1:6666.
[2018.01.15-04.02.10:913][  0]LogMaterial: Uniform references updated for custom material expression Custom.
[2018.01.15-04.02.11:788][  0]SourceControl: Source control is disabled
[2018.01.15-04.02.11:788][  0]SourceControl: Source control is disabled
[2018.01.15-04.02.11:911][  0]SourceControl: Source control is disabled
[2018.01.15-04.02.12:070][  0]SourceControl: Source control is disabled
[2018.01.15-04.02.14:182][  0]LogAndroidPermission: UAndroidPermissionCallbackProxy::GetInstance
[2018.01.15-04.02.14:796][  0]LogOcInput: OculusInput pre-init called
[2018.01.15-04.02.15:403][  0]LogEngine: Initializing Engine...
[2018.01.15-04.02.15:524][  0]LogHMD: Failed to initialize OpenVR with code 105
[2018.01.15-04.02.16:027][  0]LogStats: UGameplayTagsManager::ConstructGameplayTagTree: Construct from data asset -  0.000 s
[2018.01.15-04.02.16:027][  0]LogStats: UGameplayTagsManager::ConstructGameplayTagTree: GameplayTagTreeChangedEvent.Broadcast -  0.000 s
[2018.01.15-04.02.16:525][  0]LogAIModule: Creating AISystem for world Untitled
[2018.01.15-04.02.16:636][  0]LogInit: XAudio2 using 'Speakers (Razer Surround Audio Controller)' : 6 channels at 48 kHz using 16 bits per sample (channel mask 0x3f)
[2018.01.15-04.02.16:649][  0]LogInit: FAudioDevice initialized.
[2018.01.15-04.02.16:772][  0]LogDerivedDataCache: Saved boot cache 0.11s 78MB C:/Users/Mrgds/AppData/Local/UnrealEngine/4.18/DerivedDataCache/Boot.ddc.
[2018.01.15-04.02.16:821][  0]LogInit: Texture streaming: Enabled
[2018.01.15-04.02.17:146][  0]LogEngineSessionManager: EngineSessionManager initialized
[2018.01.15-04.02.17:726][  0]LogInit: Transaction tracking system initialized
[2018.01.15-04.02.19:941][  0]BlueprintLog: New page: Editor Load
[2018.01.15-04.02.31:325][  0]LocalizationService: Localization service is disabled
[2018.01.15-04.02.37:684][  0]LogConsoleResponse: Display: 
[2018.01.15-04.02.43:183][  0]LogFileCache: Scanning file cache for directory 'E:/Documents/GitHub/FITA/FITA_0/Content/' took 0.02s
[2018.01.15-04.02.43:183][  0]LogCook: Display: Max memory allowance for cook 16384mb min free memory 0mb
[2018.01.15-04.02.43:205][  0]LogCook: Display: Mobile HDR setting 1
[2018.01.15-04.02.43:205][  0]LogGameplayTags: Display: UGameplayTagsManager::DoneAddingNativeTags. DelegateIsBound: 0
[2018.01.15-04.02.48:919][  0]SourceControl: Source control is disabled
[2018.01.15-04.02.48:955][  0]Cmd: MAP LOAD FILE="../../../../../../Documents/GitHub/FITA/FITA_0/Content/Level_0.umap" TEMPLATE=0 SHOWPROGRESS=1 FEATURELEVEL=3
[2018.01.15-04.02.48:960][  0]LightingResults: New page: Lighting Build
[2018.01.15-04.02.49:309][  0]MapCheck: New page: Map Check
[2018.01.15-04.02.49:309][  0]LightingResults: New page: Lighting Build
[2018.01.15-04.02.55:411][  0]LogAIModule: Creating AISystem for world Level_0
[2018.01.15-04.02.55:659][  0]LogEditorServer: Finished looking for orphan Actors (0.000 secs)
[2018.01.15-04.02.55:804][  0]Cmd: MAP CHECKDEP NOCLEARLOG
[2018.01.15-04.02.55:906][  0]MapCheck: Map check complete: 0 Error(s), 0 Warning(s), took 101.395ms to complete.
[2018.01.15-04.02.55:906][  0]LogFileHelpers: Loading map 'Level_0' took 6.965
[2018.01.15-04.02.57:423][  0]LogCollectionManager: Loaded 0 collections in 0.002949 seconds
[2018.01.15-04.02.57:541][  0]LogFileCache: Scanning file cache for directory 'E:/Documents/GitHub/FITA/FITA_0/Saved/Collections/' took 0.01s
[2018.01.15-04.02.57:541][  0]LogFileCache: Scanning file cache for directory 'E:/Documents/GitHub/FITA/FITA_0/Content/Developers/Mrgds2/Collections/' took 0.01s
[2018.01.15-04.02.57:541][  0]LogFileCache: Scanning file cache for directory 'E:/Documents/GitHub/FITA/FITA_0/Content/Collections/' took 0.01s
[2018.01.15-04.02.57:541][  0]LogCollectionManager: Rebuilt the GUID cache for 0 collections in 0.000001 seconds
[2018.01.15-04.02.57:557][  0]LogContentBrowser: Native class hierarchy populated in 0.0156 seconds. Added 2368 classes and 523 folders.
[2018.01.15-04.02.57:772][  0]LogContentBrowser: Native class hierarchy updated for 'WidgetCarousel' in 0.0010 seconds. Added 0 classes and 0 folders.
[2018.01.15-04.03.00:136][  0]LogContentBrowser: Native class hierarchy updated for 'AddContentDialog' in 0.0030 seconds. Added 0 classes and 0 folders.
[2018.01.15-04.03.00:912][  0]LogSlate: Took 0.018045 seconds to synchronously load lazily loaded font '../../../Engine/Content/Slate/Fonts/Roboto-Regular.ttf' (155K)
[2018.01.15-04.03.00:936][  0]LogSlate: Took 0.006266 seconds to synchronously load lazily loaded font '../../../Engine/Content/Slate/Fonts/Roboto-Bold.ttf' (160K)
[2018.01.15-04.03.00:968][  0]LogSlate: Took 0.023817 seconds to synchronously load lazily loaded font '../../../Engine/Content/Editor/Slate/Fonts/FontAwesome.ttf' (139K)
[2018.01.15-04.03.00:985][  0]LogSlate: Took 0.016898 seconds to synchronously load lazily loaded font '../../../Engine/Content/Editor/Slate/Fonts/DroidSansMono.ttf' (77K)
[2018.01.15-04.03.01:595][  0]LogRenderer: Reallocating scene render targets to support 1200x688 Format 10 NumSamples 1 (Frame:1).
[2018.01.15-04.03.02:199][  0]LogContentBrowser: Native class hierarchy updated for 'HierarchicalLODOutliner' in 0.0011 seconds. Added 1 classes and 2 folders.
[2018.01.15-04.03.02:199][  0]LogLoad: (Engine Initialization) Total time: 136.65 seconds
[2018.01.15-04.03.02:199][  0]LogLoad: (Engine Initialization) Total Blueprint compile time: 0.00 seconds
[2018.01.15-04.03.02:214][  0]LogExternalProfiler: Found external profiler: VSPerf
[2018.01.15-04.03.02:214][  0]LogExternalProfiler: Using external profiler: VSPerf
[2018.01.15-04.03.02:641][  0]LogContentStreaming: Texture pool size now 1000 MB
[2018.01.15-04.03.03:565][  3]LogAssetRegistry: Asset discovery search completed in 84.2104 seconds
[2018.01.15-04.03.03:567][  3]LogCollectionManager: Rebuilt the object cache for 0 collections in 0.000000 seconds (found 0 objects)
[2018.01.15-04.03.03:567][  3]LogCollectionManager: Fixed up redirectors for 0 collections in 0.000203 seconds (updated 0 objects)
[2018.01.15-04.04.11:580][803]LogVSAccessor: Warning: Couldn't access Visual Studio
[2018.01.15-04.04.11:637][803]Candidate modules for hot reload:
[2018.01.15-04.04.11:637][803]  FITA_0
[2018.01.15-04.04.11:637][803]Launching UnrealBuildTool... [E:/Program Files/Epic Games/UE_4.18/Engine/Binaries/DotNET/UnrealBuildTool.exe FITA_0 -ModuleWithSuffix FITA_0 3704 Win64 Development -editorrecompile -canskiplink "E:/Documents/GitHub/FITA/FITA_0/FITA_0.uproject" ]
[2018.01.15-04.04.11:758][803]Warning: Starting HotReload took  0.2s.
[2018.01.15-04.12.32:389][807]CompilerResultsLog: New page: Compilation - Jan 14, 2018, 6:12:32 PM
[2018.01.15-04.12.32:563][807]CompilerResultsLog: Using 'git status' to determine working set for adaptive non-unity build.
[2018.01.15-04.12.32:563][807]CompilerResultsLog: Creating makefile for hot reloading FITA_0 (game project files are newer)
[2018.01.15-04.12.32:564][807]CompilerResultsLog: Compiling game modules for hot reload
[2018.01.15-04.12.32:564][807]CompilerResultsLog: Parsing headers for FITA_0Editor
[2018.01.15-04.12.32:564][807]CompilerResultsLog:   Running UnrealHeaderTool "E:\Documents\GitHub\FITA\FITA_0\FITA_0.uproject" "E:\Documents\GitHub\FITA\FITA_0\Intermediate\Build\Win64\FITA_0Editor\Development\FITA_0Editor.uhtmanifest" -LogCmds="loginit warning, logexit warning, logdatabase error" -Unattended -WarningsAsErrors -installed
[2018.01.15-04.12.32:565][807]CompilerResultsLog: Reflection code generated for FITA_0Editor in 13.1905348 seconds
[2018.01.15-04.12.32:566][807]CompilerResultsLog: Performing 4 actions (3 in parallel)
[2018.01.15-04.12.32:566][807]CompilerResultsLog: Grabber.gen.cpp
[2018.01.15-04.12.32:566][807]CompilerResultsLog: Grabber.cpp
[2018.01.15-04.12.32:567][807]CompilerResultsLog: Error: E:\Documents\GitHub\FITA\FITA_0\Source\FITA_0\Grabber.cpp(98) : warning C4996: 'UPhysicsHandleComponent::GrabComponent': Please use GrabComponentAtLocation or GrabComponentAtLocationWithRotation Please update your code to the new API before upgrading to the next release, otherwise your project will no longer compile.
[2018.01.15-04.12.32:570][807]CompilerResultsLog: Error: E:\Program Files\Epic Games\UE_4.18\Engine\Source\Runtime\Engine\Classes\PhysicsEngine/PhysicsHandleComponent.h(89) : note: see declaration of 'UPhysicsHandleComponent::GrabComponent'
[2018.01.15-04.12.32:571][807]CompilerResultsLog: [3/4] Link UE4Editor-FITA_0-3704.dll
[2018.01.15-04.12.32:571][807]CompilerResultsLog: [4/4] Link UE4Editor-FITA_0-3704.lib
[2018.01.15-04.12.32:571][807]CompilerResultsLog:    Creating library E:\Documents\GitHub\FITA\FITA_0\Intermediate\Build\Win64\UE4Editor\Development\UE4Editor-FITA_0-3704.lib and object E:\Documents\GitHub\FITA\FITA_0\Intermediate\Build\Win64\UE4Editor\Development\UE4Editor-FITA_0-3704.exp
[2018.01.15-04.12.32:572][807]CompilerResultsLog:    Creating library E:\Documents\GitHub\FITA\FITA_0\Intermediate\Build\Win64\UE4Editor\Development\UE4Editor-FITA_0-3704.suppressed.lib and object E:\Documents\GitHub\FITA\FITA_0\Intermediate\Build\Win64\UE4Editor\Development\UE4Editor-FITA_0-3704.suppressed.exp
[2018.01.15-04.12.32:573][807]CompilerResultsLog: Total build time: 499.62 seconds (Local executor: 429.57 seconds)
[2018.01.15-04.12.32:609][807]LogMainFrame: MainFrame: Module compiling took 501.027 seconds
[2018.01.15-04.12.35:758][807]LogContentBrowser: Native class hierarchy updated for 'FITA_0' in 0.0470 seconds. Added 4 classes and 2 folders.
[2018.01.15-04.12.35:774][807]Display: HotReload successful (0 functions remapped  0 scriptstructs remapped)
[2018.01.15-04.12.37:736][807]LogContentBrowser: Native class hierarchy populated in 0.0514 seconds. Added 2369 classes and 525 folders.
[2018.01.15-04.12.37:820][807]Display: HotReload took 506.3s.
[2018.01.15-04.36.57:994][180]LogEditorViewport: Clicking on Actor (LMB): StaticMeshActor (Floor)
[2018.01.15-04.37.02:175][226]LogTemp: Repeating last play command: Selected Viewport
[2018.01.15-04.37.02:512][226]LogPlayLevel: PlayLevel: No blueprints needed recompiling
[2018.01.15-04.37.02:599][226]PIE: New page: PIE session: Level_0 (Jan 14, 2018, 6:37:02 PM)
[2018.01.15-04.37.02:614][226]LogPlayLevel: Creating play world package: /Game/UEDPIE_0_Level_0
[2018.01.15-04.37.02:994][226]LogPlayLevel: PIE: StaticDuplicateObject took: (0.378151s)
[2018.01.15-04.37.03:066][226]LogAIModule: Creating AISystem for world Level_0
[2018.01.15-04.37.03:080][226]LogPlayLevel: PIE: World Init took: (0.086195s)
[2018.01.15-04.37.03:094][226]LogPlayLevel: PIE: Created PIE world by copying editor world from /Game/Level_0.Level_0 to /Game/UEDPIE_0_Level_0.Level_0 (0.480994s)
[2018.01.15-04.37.03:268][226]LogInit: XAudio2 using 'Speakers (Razer Surround Audio Controller)' : 6 channels at 48 kHz using 16 bits per sample (channel mask 0x3f)
[2018.01.15-04.37.03:331][226]LogInit: FAudioDevice initialized.
[2018.01.15-04.37.04:044][226]LogLoad: Game class is 'MyFITA_0GameModeBase_BP_C'
[2018.01.15-04.37.04:248][226]LogWorld: Bringing World /Game/UEDPIE_0_Level_0.Level_0 up for play (max tick rate 0) at 2018.01.14-23.37.04
[2018.01.15-04.37.04:266][226]LogWorld: Bringing up level for play took: 0.066394
[2018.01.15-04.37.04:981][226]LogContentBrowser: Native class hierarchy updated for 'MovieSceneCapture' in 0.0014 seconds. Added 11 classes and 0 folders.
[2018.01.15-04.37.05:132][226]LogTemp: Warning: Input component found 
[2018.01.15-04.37.05:133][226]LogTemp: Warning: SM_Chair2_8 is at X=-220.000 Y=380.000 Z=20.000 
[2018.01.15-04.37.05:178][226]PIE: Play in editor start time for /Game/UEDPIE_0_Level_0 3.164
[2018.01.15-04.37.10:006][676]LogTemp: Warning: Your looking at the: SM_Chair3_11 
[2018.01.15-04.37.10:006][676]LogTemp: Warning: Your looking at the: SM_Chair3_11 
[2018.01.15-04.37.17:555][433]LogSlate: Took 0.018543 seconds to synchronously load lazily loaded font '../../../Engine/Content/Slate/Fonts/Roboto-Light.ttf' (159K)
[2018.01.15-04.37.17:691][433]Cmd: OBJ SAVEPACKAGE PACKAGE="/Game/Level_0" FILE="../../../../../../Documents/GitHub/FITA/FITA_0/Content/Level_0.umap" SILENT=true AUTOSAVING=false KEEPDIRTY=false
[2018.01.15-04.37.18:278][433]LogSavePackage: Save=194.16ms
[2018.01.15-04.37.18:278][433]LogSavePackage: Moving '../../../../../../Documents/GitHub/FITA/FITA_0/Saved/Level_045FBC3B447D8790314C95496216BBC53.tmp' to '../../../../../../Documents/GitHub/FITA/FITA_0/Content/Level_0.umap'
[2018.01.15-04.37.18:310][433]LogSavePackage: Display: Finished SavePackage ../../../../../../Documents/GitHub/FITA/FITA_0/Content/Level_0.umap
[2018.01.15-04.37.18:458][433]Cmd: OBJ SAVEPACKAGE PACKAGE="/Game/Level_0_BuiltData" FILE="../../../../../../Documents/GitHub/FITA/FITA_0/Content/Level_0_BuiltData.uasset" SILENT=true
[2018.01.15-04.37.18:763][433]LogSavePackage: Save=261.83ms
[2018.01.15-04.37.18:763][433]LogSavePackage: Moving '../../../../../../Documents/GitHub/FITA/FITA_0/Saved/Level_0_BuiltData4819251148DC34F562A00F9CDE15F873.tmp' to '../../../../../../Documents/GitHub/FITA/FITA_0/Content/Level_0_BuiltData.uasset'
[2018.01.15-04.37.18:769][433]LogSavePackage: Display: Finished SavePackage ../../../../../../Documents/GitHub/FITA/FITA_0/Content/Level_0_BuiltData.uasset
[2018.01.15-04.37.22:429][729]Cmd: QUIT_EDITOR
[2018.01.15-04.37.23:529][729]LogWindowsTextInputMethodSystem: Display: IME system now deactivated.
[2018.01.15-04.37.23:588][729]LogExit: Preparing to exit.
[2018.01.15-04.37.25:575][729]LogDirectoryWatcher: A directory notification for 'E:/Documents/GitHub/FITA/FITA_0/Content/' was aborted.
[2018.01.15-04.37.26:003][729]LogExit: Editor shut down
[2018.01.15-04.37.26:106][729]LogExit: Transaction tracking system shut down
[2018.01.15-04.37.26:559][729]LogDirectoryWatcher: A directory notification for '../../../Engine/Content/' was aborted.
[2018.01.15-04.37.26:559][729]LogDirectoryWatcher: A directory notification for '../../../../../../Documents/GitHub/FITA/FITA_0/Content/' was aborted.
[2018.01.15-04.37.26:559][729]LogDirectoryWatcher: A directory notification for '../../../Engine/Plugins/2D/Paper2D/Content/' was aborted.
[2018.01.15-04.37.26:559][729]LogDirectoryWatcher: A directory notification for '../../../Engine/Plugins/Media/MediaCompositing/Content/' was aborted.
[2018.01.15-04.37.26:559][729]LogDirectoryWatcher: A directory notification for '../../../Engine/Plugins/Runtime/AppleARKit/Content/' was aborted.
[2018.01.15-04.37.26:559][729]LogDirectoryWatcher: A directory notification for '../../../Engine/Plugins/Runtime/Oculus/OculusVR/Content/' was aborted.
[2018.01.15-04.37.26:559][729]LogDirectoryWatcher: A directory notification for '../../../Engine/Plugins/Runtime/Steam/SteamVR/Content/' was aborted.
[2018.01.15-04.37.28:313][729]LogExit: Object subsystem successfully closed.
[2018.01.15-04.37.28:568][729]LogD3D11RHI: Shutdown
[2018.01.15-04.37.28:585][729]LogD3D11RHI: CleanupD3DDevice
[2018.01.15-04.37.28:759][729]LogD3D11RHI: ~FD3D11DynamicRHI
[2018.01.15-04.37.30:633][729]LogModuleManager: Shutting down and abandoning module MovieSceneCapture (553)
[2018.01.15-04.37.30:633][729]LogModuleManager: Shutting down and abandoning module FITA_0 (551)
[2018.01.15-04.37.30:633][729]LogModuleManager: Shutting down and abandoning module HierarchicalLODOutliner (550)
[2018.01.15-04.37.30:633][729]LogModuleManager: Shutting down and abandoning module DesktopPlatform (548)
[2018.01.15-04.37.30:647][729]LogModuleManager: Shutting down and abandoning module AddContentDialog (546)
[2018.01.15-04.37.30:683][729]LogDirectoryWatcher: A directory notification for 'E:/Program Files/Epic Games/UE_4.18/FeaturePacks/' was aborted.
[2018.01.15-04.37.30:714][729]LogModuleManager: Shutting down and abandoning module WidgetCarousel (545)
[2018.01.15-04.37.30:714][729]LogModuleManager: Shutting down and abandoning module EditorWidgets (542)
[2018.01.15-04.37.30:714][729]LogModuleManager: Shutting down and abandoning module CollectionManager (540)
[2018.01.15-04.37.30:760][729]LogDirectoryWatcher: A directory notification for 'E:/Documents/GitHub/FITA/FITA_0/Content/Collections/' was aborted.
[2018.01.15-04.37.30:760][729]LogDirectoryWatcher: A directory notification for 'E:/Documents/GitHub/FITA/FITA_0/Content/Developers/Mrgds2/Collections/' was aborted.
[2018.01.15-04.37.30:760][729]LogDirectoryWatcher: A directory notification for 'E:/Documents/GitHub/FITA/FITA_0/Saved/Collections/' was aborted.
[2018.01.15-04.37.30:761][729]LogModuleManager: Shutting down and abandoning module SceneOutliner (538)
[2018.01.15-04.37.30:767][729]LogModuleManager: Shutting down and abandoning module StatsViewer (536)
[2018.01.15-04.37.30:788][729]LogModuleManager: Shutting down and abandoning module FoliageEdit (534)
[2018.01.15-04.37.30:788][729]LogModuleManager: Shutting down and abandoning module LandscapeEditor (532)
[2018.01.15-04.37.30:808][729]LogModuleManager: Shutting down and abandoning module MeshPaintMode (530)
[2018.01.15-04.37.30:823][729]LogModuleManager: Shutting down and abandoning module SceneDepthPickerMode (528)
[2018.01.15-04.37.30:823][729]LogModuleManager: Shutting down and abandoning module ActorPickerMode (526)
[2018.01.15-04.37.30:823][729]LogModuleManager: Shutting down and abandoning module GeometryMode (524)
[2018.01.15-04.37.30:824][729]LogModuleManager: Shutting down and abandoning module TextureAlignMode (522)
[2018.01.15-04.37.30:824][729]LogModuleManager: Shutting down and abandoning module BspMode (520)
[2018.01.15-04.37.30:824][729]LogModuleManager: Shutting down and abandoning module PIEPreviewDeviceProfileSelector (518)
[2018.01.15-04.37.30:824][729]LogModuleManager: Shutting down and abandoning module HardwareSurvey (516)
[2018.01.15-04.37.30:824][729]LogModuleManager: Shutting down and abandoning module SequenceRecorderSections (514)
[2018.01.15-04.37.30:824][729]LogModuleManager: Shutting down and abandoning module AutomationWorker (512)
[2018.01.15-04.37.30:837][729]LogModuleManager: Shutting down and abandoning module MatineeToLevelSequence (510)
[2018.01.15-04.37.30:846][729]LogModuleManager: Shutting down and abandoning module LevelSequenceEditor (508)
[2018.01.15-04.37.30:922][729]LogModuleManager: Shutting down and abandoning module PlacementMode (507)
[2018.01.15-04.37.30:922][729]LogModuleManager: Shutting down and abandoning module WmfMediaFactory (504)
[2018.01.15-04.37.30:922][729]LogModuleManager: Shutting down and abandoning module WmfMediaEditor (502)
[2018.01.15-04.37.30:922][729]LogModuleManager: Shutting down and abandoning module OpenExrWrapper (500)
[2018.01.15-04.37.30:922][729]LogModuleManager: Shutting down and abandoning module ImgMediaFactory (498)
[2018.01.15-04.37.30:922][729]LogModuleManager: Shutting down and abandoning module ImgMediaEditor (496)
[2018.01.15-04.37.30:933][729]LogModuleManager: Shutting down and abandoning module AvfMediaFactory (494)
[2018.01.15-04.37.30:933][729]LogModuleManager: Shutting down and abandoning module AvfMediaEditor (492)
[2018.01.15-04.37.30:933][729]LogModuleManager: Shutting down and abandoning module AndroidMediaFactory (490)
[2018.01.15-04.37.30:933][729]LogModuleManager: Shutting down and abandoning module AndroidMediaEditor (488)
[2018.01.15-04.37.30:933][729]LogModuleManager: Shutting down and abandoning module CharacterAI (486)
[2018.01.15-04.37.30:933][729]LogModuleManager: Shutting down and abandoning module AudioCapture (484)
[2018.01.15-04.37.30:942][729]LogModuleManager: Shutting down and abandoning module SequenceRecorder (483)
[2018.01.15-04.37.30:960][729]LogModuleManager: Shutting down and abandoning module SmartSnapping (480)
[2018.01.15-04.37.30:960][729]LogModuleManager: Shutting down and abandoning module SessionServices (478)
[2018.01.15-04.37.30:960][729]LogModuleManager: Shutting down and abandoning module ViewportSnapping (476)
[2018.01.15-04.37.30:960][729]LogModuleManager: Shutting down and abandoning module ViewportInteraction (474)
[2018.01.15-04.37.30:960][729]LogModuleManager: Shutting down and abandoning module ClothPainter (472)
[2018.01.15-04.37.30:987][729]LogModuleManager: Shutting down and abandoning module SkeletalMeshEditor (471)
[2018.01.15-04.37.31:051][729]LogModuleManager: Shutting down and abandoning module LogVisualizer (468)
[2018.01.15-04.37.31:087][729]LogModuleManager: Shutting down and abandoning module IntroTutorials (466)
[2018.01.15-04.37.31:129][729]LogModuleManager: Shutting down and abandoning module GameProjectGeneration (465)
[2018.01.15-04.37.31:142][729]LogModuleManager: Shutting down and abandoning module IOSPlatformEditor (462)
[2018.01.15-04.37.31:142][729]LogModuleManager: Shutting down and abandoning module HTML5PlatformEditor (460)
[2018.01.15-04.37.31:142][729]LogModuleManager: Shutting down and abandoning module AndroidPlatformEditor (458)
[2018.01.15-04.37.31:142][729]LogModuleManager: Shutting down and abandoning module AndroidDeviceDetection (457)
[2018.01.15-04.37.31:702][729]LogModuleManager: Shutting down and abandoning module WindowsPlatformEditor (454)
[2018.01.15-04.37.31:702][729]LogModuleManager: Shutting down and abandoning module IOSRuntimeSettings (452)
[2018.01.15-04.37.31:702][729]LogModuleManager: Shutting down and abandoning module AndroidRuntimeSettings (450)
[2018.01.15-04.37.31:702][729]LogModuleManager: Shutting down and abandoning module InputBindingEditor (448)
[2018.01.15-04.37.31:713][729]LogModuleManager: Shutting down and abandoning module MergeActors (446)
[2018.01.15-04.37.31:739][729]LogModuleManager: Shutting down and abandoning module SizeMap (444)
[2018.01.15-04.37.31:739][729]LogModuleManager: Shutting down and abandoning module TreeMap (442)
[2018.01.15-04.37.31:774][729]LogModuleManager: Shutting down and abandoning module ReferenceViewer (440)
[2018.01.15-04.37.31:775][729]LogModuleManager: Shutting down and abandoning module LocalizationDashboard (438)
[2018.01.15-04.37.31:785][729]LogModuleManager: Shutting down and abandoning module LocalizationService (437)
[2018.01.15-04.37.31:797][729]LogModuleManager: Shutting down and abandoning module HardwareTargeting (434)
[2018.01.15-04.37.31:797][729]LogModuleManager: Shutting down and abandoning module DeviceProfileEditor (432)
[2018.01.15-04.37.31:797][729]LogModuleManager: Shutting down and abandoning module UndoHistory (430)
[2018.01.15-04.37.31:797][729]LogModuleManager: Shutting down and abandoning module XmlParser (428)
[2018.01.15-04.37.31:815][729]LogModuleManager: Shutting down and abandoning module Blutility (426)
[2018.01.15-04.37.31:815][729]LogModuleManager: Shutting down and abandoning module ProjectSettingsViewer (424)
[2018.01.15-04.37.31:816][729]LogModuleManager: Shutting down and abandoning module ProjectTargetPlatformEditor (423)
[2018.01.15-04.37.31:816][729]LogModuleManager: Shutting down and abandoning module EditorSettingsViewer (420)
[2018.01.15-04.37.31:816][729]LogModuleManager: Shutting down and abandoning module SettingsEditor (418)
[2018.01.15-04.37.31:816][729]LogModuleManager: Shutting down and abandoning module ProjectLauncher (416)
[2018.01.15-04.37.31:829][729]LogModuleManager: Shutting down and abandoning module SessionFrontend (414)
[2018.01.15-04.37.31:846][729]LogModuleManager: Shutting down and abandoning module ProfilerClient (412)
[2018.01.15-04.37.31:862][729]LogModuleManager: Shutting down and abandoning module DeviceManager (410)
[2018.01.15-04.37.31:876][729]LogModuleManager: Shutting down and abandoning module TargetDeviceServices (409)
[2018.01.15-04.37.31:981][729]LogModuleManager: Shutting down and abandoning module AutomationController (406)
[2018.01.15-04.37.32:000][729]LogModuleManager: Shutting down and abandoning module AutomationWindow (404)
[2018.01.15-04.37.32:022][729]LogModuleManager: Shutting down and abandoning module Layers (402)
[2018.01.15-04.37.32:075][729]LogModuleManager: Shutting down and abandoning module ComponentVisualizers (400)
[2018.01.15-04.37.32:076][729]LogModuleManager: Shutting down and abandoning module DetailCustomizations (398)
[2018.01.15-04.37.32:076][729]LogModuleManager: Shutting down and abandoning module PackagesDialog (396)
[2018.01.15-04.37.32:076][729]LogModuleManager: Shutting down and abandoning module Persona (394)
[2018.01.15-04.37.32:106][729]LogModuleManager: Shutting down and abandoning module AdvancedPreviewScene (393)
[2018.01.15-04.37.32:106][729]LogModuleManager: Shutting down and abandoning module AnimGraph (391)
[2018.01.15-04.37.32:106][729]LogModuleManager: Shutting down and abandoning module Kismet (388)
[2018.01.15-04.37.32:132][729]LogModuleManager: Shutting down and abandoning module ClassViewer (386)
[2018.01.15-04.37.32:132][729]LogModuleManager: Shutting down and abandoning module Toolbox (384)
[2018.01.15-04.37.32:132][729]LogModuleManager: Shutting down and abandoning module ModuleUI (382)
[2018.01.15-04.37.32:148][729]LogModuleManager: Shutting down and abandoning module MovieSceneTools (380)
[2018.01.15-04.37.32:191][729]LogModuleManager: Shutting down and abandoning module OutputLog (378)
[2018.01.15-04.37.32:191][729]LogModuleManager: Shutting down and abandoning module GammaUI (376)
[2018.01.15-04.37.32:200][729]LogModuleManager: Shutting down and abandoning module Documentation (374)
[2018.01.15-04.37.32:200][729]LogModuleManager: Shutting down and abandoning module MovieSceneTracks (372)
[2018.01.15-04.37.32:200][729]LogModuleManager: Shutting down and abandoning module MovieScene (370)
[2018.01.15-04.37.32:200][729]LogModuleManager: Shutting down and abandoning module StreamingPauseRendering (368)
[2018.01.15-04.37.32:210][729]LogModuleManager: Shutting down and abandoning module LauncherPlatform (366)
[2018.01.15-04.37.32:210][729]LogModuleManager: Shutting down and abandoning module AnalyticsET (364)
[2018.01.15-04.37.32:210][729]LogModuleManager: Shutting down and abandoning module PortalServices (362)
[2018.01.15-04.37.32:210][729]LogModuleManager: Shutting down and abandoning module PortalRpc (360)
[2018.01.15-04.37.32:210][729]LogModuleManager: Shutting down and abandoning module MessagingRpc (358)
[2018.01.15-04.37.32:210][729]LogModuleManager: Shutting down and abandoning module AIModule (356)
[2018.01.15-04.37.32:232][729]LogModuleManager: Shutting down and abandoning module GameplayDebugger (355)
[2018.01.15-04.37.32:232][729]LogModuleManager: Shutting down and abandoning module AITestSuite (353)
[2018.01.15-04.37.32:244][729]LogModuleManager: Shutting down and abandoning module ProfilerService (350)
[2018.01.15-04.37.32:394][729]LogModuleManager: Shutting down and abandoning module TaskGraph (348)
[2018.01.15-04.37.32:417][729]LogModuleManager: Shutting down and abandoning module SteamVRController (346)
[2018.01.15-04.37.32:417][729]LogModuleManager: Shutting down and abandoning module ProceduralMeshComponentEditor (344)
[2018.01.15-04.37.32:417][729]LogModuleManager: Shutting down and abandoning module ProceduralMeshComponent (342)
[2018.01.15-04.37.32:426][729]LogModuleManager: Shutting down and abandoning module OculusInput (340)
[2018.01.15-04.37.32:426][729]LogModuleManager: Shutting down and abandoning module MobilePatchingUtils (338)
[2018.01.15-04.37.32:426][729]LogModuleManager: Shutting down and abandoning module CustomMeshComponent (336)
[2018.01.15-04.37.32:426][729]LogModuleManager: Shutting down and abandoning module CableComponent (334)
[2018.01.15-04.37.32:426][729]LogModuleManager: Shutting down and abandoning module ArchVisCharacter (332)
[2018.01.15-04.37.32:426][729]LogModuleManager: Shutting down and abandoning module AndroidPermission (330)
[2018.01.15-04.37.32:426][729]LogModuleManager: Shutting down and abandoning module ActorSequence (326)
[2018.01.15-04.37.32:426][729]LogModuleManager: Shutting down and abandoning module MediaPlayerEditor (324)
[2018.01.15-04.37.32:443][729]LogModuleManager: Shutting down and abandoning module MediaCompositingEditor (322)
[2018.01.15-04.37.32:458][729]LogModuleManager: Shutting down and abandoning module MediaCompositing (320)
[2018.01.15-04.37.32:458][729]LogModuleManager: Shutting down and abandoning module HTML5Networking (318)
[2018.01.15-04.37.32:458][729]LogModuleManager: Shutting down and abandoning module AlembicImporter (316)
[2018.01.15-04.37.32:468][729]LogModuleManager: Shutting down and abandoning module AlembicLibrary (315)
[2018.01.15-04.37.32:469][729]LogModuleManager: Shutting down and abandoning module GeometryCache (314)
[2018.01.15-04.37.32:469][729]LogModuleManager: Shutting down and abandoning module GeometryCacheEd (313)
[2018.01.15-04.37.32:469][729]LogModuleManager: Shutting down and abandoning module SpeedTreeImporter (308)
[2018.01.15-04.37.32:469][729]LogModuleManager: Shutting down and abandoning module PluginBrowser (306)
[2018.01.15-04.37.32:496][729]LogModuleManager: Shutting down and abandoning module MobileLauncherProfileWizard (304)
[2018.01.15-04.37.32:521][729]LogModuleManager: Shutting down and abandoning module VisualStudioSourceCodeAccess (302)
[2018.01.15-04.37.32:550][729]LogModuleManager: Shutting down and abandoning module VisualStudioCodeSourceCodeAccess (300)
[2018.01.15-04.37.32:551][729]LogModuleManager: Shutting down and abandoning module UObjectPlugin (298)
[2018.01.15-04.37.32:551][729]LogModuleManager: Shutting down and abandoning module SubversionSourceControl (296)
[2018.01.15-04.37.32:576][729]LogModuleManager: Shutting down and abandoning module PerforceSourceControl (294)
[2018.01.15-04.37.32:608][729]LogModuleManager: Shutting down and abandoning module GitSourceControl (292)
[2018.01.15-04.37.32:631][729]LogModuleManager: Shutting down and abandoning module SourceControl (291)
[2018.01.15-04.37.32:662][729]LogModuleManager: Shutting down and abandoning module LightPropagationVolumeEditor (288)
[2018.01.15-04.37.32:662][729]LogModuleManager: Shutting down and abandoning module PaperTiledImporter (286)
[2018.01.15-04.37.32:662][729]LogModuleManager: Shutting down and abandoning module PaperSpriteSheetImporter (284)
[2018.01.15-04.37.32:662][729]LogModuleManager: Shutting down and abandoning module Paper2DEditor (282)
[2018.01.15-04.37.32:692][729]LogModuleManager: Shutting down and abandoning module MeshPaint (281)
[2018.01.15-04.37.32:692][729]LogModuleManager: Shutting down and abandoning module LevelEditor (279)
[2018.01.15-04.37.32:710][729]LogModuleManager: Shutting down and abandoning module PixelInspectorModule (278)
[2018.01.15-04.37.32:726][729]LogModuleManager: Shutting down and abandoning module MainFrame (276)
[2018.01.15-04.37.32:726][729]LogModuleManager: Shutting down and abandoning module HotReload (275)
[2018.01.15-04.37.32:726][729]LogDirectoryWatcher: A directory notification for 'E:/Documents/GitHub/FITA/FITA_0/Binaries/Win64' was aborted.
[2018.01.15-04.37.32:740][729]LogModuleManager: Shutting down and abandoning module RuntimePhysXCooking (268)
[2018.01.15-04.37.32:749][729]LogModuleManager: Shutting down and abandoning module PhysXVehiclesEditor (266)
[2018.01.15-04.37.32:764][729]LogModuleManager: Shutting down and abandoning module PhysXVehicles (264)
[2018.01.15-04.37.32:764][729]LogModuleManager: Shutting down and abandoning module OculusEditor (262)
[2018.01.15-04.37.32:764][729]LogModuleManager: Shutting down and abandoning module LocationServicesBPLibrary (260)
[2018.01.15-04.37.32:764][729]LogModuleManager: Shutting down and abandoning module ImmediatePhysicsEditor (258)
[2018.01.15-04.37.32:764][729]LogModuleManager: Shutting down and abandoning module ImmediatePhysics (256)
[2018.01.15-04.37.32:764][729]LogModuleManager: Shutting down and abandoning module UdpMessaging (254)
[2018.01.15-04.37.32:865][729]LogModuleManager: Shutting down and abandoning module TcpMessaging (252)
[2018.01.15-04.37.32:966][729]LogModuleManager: Shutting down and abandoning module GameplayTagsEditor (250)
[2018.01.15-04.37.32:993][729]LogModuleManager: Shutting down and abandoning module FacialAnimationEditor (248)
[2018.01.15-04.37.33:010][729]LogModuleManager: Shutting down and abandoning module FacialAnimation (246)
[2018.01.15-04.37.33:010][729]LogModuleManager: Shutting down and abandoning module AssetManagerEditor (244)
[2018.01.15-04.37.33:032][729]LogModuleManager: Shutting down and abandoning module GraphEditor (243)
[2018.01.15-04.37.33:063][729]LogModuleManager: Shutting down and abandoning module ContentBrowser (241)
[2018.01.15-04.37.33:072][729]LogModuleManager: Shutting down and abandoning module LightPropagationVolumeRuntime (238)
[2018.01.15-04.37.33:072][729]LogModuleManager: Shutting down and abandoning module Paper2D (236)
[2018.01.15-04.37.33:072][729]LogModuleManager: Shutting down and abandoning module WindowsMoviePlayer (234)
[2018.01.15-04.37.33:088][729]LogModuleManager: Shutting down and abandoning module WmfMedia (232)
[2018.01.15-04.37.33:106][729]LogModuleManager: Shutting down and abandoning module ImgMedia (230)
[2018.01.15-04.37.33:106][729]LogModuleManager: Shutting down and abandoning module PacketHandler (228)
[2018.01.15-04.37.33:106][729]LogModuleManager: Shutting down and abandoning module ClothingSystemEditor (226)
[2018.01.15-04.37.33:106][729]LogModuleManager: Shutting down and abandoning module ClothingSystemRuntime (224)
[2018.01.15-04.37.33:136][729]LogModuleManager: Shutting down and abandoning module MediaAssets (222)
[2018.01.15-04.37.33:136][729]LogModuleManager: Shutting down and abandoning module Media (221)
[2018.01.15-04.37.33:143][729]LogModuleManager: Shutting down and abandoning module Overlay (218)
[2018.01.15-04.37.33:143][729]LogModuleManager: Shutting down and abandoning module OverlayEditor (217)
[2018.01.15-04.37.33:143][729]LogModuleManager: Shutting down and abandoning module VREditor (214)
[2018.01.15-04.37.33:166][729]LogModuleManager: Shutting down and abandoning module StringTableEditor (212)
[2018.01.15-04.37.33:180][729]LogModuleManager: Shutting down and abandoning module GameplayTasksEditor (210)
[2018.01.15-04.37.33:180][729]LogModuleManager: Shutting down and abandoning module BehaviorTreeEditor (208)
[2018.01.15-04.37.33:209][729]LogModuleManager: Shutting down and abandoning module FunctionalTesting (206)
[2018.01.15-04.37.33:209][729]LogModuleManager: Shutting down and abandoning module CollisionAnalyzer (204)
[2018.01.15-04.37.33:228][729]LogModuleManager: Shutting down and abandoning module WorkspaceMenuStructure (203)
[2018.01.15-04.37.33:229][729]LogModuleManager: Shutting down and abandoning module UMG (200)
[2018.01.15-04.37.33:235][729]LogModuleManager: Shutting down and abandoning module UMGEditor (199)
[2018.01.15-04.37.33:263][729]LogModuleManager: Shutting down and abandoning module Sequencer (198)
[2018.01.15-04.37.33:287][729]LogModuleManager: Shutting down and abandoning module MessageLog (195)
[2018.01.15-04.37.33:287][729]LogModuleManager: Shutting down and abandoning module SlateReflector (190)
[2018.01.15-04.37.33:311][729]LogModuleManager: Shutting down and abandoning module Slate (188)
[2018.01.15-04.37.33:311][729]LogModuleManager: Shutting down and abandoning module EditorStyle (186)
[2018.01.15-04.37.33:338][729]LogModuleManager: Shutting down and abandoning module MRMesh (184)
[2018.01.15-04.37.33:338][729]LogModuleManager: Shutting down and abandoning module SourceCodeAccess (182)
[2018.01.15-04.37.33:350][729]LogModuleManager: Shutting down and abandoning module HeadMountedDisplay (180)
[2018.01.15-04.37.33:350][729]LogModuleManager: Shutting down and abandoning module XAudio2 (178)
[2018.01.15-04.37.33:350][729]LogModuleManager: Shutting down and abandoning module Networking (176)
[2018.01.15-04.37.33:350][729]LogModuleManager: Shutting down and abandoning module Core (172)
[2018.01.15-04.37.33:350][729]LogModuleManager: Shutting down and abandoning module LevelSequence (168)
[2018.01.15-04.37.33:357][729]LogModuleManager: Shutting down and abandoning module DirectoryWatcher (166)
[2018.01.15-04.37.33:368][729]LogModuleManager: Shutting down and abandoning module KismetCompiler (164)
[2018.01.15-04.37.33:368][729]LogModuleManager: Shutting down and abandoning module MeshUtilities (162)
[2018.01.15-04.37.33:397][729]LogModuleManager: Shutting down and abandoning module MeshMergeUtilities (161)
[2018.01.15-04.37.33:445][729]LogModuleManager: Shutting down and abandoning module MeshReductionInterface (160)
[2018.01.15-04.37.33:445][729]LogModuleManager: Shutting down and abandoning module SimplygonSwarm (159)
[2018.01.15-04.37.33:469][729]LogModuleManager: Shutting down and abandoning module SimplygonMeshReduction (157)
[2018.01.15-04.37.33:475][729]LogModuleManager: Shutting down and abandoning module QuadricMeshReduction (155)
[2018.01.15-04.37.33:483][729]LogModuleManager: Shutting down and abandoning module MaterialBaking (151)
[2018.01.15-04.37.33:505][729]LogModuleManager: Shutting down and abandoning module DerivedDataCache (148)
[2018.01.15-04.37.33:547][729]LogDerivedDataCache: Shutdown
[2018.01.15-04.37.33:547][729]LogModuleManager: Shutting down and abandoning module TargetPlatform (146)
[2018.01.15-04.37.33:554][729]LogModuleManager: Shutting down and abandoning module VulkanShaderFormat (145)
[2018.01.15-04.37.33:563][729]LogModuleManager: Shutting down and abandoning module ShaderFormatVectorVM (143)
[2018.01.15-04.37.33:571][729]LogModuleManager: Shutting down and abandoning module ShaderFormatOpenGL (141)
[2018.01.15-04.37.33:578][729]LogModuleManager: Shutting down and abandoning module ShaderFormatD3D (139)
[2018.01.15-04.37.33:588][729]LogModuleManager: Shutting down and abandoning module MetalShaderFormat (137)
[2018.01.15-04.37.33:606][729]LogModuleManager: Shutting down and abandoning module TextureFormatUncompressed (135)
[2018.01.15-04.37.33:606][729]LogModuleManager: Shutting down and abandoning module TextureFormatPVR (133)
[2018.01.15-04.37.33:606][729]LogModuleManager: Shutting down and abandoning module TextureFormatDXT (131)
[2018.01.15-04.37.33:606][729]LogModuleManager: Shutting down and abandoning module TextureFormatIntelISPCTexComp (129)
[2018.01.15-04.37.33:660][729]LogModuleManager: Shutting down and abandoning module TextureFormatASTC (127)
[2018.01.15-04.37.33:660][729]LogModuleManager: Shutting down and abandoning module ImageWrapper (126)
[2018.01.15-04.37.33:660][729]LogModuleManager: Shutting down and abandoning module TextureFormatAndroid (123)
[2018.01.15-04.37.33:660][729]LogModuleManager: Shutting down and abandoning module AudioFormatOpus (121)
[2018.01.15-04.37.33:660][729]LogModuleManager: Shutting down and abandoning module AudioFormatOgg (119)
[2018.01.15-04.37.33:677][729]LogModuleManager: Shutting down and abandoning module AudioFormatADPCM (117)
[2018.01.15-04.37.33:686][729]LogModuleManager: Shutting down and abandoning module LinuxTargetPlatform (115)
[2018.01.15-04.37.33:686][729]LogModuleManager: Shutting down and abandoning module LinuxServerTargetPlatform (113)
[2018.01.15-04.37.33:700][729]LogModuleManager: Shutting down and abandoning module LinuxNoEditorTargetPlatform (111)
[2018.01.15-04.37.33:700][729]LogModuleManager: Shutting down and abandoning module LinuxClientTargetPlatform (109)
[2018.01.15-04.37.33:700][729]LogModuleManager: Shutting down and abandoning module TVOSTargetPlatform (107)
[2018.01.15-04.37.33:700][729]LogModuleManager: Shutting down and abandoning module Messaging (105)
[2018.01.15-04.37.33:701][729]LogModuleManager: Shutting down and abandoning module IOSTargetPlatform (103)
[2018.01.15-04.37.33:701][729]LogModuleManager: Shutting down and abandoning module HTML5TargetPlatform (101)
[2018.01.15-04.37.33:701][729]LogModuleManager: Shutting down and abandoning module AndroidTargetPlatform (99)
[2018.01.15-04.37.33:701][729]LogModuleManager: Shutting down and abandoning module Android_PVRTCTargetPlatform (97)
[2018.01.15-04.37.33:701][729]LogModuleManager: Shutting down and abandoning module Android_MultiTargetPlatform (95)
[2018.01.15-04.37.33:701][729]LogModuleManager: Shutting down and abandoning module Android_ETC2TargetPlatform (93)
[2018.01.15-04.37.33:701][729]LogModuleManager: Shutting down and abandoning module Android_ETC1TargetPlatform (91)
[2018.01.15-04.37.33:701][729]LogModuleManager: Shutting down and abandoning module Android_DXTTargetPlatform (89)
[2018.01.15-04.37.33:701][729]LogModuleManager: Shutting down and abandoning module Android_ATCTargetPlatform (87)
[2018.01.15-04.37.33:701][729]LogModuleManager: Shutting down and abandoning module Android_ASTCTargetPlatform (85)
[2018.01.15-04.37.33:701][729]LogModuleManager: Shutting down and abandoning module WindowsTargetPlatform (83)
[2018.01.15-04.37.33:702][729]LogModuleManager: Shutting down and abandoning module WindowsServerTargetPlatform (81)
[2018.01.15-04.37.33:702][729]LogModuleManager: Shutting down and abandoning module WindowsNoEditorTargetPlatform (79)
[2018.01.15-04.37.33:702][729]LogModuleManager: Shutting down and abandoning module WindowsClientTargetPlatform (77)
[2018.01.15-04.37.33:702][729]LogModuleManager: Shutting down and abandoning module MacTargetPlatform (75)
[2018.01.15-04.37.33:702][729]LogModuleManager: Shutting down and abandoning module MacServerTargetPlatform (73)
[2018.01.15-04.37.33:702][729]LogModuleManager: Shutting down and abandoning module MacNoEditorTargetPlatform (71)
[2018.01.15-04.37.33:702][729]LogModuleManager: Shutting down and abandoning module MacClientTargetPlatform (69)
[2018.01.15-04.37.33:702][729]LogModuleManager: Shutting down and abandoning module AllDesktopTargetPlatform (67)
[2018.01.15-04.37.33:702][729]LogModuleManager: Shutting down and abandoning module InputCore (64)
[2018.01.15-04.37.33:702][729]LogModuleManager: Shutting down and abandoning module Settings (62)
[2018.01.15-04.37.33:703][729]LogModuleManager: Shutting down and abandoning module PhysXCooking (60)
[2018.01.15-04.37.33:703][729]LogModuleManager: Shutting down and abandoning module SteamVR (58)
[2018.01.15-04.37.33:703][729]LogModuleManager: Shutting down and abandoning module OculusHMD (56)
[2018.01.15-04.37.33:711][729]LogModuleManager: Shutting down and abandoning module ExampleDeviceProfileSelector (54)
[2018.01.15-04.37.33:711][729]LogModuleManager: Shutting down and abandoning module AppleARKit (52)
[2018.01.15-04.37.33:711][729]LogModuleManager: Shutting down and abandoning module AugmentedReality (51)
[2018.01.15-04.37.33:711][729]LogModuleManager: Shutting down and abandoning module OnlineBlueprintSupport (48)
[2018.01.15-04.37.33:711][729]LogModuleManager: Shutting down and abandoning module OnlineSubsystem (44)
[2018.01.15-04.37.33:739][729]LogModuleManager: Shutting down and abandoning module XMPP (43)
[2018.01.15-04.37.33:761][729]LogModuleManager: Shutting down and abandoning module HTTP (41)
[2018.01.15-04.37.33:761][729]LogHttp: Display: Http module shutting down, but needs to wait on 1 outstanding Http requests:
[2018.01.15-04.37.33:775][729]LogHttp: Display: 	verb=[POST] url=[https://datarouter.ol.epicgames.com/datarouter/api/v1/public/data?SessionID=%7BB36E58FD-42F2-1100-BB52-D1AE82465C67%7D&AppID=UEEditor.Rocket.Release&AppVersion=4.18.2-3794801%2B%2B%2BUE4%2BRelease-4.18&UserID=f9dbcee846651c3a225fce8ac4323ecf%7C07face00fc92496e89cc018656e266dc%7C7b1b610e-aa61-4dbb-aa05-d832d376c77f&AppEnvironment=datacollector-binary&UploadType=eteventstream] status=Processing
[2018.01.15-04.37.33:800][729]LogModuleManager: Shutting down and abandoning module SSL (40)
[2018.01.15-04.37.33:819][729]LogModuleManager: Shutting down and abandoning module AnimationModifiers (36)
[2018.01.15-04.37.33:842][729]LogModuleManager: Shutting down and abandoning module PropertyEditor (35)
[2018.01.15-04.37.33:842][729]LogModuleManager: Shutting down and abandoning module AudioEditor (32)
[2018.01.15-04.37.33:866][729]LogModuleManager: Shutting down and abandoning module TextureCompressor (30)
[2018.01.15-04.37.33:905][729]LogModuleManager: Shutting down and abandoning module ShaderCore (28)
[2018.01.15-04.37.33:905][729]LogModuleManager: Shutting down and abandoning module Landscape (26)
[2018.01.15-04.37.33:913][729]LogModuleManager: Shutting down and abandoning module SlateRHIRenderer (24)
[2018.01.15-04.37.33:943][729]LogModuleManager: Shutting down and abandoning module OpenGLDrv (22)
[2018.01.15-04.37.33:959][729]LogModuleManager: Shutting down and abandoning module D3D11RHI (20)
[2018.01.15-04.37.33:959][729]LogModuleManager: Shutting down and abandoning module AnimGraphRuntime (18)
[2018.01.15-04.37.33:959][729]LogModuleManager: Shutting down and abandoning module Renderer (16)
[2018.01.15-04.37.33:959][729]LogModuleManager: Shutting down and abandoning module Engine (14)
[2018.01.15-04.37.33:959][729]LogModuleManager: Shutting down and abandoning module CoreUObject (12)
[2018.01.15-04.37.33:959][729]LogModuleManager: Shutting down and abandoning module NetworkFile (10)
[2018.01.15-04.37.33:966][729]LogModuleManager: Shutting down and abandoning module CookedIterativeFile (8)
[2018.01.15-04.37.33:966][729]LogModuleManager: Shutting down and abandoning module StreamingFile (6)
[2018.01.15-04.37.33:973][729]LogModuleManager: Shutting down and abandoning module SandboxFile (4)
[2018.01.15-04.37.33:977][729]LogModuleManager: Shutting down and abandoning module PakFile (2)
[2018.01.15-04.37.33:997][729]LogExit: Exiting.
[2018.01.15-04.37.34:032][729]Log file closed, 01/14/18 23:37:34
