Log file open, 01/19/18 19:07:04
LogWindows: Failed to load 'aqProf.dll' (GetLastError=126)
LogWindows: File 'aqProf.dll' does not exist
LogWindows: Failed to load 'VtuneApi.dll' (GetLastError=126)
LogWindows: File 'VtuneApi.dll' does not exist
LogWindows: Failed to load 'VtuneApi32e.dll' (GetLastError=126)
LogWindows: File 'VtuneApi32e.dll' does not exist
LogInit: Display: Running engine without a game
LogPlatformFile: Not using cached read wrapper
LogInit: Display: Loading recent project file: ../../../../../../Documents/GitHub/FITA/FITA_0/FITA_0.uproject
LogInit: Display: RandInit(-602450537) SRandInit(-602450537).
LogInit: Read version file with build ID '3709383'
LogInit: Overriding engine version to CL 3794801, compatible CL 3709383
LogInit: Registered custom module enumerator with build ID '3709383'
LogTaskGraph: Started task graph with 5 named threads and 11 total threads with 3 sets of task threads.
LogStats: Stats thread started at 4.014864
LogD3D11RHI: Aftermath initialized
LogPluginManager: Mounting plugin Paper2D
LogPluginManager: Mounting plugin LightPropagationVolume
LogPluginManager: Mounting plugin CodeLiteSourceCodeAccess
LogPluginManager: Mounting plugin GitSourceControl
LogPluginManager: Mounting plugin KDevelopSourceCodeAccess
LogPluginManager: Mounting plugin NullSourceCodeAccess
LogPluginManager: Mounting plugin PerforceSourceControl
LogPluginManager: Mounting plugin SubversionSourceControl
LogPluginManager: Mounting plugin UObjectPlugin
LogPluginManager: Mounting plugin VisualStudioCodeSourceCodeAccess
LogPluginManager: Mounting plugin VisualStudioSourceCodeAccess
LogPluginManager: Mounting plugin XCodeSourceCodeAccess
LogPluginManager: Mounting plugin AssetManagerEditor
LogPluginManager: Mounting plugin AudioCapture
LogPluginManager: Mounting plugin FacialAnimation
LogPluginManager: Mounting plugin GameplayTagsEditor
LogPluginManager: Mounting plugin MobileLauncherProfileWizard
LogPluginManager: Mounting plugin PluginBrowser
LogPluginManager: Mounting plugin SpeedTreeImporter
LogPluginManager: Mounting plugin AlembicImporter
LogPluginManager: Mounting plugin CharacterAI
LogPluginManager: Mounting plugin HTML5Networking
LogPluginManager: Mounting plugin AndroidMedia
LogPluginManager: Mounting plugin AvfMedia
LogPluginManager: Mounting plugin ImgMedia
LogPluginManager: Mounting plugin MediaCompositing
LogPluginManager: Mounting plugin MediaPlayerEditor
LogPluginManager: Mounting plugin WmfMedia
LogPluginManager: Mounting plugin TcpMessaging
LogPluginManager: Mounting plugin UdpMessaging
LogPluginManager: Mounting plugin ActorSequence
LogPluginManager: Mounting plugin LevelSequenceEditor
LogPluginManager: Mounting plugin MatineeToLevelSequence
LogPluginManager: Mounting plugin OnlineSubsystemGooglePlay
LogPluginManager: Mounting plugin OnlineSubsystemIOS
LogPluginManager: Mounting plugin OnlineSubsystem
LogPluginManager: Mounting plugin OnlineSubsystemNull
LogPluginManager: Mounting plugin OnlineSubsystemUtils
LogPluginManager: Mounting plugin AndroidDeviceProfileSelector
LogPluginManager: Mounting plugin AndroidMoviePlayer
LogPluginManager: Mounting plugin AndroidPermission
LogPluginManager: Mounting plugin AppleARKit
LogPluginManager: Mounting plugin AppleMoviePlayer
LogPluginManager: Mounting plugin ArchVisCharacter
LogPluginManager: Mounting plugin CableComponent
LogPluginManager: Mounting plugin CustomMeshComponent
LogPluginManager: Mounting plugin ExampleDeviceProfileSelector
LogPluginManager: Mounting plugin GoogleCloudMessaging
LogPluginManager: Mounting plugin ImmediatePhysics
LogPluginManager: Mounting plugin IOSDeviceProfileSelector
LogPluginManager: Mounting plugin LinuxDeviceProfileSelector
LogPluginManager: Mounting plugin LocationServicesBPLibrary
LogPluginManager: Mounting plugin MobilePatchingUtils
LogPluginManager: Mounting plugin OculusVR
LogPluginManager: Plugin shader directory ../../../Engine/Plugins/Runtime/Oculus/OculusVR/Shaders found
LogPluginManager: Mapping shader source directory ../../../Engine/Plugins/Runtime/Oculus/OculusVR/Shaders to virtual directory /Plugin/OculusVR
LogPluginManager: Mounting plugin PhysXVehicles
LogPluginManager: Mounting plugin ProceduralMeshComponent
LogPluginManager: Mounting plugin RuntimePhysXCooking
LogPluginManager: Mounting plugin SteamVR
LogPluginManager: Mounting plugin WindowsMoviePlayer
LogModuleManager: Display: Found up-to-date module file ../../../../../../Documents/GitHub/FITA/FITA_0/Binaries/Win64/UE4Editor-FITA_0.dll (API version 3709383).
LogModuleManager: Display: Found up-to-date module file ../../../Engine/Plugins/2D/Paper2D/Binaries/Win64/UE4Editor-Paper2D.dll (API version 3709383).
LogModuleManager: Display: Found up-to-date module file ../../../Engine/Plugins/2D/Paper2D/Binaries/Win64/UE4Editor-Paper2DEditor.dll (API version 3709383).
LogModuleManager: Display: Found up-to-date module file ../../../Engine/Plugins/2D/Paper2D/Binaries/Win64/UE4Editor-PaperSpriteSheetImporter.dll (API version 3709383).
LogModuleManager: Display: Found up-to-date module file ../../../Engine/Plugins/2D/Paper2D/Binaries/Win64/UE4Editor-PaperTiledImporter.dll (API version 3709383).
LogModuleManager: Display: Found up-to-date module file ../../../Engine/Plugins/2D/Paper2D/Binaries/Win64/UE4Editor-SmartSnapping.dll (API version 3709383).
LogModuleManager: Display: Found up-to-date module file ../../../Engine/Plugins/Blendables/LightPropagationVolume/Binaries/Win64/UE4Editor-LightPropagationVolumeRuntime.dll (API version 3709383).
LogModuleManager: Display: Found up-to-date module file ../../../Engine/Plugins/Blendables/LightPropagationVolume/Binaries/Win64/UE4Editor-LightPropagationVolumeEditor.dll (API version 3709383).
LogModuleManager: Display: Found up-to-date module file ../../../Engine/Plugins/Developer/GitSourceControl/Binaries/Win64/UE4Editor-GitSourceControl.dll (API version 3709383).
LogModuleManager: Display: Found up-to-date module file ../../../Engine/Plugins/Developer/PerforceSourceControl/Binaries/Win64/UE4Editor-PerforceSourceControl.dll (API version 3709383).
LogModuleManager: Display: Found up-to-date module file ../../../Engine/Plugins/Developer/SubversionSourceControl/Binaries/Win64/UE4Editor-SubversionSourceControl.dll (API version 3709383).
LogModuleManager: Display: Found up-to-date module file ../../../Engine/Plugins/Developer/UObjectPlugin/Binaries/Win64/UE4Editor-UObjectPlugin.dll (API version 3709383).
LogModuleManager: Display: Found up-to-date module file ../../../Engine/Plugins/Developer/VisualStudioCodeSourceCodeAccess/Binaries/Win64/UE4Editor-VisualStudioCodeSourceCodeAccess.dll (API version 3709383).
LogModuleManager: Display: Found up-to-date module file ../../../Engine/Plugins/Developer/VisualStudioSourceCodeAccess/Binaries/Win64/UE4Editor-VisualStudioSourceCodeAccess.dll (API version 3709383).
LogModuleManager: Display: Found up-to-date module file ../../../Engine/Plugins/Editor/AssetManagerEditor/Binaries/Win64/UE4Editor-AssetManagerEditor.dll (API version 3709383).
LogModuleManager: Display: Found up-to-date module file ../../../Engine/Plugins/Editor/AudioCapture/Binaries/Win64/UE4Editor-AudioCapture.dll (API version 3709383).
LogModuleManager: Display: Found up-to-date module file ../../../Engine/Plugins/Editor/FacialAnimation/Binaries/Win64/UE4Editor-FacialAnimation.dll (API version 3709383).
LogModuleManager: Display: Found up-to-date module file ../../../Engine/Plugins/Editor/FacialAnimation/Binaries/Win64/UE4Editor-FacialAnimationEditor.dll (API version 3709383).
LogModuleManager: Display: Found up-to-date module file ../../../Engine/Plugins/Editor/GameplayTagsEditor/Binaries/Win64/UE4Editor-GameplayTagsEditor.dll (API version 3709383).
LogModuleManager: Display: Found up-to-date module file ../../../Engine/Plugins/Editor/MobileLauncherProfileWizard/Binaries/Win64/UE4Editor-MobileLauncherProfileWizard.dll (API version 3709383).
LogModuleManager: Display: Found up-to-date module file ../../../Engine/Plugins/Editor/PluginBrowser/Binaries/Win64/UE4Editor-PluginBrowser.dll (API version 3709383).
LogModuleManager: Display: Found up-to-date module file ../../../Engine/Plugins/Editor/SpeedTreeImporter/Binaries/Win64/UE4Editor-SpeedTreeImporter.dll (API version 3709383).
LogModuleManager: Display: Found up-to-date module file ../../../Engine/Plugins/Experimental/AlembicImporter/Binaries/Win64/UE4Editor-AlembicImporter.dll (API version 3709383).
LogModuleManager: Display: Found up-to-date module file ../../../Engine/Plugins/Experimental/AlembicImporter/Binaries/Win64/UE4Editor-AlembicLibrary.dll (API version 3709383).
LogModuleManager: Display: Found up-to-date module file ../../../Engine/Plugins/Experimental/CharacterAI/Binaries/Win64/UE4Editor-CharacterAI.dll (API version 3709383).
LogModuleManager: Display: Found up-to-date module file ../../../Engine/Plugins/Experimental/HTML5Networking/Binaries/Win64/UE4Editor-HTML5Networking.dll (API version 3709383).
LogModuleManager: Display: Found up-to-date module file ../../../Engine/Plugins/Media/AndroidMedia/Binaries/Win64/UE4Editor-AndroidMediaEditor.dll (API version 3709383).
LogModuleManager: Display: Found up-to-date module file ../../../Engine/Plugins/Media/AndroidMedia/Binaries/Win64/UE4Editor-AndroidMediaFactory.dll (API version 3709383).
LogModuleManager: Display: Found up-to-date module file ../../../Engine/Plugins/Media/AvfMedia/Binaries/Win64/UE4Editor-AvfMediaEditor.dll (API version 3709383).
LogModuleManager: Display: Found up-to-date module file ../../../Engine/Plugins/Media/AvfMedia/Binaries/Win64/UE4Editor-AvfMediaFactory.dll (API version 3709383).
LogModuleManager: Display: Found up-to-date module file ../../../Engine/Plugins/Media/AvfMedia/Binaries/Win64/UE4Editor-AvfMediaFactory.dll (API version 3709383).
LogModuleManager: Display: Found up-to-date module file ../../../Engine/Plugins/Media/ImgMedia/Binaries/Win64/UE4Editor-ImgMedia.dll (API version 3709383).
LogModuleManager: Display: Found up-to-date module file ../../../Engine/Plugins/Media/ImgMedia/Binaries/Win64/UE4Editor-ImgMediaEditor.dll (API version 3709383).
LogModuleManager: Display: Found up-to-date module file ../../../Engine/Plugins/Media/ImgMedia/Binaries/Win64/UE4Editor-ImgMediaFactory.dll (API version 3709383).
LogModuleManager: Display: Found up-to-date module file ../../../Engine/Plugins/Media/ImgMedia/Binaries/Win64/UE4Editor-ImgMediaFactory.dll (API version 3709383).
LogModuleManager: Display: Found up-to-date module file ../../../Engine/Plugins/Media/ImgMedia/Binaries/Win64/UE4Editor-OpenExrWrapper.dll (API version 3709383).
LogModuleManager: Display: Found up-to-date module file ../../../Engine/Plugins/Media/MediaCompositing/Binaries/Win64/UE4Editor-MediaCompositing.dll (API version 3709383).
LogModuleManager: Display: Found up-to-date module file ../../../Engine/Plugins/Media/MediaCompositing/Binaries/Win64/UE4Editor-MediaCompositingEditor.dll (API version 3709383).
LogModuleManager: Display: Found up-to-date module file ../../../Engine/Plugins/Media/MediaPlayerEditor/Binaries/Win64/UE4Editor-MediaPlayerEditor.dll (API version 3709383).
LogModuleManager: Display: Found up-to-date module file ../../../Engine/Plugins/Media/WmfMedia/Binaries/Win64/UE4Editor-WmfMedia.dll (API version 3709383).
LogModuleManager: Display: Found up-to-date module file ../../../Engine/Plugins/Media/WmfMedia/Binaries/Win64/UE4Editor-WmfMediaEditor.dll (API version 3709383).
LogModuleManager: Display: Found up-to-date module file ../../../Engine/Plugins/Media/WmfMedia/Binaries/Win64/UE4Editor-WmfMediaFactory.dll (API version 3709383).
LogModuleManager: Display: Found up-to-date module file ../../../Engine/Plugins/Media/WmfMedia/Binaries/Win64/UE4Editor-WmfMediaFactory.dll (API version 3709383).
LogModuleManager: Display: Found up-to-date module file ../../../Engine/Plugins/Messaging/TcpMessaging/Binaries/Win64/UE4Editor-TcpMessaging.dll (API version 3709383).
LogModuleManager: Display: Found up-to-date module file ../../../Engine/Plugins/Messaging/UdpMessaging/Binaries/Win64/UE4Editor-UdpMessaging.dll (API version 3709383).
LogModuleManager: Display: Found up-to-date module file ../../../Engine/Plugins/MovieScene/ActorSequence/Binaries/Win64/UE4Editor-ActorSequence.dll (API version 3709383).
LogModuleManager: Display: Found up-to-date module file ../../../Engine/Plugins/MovieScene/LevelSequenceEditor/Binaries/Win64/UE4Editor-LevelSequenceEditor.dll (API version 3709383).
LogModuleManager: Display: Found up-to-date module file ../../../Engine/Plugins/MovieScene/MatineeToLevelSequence/Binaries/Win64/UE4Editor-MatineeToLevelSequence.dll (API version 3709383).
LogModuleManager: Display: Found up-to-date module file ../../../Engine/Plugins/Online/OnlineSubsystem/Binaries/Win64/UE4Editor-OnlineSubsystem.dll (API version 3709383).
LogModuleManager: Display: Found up-to-date module file ../../../Engine/Plugins/Online/OnlineSubsystemNull/Binaries/Win64/UE4Editor-OnlineSubsystemNull.dll (API version 3709383).
LogModuleManager: Display: Found up-to-date module file ../../../Engine/Plugins/Online/OnlineSubsystemUtils/Binaries/Win64/UE4Editor-OnlineSubsystemUtils.dll (API version 3709383).
LogModuleManager: Display: Found up-to-date module file ../../../Engine/Plugins/Online/OnlineSubsystemUtils/Binaries/Win64/UE4Editor-OnlineBlueprintSupport.dll (API version 3709383).
LogModuleManager: Display: Found up-to-date module file ../../../Engine/Plugins/Runtime/AndroidDeviceProfileSelector/Binaries/Win64/UE4Editor-AndroidDeviceProfileSelector.dll (API version 3709383).
LogModuleManager: Display: Found up-to-date module file ../../../Engine/Plugins/Runtime/AndroidPermission/Binaries/Win64/UE4Editor-AndroidPermission.dll (API version 3709383).
LogModuleManager: Display: Found up-to-date module file ../../../Engine/Plugins/Runtime/AppleARKit/Binaries/Win64/UE4Editor-AppleARKit.dll (API version 3709383).
LogModuleManager: Display: Found up-to-date module file ../../../Engine/Plugins/Runtime/ArchVisCharacter/Binaries/Win64/UE4Editor-ArchVisCharacter.dll (API version 3709383).
LogModuleManager: Display: Found up-to-date module file ../../../Engine/Plugins/Runtime/CableComponent/Binaries/Win64/UE4Editor-CableComponent.dll (API version 3709383).
LogModuleManager: Display: Found up-to-date module file ../../../Engine/Plugins/Runtime/CustomMeshComponent/Binaries/Win64/UE4Editor-CustomMeshComponent.dll (API version 3709383).
LogModuleManager: Display: Found up-to-date module file ../../../Engine/Plugins/Runtime/ExampleDeviceProfileSelector/Binaries/Win64/UE4Editor-ExampleDeviceProfileSelector.dll (API version 3709383).
LogModuleManager: Display: Found up-to-date module file ../../../Engine/Plugins/Runtime/ImmediatePhysics/Binaries/Win64/UE4Editor-ImmediatePhysics.dll (API version 3709383).
LogModuleManager: Display: Found up-to-date module file ../../../Engine/Plugins/Runtime/ImmediatePhysics/Binaries/Win64/UE4Editor-ImmediatePhysicsEditor.dll (API version 3709383).
LogModuleManager: Display: Found up-to-date module file ../../../Engine/Plugins/Runtime/LocationServicesBPLibrary/Binaries/Win64/UE4Editor-LocationServicesBPLibrary.dll (API version 3709383).
LogModuleManager: Display: Found up-to-date module file ../../../Engine/Plugins/Runtime/MobilePatchingUtils/Binaries/Win64/UE4Editor-MobilePatchingUtils.dll (API version 3709383).
LogModuleManager: Display: Found up-to-date module file ../../../Engine/Plugins/Runtime/Oculus/OculusVR/Binaries/Win64/UE4Editor-OculusHMD.dll (API version 3709383).
LogModuleManager: Display: Found up-to-date module file ../../../Engine/Plugins/Runtime/Oculus/OculusVR/Binaries/Win64/UE4Editor-OculusInput.dll (API version 3709383).
LogModuleManager: Display: Found up-to-date module file ../../../Engine/Plugins/Runtime/Oculus/OculusVR/Binaries/Win64/UE4Editor-OculusEditor.dll (API version 3709383).
LogModuleManager: Display: Found up-to-date module file ../../../Engine/Plugins/Runtime/PhysXVehicles/Binaries/Win64/UE4Editor-PhysXVehicles.dll (API version 3709383).
LogModuleManager: Display: Found up-to-date module file ../../../Engine/Plugins/Runtime/PhysXVehicles/Binaries/Win64/UE4Editor-PhysXVehiclesEditor.dll (API version 3709383).
LogModuleManager: Display: Found up-to-date module file ../../../Engine/Plugins/Runtime/ProceduralMeshComponent/Binaries/Win64/UE4Editor-ProceduralMeshComponent.dll (API version 3709383).
LogModuleManager: Display: Found up-to-date module file ../../../Engine/Plugins/Runtime/ProceduralMeshComponent/Binaries/Win64/UE4Editor-ProceduralMeshComponentEditor.dll (API version 3709383).
LogModuleManager: Display: Found up-to-date module file ../../../Engine/Plugins/Runtime/RuntimePhysXCooking/Binaries/Win64/UE4Editor-RuntimePhysXCooking.dll (API version 3709383).
LogModuleManager: Display: Found up-to-date module file ../../../Engine/Plugins/Runtime/Steam/SteamVR/Binaries/Win64/UE4Editor-SteamVR.dll (API version 3709383).
LogModuleManager: Display: Found up-to-date module file ../../../Engine/Plugins/Runtime/Steam/SteamVR/Binaries/Win64/UE4Editor-SteamVRController.dll (API version 3709383).
LogModuleManager: Display: Found up-to-date module file ../../../Engine/Plugins/Runtime/WindowsMoviePlayer/Binaries/Win64/UE4Editor-WindowsMoviePlayer.dll (API version 3709383).
LogInit: Using libcurl 7.47.1
LogInit:  - built for x86_64-pc-win32
LogInit:  - supports SSL with OpenSSL/1.0.2g
LogInit:  - supports HTTP deflate (compression) using libz 1.2.8
LogInit:  - other features:
LogInit:      CURL_VERSION_SSL
LogInit:      CURL_VERSION_LIBZ
LogInit:      CURL_VERSION_IPV6
LogInit:      CURL_VERSION_ASYNCHDNS
LogInit:      CURL_VERSION_LARGEFILE
LogInit:      CURL_VERSION_IDN
LogInit:  CurlRequestOptions (configurable via config and command line):
LogInit:  - bVerifyPeer = false  - Libcurl will NOT verify peer certificate
LogInit:  - bUseHttpProxy = false  - Libcurl will NOT use HTTP proxy
LogInit:  - bDontReuseConnections = false  - Libcurl will reuse connections
LogInit:  - CertBundlePath = nullptr  - Libcurl will use whatever was configured at build time.
LogInit: Build: ++UE4+Release-4.18-CL-3794801
LogInit: Engine Version: 4.18.2-3794801+++UE4+Release-4.18
LogInit: Compatible Engine Version: 4.18.0-3709383+++UE4+Release-4.18
LogInit: Net CL: 3709383
LogDevObjectVersion: Number of dev versions registered: 16
LogDevObjectVersion:   Dev-Blueprints (B0D832E4-1F89-4F0D-ACCF-7EB736FD4AA2): 10
LogDevObjectVersion:   Dev-Build (E1C64328-A22C-4D53-A36C-8E866417BD8C): 0
LogDevObjectVersion:   Dev-Core (375EC13C-06E4-48FB-B500-84F0262A717E): 2
LogDevObjectVersion:   Dev-Editor (E4B068ED-F494-42E9-A231-DA0B2E46BB41): 20
LogDevObjectVersion:   Dev-Framework (CFFC743F-43B0-4480-9391-14DF171D2073): 30
LogDevObjectVersion:   Dev-Mobile (B02B49B5-BB20-44E9-A304-32B752E40360): 0
LogDevObjectVersion:   Dev-Networking (A4E4105C-59A1-49B5-A7C5-40C4547EDFEE): 0
LogDevObjectVersion:   Dev-Online (39C831C9-5AE6-47DC-9A44-9C173E1C8E7C): 0
LogDevObjectVersion:   Dev-Physics (78F01B33-EBEA-4F98-B9B4-84EACCB95AA2): 0
LogDevObjectVersion:   Dev-Platform (6631380F-2D4D-43E0-8009-CF276956A95A): 0
LogDevObjectVersion:   Dev-Rendering (12F88B9F-8875-4AFC-A67C-D90C383ABD29): 20
LogDevObjectVersion:   Dev-Sequencer (7B5AE74C-D270-4C10-A958-57980B212A5A): 4
LogDevObjectVersion:   Dev-VR (D7296918-1DD6-4BDD-9DE2-64A83CC13884): 0
LogDevObjectVersion:   Dev-LoadTimes (C2A15278-BFE7-4AFE-6C17-90FF531DF755): 1
LogDevObjectVersion:   Private-Geometry (6EACA3D4-40EC-4CC1-B786-8BED09428FC5): 1
LogDevObjectVersion:   Dev-AnimPhys (29E575DD-E0A3-4627-9D10-D276232CDCEA): 12
LogInit: Compiled (64-bit): Dec  8 2017 02:04:53
LogInit: Compiled with Visual C++: 19.00.24215.01
LogInit: Build Configuration: Development
LogInit: Branch Name: ++UE4+Release-4.18
LogInit: Command line: 
LogInit: Base directory: E:/Program Files/Epic Games/UE_4.18/Engine/Binaries/Win64/
LogInit: Installed Engine Build: 1
LogInit: Presizing for max 8388607 objects, including 0 objects not considered by GC, pre-allocating 0 bytes for permanent pool.
LogInit: Object subsystem initialized
[2018.01.20-00.07.13:778][  0]LogInit: Selected Device Profile: [Windows]
[2018.01.20-00.07.13:778][  0]LogInit: Applying CVar settings loaded from the selected device profile: [Windows]
[2018.01.20-00.07.13:903][  0]LogInit: Computer: PEARL
[2018.01.20-00.07.13:903][  0]LogInit: User: Mrgds2
[2018.01.20-00.07.13:903][  0]LogInit: CPU Page size=4096, Cores=3
[2018.01.20-00.07.13:903][  0]LogInit: High frequency timer resolution =3.429446 MHz
[2018.01.20-00.07.13:904][  0]LogMemory: Memory total: Physical=7.9GB (8GB approx)
[2018.01.20-00.07.13:904][  0]LogMemory: Platform Memory Stats for Windows
[2018.01.20-00.07.13:904][  0]LogMemory: Process Physical Memory: 273.52 MB used, 273.52 MB peak
[2018.01.20-00.07.13:904][  0]LogMemory: Process Virtual Memory: 271.71 MB used, 271.71 MB peak
[2018.01.20-00.07.13:904][  0]LogMemory: Physical Memory: 4485.37 MB used,  3607.50 MB free, 8092.87 MB total
[2018.01.20-00.07.13:904][  0]LogMemory: Virtual Memory: 682.70 MB used,  3607.50 MB free, 134217728.00 MB total
[2018.01.20-00.07.14:761][  0]LogInit: Using OS detected language (en-US).
[2018.01.20-00.07.14:761][  0]LogInit: Using OS detected locale (en-US).
[2018.01.20-00.07.15:288][  0]LogTextLocalizationManager: No specific localization for 'en-US' exists, so the 'en' localization will be used.
[2018.01.20-00.07.16:362][  0]LogInit: Setting process to per monitor DPI aware
[2018.01.20-00.07.21:056][  0]LogD3D11RHI: D3D11 adapters:
[2018.01.20-00.07.21:129][  0]LogD3D11RHI:    0. 'NVIDIA GeForce GTX 970' (Feature Level 11_0)
[2018.01.20-00.07.21:129][  0]LogD3D11RHI:       4058/0/4046 MB DedicatedVideo/DedicatedSystem/SharedSystem, Outputs:2, VendorId:0x10de
[2018.01.20-00.07.21:132][  0]LogD3D11RHI:    1. 'Microsoft Basic Render Driver' (Feature Level 11_0)
[2018.01.20-00.07.21:132][  0]LogD3D11RHI:       0/0/4046 MB DedicatedVideo/DedicatedSystem/SharedSystem, Outputs:0, VendorId:0x1414
[2018.01.20-00.07.21:132][  0]LogD3D11RHI: Chosen D3D11 Adapter: 0
[2018.01.20-00.07.21:142][  0]LogD3D11RHI: Creating new Direct3DDevice
[2018.01.20-00.07.21:142][  0]LogD3D11RHI:     GPU DeviceId: 0x13c2 (for the marketing name, search the web for "GPU Device Id")
[2018.01.20-00.07.21:142][  0]LogWindows: EnumDisplayDevices:
[2018.01.20-00.07.21:142][  0]LogWindows:    0. 'NVIDIA GeForce GTX 970' (P:0 D:1)
[2018.01.20-00.07.21:142][  0]LogWindows:    1. 'NVIDIA GeForce GTX 970' (P:1 D:1)
[2018.01.20-00.07.21:142][  0]LogWindows:    2. 'NVIDIA GeForce GTX 970' (P:0 D:0)
[2018.01.20-00.07.21:143][  0]LogWindows:    3. 'NVIDIA GeForce GTX 970' (P:0 D:0)
[2018.01.20-00.07.21:143][  0]LogWindows: DebugString: GetVideoDriverDetailsInvalid PrimaryIsNotTheChoosenAdapter GetVideoDriverDetailsInvalid PrimaryIsNotTheChoosenAdapter GetVideoDriverDetailsInvalid PrimaryIsNotTheChoosenAdapter GetVideoDriverDetailsInvalid PrimaryIsNotTheChoosenAdapter FoundDriverCount:0 
[2018.01.20-00.07.21:143][  0]LogD3D11RHI:     Adapter Name: NVIDIA GeForce GTX 970
[2018.01.20-00.07.21:143][  0]LogD3D11RHI:   Driver Version: Unknown (internal:Unknown, unified:Unknown)
[2018.01.20-00.07.21:143][  0]LogD3D11RHI:      Driver Date: Unknown
[2018.01.20-00.07.21:143][  0]LogRHI: Texture pool is 2840 MB (70% of 4058 MB)
[2018.01.20-00.07.21:189][  0]LogD3D11RHI: Async texture creation enabled
[2018.01.20-00.07.21:259][  0]LogD3D11RHI: GPU Timing Frequency: 1000.000000 (Debug: 2 1)
[2018.01.20-00.07.21:361][  0]LogShaderCompilers: Guid format shader working directory is -1 characters bigger than the processId version (../../../../../../Documents/GitHub/FITA/FITA_0/Intermediate/Shaders/WorkingDirectory/11200/).
[2018.01.20-00.07.21:361][  0]LogShaderCompilers: Cleaned the shader compiler working directory 'C:/Users/Mrgds/AppData/Local/Temp/UnrealShaderWorkingDir/5E34B9BD48682A23BD442AA2469FA87F/'.
[2018.01.20-00.07.21:361][  0]LogShaderCompilers: Display: Using Local Shader Compiler.
[2018.01.20-00.07.25:717][  0]LogTemp: Display: Loaded TP AllDesktopTargetPlatform
[2018.01.20-00.07.25:800][  0]LogTemp: Display: Loaded TP MacClientTargetPlatform
[2018.01.20-00.07.25:887][  0]LogTemp: Display: Loaded TP MacNoEditorTargetPlatform
[2018.01.20-00.07.25:977][  0]LogTemp: Display: Loaded TP MacServerTargetPlatform
[2018.01.20-00.07.26:107][  0]LogTemp: Display: Loaded TP MacTargetPlatform
[2018.01.20-00.07.26:206][  0]LogTemp: Display: Loaded TP WindowsClientTargetPlatform
[2018.01.20-00.07.26:295][  0]LogTemp: Display: Loaded TP WindowsNoEditorTargetPlatform
[2018.01.20-00.07.26:383][  0]LogTemp: Display: Loaded TP WindowsServerTargetPlatform
[2018.01.20-00.07.26:478][  0]LogTemp: Display: Loaded TP WindowsTargetPlatform
[2018.01.20-00.07.26:561][  0]LogTemp: Display: Loaded TP Android_ASTCTargetPlatform
[2018.01.20-00.07.26:642][  0]LogTemp: Display: Loaded TP Android_ATCTargetPlatform
[2018.01.20-00.07.26:727][  0]LogTemp: Display: Loaded TP Android_DXTTargetPlatform
[2018.01.20-00.07.26:816][  0]LogTemp: Display: Loaded TP Android_ETC1TargetPlatform
[2018.01.20-00.07.26:902][  0]LogTemp: Display: Loaded TP Android_ETC2TargetPlatform
[2018.01.20-00.07.27:105][  0]LogTemp: Display: Loaded TP Android_MultiTargetPlatform
[2018.01.20-00.07.27:105][  0]LogTemp: Display: Loaded TP Android_PVRTCTargetPlatform
[2018.01.20-00.07.27:211][  0]LogTemp: Display: Loaded TP AndroidTargetPlatform
[2018.01.20-00.07.27:280][  0]LogTemp: Display: Loaded TP HTML5TargetPlatform
[2018.01.20-00.07.27:544][  0]LogTemp: Display: Loaded TP IOSTargetPlatform
[2018.01.20-00.07.27:606][  0]LogTemp: Display: Loaded TP TVOSTargetPlatform
[2018.01.20-00.07.27:699][  0]LogTemp: Display: Loaded TP LinuxClientTargetPlatform
[2018.01.20-00.07.27:787][  0]LogTemp: Display: Loaded TP LinuxNoEditorTargetPlatform
[2018.01.20-00.07.27:885][  0]LogTemp: Display: Loaded TP LinuxServerTargetPlatform
[2018.01.20-00.07.27:998][  0]LogTemp: Display: Loaded TP LinuxTargetPlatform
[2018.01.20-00.07.27:998][  0]LogTargetPlatformManager: Display: Building Assets For Windows
[2018.01.20-00.07.30:023][  0]LogDerivedDataCache: Display: Max Cache Size: 512 MB
[2018.01.20-00.07.30:638][  0]LogDerivedDataCache: Loaded boot cache 0.61s 78MB C:/Users/Mrgds/AppData/Local/UnrealEngine/4.18/DerivedDataCache/Boot.ddc.
[2018.01.20-00.07.30:638][  0]LogDerivedDataCache: Display: Loaded Boot cache: C:/Users/Mrgds/AppData/Local/UnrealEngine/4.18/DerivedDataCache/Boot.ddc
[2018.01.20-00.07.30:638][  0]LogDerivedDataCache: FDerivedDataBackendGraph:  Pak pak cache file ../../../../../../Documents/GitHub/FITA/FITA_0/DerivedDataCache/DDC.ddp not found, will not use a pak cache.
[2018.01.20-00.07.30:638][  0]LogDerivedDataCache: Unable to find inner node Pak for hierarchical cache Hierarchy.
[2018.01.20-00.07.30:638][  0]LogDerivedDataCache: FDerivedDataBackendGraph:  CompressedPak pak cache file ../../../../../../Documents/GitHub/FITA/FITA_0/DerivedDataCache/Compressed.ddp not found, will not use a pak cache.
[2018.01.20-00.07.30:638][  0]LogDerivedDataCache: Unable to find inner node CompressedPak for hierarchical cache Hierarchy.
[2018.01.20-00.07.30:719][  0]LogDerivedDataCache: Display: Pak cache opened for reading ../../../Engine/DerivedDataCache/Compressed.ddp.
[2018.01.20-00.07.30:732][  0]LogDerivedDataCache: Using Local data cache path C:/Users/Mrgds/AppData/Local/UnrealEngine/Common/DerivedDataCache: Writable
[2018.01.20-00.07.30:751][  0]LogMaterial: Verifying Global Shaders for PCD3D_SM5
[2018.01.20-00.07.30:752][  0]LogSlate: Using Freetype 2.6.0
[2018.01.20-00.07.30:871][  0]LogSlate: SlateFontCache - WITH_FREETYPE: 1, WITH_HARFBUZZ: 1
[2018.01.20-00.07.30:871][  0]LogSlate: SlateFontCache - WITH_FREETYPE: 1, WITH_HARFBUZZ: 1
[2018.01.20-00.07.38:825][  0]LogInit: Selected Device Profile: [Windows]
[2018.01.20-00.07.40:249][  0]LogSimplygon: Simplygon DLL not present - disabling.
[2018.01.20-00.07.40:370][  0]LogMeshReduction: Using SimplygonSwarm for distributed automatic mesh merging
[2018.01.20-00.07.40:370][  0]LogMeshReduction: Using QuadricMeshReduction for automatic static mesh reduction
[2018.01.20-00.07.40:370][  0]LogMeshReduction: No automatic skeletal mesh reduction module available
[2018.01.20-00.07.40:370][  0]LogMeshReduction: No automatic mesh merging module available
[2018.01.20-00.07.40:370][  0]LogMeshMerging: No automatic mesh merging module available
[2018.01.20-00.07.40:546][  0]LogNetVersion: FITA_0 , NetCL: 3709383, EngineNetVer: 2, GameNetVer: 0 (Checksum: 2661453100)
[2018.01.20-00.07.42:122][  0]LogAssetRegistry: FAssetRegistry took 0.0275 seconds to start up
[2018.01.20-00.07.59:471][  0]LogPackageLocalizationCache: Processed 7 localized package path(s) for 2 prioritized culture(s) in 3.264326 seconds
[2018.01.20-00.07.59:542][  0]LogUObjectArray: 35900 objects as part of root set at end of initial load.
[2018.01.20-00.07.59:548][  0]LogUObjectAllocator: 7372024 out of 0 bytes used by permanent object pool.
[2018.01.20-00.07.59:548][  0]LogUObjectArray: CloseDisregardForGC: 0/0 objects in disregard for GC pool
[2018.01.20-00.07.59:720][  0]LogInit: WinSock: version 1.1 (2.2), MaxSocks=32767, MaxUdp=65467
[2018.01.20-00.08.32:386][  0]LogTcpMessaging: Initializing TcpMessaging bridge
[2018.01.20-00.08.32:517][  0]LogUdpMessaging: Initializing bridge on interface 0.0.0.0:0 to multicast group 230.0.0.1:6666.
[2018.01.20-00.08.35:126][  0]LogMaterial: Uniform references updated for custom material expression Custom.
[2018.01.20-00.08.36:638][  0]SourceControl: Source control is disabled
[2018.01.20-00.08.36:638][  0]SourceControl: Source control is disabled
[2018.01.20-00.08.36:784][  0]SourceControl: Source control is disabled
[2018.01.20-00.08.36:898][  0]SourceControl: Source control is disabled
[2018.01.20-00.08.40:266][  0]LogAndroidPermission: UAndroidPermissionCallbackProxy::GetInstance
[2018.01.20-00.08.40:865][  0]LogOcInput: OculusInput pre-init called
[2018.01.20-00.08.42:115][  0]LogEngine: Initializing Engine...
[2018.01.20-00.08.42:366][  0]LogHMD: Failed to initialize OpenVR with code 105
[2018.01.20-00.08.43:645][  0]LogStats: UGameplayTagsManager::ConstructGameplayTagTree: Construct from data asset -  0.000 s
[2018.01.20-00.08.43:645][  0]LogStats: UGameplayTagsManager::ConstructGameplayTagTree: GameplayTagTreeChangedEvent.Broadcast -  0.000 s
[2018.01.20-00.08.44:458][  0]LogAIModule: Creating AISystem for world Untitled
[2018.01.20-00.08.44:644][  0]LogInit: XAudio2 using 'Speakers (Razer Surround Audio Controller)' : 6 channels at 48 kHz using 16 bits per sample (channel mask 0x3f)
[2018.01.20-00.08.44:668][  0]LogInit: FAudioDevice initialized.
[2018.01.20-00.08.44:808][  0]LogDerivedDataCache: Saved boot cache 0.12s 78MB C:/Users/Mrgds/AppData/Local/UnrealEngine/4.18/DerivedDataCache/Boot.ddc.
[2018.01.20-00.08.44:843][  0]LogInit: Texture streaming: Enabled
[2018.01.20-00.08.45:195][  0]LogEngineSessionManager: EngineSessionManager initialized
[2018.01.20-00.08.46:040][  0]LogInit: Transaction tracking system initialized
[2018.01.20-00.08.48:565][  0]BlueprintLog: New page: Editor Load
[2018.01.20-00.08.56:759][  0]LocalizationService: Localization service is disabled
[2018.01.20-00.09.01:066][  0]LogConsoleResponse: Display: 
[2018.01.20-00.09.06:854][  0]LogFileCache: Scanning file cache for directory 'E:/Documents/GitHub/FITA/FITA_0/Content/' took 0.08s
[2018.01.20-00.09.06:854][  0]LogCook: Display: Max memory allowance for cook 16384mb min free memory 0mb
[2018.01.20-00.09.06:855][  0]LogCook: Display: Mobile HDR setting 1
[2018.01.20-00.09.06:876][  0]LogGameplayTags: Display: UGameplayTagsManager::DoneAddingNativeTags. DelegateIsBound: 0
[2018.01.20-00.09.17:323][  0]SourceControl: Source control is disabled
[2018.01.20-00.09.17:512][  0]Cmd: MAP LOAD FILE="../../../../../../Documents/GitHub/FITA/FITA_0/Content/Level_0.umap" TEMPLATE=0 SHOWPROGRESS=1 FEATURELEVEL=3
[2018.01.20-00.09.17:788][  0]LightingResults: New page: Lighting Build
[2018.01.20-00.09.18:620][  0]MapCheck: New page: Map Check
[2018.01.20-00.09.18:621][  0]LightingResults: New page: Lighting Build
[2018.01.20-00.09.33:560][  0]LogAIModule: Creating AISystem for world Level_0
[2018.01.20-00.09.35:116][  0]LogEditorServer: Finished looking for orphan Actors (0.000 secs)
[2018.01.20-00.09.35:719][  0]Cmd: MAP CHECKDEP NOCLEARLOG
[2018.01.20-00.09.35:890][  0]MapCheck: Map check complete: 0 Error(s), 0 Warning(s), took 170.782ms to complete.
[2018.01.20-00.09.35:890][  0]LogFileHelpers: Loading map 'Level_0' took 18.456
[2018.01.20-00.09.43:776][  0]LogCollectionManager: Loaded 0 collections in 0.032462 seconds
[2018.01.20-00.09.45:441][  0]LogFileCache: Scanning file cache for directory 'E:/Documents/GitHub/FITA/FITA_0/Saved/Collections/' took 0.01s
[2018.01.20-00.09.45:441][  0]LogFileCache: Scanning file cache for directory 'E:/Documents/GitHub/FITA/FITA_0/Content/Developers/Mrgds2/Collections/' took 0.01s
[2018.01.20-00.09.45:441][  0]LogFileCache: Scanning file cache for directory 'E:/Documents/GitHub/FITA/FITA_0/Content/Collections/' took 0.01s
[2018.01.20-00.09.45:441][  0]LogCollectionManager: Rebuilt the GUID cache for 0 collections in 0.000001 seconds
[2018.01.20-00.09.45:798][  0]LogContentBrowser: Native class hierarchy populated in 0.1791 seconds. Added 2368 classes and 523 folders.
[2018.01.20-00.09.46:133][  0]LogContentBrowser: Native class hierarchy updated for 'WidgetCarousel' in 0.0011 seconds. Added 0 classes and 0 folders.
[2018.01.20-00.09.53:415][  0]LogContentBrowser: Native class hierarchy updated for 'AddContentDialog' in 0.0010 seconds. Added 0 classes and 0 folders.
[2018.01.20-00.09.55:116][  0]LogSlate: Took 0.013301 seconds to synchronously load lazily loaded font '../../../Engine/Content/Slate/Fonts/Roboto-Regular.ttf' (155K)
[2018.01.20-00.09.55:173][  0]LogSlate: Took 0.006598 seconds to synchronously load lazily loaded font '../../../Engine/Content/Slate/Fonts/Roboto-Bold.ttf' (160K)
[2018.01.20-00.09.55:288][  0]LogSlate: Took 0.097132 seconds to synchronously load lazily loaded font '../../../Engine/Content/Editor/Slate/Fonts/FontAwesome.ttf' (139K)
[2018.01.20-00.09.56:671][  0]LogRenderer: Reallocating scene render targets to support 1200x688 Format 10 NumSamples 1 (Frame:1).
[2018.01.20-00.09.57:915][  0]LogSlate: Took 0.020379 seconds to synchronously load lazily loaded font '../../../Engine/Content/Slate/Fonts/Roboto-Light.ttf' (159K)
[2018.01.20-00.09.58:424][  0]LogContentBrowser: Native class hierarchy updated for 'HierarchicalLODOutliner' in 0.0012 seconds. Added 1 classes and 2 folders.
[2018.01.20-00.09.58:425][  0]LogLoad: (Engine Initialization) Total time: 209.62 seconds
[2018.01.20-00.09.58:425][  0]LogLoad: (Engine Initialization) Total Blueprint compile time: 0.00 seconds
[2018.01.20-00.09.58:425][  0]LogExternalProfiler: Found external profiler: VSPerf
[2018.01.20-00.09.58:425][  0]LogExternalProfiler: Using external profiler: VSPerf
[2018.01.20-00.09.58:996][  0]LogContentStreaming: Texture pool size now 1000 MB
[2018.01.20-00.10.00:653][  5]LogAssetRegistry: Asset discovery search completed in 138.5531 seconds
[2018.01.20-00.10.00:656][  5]LogCollectionManager: Rebuilt the object cache for 0 collections in 0.000001 seconds (found 0 objects)
[2018.01.20-00.10.00:656][  5]LogCollectionManager: Fixed up redirectors for 0 collections in 0.000140 seconds (updated 0 objects)
[2018.01.20-00.42.11:559][795]LogSlate: Only BGRA pngs, bmps or icos are supported in by External Image Picker
[2018.01.20-00.42.11:737][796]LogTemp: Executing iPhonePackager certificates Engine -bundlename com.YourCompany.FITA0
[2018.01.20-00.42.11:737][796]LogTemp: CWD: E:\Program Files\Epic Games\UE_4.18\Engine\Binaries\DotNET\IOS
[2018.01.20-00.42.11:737][796]LogTemp: Initial Dir: E:\Program Files\Epic Games\UE_4.18
[2018.01.20-00.42.11:737][796]LogTemp: Env CWD: E:\Program Files\Epic Games\UE_4.18\Engine\Binaries\DotNET\IOS
[2018.01.20-00.42.11:737][796]LogTemp: BranchPath = PEARL/E/Program Files/Epic Games/UE_4.18/Engine/Binaries --- GameBranchPath = PEARL/E/Program Files/Epic Games/UE_4.18/Engine/Binaries
[2018.01.20-00.42.11:737][796]LogTemp: IPP ERROR: Could not find provision directory 'C:\Users\Mrgds\AppData\Local/Apple Computer/MobileDevice/Provisioning Profiles/'.
[2018.01.20-00.43.38:968][950]LogVSAccessor: Warning: Couldn't access Visual Studio
[2018.01.20-00.43.39:117][950]Candidate modules for hot reload:
[2018.01.20-00.43.39:118][950]  FITA_0
[2018.01.20-00.43.39:134][950]Launching UnrealBuildTool... [E:/Program Files/Epic Games/UE_4.18/Engine/Binaries/DotNET/UnrealBuildTool.exe FITA_0 -ModuleWithSuffix FITA_0 5566 Win64 Development -editorrecompile -canskiplink "E:/Documents/GitHub/FITA/FITA_0/FITA_0.uproject" ]
[2018.01.20-00.43.39:286][950]Warning: Starting HotReload took  0.4s.
[2018.01.20-00.44.54:666][554]CompilerResultsLog: New page: Compilation - Jan 19, 2018, 2:44:54 PM
[2018.01.20-00.44.54:667][554]CompilerResultsLog: Using 'git status' to determine working set for adaptive non-unity build.
[2018.01.20-00.44.54:667][554]CompilerResultsLog: Creating makefile for hot reloading FITA_0 (ini files are newer than UBTMakefile)
[2018.01.20-00.44.54:667][554]CompilerResultsLog: Compiling game modules for hot reload
[2018.01.20-00.44.54:667][554]CompilerResultsLog: Target is up to date
[2018.01.20-00.44.54:667][554]CompilerResultsLog: Total build time: 74.55 seconds (NoActionsToExecute executor: 0.00 seconds)
[2018.01.20-00.44.54:667][554]LogMainFrame: MainFrame: Module compiling took 75.699 seconds
[2018.01.20-00.44.54:782][554]LogContentBrowser: Native class hierarchy populated in 0.0301 seconds. Added 2369 classes and 525 folders.
[2018.01.20-00.44.54:832][554]Display: HotReload took 75.9s.
[2018.01.20-00.44.59:997][640]LogTemp: Repeating last play command: Selected Viewport
[2018.01.20-00.45.00:182][640]LogPlayLevel: PlayLevel: No blueprints needed recompiling
[2018.01.20-00.45.00:227][640]PIE: New page: PIE session: Level_0 (Jan 19, 2018, 2:45:00 PM)
[2018.01.20-00.45.00:252][640]LogPlayLevel: Creating play world package: /Game/UEDPIE_0_Level_0
[2018.01.20-00.45.00:296][640]LogPlayLevel: PIE: StaticDuplicateObject took: (0.043017s)
[2018.01.20-00.45.00:297][640]LogAIModule: Creating AISystem for world Level_0
[2018.01.20-00.45.00:308][640]LogPlayLevel: PIE: World Init took: (0.012250s)
[2018.01.20-00.45.00:322][640]LogPlayLevel: PIE: Created PIE world by copying editor world from /Game/Level_0.Level_0 to /Game/UEDPIE_0_Level_0.Level_0 (0.070080s)
[2018.01.20-00.45.00:370][640]LogInit: XAudio2 using 'Speakers (Razer Surround Audio Controller)' : 6 channels at 48 kHz using 16 bits per sample (channel mask 0x3f)
[2018.01.20-00.45.00:376][640]LogInit: FAudioDevice initialized.
[2018.01.20-00.45.00:654][640]LogLoad: Game class is 'MyFITA_0GameModeBase_BP_C'
[2018.01.20-00.45.00:786][640]LogWorld: Bringing World /Game/UEDPIE_0_Level_0.Level_0 up for play (max tick rate 0) at 2018.01.19-19.45.00
[2018.01.20-00.45.00:839][640]LogWorld: Bringing up level for play took: 0.055900
[2018.01.20-00.45.01:080][640]LogContentBrowser: Native class hierarchy updated for 'MovieSceneCapture' in 0.0011 seconds. Added 11 classes and 0 folders.
[2018.01.20-00.45.01:182][640]LogTemp: Warning: Input component found 
[2018.01.20-00.45.01:182][640]LogTemp: Warning: SM_Chair2_8 is at X=-220.000 Y=380.000 Z=20.000 
[2018.01.20-00.45.01:194][640]PIE: Play in editor start time for /Game/UEDPIE_0_Level_0 1.18
[2018.01.20-00.45.29:548][909]LogTemp: Warning: Your looking at the: SM_Chair3_11 
[2018.01.20-00.45.29:548][909]LogTemp: Warning: Your looking at the: SM_Chair3_11 
[2018.01.20-00.47.53:734][ 31]LogSlate: Only BGRA pngs, bmps or icos are supported in by External Image Picker
[2018.01.20-00.47.53:818][ 33]LogTemp: Executing iPhonePackager certificates Engine -bundlename com.YourCompany.FITA0
[2018.01.20-00.47.53:818][ 33]LogTemp: CWD: E:\Program Files\Epic Games\UE_4.18\Engine\Binaries\DotNET\IOS
[2018.01.20-00.47.53:818][ 33]LogTemp: Initial Dir: E:\Program Files\Epic Games\UE_4.18
[2018.01.20-00.47.53:819][ 33]LogTemp: Env CWD: E:\Program Files\Epic Games\UE_4.18\Engine\Binaries\DotNET\IOS
[2018.01.20-00.47.53:823][ 33]LogTemp: BranchPath = PEARL/E/Program Files/Epic Games/UE_4.18/Engine/Binaries --- GameBranchPath = PEARL/E/Program Files/Epic Games/UE_4.18/Engine/Binaries
[2018.01.20-00.47.53:844][ 34]LogTemp: IPP ERROR: Could not find provision directory 'C:\Users\Mrgds\AppData\Local/Apple Computer/MobileDevice/Provisioning Profiles/'.
[2018.01.20-00.50.53:600][686]LogVSAccessor: Warning: Couldn't access Visual Studio
[2018.01.20-00.50.53:625][686]Candidate modules for hot reload:
[2018.01.20-00.50.53:625][686]  FITA_0
[2018.01.20-00.50.53:625][686]Launching UnrealBuildTool... [E:/Program Files/Epic Games/UE_4.18/Engine/Binaries/DotNET/UnrealBuildTool.exe FITA_0 -ModuleWithSuffix FITA_0 7000 Win64 Development -editorrecompile -canskiplink "E:/Documents/GitHub/FITA/FITA_0/FITA_0.uproject" ]
[2018.01.20-00.50.54:289][686]Warning: Starting HotReload took  0.7s.
[2018.01.20-00.51.04:500][ 15]CompilerResultsLog: New page: Compilation - Jan 19, 2018, 2:51:04 PM
[2018.01.20-00.51.04:501][ 15]CompilerResultsLog: Using 'git status' to determine working set for adaptive non-unity build.
[2018.01.20-00.51.04:501][ 15]CompilerResultsLog: Creating makefile for hot reloading FITA_0 (ini files are newer than UBTMakefile)
[2018.01.20-00.51.04:501][ 15]CompilerResultsLog: Compiling game modules for hot reload
[2018.01.20-00.51.04:501][ 15]CompilerResultsLog: Target is up to date
[2018.01.20-00.51.04:501][ 15]CompilerResultsLog: Total build time: 9.76 seconds (NoActionsToExecute executor: 0.00 seconds)
[2018.01.20-00.51.04:501][ 15]LogMainFrame: MainFrame: Module compiling took 10.901 seconds
[2018.01.20-00.51.04:549][ 15]LogContentBrowser: Native class hierarchy populated in 0.0212 seconds. Added 2369 classes and 525 folders.
[2018.01.20-00.51.04:549][ 15]Display: HotReload took 11.0s.
[2018.01.20-00.51.07:657][ 71]LogTemp: Repeating last play command: Selected Viewport
[2018.01.20-00.51.07:683][ 71]LogPlayLevel: PlayLevel: No blueprints needed recompiling
[2018.01.20-00.51.07:684][ 71]PIE: New page: PIE session: Level_0 (Jan 19, 2018, 2:51:07 PM)
[2018.01.20-00.51.07:684][ 71]LogPlayLevel: Creating play world package: /Game/UEDPIE_0_Level_0
[2018.01.20-00.51.07:695][ 71]LogPlayLevel: PIE: StaticDuplicateObject took: (0.011495s)
[2018.01.20-00.51.07:696][ 71]LogAIModule: Creating AISystem for world Level_0
[2018.01.20-00.51.07:697][ 71]LogPlayLevel: PIE: World Init took: (0.001270s)
[2018.01.20-00.51.07:697][ 71]LogPlayLevel: PIE: Created PIE world by copying editor world from /Game/Level_0.Level_0 to /Game/UEDPIE_0_Level_0.Level_0 (0.013166s)
[2018.01.20-00.51.07:736][ 71]LogInit: XAudio2 using 'Speakers (Razer Surround Audio Controller)' : 6 channels at 48 kHz using 16 bits per sample (channel mask 0x3f)
[2018.01.20-00.51.07:743][ 71]LogInit: FAudioDevice initialized.
[2018.01.20-00.51.07:784][ 71]LogLoad: Game class is 'MyFITA_0GameModeBase_BP_C'
[2018.01.20-00.51.07:787][ 71]LogWorld: Bringing World /Game/UEDPIE_0_Level_0.Level_0 up for play (max tick rate 0) at 2018.01.19-19.51.07
[2018.01.20-00.51.07:787][ 71]LogWorld: Bringing up level for play took: 0.002786
[2018.01.20-00.51.07:789][ 71]LogTemp: Warning: Input component found 
[2018.01.20-00.51.07:789][ 71]LogTemp: Warning: SM_Chair2_8 is at X=-220.000 Y=380.000 Z=20.000 
[2018.01.20-00.51.07:789][ 71]PIE: Play in editor start time for /Game/UEDPIE_0_Level_0 -0.224
[2018.01.20-00.51.14:375][459]LogTemp: Warning: Your looking at the: SM_Chair3_11 
[2018.01.20-00.51.14:375][459]LogTemp: Warning: Your looking at the: SM_Chair3_11 
[2018.01.20-00.51.19:986][ 83]LogTemp: Warning: Your looking at the: SM_Chair3_11 
[2018.01.20-00.51.19:986][ 83]LogTemp: Warning: Your looking at the: SM_Chair3_11 
[2018.01.20-00.51.41:693][918]LogSlate: Only BGRA pngs, bmps or icos are supported in by External Image Picker
[2018.01.20-00.51.41:790][920]LogTemp: Executing iPhonePackager certificates Engine -bundlename com.YourCompany.FITA0
[2018.01.20-00.51.41:790][920]LogTemp: CWD: E:\Program Files\Epic Games\UE_4.18\Engine\Binaries\DotNET\IOS
[2018.01.20-00.51.41:790][920]LogTemp: Initial Dir: E:\Program Files\Epic Games\UE_4.18
[2018.01.20-00.51.41:790][920]LogTemp: Env CWD: E:\Program Files\Epic Games\UE_4.18\Engine\Binaries\DotNET\IOS
[2018.01.20-00.51.41:793][920]LogTemp: BranchPath = PEARL/E/Program Files/Epic Games/UE_4.18/Engine/Binaries --- GameBranchPath = PEARL/E/Program Files/Epic Games/UE_4.18/Engine/Binaries
[2018.01.20-00.51.41:817][921]LogTemp: IPP ERROR: Could not find provision directory 'C:\Users\Mrgds\AppData\Local/Apple Computer/MobileDevice/Provisioning Profiles/'.
[2018.01.20-00.52.09:295][979]LogVSAccessor: Warning: Couldn't access Visual Studio
[2018.01.20-00.52.09:317][979]Candidate modules for hot reload:
[2018.01.20-00.52.09:317][979]  FITA_0
[2018.01.20-00.52.09:317][979]Launching UnrealBuildTool... [E:/Program Files/Epic Games/UE_4.18/Engine/Binaries/DotNET/UnrealBuildTool.exe FITA_0 -ModuleWithSuffix FITA_0 7954 Win64 Development -editorrecompile -canskiplink "E:/Documents/GitHub/FITA/FITA_0/FITA_0.uproject" ]
[2018.01.20-00.52.09:433][979]Warning: Starting HotReload took  0.1s.
[2018.01.20-00.52.18:919][180]CompilerResultsLog: New page: Compilation - Jan 19, 2018, 2:52:18 PM
[2018.01.20-00.52.18:920][180]CompilerResultsLog: Using 'git status' to determine working set for adaptive non-unity build.
[2018.01.20-00.52.18:920][180]CompilerResultsLog: Creating makefile for hot reloading FITA_0 (ini files are newer than UBTMakefile)
[2018.01.20-00.52.18:920][180]CompilerResultsLog: Compiling game modules for hot reload
[2018.01.20-00.52.18:920][180]CompilerResultsLog: Target is up to date
[2018.01.20-00.52.18:920][180]CompilerResultsLog: Total build time: 9.14 seconds (NoActionsToExecute executor: 0.00 seconds)
[2018.01.20-00.52.18:920][180]LogMainFrame: MainFrame: Module compiling took 9.624 seconds
[2018.01.20-00.52.18:963][180]LogContentBrowser: Native class hierarchy populated in 0.0175 seconds. Added 2369 classes and 525 folders.
[2018.01.20-00.52.18:963][180]Display: HotReload took  9.7s.
[2018.01.20-00.52.22:475][289]LogTemp: Repeating last play command: Selected Viewport
[2018.01.20-00.52.22:499][289]LogPlayLevel: PlayLevel: No blueprints needed recompiling
[2018.01.20-00.52.22:499][289]PIE: New page: PIE session: Level_0 (Jan 19, 2018, 2:52:22 PM)
[2018.01.20-00.52.22:500][289]LogPlayLevel: Creating play world package: /Game/UEDPIE_0_Level_0
[2018.01.20-00.52.22:509][289]LogPlayLevel: PIE: StaticDuplicateObject took: (0.009858s)
[2018.01.20-00.52.22:510][289]LogAIModule: Creating AISystem for world Level_0
[2018.01.20-00.52.22:510][289]LogPlayLevel: PIE: World Init took: (0.000901s)
[2018.01.20-00.52.22:511][289]LogPlayLevel: PIE: Created PIE world by copying editor world from /Game/Level_0.Level_0 to /Game/UEDPIE_0_Level_0.Level_0 (0.011121s)
[2018.01.20-00.52.22:547][289]LogInit: XAudio2 using 'Speakers (Razer Surround Audio Controller)' : 6 channels at 48 kHz using 16 bits per sample (channel mask 0x3f)
[2018.01.20-00.52.22:552][289]LogInit: FAudioDevice initialized.
[2018.01.20-00.52.22:592][289]LogLoad: Game class is 'MyFITA_0GameModeBase_BP_C'
[2018.01.20-00.52.22:596][289]LogWorld: Bringing World /Game/UEDPIE_0_Level_0.Level_0 up for play (max tick rate 0) at 2018.01.19-19.52.22
[2018.01.20-00.52.22:596][289]LogWorld: Bringing up level for play took: 0.002902
[2018.01.20-00.52.22:597][289]LogTemp: Warning: Input component found 
[2018.01.20-00.52.22:598][289]LogTemp: Warning: SM_Chair2_8 is at X=-220.000 Y=380.000 Z=20.000 
[2018.01.20-00.52.22:598][289]PIE: Play in editor start time for /Game/UEDPIE_0_Level_0 0.584
[2018.01.20-00.52.26:273][504]LogTemp: Warning: Your looking at the: SM_Chair3_11 
[2018.01.20-00.52.26:273][504]LogTemp: Warning: Your looking at the: SM_Chair3_11 
[2018.01.20-00.53.54:341][953]LogTemp: Warning: Your looking at the: SM_Chair3_11 
[2018.01.20-00.53.54:341][953]LogTemp: Warning: Your looking at the: SM_Chair3_11 
[2018.01.20-00.53.59:782][592]LogTemp: Warning: Your looking at the: SM_TableRound_5 
[2018.01.20-00.53.59:782][592]LogTemp: Warning: Your looking at the: SM_TableRound_5 
[2018.01.20-00.54.05:989][250]LogTemp: Warning: Your looking at the: SM_Chair4_14 
[2018.01.20-00.54.05:990][250]LogTemp: Warning: Your looking at the: SM_Chair4_14 
[2018.01.20-00.54.21:246][ 32]LogTemp: Warning: Your looking at the: SM_Statue_8 
[2018.01.20-00.54.21:246][ 32]LogTemp: Warning: Your looking at the: SM_Statue_8 
[2018.01.20-00.54.34:268][566]LogTemp: Warning: Your looking at the: SM_TableRound2_5 
[2018.01.20-00.54.34:268][566]LogTemp: Warning: Your looking at the: SM_TableRound2_5 
[2018.01.20-00.54.47:847][146]LogTemp: Warning: Your looking at the: SM_TableRound2_5 
[2018.01.20-00.54.47:847][146]LogTemp: Warning: Your looking at the: SM_TableRound2_5 
[2018.01.20-00.55.05:718][228]LogTemp: Warning: Your looking at the: SM_Chair4_14 
[2018.01.20-00.55.05:718][228]LogTemp: Warning: Your looking at the: SM_Chair4_14 
[2018.01.20-00.55.26:088][588]LogTemp: Warning: Your looking at the: SM_TableRound2_5 
[2018.01.20-00.55.26:088][588]LogTemp: Warning: Your looking at the: SM_TableRound2_5 
[2018.01.20-00.55.26:795][670]LogTemp: Warning: Your looking at the: SM_TableRound2_5 
[2018.01.20-00.55.26:795][670]LogTemp: Warning: Your looking at the: SM_TableRound2_5 
[2018.01.20-00.55.27:631][769]LogTemp: Warning: Your looking at the: SM_TableRound2_5 
[2018.01.20-00.55.27:631][769]LogTemp: Warning: Your looking at the: SM_TableRound2_5 
[2018.01.20-00.55.28:692][892]LogTemp: Warning: Your looking at the: SM_TableRound2_5 
[2018.01.20-00.55.28:692][892]LogTemp: Warning: Your looking at the: SM_TableRound2_5 
[2018.01.20-00.55.44:936][700]LogTemp: Repeating last play command: Selected Viewport
[2018.01.20-00.55.44:963][700]LogPlayLevel: PlayLevel: No blueprints needed recompiling
[2018.01.20-00.55.44:963][700]PIE: New page: PIE session: Level_0 (Jan 19, 2018, 2:55:44 PM)
[2018.01.20-00.55.44:963][700]LogPlayLevel: Creating play world package: /Game/UEDPIE_0_Level_0
[2018.01.20-00.55.44:974][700]LogPlayLevel: PIE: StaticDuplicateObject took: (0.010585s)
[2018.01.20-00.55.44:975][700]LogAIModule: Creating AISystem for world Level_0
[2018.01.20-00.55.44:975][700]LogPlayLevel: PIE: World Init took: (0.001128s)
[2018.01.20-00.55.44:975][700]LogPlayLevel: PIE: Created PIE world by copying editor world from /Game/Level_0.Level_0 to /Game/UEDPIE_0_Level_0.Level_0 (0.012261s)
[2018.01.20-00.55.45:016][700]LogInit: XAudio2 using 'Speakers (Razer Surround Audio Controller)' : 6 channels at 48 kHz using 16 bits per sample (channel mask 0x3f)
[2018.01.20-00.55.45:021][700]LogInit: FAudioDevice initialized.
[2018.01.20-00.55.45:057][700]LogLoad: Game class is 'MyFITA_0GameModeBase_BP_C'
[2018.01.20-00.55.45:060][700]LogWorld: Bringing World /Game/UEDPIE_0_Level_0.Level_0 up for play (max tick rate 0) at 2018.01.19-19.55.45
[2018.01.20-00.55.45:061][700]LogWorld: Bringing up level for play took: 0.002916
[2018.01.20-00.55.45:062][700]LogTemp: Warning: Input component found 
[2018.01.20-00.55.45:062][700]LogTemp: Warning: SM_Chair2_8 is at X=-220.000 Y=380.000 Z=20.000 
[2018.01.20-00.55.45:062][700]PIE: Play in editor start time for /Game/UEDPIE_0_Level_0 1.049
[2018.01.20-00.56.39:260][ 84]LogTemp: Warning: Your looking at the: SM_Chair3_11 
[2018.01.20-00.56.39:260][ 84]LogTemp: Warning: Your looking at the: SM_Chair3_11 
[2018.01.20-00.56.40:094][183]LogTemp: Warning: Your looking at the: SM_Chair3_11 
[2018.01.20-00.56.40:094][183]LogTemp: Warning: Your looking at the: SM_Chair3_11 
[2018.01.20-00.57.18:010][651]LogTemp: Warning: Your looking at the: SM_Chair2_8 
[2018.01.20-00.57.18:011][651]LogTemp: Warning: Your looking at the: SM_Chair2_8 
[2018.01.20-00.57.18:838][749]LogTemp: Warning: Your looking at the: SM_Chair2_8 
[2018.01.20-00.57.18:838][749]LogTemp: Warning: Your looking at the: SM_Chair2_8 
[2018.01.20-00.58.25:419][595]LogTemp: Warning: Your looking at the: SM_Chair_2 
[2018.01.20-00.58.25:419][595]LogTemp: Warning: Your looking at the: SM_Chair_2 
[2018.01.20-00.58.27:476][836]LogTemp: Warning: Your looking at the: SM_Chair_2 
[2018.01.20-00.58.27:476][836]LogTemp: Warning: Your looking at the: SM_Chair_2 
[2018.01.20-00.59.15:974][550]LogTemp: Warning: Your looking at the: SM_Statue_8 
[2018.01.20-00.59.15:974][550]LogTemp: Warning: Your looking at the: SM_Statue_8 
[2018.01.20-01.00.23:492][249]LogTemp: Repeating last play command: Selected Viewport
[2018.01.20-01.00.23:517][249]LogPlayLevel: PlayLevel: No blueprints needed recompiling
[2018.01.20-01.00.23:517][249]PIE: New page: PIE session: Level_0 (Jan 19, 2018, 3:00:23 PM)
[2018.01.20-01.00.23:517][249]LogPlayLevel: Creating play world package: /Game/UEDPIE_0_Level_0
[2018.01.20-01.00.23:527][249]LogPlayLevel: PIE: StaticDuplicateObject took: (0.009241s)
[2018.01.20-01.00.23:528][249]LogAIModule: Creating AISystem for world Level_0
[2018.01.20-01.00.23:528][249]LogPlayLevel: PIE: World Init took: (0.001466s)
[2018.01.20-01.00.23:528][249]LogPlayLevel: PIE: Created PIE world by copying editor world from /Game/Level_0.Level_0 to /Game/UEDPIE_0_Level_0.Level_0 (0.011184s)
[2018.01.20-01.00.23:565][249]LogInit: XAudio2 using 'Speakers (Razer Surround Audio Controller)' : 6 channels at 48 kHz using 16 bits per sample (channel mask 0x3f)
[2018.01.20-01.00.23:571][249]LogInit: FAudioDevice initialized.
[2018.01.20-01.00.23:604][249]LogLoad: Game class is 'MyFITA_0GameModeBase_BP_C'
[2018.01.20-01.00.23:607][249]LogWorld: Bringing World /Game/UEDPIE_0_Level_0.Level_0 up for play (max tick rate 0) at 2018.01.19-20.00.23
[2018.01.20-01.00.23:607][249]LogWorld: Bringing up level for play took: 0.003000
[2018.01.20-01.00.23:609][249]LogTemp: Warning: Input component found 
[2018.01.20-01.00.23:609][249]LogTemp: Warning: SM_Chair2_8 is at X=-220.000 Y=380.000 Z=20.000 
[2018.01.20-01.00.23:609][249]PIE: Play in editor start time for /Game/UEDPIE_0_Level_0 -0.404
[2018.01.20-01.01.04:785][103]LogTemp: Warning: Your looking at the: SM_Chair3_11 
[2018.01.20-01.01.04:785][103]LogTemp: Warning: Your looking at the: SM_Chair3_11 
[2018.01.20-01.01.47:762][155]LogTemp: Warning: Your looking at the: SM_Chair2_8 
[2018.01.20-01.01.47:762][155]LogTemp: Warning: Your looking at the: SM_Chair2_8 
[2018.01.20-01.02.05:111][186]LogTemp: Warning: Your looking at the: SM_Chair3_11 
[2018.01.20-01.02.05:112][186]LogTemp: Warning: Your looking at the: SM_Chair3_11 
[2018.01.20-01.02.25:257][548]LogTemp: Warning: Your looking at the: SM_Chair3_11 
[2018.01.20-01.02.25:257][548]LogTemp: Warning: Your looking at the: SM_Chair3_11 
[2018.01.20-01.03.46:961][ 72]LogTemp: Warning: Your looking at the: SM_Chair3_11 
[2018.01.20-01.03.46:961][ 72]LogTemp: Warning: Your looking at the: SM_Chair3_11 
[2018.01.20-01.06.37:569][102]LogTemp: Warning: Your looking at the: SM_Chair_2 
[2018.01.20-01.06.37:570][102]LogTemp: Warning: Your looking at the: SM_Chair_2 
[2018.01.20-01.06.38:575][219]LogTemp: Warning: Your looking at the: SM_Chair_2 
[2018.01.20-01.06.38:575][219]LogTemp: Warning: Your looking at the: SM_Chair_2 
[2018.01.20-01.08.52:797][963]LogTemp: Warning: Your looking at the: SM_TableRound_5 
[2018.01.20-01.08.52:797][963]LogTemp: Warning: Your looking at the: SM_TableRound_5 
[2018.01.20-01.08.53:168][  5]LogTemp: Warning: Your looking at the: SM_TableRound_5 
[2018.01.20-01.08.53:169][  5]LogTemp: Warning: Your looking at the: SM_TableRound_5 
[2018.01.20-01.08.53:446][ 38]LogTemp: Warning: Your looking at the: SM_TableRound_5 
[2018.01.20-01.08.53:446][ 38]LogTemp: Warning: Your looking at the: SM_TableRound_5 
[2018.01.20-01.08.53:836][ 84]LogTemp: Warning: Your looking at the: SM_TableRound_5 
[2018.01.20-01.08.53:837][ 84]LogTemp: Warning: Your looking at the: SM_TableRound_5 
[2018.01.20-01.08.54:566][170]LogTemp: Warning: Your looking at the: SM_TableRound_5 
[2018.01.20-01.08.54:566][170]LogTemp: Warning: Your looking at the: SM_TableRound_5 
[2018.01.20-01.09.18:315][920]LogTemp: Warning: Your looking at the: SM_TableRound_5 
[2018.01.20-01.09.18:315][920]LogTemp: Warning: Your looking at the: SM_TableRound_5 
[2018.01.20-01.09.42:588][731]LogTemp: Warning: Your looking at the: SM_Chair_2 
[2018.01.20-01.09.42:588][731]LogTemp: Warning: Your looking at the: SM_Chair_2 
[2018.01.20-01.11.56:156][356]LogTemp: Warning: Your looking at the: SM_Chair2_8 
[2018.01.20-01.11.56:156][356]LogTemp: Warning: Your looking at the: SM_Chair2_8 
[2018.01.20-01.15.45:333][155]LogTemp: Warning: Your looking at the: SM_Chair4_14 
[2018.01.20-01.15.45:333][155]LogTemp: Warning: Your looking at the: SM_Chair4_14 
[2018.01.20-01.15.46:371][279]LogTemp: Warning: Your looking at the: SM_Chair4_14 
[2018.01.20-01.15.46:371][279]LogTemp: Warning: Your looking at the: SM_Chair4_14 
[2018.01.20-01.16.12:977][393]LogTemp: Warning: Your looking at the: SM_Chair_2 
[2018.01.20-01.16.12:977][393]LogTemp: Warning: Your looking at the: SM_Chair_2 
[2018.01.20-01.16.29:198][274]LogTemp: Warning: Your looking at the: SM_Chair4_14 
[2018.01.20-01.16.29:198][274]LogTemp: Warning: Your looking at the: SM_Chair4_14 
[2018.01.20-01.16.36:080][ 72]LogTemp: Warning: Your looking at the: SM_Chair4_14 
[2018.01.20-01.16.36:080][ 72]LogTemp: Warning: Your looking at the: SM_Chair4_14 
[2018.01.20-01.16.41:766][730]LogTemp: Warning: Your looking at the: SM_Chair4_14 
[2018.01.20-01.16.41:767][730]LogTemp: Warning: Your looking at the: SM_Chair4_14 
[2018.01.20-01.16.45:249][134]LogTemp: Warning: Your looking at the: SM_Chair4_14 
[2018.01.20-01.16.45:249][134]LogTemp: Warning: Your looking at the: SM_Chair4_14 
[2018.01.20-01.16.53:350][ 74]LogTemp: Warning: Your looking at the: SM_Chair4_14 
[2018.01.20-01.16.53:350][ 74]LogTemp: Warning: Your looking at the: SM_Chair4_14 
[2018.01.20-01.17.01:987][ 72]LogTemp: Warning: Your looking at the: SM_Chair_2 
[2018.01.20-01.17.01:987][ 72]LogTemp: Warning: Your looking at the: SM_Chair_2 
[2018.01.20-01.17.19:079][ 37]LogTemp: Warning: Your looking at the: SM_TableRound_5 
[2018.01.20-01.17.19:079][ 37]LogTemp: Warning: Your looking at the: SM_TableRound_5 
[2018.01.20-01.17.25:917][823]LogTemp: Warning: Your looking at the: SM_TableRound_5 
[2018.01.20-01.17.25:917][823]LogTemp: Warning: Your looking at the: SM_TableRound_5 
[2018.01.20-01.17.41:403][613]LogTemp: Warning: Your looking at the: SM_TableRound_5 
[2018.01.20-01.17.41:403][613]LogTemp: Warning: Your looking at the: SM_TableRound_5 
[2018.01.20-01.33.32:058][517]Cmd: QUIT_EDITOR
[2018.01.20-01.33.33:063][517]LogWindowsTextInputMethodSystem: Display: IME system now deactivated.
[2018.01.20-01.33.33:169][517]LogExit: Preparing to exit.
[2018.01.20-01.33.34:042][517]LogDirectoryWatcher: A directory notification for 'E:/Documents/GitHub/FITA/FITA_0/Content/' was aborted.
[2018.01.20-01.33.34:256][517]LogExit: Editor shut down
[2018.01.20-01.33.34:296][517]LogExit: Transaction tracking system shut down
[2018.01.20-01.33.34:770][517]LogDirectoryWatcher: A directory notification for '../../../Engine/Content/' was aborted.
[2018.01.20-01.33.34:770][517]LogDirectoryWatcher: A directory notification for '../../../../../../Documents/GitHub/FITA/FITA_0/Content/' was aborted.
[2018.01.20-01.33.34:770][517]LogDirectoryWatcher: A directory notification for '../../../Engine/Plugins/2D/Paper2D/Content/' was aborted.
[2018.01.20-01.33.34:770][517]LogDirectoryWatcher: A directory notification for '../../../Engine/Plugins/Media/MediaCompositing/Content/' was aborted.
[2018.01.20-01.33.34:770][517]LogDirectoryWatcher: A directory notification for '../../../Engine/Plugins/Runtime/AppleARKit/Content/' was aborted.
[2018.01.20-01.33.34:771][517]LogDirectoryWatcher: A directory notification for '../../../Engine/Plugins/Runtime/Oculus/OculusVR/Content/' was aborted.
[2018.01.20-01.33.34:771][517]LogDirectoryWatcher: A directory notification for '../../../Engine/Plugins/Runtime/Steam/SteamVR/Content/' was aborted.
[2018.01.20-01.33.36:365][517]LogExit: Object subsystem successfully closed.
[2018.01.20-01.33.36:630][517]LogD3D11RHI: Shutdown
[2018.01.20-01.33.36:641][517]LogD3D11RHI: CleanupD3DDevice
[2018.01.20-01.33.36:689][517]LogD3D11RHI: ~FD3D11DynamicRHI
[2018.01.20-01.33.37:640][517]LogModuleManager: Shutting down and abandoning module MovieSceneCapture (554)
[2018.01.20-01.33.37:640][517]LogModuleManager: Shutting down and abandoning module ExternalImagePicker (552)
[2018.01.20-01.33.37:641][517]LogModuleManager: Shutting down and abandoning module HierarchicalLODOutliner (550)
[2018.01.20-01.33.37:641][517]LogModuleManager: Shutting down and abandoning module DesktopPlatform (548)
[2018.01.20-01.33.37:658][517]LogModuleManager: Shutting down and abandoning module AddContentDialog (546)
[2018.01.20-01.33.37:695][517]LogDirectoryWatcher: A directory notification for 'E:/Program Files/Epic Games/UE_4.18/FeaturePacks/' was aborted.
[2018.01.20-01.33.37:713][517]LogModuleManager: Shutting down and abandoning module WidgetCarousel (545)
[2018.01.20-01.33.37:713][517]LogModuleManager: Shutting down and abandoning module EditorWidgets (542)
[2018.01.20-01.33.37:713][517]LogModuleManager: Shutting down and abandoning module CollectionManager (540)
[2018.01.20-01.33.37:738][517]LogDirectoryWatcher: A directory notification for 'E:/Documents/GitHub/FITA/FITA_0/Content/Collections/' was aborted.
[2018.01.20-01.33.37:738][517]LogDirectoryWatcher: A directory notification for 'E:/Documents/GitHub/FITA/FITA_0/Content/Developers/Mrgds2/Collections/' was aborted.
[2018.01.20-01.33.37:738][517]LogDirectoryWatcher: A directory notification for 'E:/Documents/GitHub/FITA/FITA_0/Saved/Collections/' was aborted.
[2018.01.20-01.33.37:738][517]LogModuleManager: Shutting down and abandoning module SceneOutliner (538)
[2018.01.20-01.33.37:745][517]LogModuleManager: Shutting down and abandoning module StatsViewer (536)
[2018.01.20-01.33.37:767][517]LogModuleManager: Shutting down and abandoning module FoliageEdit (534)
[2018.01.20-01.33.37:767][517]LogModuleManager: Shutting down and abandoning module LandscapeEditor (532)
[2018.01.20-01.33.37:774][517]LogModuleManager: Shutting down and abandoning module MeshPaintMode (530)
[2018.01.20-01.33.37:775][517]LogModuleManager: Shutting down and abandoning module SceneDepthPickerMode (528)
[2018.01.20-01.33.37:775][517]LogModuleManager: Shutting down and abandoning module ActorPickerMode (526)
[2018.01.20-01.33.37:775][517]LogModuleManager: Shutting down and abandoning module GeometryMode (524)
[2018.01.20-01.33.37:775][517]LogModuleManager: Shutting down and abandoning module TextureAlignMode (522)
[2018.01.20-01.33.37:775][517]LogModuleManager: Shutting down and abandoning module BspMode (520)
[2018.01.20-01.33.37:775][517]LogModuleManager: Shutting down and abandoning module PIEPreviewDeviceProfileSelector (518)
[2018.01.20-01.33.37:775][517]LogModuleManager: Shutting down and abandoning module HardwareSurvey (516)
[2018.01.20-01.33.37:775][517]LogModuleManager: Shutting down and abandoning module SequenceRecorderSections (514)
[2018.01.20-01.33.37:789][517]LogModuleManager: Shutting down and abandoning module AutomationWorker (512)
[2018.01.20-01.33.37:804][517]LogModuleManager: Shutting down and abandoning module MatineeToLevelSequence (510)
[2018.01.20-01.33.37:813][517]LogModuleManager: Shutting down and abandoning module LevelSequenceEditor (508)
[2018.01.20-01.33.37:879][517]LogModuleManager: Shutting down and abandoning module PlacementMode (507)
[2018.01.20-01.33.37:880][517]LogModuleManager: Shutting down and abandoning module WmfMediaFactory (504)
[2018.01.20-01.33.37:880][517]LogModuleManager: Shutting down and abandoning module WmfMediaEditor (502)
[2018.01.20-01.33.37:880][517]LogModuleManager: Shutting down and abandoning module OpenExrWrapper (500)
[2018.01.20-01.33.37:880][517]LogModuleManager: Shutting down and abandoning module ImgMediaFactory (498)
[2018.01.20-01.33.37:880][517]LogModuleManager: Shutting down and abandoning module ImgMediaEditor (496)
[2018.01.20-01.33.37:880][517]LogModuleManager: Shutting down and abandoning module AvfMediaFactory (494)
[2018.01.20-01.33.37:880][517]LogModuleManager: Shutting down and abandoning module AvfMediaEditor (492)
[2018.01.20-01.33.37:880][517]LogModuleManager: Shutting down and abandoning module AndroidMediaFactory (490)
[2018.01.20-01.33.37:880][517]LogModuleManager: Shutting down and abandoning module AndroidMediaEditor (488)
[2018.01.20-01.33.37:880][517]LogModuleManager: Shutting down and abandoning module CharacterAI (486)
[2018.01.20-01.33.37:880][517]LogModuleManager: Shutting down and abandoning module AudioCapture (484)
[2018.01.20-01.33.37:887][517]LogModuleManager: Shutting down and abandoning module SequenceRecorder (483)
[2018.01.20-01.33.37:910][517]LogModuleManager: Shutting down and abandoning module SmartSnapping (480)
[2018.01.20-01.33.37:910][517]LogModuleManager: Shutting down and abandoning module SessionServices (478)
[2018.01.20-01.33.37:910][517]LogModuleManager: Shutting down and abandoning module ViewportSnapping (476)
[2018.01.20-01.33.37:910][517]LogModuleManager: Shutting down and abandoning module ViewportInteraction (474)
[2018.01.20-01.33.37:910][517]LogModuleManager: Shutting down and abandoning module ClothPainter (472)
[2018.01.20-01.33.37:933][517]LogModuleManager: Shutting down and abandoning module SkeletalMeshEditor (471)
[2018.01.20-01.33.38:011][517]LogModuleManager: Shutting down and abandoning module LogVisualizer (468)
[2018.01.20-01.33.38:032][517]LogModuleManager: Shutting down and abandoning module IntroTutorials (466)
[2018.01.20-01.33.38:063][517]LogModuleManager: Shutting down and abandoning module GameProjectGeneration (465)
[2018.01.20-01.33.38:076][517]LogModuleManager: Shutting down and abandoning module IOSPlatformEditor (462)
[2018.01.20-01.33.38:076][517]LogModuleManager: Shutting down and abandoning module HTML5PlatformEditor (460)
[2018.01.20-01.33.38:076][517]LogModuleManager: Shutting down and abandoning module AndroidPlatformEditor (458)
[2018.01.20-01.33.38:076][517]LogModuleManager: Shutting down and abandoning module AndroidDeviceDetection (457)
[2018.01.20-01.33.38:741][517]LogModuleManager: Shutting down and abandoning module WindowsPlatformEditor (454)
[2018.01.20-01.33.38:741][517]LogModuleManager: Shutting down and abandoning module IOSRuntimeSettings (452)
[2018.01.20-01.33.38:741][517]LogModuleManager: Shutting down and abandoning module AndroidRuntimeSettings (450)
[2018.01.20-01.33.38:741][517]LogModuleManager: Shutting down and abandoning module InputBindingEditor (448)
[2018.01.20-01.33.38:758][517]LogModuleManager: Shutting down and abandoning module MergeActors (446)
[2018.01.20-01.33.38:784][517]LogModuleManager: Shutting down and abandoning module SizeMap (444)
[2018.01.20-01.33.38:784][517]LogModuleManager: Shutting down and abandoning module TreeMap (442)
[2018.01.20-01.33.38:819][517]LogModuleManager: Shutting down and abandoning module ReferenceViewer (440)
[2018.01.20-01.33.38:819][517]LogModuleManager: Shutting down and abandoning module LocalizationDashboard (438)
[2018.01.20-01.33.38:830][517]LogModuleManager: Shutting down and abandoning module LocalizationService (437)
[2018.01.20-01.33.38:842][517]LogModuleManager: Shutting down and abandoning module HardwareTargeting (434)
[2018.01.20-01.33.38:842][517]LogModuleManager: Shutting down and abandoning module DeviceProfileEditor (432)
[2018.01.20-01.33.38:842][517]LogModuleManager: Shutting down and abandoning module UndoHistory (430)
[2018.01.20-01.33.38:842][517]LogModuleManager: Shutting down and abandoning module XmlParser (428)
[2018.01.20-01.33.38:860][517]LogModuleManager: Shutting down and abandoning module Blutility (426)
[2018.01.20-01.33.38:860][517]LogModuleManager: Shutting down and abandoning module ProjectSettingsViewer (424)
[2018.01.20-01.33.38:861][517]LogModuleManager: Shutting down and abandoning module ProjectTargetPlatformEditor (423)
[2018.01.20-01.33.38:861][517]LogModuleManager: Shutting down and abandoning module EditorSettingsViewer (420)
[2018.01.20-01.33.38:861][517]LogModuleManager: Shutting down and abandoning module SettingsEditor (418)
[2018.01.20-01.33.38:861][517]LogModuleManager: Shutting down and abandoning module ProjectLauncher (416)
[2018.01.20-01.33.38:874][517]LogModuleManager: Shutting down and abandoning module SessionFrontend (414)
[2018.01.20-01.33.38:880][517]LogModuleManager: Shutting down and abandoning module ProfilerClient (412)
[2018.01.20-01.33.38:896][517]LogModuleManager: Shutting down and abandoning module DeviceManager (410)
[2018.01.20-01.33.38:910][517]LogModuleManager: Shutting down and abandoning module TargetDeviceServices (409)
[2018.01.20-01.33.38:964][517]LogModuleManager: Shutting down and abandoning module AutomationController (406)
[2018.01.20-01.33.38:989][517]LogModuleManager: Shutting down and abandoning module AutomationWindow (404)
[2018.01.20-01.33.39:009][517]LogModuleManager: Shutting down and abandoning module Layers (402)
[2018.01.20-01.33.39:031][517]LogModuleManager: Shutting down and abandoning module ComponentVisualizers (400)
[2018.01.20-01.33.39:032][517]LogModuleManager: Shutting down and abandoning module DetailCustomizations (398)
[2018.01.20-01.33.39:056][517]LogModuleManager: Shutting down and abandoning module PackagesDialog (396)
[2018.01.20-01.33.39:085][517]LogModuleManager: Shutting down and abandoning module Persona (394)
[2018.01.20-01.33.39:151][517]LogModuleManager: Shutting down and abandoning module AdvancedPreviewScene (393)
[2018.01.20-01.33.39:151][517]LogModuleManager: Shutting down and abandoning module AnimGraph (391)
[2018.01.20-01.33.39:151][517]LogModuleManager: Shutting down and abandoning module Kismet (388)
[2018.01.20-01.33.39:178][517]LogModuleManager: Shutting down and abandoning module ClassViewer (386)
[2018.01.20-01.33.39:178][517]LogModuleManager: Shutting down and abandoning module Toolbox (384)
[2018.01.20-01.33.39:178][517]LogModuleManager: Shutting down and abandoning module ModuleUI (382)
[2018.01.20-01.33.39:193][517]LogModuleManager: Shutting down and abandoning module MovieSceneTools (380)
[2018.01.20-01.33.39:217][517]LogModuleManager: Shutting down and abandoning module OutputLog (378)
[2018.01.20-01.33.39:217][517]LogModuleManager: Shutting down and abandoning module GammaUI (376)
[2018.01.20-01.33.39:234][517]LogModuleManager: Shutting down and abandoning module Documentation (374)
[2018.01.20-01.33.39:235][517]LogModuleManager: Shutting down and abandoning module MovieSceneTracks (372)
[2018.01.20-01.33.39:235][517]LogModuleManager: Shutting down and abandoning module MovieScene (370)
[2018.01.20-01.33.39:235][517]LogModuleManager: Shutting down and abandoning module StreamingPauseRendering (368)
[2018.01.20-01.33.39:235][517]LogModuleManager: Shutting down and abandoning module LauncherPlatform (366)
[2018.01.20-01.33.39:235][517]LogModuleManager: Shutting down and abandoning module AnalyticsET (364)
[2018.01.20-01.33.39:235][517]LogModuleManager: Shutting down and abandoning module PortalServices (362)
[2018.01.20-01.33.39:235][517]LogModuleManager: Shutting down and abandoning module PortalRpc (360)
[2018.01.20-01.33.39:235][517]LogModuleManager: Shutting down and abandoning module MessagingRpc (358)
[2018.01.20-01.33.39:235][517]LogModuleManager: Shutting down and abandoning module AIModule (356)
[2018.01.20-01.33.39:235][517]LogModuleManager: Shutting down and abandoning module GameplayDebugger (355)
[2018.01.20-01.33.39:235][517]LogModuleManager: Shutting down and abandoning module AITestSuite (353)
[2018.01.20-01.33.39:245][517]LogModuleManager: Shutting down and abandoning module ProfilerService (350)
[2018.01.20-01.33.39:302][517]LogModuleManager: Shutting down and abandoning module TaskGraph (348)
[2018.01.20-01.33.39:316][517]LogModuleManager: Shutting down and abandoning module SteamVRController (346)
[2018.01.20-01.33.39:316][517]LogModuleManager: Shutting down and abandoning module ProceduralMeshComponentEditor (344)
[2018.01.20-01.33.39:316][517]LogModuleManager: Shutting down and abandoning module ProceduralMeshComponent (342)
[2018.01.20-01.33.39:326][517]LogModuleManager: Shutting down and abandoning module OculusInput (340)
[2018.01.20-01.33.39:340][517]LogModuleManager: Shutting down and abandoning module MobilePatchingUtils (338)
[2018.01.20-01.33.39:340][517]LogModuleManager: Shutting down and abandoning module CustomMeshComponent (336)
[2018.01.20-01.33.39:340][517]LogModuleManager: Shutting down and abandoning module CableComponent (334)
[2018.01.20-01.33.39:356][517]LogModuleManager: Shutting down and abandoning module ArchVisCharacter (332)
[2018.01.20-01.33.39:356][517]LogModuleManager: Shutting down and abandoning module AndroidPermission (330)
[2018.01.20-01.33.39:356][517]LogModuleManager: Shutting down and abandoning module ActorSequence (326)
[2018.01.20-01.33.39:356][517]LogModuleManager: Shutting down and abandoning module MediaPlayerEditor (324)
[2018.01.20-01.33.39:378][517]LogModuleManager: Shutting down and abandoning module MediaCompositingEditor (322)
[2018.01.20-01.33.39:378][517]LogModuleManager: Shutting down and abandoning module MediaCompositing (320)
[2018.01.20-01.33.39:378][517]LogModuleManager: Shutting down and abandoning module HTML5Networking (318)
[2018.01.20-01.33.39:378][517]LogModuleManager: Shutting down and abandoning module AlembicImporter (316)
[2018.01.20-01.33.39:391][517]LogModuleManager: Shutting down and abandoning module AlembicLibrary (315)
[2018.01.20-01.33.39:392][517]LogModuleManager: Shutting down and abandoning module GeometryCache (314)
[2018.01.20-01.33.39:404][517]LogModuleManager: Shutting down and abandoning module GeometryCacheEd (313)
[2018.01.20-01.33.39:404][517]LogModuleManager: Shutting down and abandoning module SpeedTreeImporter (308)
[2018.01.20-01.33.39:404][517]LogModuleManager: Shutting down and abandoning module PluginBrowser (306)
[2018.01.20-01.33.39:444][517]LogModuleManager: Shutting down and abandoning module MobileLauncherProfileWizard (304)
[2018.01.20-01.33.39:488][517]LogModuleManager: Shutting down and abandoning module VisualStudioSourceCodeAccess (302)
[2018.01.20-01.33.39:488][517]LogModuleManager: Shutting down and abandoning module VisualStudioCodeSourceCodeAccess (300)
[2018.01.20-01.33.39:489][517]LogModuleManager: Shutting down and abandoning module UObjectPlugin (298)
[2018.01.20-01.33.39:489][517]LogModuleManager: Shutting down and abandoning module SubversionSourceControl (296)
[2018.01.20-01.33.39:509][517]LogModuleManager: Shutting down and abandoning module PerforceSourceControl (294)
[2018.01.20-01.33.39:530][517]LogModuleManager: Shutting down and abandoning module GitSourceControl (292)
[2018.01.20-01.33.39:554][517]LogModuleManager: Shutting down and abandoning module SourceControl (291)
[2018.01.20-01.33.39:585][517]LogModuleManager: Shutting down and abandoning module LightPropagationVolumeEditor (288)
[2018.01.20-01.33.39:585][517]LogModuleManager: Shutting down and abandoning module PaperTiledImporter (286)
[2018.01.20-01.33.39:585][517]LogModuleManager: Shutting down and abandoning module PaperSpriteSheetImporter (284)
[2018.01.20-01.33.39:585][517]LogModuleManager: Shutting down and abandoning module Paper2DEditor (282)
[2018.01.20-01.33.39:614][517]LogModuleManager: Shutting down and abandoning module MeshPaint (281)
[2018.01.20-01.33.39:631][517]LogModuleManager: Shutting down and abandoning module LevelEditor (279)
[2018.01.20-01.33.39:644][517]LogModuleManager: Shutting down and abandoning module PixelInspectorModule (278)
[2018.01.20-01.33.39:659][517]LogModuleManager: Shutting down and abandoning module MainFrame (276)
[2018.01.20-01.33.39:670][517]LogModuleManager: Shutting down and abandoning module HotReload (275)
[2018.01.20-01.33.39:670][517]LogDirectoryWatcher: A directory notification for 'E:/Documents/GitHub/FITA/FITA_0/Binaries/Win64' was aborted.
[2018.01.20-01.33.39:698][517]LogModuleManager: Shutting down and abandoning module FITA_0 (270)
[2018.01.20-01.33.39:699][517]LogModuleManager: Shutting down and abandoning module RuntimePhysXCooking (268)
[2018.01.20-01.33.39:699][517]LogModuleManager: Shutting down and abandoning module PhysXVehiclesEditor (266)
[2018.01.20-01.33.39:699][517]LogModuleManager: Shutting down and abandoning module PhysXVehicles (264)
[2018.01.20-01.33.39:699][517]LogModuleManager: Shutting down and abandoning module OculusEditor (262)
[2018.01.20-01.33.39:699][517]LogModuleManager: Shutting down and abandoning module LocationServicesBPLibrary (260)
[2018.01.20-01.33.39:699][517]LogModuleManager: Shutting down and abandoning module ImmediatePhysicsEditor (258)
[2018.01.20-01.33.39:699][517]LogModuleManager: Shutting down and abandoning module ImmediatePhysics (256)
[2018.01.20-01.33.39:724][517]LogModuleManager: Shutting down and abandoning module UdpMessaging (254)
[2018.01.20-01.33.39:857][517]LogModuleManager: Shutting down and abandoning module TcpMessaging (252)
[2018.01.20-01.33.39:974][517]LogModuleManager: Shutting down and abandoning module GameplayTagsEditor (250)
[2018.01.20-01.33.39:985][517]LogModuleManager: Shutting down and abandoning module FacialAnimationEditor (248)
[2018.01.20-01.33.39:985][517]LogModuleManager: Shutting down and abandoning module FacialAnimation (246)
[2018.01.20-01.33.39:985][517]LogModuleManager: Shutting down and abandoning module AssetManagerEditor (244)
[2018.01.20-01.33.40:010][517]LogModuleManager: Shutting down and abandoning module GraphEditor (243)
[2018.01.20-01.33.40:074][517]LogModuleManager: Shutting down and abandoning module ContentBrowser (241)
[2018.01.20-01.33.40:080][517]LogModuleManager: Shutting down and abandoning module LightPropagationVolumeRuntime (238)
[2018.01.20-01.33.40:080][517]LogModuleManager: Shutting down and abandoning module Paper2D (236)
[2018.01.20-01.33.40:080][517]LogModuleManager: Shutting down and abandoning module WindowsMoviePlayer (234)
[2018.01.20-01.33.40:088][517]LogModuleManager: Shutting down and abandoning module WmfMedia (232)
[2018.01.20-01.33.40:106][517]LogModuleManager: Shutting down and abandoning module ImgMedia (230)
[2018.01.20-01.33.40:106][517]LogModuleManager: Shutting down and abandoning module PacketHandler (228)
[2018.01.20-01.33.40:106][517]LogModuleManager: Shutting down and abandoning module ClothingSystemEditor (226)
[2018.01.20-01.33.40:106][517]LogModuleManager: Shutting down and abandoning module ClothingSystemRuntime (224)
[2018.01.20-01.33.40:135][517]LogModuleManager: Shutting down and abandoning module MediaAssets (222)
[2018.01.20-01.33.40:135][517]LogModuleManager: Shutting down and abandoning module Media (221)
[2018.01.20-01.33.40:142][517]LogModuleManager: Shutting down and abandoning module Overlay (218)
[2018.01.20-01.33.40:142][517]LogModuleManager: Shutting down and abandoning module OverlayEditor (217)
[2018.01.20-01.33.40:142][517]LogModuleManager: Shutting down and abandoning module VREditor (214)
[2018.01.20-01.33.40:179][517]LogModuleManager: Shutting down and abandoning module StringTableEditor (212)
[2018.01.20-01.33.40:192][517]LogModuleManager: Shutting down and abandoning module GameplayTasksEditor (210)
[2018.01.20-01.33.40:192][517]LogModuleManager: Shutting down and abandoning module BehaviorTreeEditor (208)
[2018.01.20-01.33.40:221][517]LogModuleManager: Shutting down and abandoning module FunctionalTesting (206)
[2018.01.20-01.33.40:232][517]LogModuleManager: Shutting down and abandoning module CollisionAnalyzer (204)
[2018.01.20-01.33.40:251][517]LogModuleManager: Shutting down and abandoning module WorkspaceMenuStructure (203)
[2018.01.20-01.33.40:251][517]LogModuleManager: Shutting down and abandoning module UMG (200)
[2018.01.20-01.33.40:258][517]LogModuleManager: Shutting down and abandoning module UMGEditor (199)
[2018.01.20-01.33.40:282][517]LogModuleManager: Shutting down and abandoning module Sequencer (198)
[2018.01.20-01.33.40:310][517]LogModuleManager: Shutting down and abandoning module MessageLog (195)
[2018.01.20-01.33.40:310][517]LogModuleManager: Shutting down and abandoning module SlateReflector (190)
[2018.01.20-01.33.40:333][517]LogModuleManager: Shutting down and abandoning module Slate (188)
[2018.01.20-01.33.40:333][517]LogModuleManager: Shutting down and abandoning module EditorStyle (186)
[2018.01.20-01.33.40:341][517]LogModuleManager: Shutting down and abandoning module MRMesh (184)
[2018.01.20-01.33.40:341][517]LogModuleManager: Shutting down and abandoning module SourceCodeAccess (182)
[2018.01.20-01.33.40:341][517]LogModuleManager: Shutting down and abandoning module HeadMountedDisplay (180)
[2018.01.20-01.33.40:341][517]LogModuleManager: Shutting down and abandoning module XAudio2 (178)
[2018.01.20-01.33.40:341][517]LogModuleManager: Shutting down and abandoning module Networking (176)
[2018.01.20-01.33.40:342][517]LogModuleManager: Shutting down and abandoning module Core (172)
[2018.01.20-01.33.40:342][517]LogModuleManager: Shutting down and abandoning module LevelSequence (168)
[2018.01.20-01.33.40:358][517]LogModuleManager: Shutting down and abandoning module DirectoryWatcher (166)
[2018.01.20-01.33.40:376][517]LogModuleManager: Shutting down and abandoning module KismetCompiler (164)
[2018.01.20-01.33.40:376][517]LogModuleManager: Shutting down and abandoning module MeshUtilities (162)
[2018.01.20-01.33.40:397][517]LogModuleManager: Shutting down and abandoning module MeshMergeUtilities (161)
[2018.01.20-01.33.40:412][517]LogModuleManager: Shutting down and abandoning module MeshReductionInterface (160)
[2018.01.20-01.33.40:412][517]LogModuleManager: Shutting down and abandoning module SimplygonSwarm (159)
[2018.01.20-01.33.40:425][517]LogModuleManager: Shutting down and abandoning module SimplygonMeshReduction (157)
[2018.01.20-01.33.40:425][517]LogModuleManager: Shutting down and abandoning module QuadricMeshReduction (155)
[2018.01.20-01.33.40:440][517]LogModuleManager: Shutting down and abandoning module MaterialBaking (151)
[2018.01.20-01.33.40:451][517]LogModuleManager: Shutting down and abandoning module DerivedDataCache (148)
[2018.01.20-01.33.40:497][517]LogDerivedDataCache: Shutdown
[2018.01.20-01.33.40:497][517]LogModuleManager: Shutting down and abandoning module TargetPlatform (146)
[2018.01.20-01.33.40:498][517]LogModuleManager: Shutting down and abandoning module VulkanShaderFormat (145)
[2018.01.20-01.33.40:508][517]LogModuleManager: Shutting down and abandoning module ShaderFormatVectorVM (143)
[2018.01.20-01.33.40:527][517]LogModuleManager: Shutting down and abandoning module ShaderFormatOpenGL (141)
[2018.01.20-01.33.40:534][517]LogModuleManager: Shutting down and abandoning module ShaderFormatD3D (139)
[2018.01.20-01.33.40:544][517]LogModuleManager: Shutting down and abandoning module MetalShaderFormat (137)
[2018.01.20-01.33.40:562][517]LogModuleManager: Shutting down and abandoning module TextureFormatUncompressed (135)
[2018.01.20-01.33.40:562][517]LogModuleManager: Shutting down and abandoning module TextureFormatPVR (133)
[2018.01.20-01.33.40:562][517]LogModuleManager: Shutting down and abandoning module TextureFormatDXT (131)
[2018.01.20-01.33.40:566][517]LogModuleManager: Shutting down and abandoning module TextureFormatIntelISPCTexComp (129)
[2018.01.20-01.33.40:572][517]LogModuleManager: Shutting down and abandoning module TextureFormatASTC (127)
[2018.01.20-01.33.40:573][517]LogModuleManager: Shutting down and abandoning module ImageWrapper (126)
[2018.01.20-01.33.40:573][517]LogModuleManager: Shutting down and abandoning module TextureFormatAndroid (123)
[2018.01.20-01.33.40:573][517]LogModuleManager: Shutting down and abandoning module AudioFormatOpus (121)
[2018.01.20-01.33.40:573][517]LogModuleManager: Shutting down and abandoning module AudioFormatOgg (119)
[2018.01.20-01.33.40:573][517]LogModuleManager: Shutting down and abandoning module AudioFormatADPCM (117)
[2018.01.20-01.33.40:573][517]LogModuleManager: Shutting down and abandoning module LinuxTargetPlatform (115)
[2018.01.20-01.33.40:573][517]LogModuleManager: Shutting down and abandoning module LinuxServerTargetPlatform (113)
[2018.01.20-01.33.40:573][517]LogModuleManager: Shutting down and abandoning module LinuxNoEditorTargetPlatform (111)
[2018.01.20-01.33.40:573][517]LogModuleManager: Shutting down and abandoning module LinuxClientTargetPlatform (109)
[2018.01.20-01.33.40:573][517]LogModuleManager: Shutting down and abandoning module TVOSTargetPlatform (107)
[2018.01.20-01.33.40:573][517]LogModuleManager: Shutting down and abandoning module Messaging (105)
[2018.01.20-01.33.40:573][517]LogModuleManager: Shutting down and abandoning module IOSTargetPlatform (103)
[2018.01.20-01.33.40:573][517]LogModuleManager: Shutting down and abandoning module HTML5TargetPlatform (101)
[2018.01.20-01.33.40:574][517]LogModuleManager: Shutting down and abandoning module AndroidTargetPlatform (99)
[2018.01.20-01.33.40:574][517]LogModuleManager: Shutting down and abandoning module Android_PVRTCTargetPlatform (97)
[2018.01.20-01.33.40:574][517]LogModuleManager: Shutting down and abandoning module Android_MultiTargetPlatform (95)
[2018.01.20-01.33.40:574][517]LogModuleManager: Shutting down and abandoning module Android_ETC2TargetPlatform (93)
[2018.01.20-01.33.40:574][517]LogModuleManager: Shutting down and abandoning module Android_ETC1TargetPlatform (91)
[2018.01.20-01.33.40:574][517]LogModuleManager: Shutting down and abandoning module Android_DXTTargetPlatform (89)
[2018.01.20-01.33.40:574][517]LogModuleManager: Shutting down and abandoning module Android_ATCTargetPlatform (87)
[2018.01.20-01.33.40:574][517]LogModuleManager: Shutting down and abandoning module Android_ASTCTargetPlatform (85)
[2018.01.20-01.33.40:574][517]LogModuleManager: Shutting down and abandoning module WindowsTargetPlatform (83)
[2018.01.20-01.33.40:574][517]LogModuleManager: Shutting down and abandoning module WindowsServerTargetPlatform (81)
[2018.01.20-01.33.40:574][517]LogModuleManager: Shutting down and abandoning module WindowsNoEditorTargetPlatform (79)
[2018.01.20-01.33.40:574][517]LogModuleManager: Shutting down and abandoning module WindowsClientTargetPlatform (77)
[2018.01.20-01.33.40:574][517]LogModuleManager: Shutting down and abandoning module MacTargetPlatform (75)
[2018.01.20-01.33.40:574][517]LogModuleManager: Shutting down and abandoning module MacServerTargetPlatform (73)
[2018.01.20-01.33.40:574][517]LogModuleManager: Shutting down and abandoning module MacNoEditorTargetPlatform (71)
[2018.01.20-01.33.40:574][517]LogModuleManager: Shutting down and abandoning module MacClientTargetPlatform (69)
[2018.01.20-01.33.40:574][517]LogModuleManager: Shutting down and abandoning module AllDesktopTargetPlatform (67)
[2018.01.20-01.33.40:574][517]LogModuleManager: Shutting down and abandoning module InputCore (64)
[2018.01.20-01.33.40:575][517]LogModuleManager: Shutting down and abandoning module Settings (62)
[2018.01.20-01.33.40:575][517]LogModuleManager: Shutting down and abandoning module PhysXCooking (60)
[2018.01.20-01.33.40:575][517]LogModuleManager: Shutting down and abandoning module SteamVR (58)
[2018.01.20-01.33.40:575][517]LogModuleManager: Shutting down and abandoning module OculusHMD (56)
[2018.01.20-01.33.40:590][517]LogModuleManager: Shutting down and abandoning module ExampleDeviceProfileSelector (54)
[2018.01.20-01.33.40:590][517]LogModuleManager: Shutting down and abandoning module AppleARKit (52)
[2018.01.20-01.33.40:590][517]LogModuleManager: Shutting down and abandoning module AugmentedReality (51)
[2018.01.20-01.33.40:590][517]LogModuleManager: Shutting down and abandoning module OnlineBlueprintSupport (48)
[2018.01.20-01.33.40:590][517]LogModuleManager: Shutting down and abandoning module OnlineSubsystem (44)
[2018.01.20-01.33.40:628][517]LogModuleManager: Shutting down and abandoning module XMPP (43)
[2018.01.20-01.33.40:650][517]LogModuleManager: Shutting down and abandoning module HTTP (41)
[2018.01.20-01.33.40:650][517]LogHttp: Display: Http module shutting down, but needs to wait on 1 outstanding Http requests:
[2018.01.20-01.33.40:665][517]LogHttp: Display: 	verb=[POST] url=[https://datarouter.ol.epicgames.com/datarouter/api/v1/public/data?SessionID=%7B4E1AB5AD-4367-D937-3ABB-0AA22326C2F4%7D&AppID=UEEditor.Rocket.Release&AppVersion=4.18.2-3794801%2B%2B%2BUE4%2BRelease-4.18&UserID=f9dbcee846651c3a225fce8ac4323ecf%7C07face00fc92496e89cc018656e266dc%7C7b1b610e-aa61-4dbb-aa05-d832d376c77f&AppEnvironment=datacollector-binary&UploadType=eteventstream] status=Processing
[2018.01.20-01.33.40:677][517]LogModuleManager: Shutting down and abandoning module SSL (40)
[2018.01.20-01.33.40:689][517]LogModuleManager: Shutting down and abandoning module AnimationModifiers (36)
[2018.01.20-01.33.40:697][517]LogModuleManager: Shutting down and abandoning module PropertyEditor (35)
[2018.01.20-01.33.40:698][517]LogModuleManager: Shutting down and abandoning module AudioEditor (32)
[2018.01.20-01.33.40:721][517]LogModuleManager: Shutting down and abandoning module TextureCompressor (30)
[2018.01.20-01.33.40:761][517]LogModuleManager: Shutting down and abandoning module ShaderCore (28)
[2018.01.20-01.33.40:761][517]LogModuleManager: Shutting down and abandoning module Landscape (26)
[2018.01.20-01.33.40:761][517]LogModuleManager: Shutting down and abandoning module SlateRHIRenderer (24)
[2018.01.20-01.33.40:800][517]LogModuleManager: Shutting down and abandoning module OpenGLDrv (22)
[2018.01.20-01.33.40:815][517]LogModuleManager: Shutting down and abandoning module D3D11RHI (20)
[2018.01.20-01.33.40:815][517]LogModuleManager: Shutting down and abandoning module AnimGraphRuntime (18)
[2018.01.20-01.33.40:830][517]LogModuleManager: Shutting down and abandoning module Renderer (16)
[2018.01.20-01.33.40:830][517]LogModuleManager: Shutting down and abandoning module Engine (14)
[2018.01.20-01.33.40:845][517]LogModuleManager: Shutting down and abandoning module CoreUObject (12)
[2018.01.20-01.33.40:845][517]LogModuleManager: Shutting down and abandoning module NetworkFile (10)
[2018.01.20-01.33.40:855][517]LogModuleManager: Shutting down and abandoning module CookedIterativeFile (8)
[2018.01.20-01.33.40:855][517]LogModuleManager: Shutting down and abandoning module StreamingFile (6)
[2018.01.20-01.33.40:862][517]LogModuleManager: Shutting down and abandoning module SandboxFile (4)
[2018.01.20-01.33.40:862][517]LogModuleManager: Shutting down and abandoning module PakFile (2)
[2018.01.20-01.33.40:888][517]LogExit: Exiting.
[2018.01.20-01.33.40:924][517]Log file closed, 01/19/18 20:33:40
