Log file open, 01/17/18 20:54:06
LogWindows: Failed to load 'aqProf.dll' (GetLastError=126)
LogWindows: File 'aqProf.dll' does not exist
LogWindows: Failed to load 'VtuneApi.dll' (GetLastError=126)
LogWindows: File 'VtuneApi.dll' does not exist
LogWindows: Failed to load 'VtuneApi32e.dll' (GetLastError=126)
LogWindows: File 'VtuneApi32e.dll' does not exist
LogInit: Display: Running engine without a game
LogPlatformFile: Not using cached read wrapper
LogInit: Display: Loading recent project file: ../../../../../../Documents/GitHub/FITA/FITA_0/FITA_0.uproject
LogInit: Display: RandInit(1756614213) SRandInit(1756614213).
LogInit: Read version file with build ID '3709383'
LogInit: Overriding engine version to CL 3794801, compatible CL 3709383
LogInit: Registered custom module enumerator with build ID '3709383'
LogTaskGraph: Started task graph with 5 named threads and 11 total threads with 3 sets of task threads.
LogStats: Stats thread started at 5.428875
LogD3D11RHI: Aftermath initialized
LogPluginManager: Mounting plugin Paper2D
LogPluginManager: Mounting plugin LightPropagationVolume
LogPluginManager: Mounting plugin CodeLiteSourceCodeAccess
LogPluginManager: Mounting plugin GitSourceControl
LogPluginManager: Mounting plugin KDevelopSourceCodeAccess
LogPluginManager: Mounting plugin NullSourceCodeAccess
LogPluginManager: Mounting plugin PerforceSourceControl
LogPluginManager: Mounting plugin SubversionSourceControl
LogPluginManager: Mounting plugin UObjectPlugin
LogPluginManager: Mounting plugin VisualStudioCodeSourceCodeAccess
LogPluginManager: Mounting plugin VisualStudioSourceCodeAccess
LogPluginManager: Mounting plugin XCodeSourceCodeAccess
LogPluginManager: Mounting plugin AssetManagerEditor
LogPluginManager: Mounting plugin AudioCapture
LogPluginManager: Mounting plugin FacialAnimation
LogPluginManager: Mounting plugin GameplayTagsEditor
LogPluginManager: Mounting plugin MobileLauncherProfileWizard
LogPluginManager: Mounting plugin PluginBrowser
LogPluginManager: Mounting plugin SpeedTreeImporter
LogPluginManager: Mounting plugin AlembicImporter
LogPluginManager: Mounting plugin CharacterAI
LogPluginManager: Mounting plugin HTML5Networking
LogPluginManager: Mounting plugin AndroidMedia
LogPluginManager: Mounting plugin AvfMedia
LogPluginManager: Mounting plugin ImgMedia
LogPluginManager: Mounting plugin MediaCompositing
LogPluginManager: Mounting plugin MediaPlayerEditor
LogPluginManager: Mounting plugin WmfMedia
LogPluginManager: Mounting plugin TcpMessaging
LogPluginManager: Mounting plugin UdpMessaging
LogPluginManager: Mounting plugin ActorSequence
LogPluginManager: Mounting plugin LevelSequenceEditor
LogPluginManager: Mounting plugin MatineeToLevelSequence
LogPluginManager: Mounting plugin OnlineSubsystemGooglePlay
LogPluginManager: Mounting plugin OnlineSubsystemIOS
LogPluginManager: Mounting plugin OnlineSubsystem
LogPluginManager: Mounting plugin OnlineSubsystemNull
LogPluginManager: Mounting plugin OnlineSubsystemUtils
LogPluginManager: Mounting plugin AndroidDeviceProfileSelector
LogPluginManager: Mounting plugin AndroidMoviePlayer
LogPluginManager: Mounting plugin AndroidPermission
LogPluginManager: Mounting plugin AppleARKit
LogPluginManager: Mounting plugin AppleMoviePlayer
LogPluginManager: Mounting plugin ArchVisCharacter
LogPluginManager: Mounting plugin CableComponent
LogPluginManager: Mounting plugin CustomMeshComponent
LogPluginManager: Mounting plugin ExampleDeviceProfileSelector
LogPluginManager: Mounting plugin GoogleCloudMessaging
LogPluginManager: Mounting plugin ImmediatePhysics
LogPluginManager: Mounting plugin IOSDeviceProfileSelector
LogPluginManager: Mounting plugin LinuxDeviceProfileSelector
LogPluginManager: Mounting plugin LocationServicesBPLibrary
LogPluginManager: Mounting plugin MobilePatchingUtils
LogPluginManager: Mounting plugin OculusVR
LogPluginManager: Plugin shader directory ../../../Engine/Plugins/Runtime/Oculus/OculusVR/Shaders found
LogPluginManager: Mapping shader source directory ../../../Engine/Plugins/Runtime/Oculus/OculusVR/Shaders to virtual directory /Plugin/OculusVR
LogPluginManager: Mounting plugin PhysXVehicles
LogPluginManager: Mounting plugin ProceduralMeshComponent
LogPluginManager: Mounting plugin RuntimePhysXCooking
LogPluginManager: Mounting plugin SteamVR
LogPluginManager: Mounting plugin WindowsMoviePlayer
LogModuleManager: Warning: Module file ../../../../../../Documents/GitHub/FITA/FITA_0/Binaries/Win64/UE4Editor-FITA_0-8447.dll is missing. This is likely a stale module that must be recompiled.
LogModuleManager: Display: Found up-to-date module file ../../../Engine/Plugins/2D/Paper2D/Binaries/Win64/UE4Editor-Paper2D.dll (API version 3709383).
LogModuleManager: Display: Found up-to-date module file ../../../Engine/Plugins/2D/Paper2D/Binaries/Win64/UE4Editor-Paper2DEditor.dll (API version 3709383).
LogModuleManager: Display: Found up-to-date module file ../../../Engine/Plugins/2D/Paper2D/Binaries/Win64/UE4Editor-PaperSpriteSheetImporter.dll (API version 3709383).
LogModuleManager: Display: Found up-to-date module file ../../../Engine/Plugins/2D/Paper2D/Binaries/Win64/UE4Editor-PaperTiledImporter.dll (API version 3709383).
LogModuleManager: Display: Found up-to-date module file ../../../Engine/Plugins/2D/Paper2D/Binaries/Win64/UE4Editor-SmartSnapping.dll (API version 3709383).
LogModuleManager: Display: Found up-to-date module file ../../../Engine/Plugins/Blendables/LightPropagationVolume/Binaries/Win64/UE4Editor-LightPropagationVolumeRuntime.dll (API version 3709383).
LogModuleManager: Display: Found up-to-date module file ../../../Engine/Plugins/Blendables/LightPropagationVolume/Binaries/Win64/UE4Editor-LightPropagationVolumeEditor.dll (API version 3709383).
LogModuleManager: Display: Found up-to-date module file ../../../Engine/Plugins/Developer/GitSourceControl/Binaries/Win64/UE4Editor-GitSourceControl.dll (API version 3709383).
LogModuleManager: Display: Found up-to-date module file ../../../Engine/Plugins/Developer/PerforceSourceControl/Binaries/Win64/UE4Editor-PerforceSourceControl.dll (API version 3709383).
LogModuleManager: Display: Found up-to-date module file ../../../Engine/Plugins/Developer/SubversionSourceControl/Binaries/Win64/UE4Editor-SubversionSourceControl.dll (API version 3709383).
LogModuleManager: Display: Found up-to-date module file ../../../Engine/Plugins/Developer/UObjectPlugin/Binaries/Win64/UE4Editor-UObjectPlugin.dll (API version 3709383).
LogModuleManager: Display: Found up-to-date module file ../../../Engine/Plugins/Developer/VisualStudioCodeSourceCodeAccess/Binaries/Win64/UE4Editor-VisualStudioCodeSourceCodeAccess.dll (API version 3709383).
LogModuleManager: Display: Found up-to-date module file ../../../Engine/Plugins/Developer/VisualStudioSourceCodeAccess/Binaries/Win64/UE4Editor-VisualStudioSourceCodeAccess.dll (API version 3709383).
LogModuleManager: Display: Found up-to-date module file ../../../Engine/Plugins/Editor/AssetManagerEditor/Binaries/Win64/UE4Editor-AssetManagerEditor.dll (API version 3709383).
LogModuleManager: Display: Found up-to-date module file ../../../Engine/Plugins/Editor/AudioCapture/Binaries/Win64/UE4Editor-AudioCapture.dll (API version 3709383).
LogModuleManager: Display: Found up-to-date module file ../../../Engine/Plugins/Editor/FacialAnimation/Binaries/Win64/UE4Editor-FacialAnimation.dll (API version 3709383).
LogModuleManager: Display: Found up-to-date module file ../../../Engine/Plugins/Editor/FacialAnimation/Binaries/Win64/UE4Editor-FacialAnimationEditor.dll (API version 3709383).
LogModuleManager: Display: Found up-to-date module file ../../../Engine/Plugins/Editor/GameplayTagsEditor/Binaries/Win64/UE4Editor-GameplayTagsEditor.dll (API version 3709383).
LogModuleManager: Display: Found up-to-date module file ../../../Engine/Plugins/Editor/MobileLauncherProfileWizard/Binaries/Win64/UE4Editor-MobileLauncherProfileWizard.dll (API version 3709383).
LogModuleManager: Display: Found up-to-date module file ../../../Engine/Plugins/Editor/PluginBrowser/Binaries/Win64/UE4Editor-PluginBrowser.dll (API version 3709383).
LogModuleManager: Display: Found up-to-date module file ../../../Engine/Plugins/Editor/SpeedTreeImporter/Binaries/Win64/UE4Editor-SpeedTreeImporter.dll (API version 3709383).
LogModuleManager: Display: Found up-to-date module file ../../../Engine/Plugins/Experimental/AlembicImporter/Binaries/Win64/UE4Editor-AlembicImporter.dll (API version 3709383).
LogModuleManager: Display: Found up-to-date module file ../../../Engine/Plugins/Experimental/AlembicImporter/Binaries/Win64/UE4Editor-AlembicLibrary.dll (API version 3709383).
LogModuleManager: Display: Found up-to-date module file ../../../Engine/Plugins/Experimental/CharacterAI/Binaries/Win64/UE4Editor-CharacterAI.dll (API version 3709383).
LogModuleManager: Display: Found up-to-date module file ../../../Engine/Plugins/Experimental/HTML5Networking/Binaries/Win64/UE4Editor-HTML5Networking.dll (API version 3709383).
LogModuleManager: Display: Found up-to-date module file ../../../Engine/Plugins/Media/AndroidMedia/Binaries/Win64/UE4Editor-AndroidMediaEditor.dll (API version 3709383).
LogModuleManager: Display: Found up-to-date module file ../../../Engine/Plugins/Media/AndroidMedia/Binaries/Win64/UE4Editor-AndroidMediaFactory.dll (API version 3709383).
LogModuleManager: Display: Found up-to-date module file ../../../Engine/Plugins/Media/AvfMedia/Binaries/Win64/UE4Editor-AvfMediaEditor.dll (API version 3709383).
LogModuleManager: Display: Found up-to-date module file ../../../Engine/Plugins/Media/AvfMedia/Binaries/Win64/UE4Editor-AvfMediaFactory.dll (API version 3709383).
LogModuleManager: Display: Found up-to-date module file ../../../Engine/Plugins/Media/AvfMedia/Binaries/Win64/UE4Editor-AvfMediaFactory.dll (API version 3709383).
LogModuleManager: Display: Found up-to-date module file ../../../Engine/Plugins/Media/ImgMedia/Binaries/Win64/UE4Editor-ImgMedia.dll (API version 3709383).
LogModuleManager: Display: Found up-to-date module file ../../../Engine/Plugins/Media/ImgMedia/Binaries/Win64/UE4Editor-ImgMediaEditor.dll (API version 3709383).
LogModuleManager: Display: Found up-to-date module file ../../../Engine/Plugins/Media/ImgMedia/Binaries/Win64/UE4Editor-ImgMediaFactory.dll (API version 3709383).
LogModuleManager: Display: Found up-to-date module file ../../../Engine/Plugins/Media/ImgMedia/Binaries/Win64/UE4Editor-ImgMediaFactory.dll (API version 3709383).
LogModuleManager: Display: Found up-to-date module file ../../../Engine/Plugins/Media/ImgMedia/Binaries/Win64/UE4Editor-OpenExrWrapper.dll (API version 3709383).
LogModuleManager: Display: Found up-to-date module file ../../../Engine/Plugins/Media/MediaCompositing/Binaries/Win64/UE4Editor-MediaCompositing.dll (API version 3709383).
LogModuleManager: Display: Found up-to-date module file ../../../Engine/Plugins/Media/MediaCompositing/Binaries/Win64/UE4Editor-MediaCompositingEditor.dll (API version 3709383).
LogModuleManager: Display: Found up-to-date module file ../../../Engine/Plugins/Media/MediaPlayerEditor/Binaries/Win64/UE4Editor-MediaPlayerEditor.dll (API version 3709383).
LogModuleManager: Display: Found up-to-date module file ../../../Engine/Plugins/Media/WmfMedia/Binaries/Win64/UE4Editor-WmfMedia.dll (API version 3709383).
LogModuleManager: Display: Found up-to-date module file ../../../Engine/Plugins/Media/WmfMedia/Binaries/Win64/UE4Editor-WmfMediaEditor.dll (API version 3709383).
LogModuleManager: Display: Found up-to-date module file ../../../Engine/Plugins/Media/WmfMedia/Binaries/Win64/UE4Editor-WmfMediaFactory.dll (API version 3709383).
LogModuleManager: Display: Found up-to-date module file ../../../Engine/Plugins/Media/WmfMedia/Binaries/Win64/UE4Editor-WmfMediaFactory.dll (API version 3709383).
LogModuleManager: Display: Found up-to-date module file ../../../Engine/Plugins/Messaging/TcpMessaging/Binaries/Win64/UE4Editor-TcpMessaging.dll (API version 3709383).
LogModuleManager: Display: Found up-to-date module file ../../../Engine/Plugins/Messaging/UdpMessaging/Binaries/Win64/UE4Editor-UdpMessaging.dll (API version 3709383).
LogModuleManager: Display: Found up-to-date module file ../../../Engine/Plugins/MovieScene/ActorSequence/Binaries/Win64/UE4Editor-ActorSequence.dll (API version 3709383).
LogModuleManager: Display: Found up-to-date module file ../../../Engine/Plugins/MovieScene/LevelSequenceEditor/Binaries/Win64/UE4Editor-LevelSequenceEditor.dll (API version 3709383).
LogModuleManager: Display: Found up-to-date module file ../../../Engine/Plugins/MovieScene/MatineeToLevelSequence/Binaries/Win64/UE4Editor-MatineeToLevelSequence.dll (API version 3709383).
LogModuleManager: Display: Found up-to-date module file ../../../Engine/Plugins/Online/OnlineSubsystem/Binaries/Win64/UE4Editor-OnlineSubsystem.dll (API version 3709383).
LogModuleManager: Display: Found up-to-date module file ../../../Engine/Plugins/Online/OnlineSubsystemNull/Binaries/Win64/UE4Editor-OnlineSubsystemNull.dll (API version 3709383).
LogModuleManager: Display: Found up-to-date module file ../../../Engine/Plugins/Online/OnlineSubsystemUtils/Binaries/Win64/UE4Editor-OnlineSubsystemUtils.dll (API version 3709383).
LogModuleManager: Display: Found up-to-date module file ../../../Engine/Plugins/Online/OnlineSubsystemUtils/Binaries/Win64/UE4Editor-OnlineBlueprintSupport.dll (API version 3709383).
LogModuleManager: Display: Found up-to-date module file ../../../Engine/Plugins/Runtime/AndroidDeviceProfileSelector/Binaries/Win64/UE4Editor-AndroidDeviceProfileSelector.dll (API version 3709383).
LogModuleManager: Display: Found up-to-date module file ../../../Engine/Plugins/Runtime/AndroidPermission/Binaries/Win64/UE4Editor-AndroidPermission.dll (API version 3709383).
LogModuleManager: Display: Found up-to-date module file ../../../Engine/Plugins/Runtime/AppleARKit/Binaries/Win64/UE4Editor-AppleARKit.dll (API version 3709383).
LogModuleManager: Display: Found up-to-date module file ../../../Engine/Plugins/Runtime/ArchVisCharacter/Binaries/Win64/UE4Editor-ArchVisCharacter.dll (API version 3709383).
LogModuleManager: Display: Found up-to-date module file ../../../Engine/Plugins/Runtime/CableComponent/Binaries/Win64/UE4Editor-CableComponent.dll (API version 3709383).
LogModuleManager: Display: Found up-to-date module file ../../../Engine/Plugins/Runtime/CustomMeshComponent/Binaries/Win64/UE4Editor-CustomMeshComponent.dll (API version 3709383).
LogModuleManager: Display: Found up-to-date module file ../../../Engine/Plugins/Runtime/ExampleDeviceProfileSelector/Binaries/Win64/UE4Editor-ExampleDeviceProfileSelector.dll (API version 3709383).
LogModuleManager: Display: Found up-to-date module file ../../../Engine/Plugins/Runtime/ImmediatePhysics/Binaries/Win64/UE4Editor-ImmediatePhysics.dll (API version 3709383).
LogModuleManager: Display: Found up-to-date module file ../../../Engine/Plugins/Runtime/ImmediatePhysics/Binaries/Win64/UE4Editor-ImmediatePhysicsEditor.dll (API version 3709383).
LogModuleManager: Display: Found up-to-date module file ../../../Engine/Plugins/Runtime/LocationServicesBPLibrary/Binaries/Win64/UE4Editor-LocationServicesBPLibrary.dll (API version 3709383).
LogModuleManager: Display: Found up-to-date module file ../../../Engine/Plugins/Runtime/MobilePatchingUtils/Binaries/Win64/UE4Editor-MobilePatchingUtils.dll (API version 3709383).
LogModuleManager: Display: Found up-to-date module file ../../../Engine/Plugins/Runtime/Oculus/OculusVR/Binaries/Win64/UE4Editor-OculusHMD.dll (API version 3709383).
LogModuleManager: Display: Found up-to-date module file ../../../Engine/Plugins/Runtime/Oculus/OculusVR/Binaries/Win64/UE4Editor-OculusInput.dll (API version 3709383).
LogModuleManager: Display: Found up-to-date module file ../../../Engine/Plugins/Runtime/Oculus/OculusVR/Binaries/Win64/UE4Editor-OculusEditor.dll (API version 3709383).
LogModuleManager: Display: Found up-to-date module file ../../../Engine/Plugins/Runtime/PhysXVehicles/Binaries/Win64/UE4Editor-PhysXVehicles.dll (API version 3709383).
LogModuleManager: Display: Found up-to-date module file ../../../Engine/Plugins/Runtime/PhysXVehicles/Binaries/Win64/UE4Editor-PhysXVehiclesEditor.dll (API version 3709383).
LogModuleManager: Display: Found up-to-date module file ../../../Engine/Plugins/Runtime/ProceduralMeshComponent/Binaries/Win64/UE4Editor-ProceduralMeshComponent.dll (API version 3709383).
LogModuleManager: Display: Found up-to-date module file ../../../Engine/Plugins/Runtime/ProceduralMeshComponent/Binaries/Win64/UE4Editor-ProceduralMeshComponentEditor.dll (API version 3709383).
LogModuleManager: Display: Found up-to-date module file ../../../Engine/Plugins/Runtime/RuntimePhysXCooking/Binaries/Win64/UE4Editor-RuntimePhysXCooking.dll (API version 3709383).
LogModuleManager: Display: Found up-to-date module file ../../../Engine/Plugins/Runtime/Steam/SteamVR/Binaries/Win64/UE4Editor-SteamVR.dll (API version 3709383).
LogModuleManager: Display: Found up-to-date module file ../../../Engine/Plugins/Runtime/Steam/SteamVR/Binaries/Win64/UE4Editor-SteamVRController.dll (API version 3709383).
LogModuleManager: Display: Found up-to-date module file ../../../Engine/Plugins/Runtime/WindowsMoviePlayer/Binaries/Win64/UE4Editor-WindowsMoviePlayer.dll (API version 3709383).
LogInit: Warning: Incompatible or missing module: UE4Editor-FITA_0.dll
Running E:/Program Files/Epic Games/UE_4.18/Engine/Binaries/DotNET/UnrealBuildTool.exe FITA_0 Development Win64 -project="E:/Documents/GitHub/FITA/FITA_0/FITA_0.uproject" -editorrecompile -progress -NoHotReloadFromIDE
Using 'git status' to determine working set for adaptive non-unity build.
@progress push 5%
@progress pop
Target is up to date
Total build time: 8.82 seconds (NoActionsToExecute executor: 0.00 seconds)
LogModuleManager: Display: Found up-to-date module file ../../../../../../Documents/GitHub/FITA/FITA_0/Binaries/Win64/UE4Editor-FITA_0.dll (API version 3709383).
LogModuleManager: Display: Found up-to-date module file ../../../Engine/Plugins/2D/Paper2D/Binaries/Win64/UE4Editor-Paper2D.dll (API version 3709383).
LogModuleManager: Display: Found up-to-date module file ../../../Engine/Plugins/2D/Paper2D/Binaries/Win64/UE4Editor-Paper2DEditor.dll (API version 3709383).
LogModuleManager: Display: Found up-to-date module file ../../../Engine/Plugins/2D/Paper2D/Binaries/Win64/UE4Editor-PaperSpriteSheetImporter.dll (API version 3709383).
LogModuleManager: Display: Found up-to-date module file ../../../Engine/Plugins/2D/Paper2D/Binaries/Win64/UE4Editor-PaperTiledImporter.dll (API version 3709383).
LogModuleManager: Display: Found up-to-date module file ../../../Engine/Plugins/2D/Paper2D/Binaries/Win64/UE4Editor-SmartSnapping.dll (API version 3709383).
LogModuleManager: Display: Found up-to-date module file ../../../Engine/Plugins/Blendables/LightPropagationVolume/Binaries/Win64/UE4Editor-LightPropagationVolumeRuntime.dll (API version 3709383).
LogModuleManager: Display: Found up-to-date module file ../../../Engine/Plugins/Blendables/LightPropagationVolume/Binaries/Win64/UE4Editor-LightPropagationVolumeEditor.dll (API version 3709383).
LogModuleManager: Display: Found up-to-date module file ../../../Engine/Plugins/Developer/GitSourceControl/Binaries/Win64/UE4Editor-GitSourceControl.dll (API version 3709383).
LogModuleManager: Display: Found up-to-date module file ../../../Engine/Plugins/Developer/PerforceSourceControl/Binaries/Win64/UE4Editor-PerforceSourceControl.dll (API version 3709383).
LogModuleManager: Display: Found up-to-date module file ../../../Engine/Plugins/Developer/SubversionSourceControl/Binaries/Win64/UE4Editor-SubversionSourceControl.dll (API version 3709383).
LogModuleManager: Display: Found up-to-date module file ../../../Engine/Plugins/Developer/UObjectPlugin/Binaries/Win64/UE4Editor-UObjectPlugin.dll (API version 3709383).
LogModuleManager: Display: Found up-to-date module file ../../../Engine/Plugins/Developer/VisualStudioCodeSourceCodeAccess/Binaries/Win64/UE4Editor-VisualStudioCodeSourceCodeAccess.dll (API version 3709383).
LogModuleManager: Display: Found up-to-date module file ../../../Engine/Plugins/Developer/VisualStudioSourceCodeAccess/Binaries/Win64/UE4Editor-VisualStudioSourceCodeAccess.dll (API version 3709383).
LogModuleManager: Display: Found up-to-date module file ../../../Engine/Plugins/Editor/AssetManagerEditor/Binaries/Win64/UE4Editor-AssetManagerEditor.dll (API version 3709383).
LogModuleManager: Display: Found up-to-date module file ../../../Engine/Plugins/Editor/AudioCapture/Binaries/Win64/UE4Editor-AudioCapture.dll (API version 3709383).
LogModuleManager: Display: Found up-to-date module file ../../../Engine/Plugins/Editor/FacialAnimation/Binaries/Win64/UE4Editor-FacialAnimation.dll (API version 3709383).
LogModuleManager: Display: Found up-to-date module file ../../../Engine/Plugins/Editor/FacialAnimation/Binaries/Win64/UE4Editor-FacialAnimationEditor.dll (API version 3709383).
LogModuleManager: Display: Found up-to-date module file ../../../Engine/Plugins/Editor/GameplayTagsEditor/Binaries/Win64/UE4Editor-GameplayTagsEditor.dll (API version 3709383).
LogModuleManager: Display: Found up-to-date module file ../../../Engine/Plugins/Editor/MobileLauncherProfileWizard/Binaries/Win64/UE4Editor-MobileLauncherProfileWizard.dll (API version 3709383).
LogModuleManager: Display: Found up-to-date module file ../../../Engine/Plugins/Editor/PluginBrowser/Binaries/Win64/UE4Editor-PluginBrowser.dll (API version 3709383).
LogModuleManager: Display: Found up-to-date module file ../../../Engine/Plugins/Editor/SpeedTreeImporter/Binaries/Win64/UE4Editor-SpeedTreeImporter.dll (API version 3709383).
LogModuleManager: Display: Found up-to-date module file ../../../Engine/Plugins/Experimental/AlembicImporter/Binaries/Win64/UE4Editor-AlembicImporter.dll (API version 3709383).
LogModuleManager: Display: Found up-to-date module file ../../../Engine/Plugins/Experimental/AlembicImporter/Binaries/Win64/UE4Editor-AlembicLibrary.dll (API version 3709383).
LogModuleManager: Display: Found up-to-date module file ../../../Engine/Plugins/Experimental/CharacterAI/Binaries/Win64/UE4Editor-CharacterAI.dll (API version 3709383).
LogModuleManager: Display: Found up-to-date module file ../../../Engine/Plugins/Experimental/HTML5Networking/Binaries/Win64/UE4Editor-HTML5Networking.dll (API version 3709383).
LogModuleManager: Display: Found up-to-date module file ../../../Engine/Plugins/Media/AndroidMedia/Binaries/Win64/UE4Editor-AndroidMediaEditor.dll (API version 3709383).
LogModuleManager: Display: Found up-to-date module file ../../../Engine/Plugins/Media/AndroidMedia/Binaries/Win64/UE4Editor-AndroidMediaFactory.dll (API version 3709383).
LogModuleManager: Display: Found up-to-date module file ../../../Engine/Plugins/Media/AvfMedia/Binaries/Win64/UE4Editor-AvfMediaEditor.dll (API version 3709383).
LogModuleManager: Display: Found up-to-date module file ../../../Engine/Plugins/Media/AvfMedia/Binaries/Win64/UE4Editor-AvfMediaFactory.dll (API version 3709383).
LogModuleManager: Display: Found up-to-date module file ../../../Engine/Plugins/Media/AvfMedia/Binaries/Win64/UE4Editor-AvfMediaFactory.dll (API version 3709383).
LogModuleManager: Display: Found up-to-date module file ../../../Engine/Plugins/Media/ImgMedia/Binaries/Win64/UE4Editor-ImgMedia.dll (API version 3709383).
LogModuleManager: Display: Found up-to-date module file ../../../Engine/Plugins/Media/ImgMedia/Binaries/Win64/UE4Editor-ImgMediaEditor.dll (API version 3709383).
LogModuleManager: Display: Found up-to-date module file ../../../Engine/Plugins/Media/ImgMedia/Binaries/Win64/UE4Editor-ImgMediaFactory.dll (API version 3709383).
LogModuleManager: Display: Found up-to-date module file ../../../Engine/Plugins/Media/ImgMedia/Binaries/Win64/UE4Editor-ImgMediaFactory.dll (API version 3709383).
LogModuleManager: Display: Found up-to-date module file ../../../Engine/Plugins/Media/ImgMedia/Binaries/Win64/UE4Editor-OpenExrWrapper.dll (API version 3709383).
LogModuleManager: Display: Found up-to-date module file ../../../Engine/Plugins/Media/MediaCompositing/Binaries/Win64/UE4Editor-MediaCompositing.dll (API version 3709383).
LogModuleManager: Display: Found up-to-date module file ../../../Engine/Plugins/Media/MediaCompositing/Binaries/Win64/UE4Editor-MediaCompositingEditor.dll (API version 3709383).
LogModuleManager: Display: Found up-to-date module file ../../../Engine/Plugins/Media/MediaPlayerEditor/Binaries/Win64/UE4Editor-MediaPlayerEditor.dll (API version 3709383).
LogModuleManager: Display: Found up-to-date module file ../../../Engine/Plugins/Media/WmfMedia/Binaries/Win64/UE4Editor-WmfMedia.dll (API version 3709383).
LogModuleManager: Display: Found up-to-date module file ../../../Engine/Plugins/Media/WmfMedia/Binaries/Win64/UE4Editor-WmfMediaEditor.dll (API version 3709383).
LogModuleManager: Display: Found up-to-date module file ../../../Engine/Plugins/Media/WmfMedia/Binaries/Win64/UE4Editor-WmfMediaFactory.dll (API version 3709383).
LogModuleManager: Display: Found up-to-date module file ../../../Engine/Plugins/Media/WmfMedia/Binaries/Win64/UE4Editor-WmfMediaFactory.dll (API version 3709383).
LogModuleManager: Display: Found up-to-date module file ../../../Engine/Plugins/Messaging/TcpMessaging/Binaries/Win64/UE4Editor-TcpMessaging.dll (API version 3709383).
LogModuleManager: Display: Found up-to-date module file ../../../Engine/Plugins/Messaging/UdpMessaging/Binaries/Win64/UE4Editor-UdpMessaging.dll (API version 3709383).
LogModuleManager: Display: Found up-to-date module file ../../../Engine/Plugins/MovieScene/ActorSequence/Binaries/Win64/UE4Editor-ActorSequence.dll (API version 3709383).
LogModuleManager: Display: Found up-to-date module file ../../../Engine/Plugins/MovieScene/LevelSequenceEditor/Binaries/Win64/UE4Editor-LevelSequenceEditor.dll (API version 3709383).
LogModuleManager: Display: Found up-to-date module file ../../../Engine/Plugins/MovieScene/MatineeToLevelSequence/Binaries/Win64/UE4Editor-MatineeToLevelSequence.dll (API version 3709383).
LogModuleManager: Display: Found up-to-date module file ../../../Engine/Plugins/Online/OnlineSubsystem/Binaries/Win64/UE4Editor-OnlineSubsystem.dll (API version 3709383).
LogModuleManager: Display: Found up-to-date module file ../../../Engine/Plugins/Online/OnlineSubsystemNull/Binaries/Win64/UE4Editor-OnlineSubsystemNull.dll (API version 3709383).
LogModuleManager: Display: Found up-to-date module file ../../../Engine/Plugins/Online/OnlineSubsystemUtils/Binaries/Win64/UE4Editor-OnlineSubsystemUtils.dll (API version 3709383).
LogModuleManager: Display: Found up-to-date module file ../../../Engine/Plugins/Online/OnlineSubsystemUtils/Binaries/Win64/UE4Editor-OnlineBlueprintSupport.dll (API version 3709383).
LogModuleManager: Display: Found up-to-date module file ../../../Engine/Plugins/Runtime/AndroidDeviceProfileSelector/Binaries/Win64/UE4Editor-AndroidDeviceProfileSelector.dll (API version 3709383).
LogModuleManager: Display: Found up-to-date module file ../../../Engine/Plugins/Runtime/AndroidPermission/Binaries/Win64/UE4Editor-AndroidPermission.dll (API version 3709383).
LogModuleManager: Display: Found up-to-date module file ../../../Engine/Plugins/Runtime/AppleARKit/Binaries/Win64/UE4Editor-AppleARKit.dll (API version 3709383).
LogModuleManager: Display: Found up-to-date module file ../../../Engine/Plugins/Runtime/ArchVisCharacter/Binaries/Win64/UE4Editor-ArchVisCharacter.dll (API version 3709383).
LogModuleManager: Display: Found up-to-date module file ../../../Engine/Plugins/Runtime/CableComponent/Binaries/Win64/UE4Editor-CableComponent.dll (API version 3709383).
LogModuleManager: Display: Found up-to-date module file ../../../Engine/Plugins/Runtime/CustomMeshComponent/Binaries/Win64/UE4Editor-CustomMeshComponent.dll (API version 3709383).
LogModuleManager: Display: Found up-to-date module file ../../../Engine/Plugins/Runtime/ExampleDeviceProfileSelector/Binaries/Win64/UE4Editor-ExampleDeviceProfileSelector.dll (API version 3709383).
LogModuleManager: Display: Found up-to-date module file ../../../Engine/Plugins/Runtime/ImmediatePhysics/Binaries/Win64/UE4Editor-ImmediatePhysics.dll (API version 3709383).
LogModuleManager: Display: Found up-to-date module file ../../../Engine/Plugins/Runtime/ImmediatePhysics/Binaries/Win64/UE4Editor-ImmediatePhysicsEditor.dll (API version 3709383).
LogModuleManager: Display: Found up-to-date module file ../../../Engine/Plugins/Runtime/LocationServicesBPLibrary/Binaries/Win64/UE4Editor-LocationServicesBPLibrary.dll (API version 3709383).
LogModuleManager: Display: Found up-to-date module file ../../../Engine/Plugins/Runtime/MobilePatchingUtils/Binaries/Win64/UE4Editor-MobilePatchingUtils.dll (API version 3709383).
LogModuleManager: Display: Found up-to-date module file ../../../Engine/Plugins/Runtime/Oculus/OculusVR/Binaries/Win64/UE4Editor-OculusHMD.dll (API version 3709383).
LogModuleManager: Display: Found up-to-date module file ../../../Engine/Plugins/Runtime/Oculus/OculusVR/Binaries/Win64/UE4Editor-OculusInput.dll (API version 3709383).
LogModuleManager: Display: Found up-to-date module file ../../../Engine/Plugins/Runtime/Oculus/OculusVR/Binaries/Win64/UE4Editor-OculusEditor.dll (API version 3709383).
LogModuleManager: Display: Found up-to-date module file ../../../Engine/Plugins/Runtime/PhysXVehicles/Binaries/Win64/UE4Editor-PhysXVehicles.dll (API version 3709383).
LogModuleManager: Display: Found up-to-date module file ../../../Engine/Plugins/Runtime/PhysXVehicles/Binaries/Win64/UE4Editor-PhysXVehiclesEditor.dll (API version 3709383).
LogModuleManager: Display: Found up-to-date module file ../../../Engine/Plugins/Runtime/ProceduralMeshComponent/Binaries/Win64/UE4Editor-ProceduralMeshComponent.dll (API version 3709383).
LogModuleManager: Display: Found up-to-date module file ../../../Engine/Plugins/Runtime/ProceduralMeshComponent/Binaries/Win64/UE4Editor-ProceduralMeshComponentEditor.dll (API version 3709383).
LogModuleManager: Display: Found up-to-date module file ../../../Engine/Plugins/Runtime/RuntimePhysXCooking/Binaries/Win64/UE4Editor-RuntimePhysXCooking.dll (API version 3709383).
LogModuleManager: Display: Found up-to-date module file ../../../Engine/Plugins/Runtime/Steam/SteamVR/Binaries/Win64/UE4Editor-SteamVR.dll (API version 3709383).
LogModuleManager: Display: Found up-to-date module file ../../../Engine/Plugins/Runtime/Steam/SteamVR/Binaries/Win64/UE4Editor-SteamVRController.dll (API version 3709383).
LogModuleManager: Display: Found up-to-date module file ../../../Engine/Plugins/Runtime/WindowsMoviePlayer/Binaries/Win64/UE4Editor-WindowsMoviePlayer.dll (API version 3709383).
LogInit: Using libcurl 7.47.1
LogInit:  - built for x86_64-pc-win32
LogInit:  - supports SSL with OpenSSL/1.0.2g
LogInit:  - supports HTTP deflate (compression) using libz 1.2.8
LogInit:  - other features:
LogInit:      CURL_VERSION_SSL
LogInit:      CURL_VERSION_LIBZ
LogInit:      CURL_VERSION_IPV6
LogInit:      CURL_VERSION_ASYNCHDNS
LogInit:      CURL_VERSION_LARGEFILE
LogInit:      CURL_VERSION_IDN
LogInit:  CurlRequestOptions (configurable via config and command line):
LogInit:  - bVerifyPeer = false  - Libcurl will NOT verify peer certificate
LogInit:  - bUseHttpProxy = false  - Libcurl will NOT use HTTP proxy
LogInit:  - bDontReuseConnections = false  - Libcurl will reuse connections
LogInit:  - CertBundlePath = nullptr  - Libcurl will use whatever was configured at build time.
LogInit: Build: ++UE4+Release-4.18-CL-3794801
LogInit: Engine Version: 4.18.2-3794801+++UE4+Release-4.18
LogInit: Compatible Engine Version: 4.18.0-3709383+++UE4+Release-4.18
LogInit: Net CL: 3709383
LogDevObjectVersion: Number of dev versions registered: 16
LogDevObjectVersion:   Dev-Blueprints (B0D832E4-1F89-4F0D-ACCF-7EB736FD4AA2): 10
LogDevObjectVersion:   Dev-Build (E1C64328-A22C-4D53-A36C-8E866417BD8C): 0
LogDevObjectVersion:   Dev-Core (375EC13C-06E4-48FB-B500-84F0262A717E): 2
LogDevObjectVersion:   Dev-Editor (E4B068ED-F494-42E9-A231-DA0B2E46BB41): 20
LogDevObjectVersion:   Dev-Framework (CFFC743F-43B0-4480-9391-14DF171D2073): 30
LogDevObjectVersion:   Dev-Mobile (B02B49B5-BB20-44E9-A304-32B752E40360): 0
LogDevObjectVersion:   Dev-Networking (A4E4105C-59A1-49B5-A7C5-40C4547EDFEE): 0
LogDevObjectVersion:   Dev-Online (39C831C9-5AE6-47DC-9A44-9C173E1C8E7C): 0
LogDevObjectVersion:   Dev-Physics (78F01B33-EBEA-4F98-B9B4-84EACCB95AA2): 0
LogDevObjectVersion:   Dev-Platform (6631380F-2D4D-43E0-8009-CF276956A95A): 0
LogDevObjectVersion:   Dev-Rendering (12F88B9F-8875-4AFC-A67C-D90C383ABD29): 20
LogDevObjectVersion:   Dev-Sequencer (7B5AE74C-D270-4C10-A958-57980B212A5A): 4
LogDevObjectVersion:   Dev-VR (D7296918-1DD6-4BDD-9DE2-64A83CC13884): 0
LogDevObjectVersion:   Dev-LoadTimes (C2A15278-BFE7-4AFE-6C17-90FF531DF755): 1
LogDevObjectVersion:   Private-Geometry (6EACA3D4-40EC-4CC1-B786-8BED09428FC5): 1
LogDevObjectVersion:   Dev-AnimPhys (29E575DD-E0A3-4627-9D10-D276232CDCEA): 12
LogInit: Compiled (64-bit): Dec  8 2017 02:04:53
LogInit: Compiled with Visual C++: 19.00.24215.01
LogInit: Build Configuration: Development
LogInit: Branch Name: ++UE4+Release-4.18
LogInit: Command line: 
LogInit: Base directory: E:/Program Files/Epic Games/UE_4.18/Engine/Binaries/Win64/
LogInit: Installed Engine Build: 1
LogInit: Presizing for max 8388607 objects, including 0 objects not considered by GC, pre-allocating 0 bytes for permanent pool.
LogInit: Object subsystem initialized
[2018.01.18-01.58.52:981][  0]LogInit: Selected Device Profile: [Windows]
[2018.01.18-01.58.52:981][  0]LogInit: Applying CVar settings loaded from the selected device profile: [Windows]
[2018.01.18-01.58.53:076][  0]LogInit: Computer: PEARL
[2018.01.18-01.58.53:076][  0]LogInit: User: Mrgds2
[2018.01.18-01.58.53:076][  0]LogInit: CPU Page size=4096, Cores=3
[2018.01.18-01.58.53:076][  0]LogInit: High frequency timer resolution =3.429448 MHz
[2018.01.18-01.58.53:077][  0]LogMemory: Memory total: Physical=7.9GB (8GB approx)
[2018.01.18-01.58.53:077][  0]LogMemory: Platform Memory Stats for Windows
[2018.01.18-01.58.53:077][  0]LogMemory: Process Physical Memory: 277.85 MB used, 277.85 MB peak
[2018.01.18-01.58.53:077][  0]LogMemory: Process Virtual Memory: 272.15 MB used, 272.15 MB peak
[2018.01.18-01.58.53:077][  0]LogMemory: Physical Memory: 2939.42 MB used,  5153.45 MB free, 8092.87 MB total
[2018.01.18-01.58.53:077][  0]LogMemory: Virtual Memory: 718.58 MB used,  5153.45 MB free, 134217728.00 MB total
[2018.01.18-01.58.54:048][  0]LogInit: Using OS detected language (en-US).
[2018.01.18-01.58.54:048][  0]LogInit: Using OS detected locale (en-US).
[2018.01.18-01.58.54:382][  0]LogTextLocalizationManager: No specific localization for 'en-US' exists, so the 'en' localization will be used.
[2018.01.18-01.58.55:392][  0]LogInit: Setting process to per monitor DPI aware
[2018.01.18-01.59.00:241][  0]LogD3D11RHI: D3D11 adapters:
[2018.01.18-01.59.00:302][  0]LogD3D11RHI:    0. 'NVIDIA GeForce GTX 970' (Feature Level 11_0)
[2018.01.18-01.59.00:302][  0]LogD3D11RHI:       4058/0/4046 MB DedicatedVideo/DedicatedSystem/SharedSystem, Outputs:2, VendorId:0x10de
[2018.01.18-01.59.00:325][  0]LogD3D11RHI:    1. 'Microsoft Basic Render Driver' (Feature Level 11_0)
[2018.01.18-01.59.00:325][  0]LogD3D11RHI:       0/0/4046 MB DedicatedVideo/DedicatedSystem/SharedSystem, Outputs:0, VendorId:0x1414
[2018.01.18-01.59.00:325][  0]LogD3D11RHI: Chosen D3D11 Adapter: 0
[2018.01.18-01.59.00:334][  0]LogD3D11RHI: Creating new Direct3DDevice
[2018.01.18-01.59.00:335][  0]LogD3D11RHI:     GPU DeviceId: 0x13c2 (for the marketing name, search the web for "GPU Device Id")
[2018.01.18-01.59.00:335][  0]LogWindows: EnumDisplayDevices:
[2018.01.18-01.59.00:335][  0]LogWindows:    0. 'NVIDIA GeForce GTX 970' (P:0 D:1)
[2018.01.18-01.59.00:335][  0]LogWindows:    1. 'NVIDIA GeForce GTX 970' (P:1 D:1)
[2018.01.18-01.59.00:335][  0]LogWindows:    2. 'NVIDIA GeForce GTX 970' (P:0 D:0)
[2018.01.18-01.59.00:335][  0]LogWindows:    3. 'NVIDIA GeForce GTX 970' (P:0 D:0)
[2018.01.18-01.59.00:335][  0]LogWindows: DebugString: GetVideoDriverDetailsInvalid PrimaryIsNotTheChoosenAdapter GetVideoDriverDetailsInvalid PrimaryIsNotTheChoosenAdapter GetVideoDriverDetailsInvalid PrimaryIsNotTheChoosenAdapter GetVideoDriverDetailsInvalid PrimaryIsNotTheChoosenAdapter FoundDriverCount:0 
[2018.01.18-01.59.00:335][  0]LogD3D11RHI:     Adapter Name: NVIDIA GeForce GTX 970
[2018.01.18-01.59.00:335][  0]LogD3D11RHI:   Driver Version: Unknown (internal:Unknown, unified:Unknown)
[2018.01.18-01.59.00:335][  0]LogD3D11RHI:      Driver Date: Unknown
[2018.01.18-01.59.00:335][  0]LogRHI: Texture pool is 2840 MB (70% of 4058 MB)
[2018.01.18-01.59.00:386][  0]LogD3D11RHI: Async texture creation enabled
[2018.01.18-01.59.00:450][  0]LogD3D11RHI: GPU Timing Frequency: 1000.000000 (Debug: 2 1)
[2018.01.18-01.59.00:559][  0]LogShaderCompilers: Guid format shader working directory is 0 characters bigger than the processId version (../../../../../../Documents/GitHub/FITA/FITA_0/Intermediate/Shaders/WorkingDirectory/4964/).
[2018.01.18-01.59.00:559][  0]LogShaderCompilers: Cleaned the shader compiler working directory 'C:/Users/Mrgds/AppData/Local/Temp/UnrealShaderWorkingDir/A657FCA945D5E6C216ADE4942121E9DA/'.
[2018.01.18-01.59.00:559][  0]LogShaderCompilers: Display: Using Local Shader Compiler.
[2018.01.18-01.59.04:618][  0]LogTemp: Display: Loaded TP AllDesktopTargetPlatform
[2018.01.18-01.59.04:710][  0]LogTemp: Display: Loaded TP MacClientTargetPlatform
[2018.01.18-01.59.04:800][  0]LogTemp: Display: Loaded TP MacNoEditorTargetPlatform
[2018.01.18-01.59.04:890][  0]LogTemp: Display: Loaded TP MacServerTargetPlatform
[2018.01.18-01.59.05:023][  0]LogTemp: Display: Loaded TP MacTargetPlatform
[2018.01.18-01.59.05:127][  0]LogTemp: Display: Loaded TP WindowsClientTargetPlatform
[2018.01.18-01.59.05:225][  0]LogTemp: Display: Loaded TP WindowsNoEditorTargetPlatform
[2018.01.18-01.59.05:321][  0]LogTemp: Display: Loaded TP WindowsServerTargetPlatform
[2018.01.18-01.59.05:407][  0]LogTemp: Display: Loaded TP WindowsTargetPlatform
[2018.01.18-01.59.05:495][  0]LogTemp: Display: Loaded TP Android_ASTCTargetPlatform
[2018.01.18-01.59.05:583][  0]LogTemp: Display: Loaded TP Android_ATCTargetPlatform
[2018.01.18-01.59.05:674][  0]LogTemp: Display: Loaded TP Android_DXTTargetPlatform
[2018.01.18-01.59.05:767][  0]LogTemp: Display: Loaded TP Android_ETC1TargetPlatform
[2018.01.18-01.59.05:866][  0]LogTemp: Display: Loaded TP Android_ETC2TargetPlatform
[2018.01.18-01.59.06:056][  0]LogTemp: Display: Loaded TP Android_MultiTargetPlatform
[2018.01.18-01.59.06:056][  0]LogTemp: Display: Loaded TP Android_PVRTCTargetPlatform
[2018.01.18-01.59.06:162][  0]LogTemp: Display: Loaded TP AndroidTargetPlatform
[2018.01.18-01.59.06:245][  0]LogTemp: Display: Loaded TP HTML5TargetPlatform
[2018.01.18-01.59.06:503][  0]LogTemp: Display: Loaded TP IOSTargetPlatform
[2018.01.18-01.59.06:556][  0]LogTemp: Display: Loaded TP TVOSTargetPlatform
[2018.01.18-01.59.06:652][  0]LogTemp: Display: Loaded TP LinuxClientTargetPlatform
[2018.01.18-01.59.06:739][  0]LogTemp: Display: Loaded TP LinuxNoEditorTargetPlatform
[2018.01.18-01.59.06:830][  0]LogTemp: Display: Loaded TP LinuxServerTargetPlatform
[2018.01.18-01.59.06:945][  0]LogTemp: Display: Loaded TP LinuxTargetPlatform
[2018.01.18-01.59.06:945][  0]LogTargetPlatformManager: Display: Building Assets For Windows
[2018.01.18-01.59.08:793][  0]LogDerivedDataCache: Display: Max Cache Size: 512 MB
[2018.01.18-01.59.09:338][  0]LogDerivedDataCache: Loaded boot cache 0.54s 78MB C:/Users/Mrgds/AppData/Local/UnrealEngine/4.18/DerivedDataCache/Boot.ddc.
[2018.01.18-01.59.09:338][  0]LogDerivedDataCache: Display: Loaded Boot cache: C:/Users/Mrgds/AppData/Local/UnrealEngine/4.18/DerivedDataCache/Boot.ddc
[2018.01.18-01.59.09:338][  0]LogDerivedDataCache: FDerivedDataBackendGraph:  Pak pak cache file ../../../../../../Documents/GitHub/FITA/FITA_0/DerivedDataCache/DDC.ddp not found, will not use a pak cache.
[2018.01.18-01.59.09:338][  0]LogDerivedDataCache: Unable to find inner node Pak for hierarchical cache Hierarchy.
[2018.01.18-01.59.09:338][  0]LogDerivedDataCache: FDerivedDataBackendGraph:  CompressedPak pak cache file ../../../../../../Documents/GitHub/FITA/FITA_0/DerivedDataCache/Compressed.ddp not found, will not use a pak cache.
[2018.01.18-01.59.09:338][  0]LogDerivedDataCache: Unable to find inner node CompressedPak for hierarchical cache Hierarchy.
[2018.01.18-01.59.09:524][  0]LogDerivedDataCache: Display: Pak cache opened for reading ../../../Engine/DerivedDataCache/Compressed.ddp.
[2018.01.18-01.59.09:543][  0]LogDerivedDataCache: Using Local data cache path C:/Users/Mrgds/AppData/Local/UnrealEngine/Common/DerivedDataCache: Writable
[2018.01.18-01.59.09:560][  0]LogMaterial: Verifying Global Shaders for PCD3D_SM5
[2018.01.18-01.59.09:560][  0]LogSlate: Using Freetype 2.6.0
[2018.01.18-01.59.09:677][  0]LogSlate: SlateFontCache - WITH_FREETYPE: 1, WITH_HARFBUZZ: 1
[2018.01.18-01.59.09:677][  0]LogSlate: SlateFontCache - WITH_FREETYPE: 1, WITH_HARFBUZZ: 1
[2018.01.18-01.59.16:889][  0]LogInit: Selected Device Profile: [Windows]
[2018.01.18-01.59.18:321][  0]LogSimplygon: Simplygon DLL not present - disabling.
[2018.01.18-01.59.18:421][  0]LogMeshReduction: Using SimplygonSwarm for distributed automatic mesh merging
[2018.01.18-01.59.18:434][  0]LogMeshReduction: Using QuadricMeshReduction for automatic static mesh reduction
[2018.01.18-01.59.18:456][  0]LogMeshReduction: No automatic skeletal mesh reduction module available
[2018.01.18-01.59.18:456][  0]LogMeshReduction: No automatic mesh merging module available
[2018.01.18-01.59.18:456][  0]LogMeshMerging: No automatic mesh merging module available
[2018.01.18-01.59.18:657][  0]LogNetVersion: FITA_0 , NetCL: 3709383, EngineNetVer: 2, GameNetVer: 0 (Checksum: 2661453100)
[2018.01.18-01.59.19:991][  0]LogAssetRegistry: FAssetRegistry took 0.0284 seconds to start up
[2018.01.18-01.59.29:533][  0]LogPackageLocalizationCache: Processed 7 localized package path(s) for 2 prioritized culture(s) in 0.215892 seconds
[2018.01.18-01.59.29:546][  0]LogUObjectArray: 35900 objects as part of root set at end of initial load.
[2018.01.18-01.59.29:546][  0]LogUObjectAllocator: 7372024 out of 0 bytes used by permanent object pool.
[2018.01.18-01.59.29:546][  0]LogUObjectArray: CloseDisregardForGC: 0/0 objects in disregard for GC pool
[2018.01.18-01.59.29:691][  0]LogInit: WinSock: version 1.1 (2.2), MaxSocks=32767, MaxUdp=65467
[2018.01.18-01.59.57:241][  0]LogTcpMessaging: Initializing TcpMessaging bridge
[2018.01.18-01.59.57:319][  0]LogUdpMessaging: Initializing bridge on interface 0.0.0.0:0 to multicast group 230.0.0.1:6666.
[2018.01.18-01.59.59:145][  0]LogMaterial: Uniform references updated for custom material expression Custom.
[2018.01.18-02.00.00:373][  0]SourceControl: Source control is disabled
[2018.01.18-02.00.00:373][  0]SourceControl: Source control is disabled
[2018.01.18-02.00.00:480][  0]SourceControl: Source control is disabled
[2018.01.18-02.00.00:582][  0]SourceControl: Source control is disabled
[2018.01.18-02.00.02:405][  0]LogAndroidPermission: UAndroidPermissionCallbackProxy::GetInstance
[2018.01.18-02.00.02:939][  0]LogOcInput: OculusInput pre-init called
[2018.01.18-02.00.03:625][  0]LogEngine: Initializing Engine...
[2018.01.18-02.00.03:791][  0]LogHMD: Failed to initialize OpenVR with code 105
[2018.01.18-02.00.04:906][  0]LogStats: UGameplayTagsManager::ConstructGameplayTagTree: Construct from data asset -  0.000 s
[2018.01.18-02.00.04:906][  0]LogStats: UGameplayTagsManager::ConstructGameplayTagTree: GameplayTagTreeChangedEvent.Broadcast -  0.000 s
[2018.01.18-02.00.05:313][  0]LogAIModule: Creating AISystem for world Untitled
[2018.01.18-02.00.05:350][  0]LogInit: XAudio2 using 'Speakers (Razer Surround Audio Controller)' : 6 channels at 48 kHz using 16 bits per sample (channel mask 0x3f)
[2018.01.18-02.00.05:365][  0]LogInit: FAudioDevice initialized.
[2018.01.18-02.00.05:495][  0]LogDerivedDataCache: Saved boot cache 0.13s 78MB C:/Users/Mrgds/AppData/Local/UnrealEngine/4.18/DerivedDataCache/Boot.ddc.
[2018.01.18-02.00.05:530][  0]LogInit: Texture streaming: Enabled
[2018.01.18-02.00.05:749][  0]LogEngineSessionManager: EngineSessionManager initialized
[2018.01.18-02.00.06:307][  0]LogInit: Transaction tracking system initialized
[2018.01.18-02.00.08:437][  0]BlueprintLog: New page: Editor Load
[2018.01.18-02.00.13:567][  0]LocalizationService: Localization service is disabled
[2018.01.18-02.00.17:207][  0]LogConsoleResponse: Display: 
[2018.01.18-02.00.22:156][  0]LogCook: Display: Max memory allowance for cook 16384mb min free memory 0mb
[2018.01.18-02.00.22:156][  0]LogCook: Display: Mobile HDR setting 1
[2018.01.18-02.00.22:156][  0]LogGameplayTags: Display: UGameplayTagsManager::DoneAddingNativeTags. DelegateIsBound: 0
[2018.01.18-02.00.22:839][  0]LogFileCache: Scanning file cache for directory 'E:/Documents/GitHub/FITA/FITA_0/Content/' took 0.02s
[2018.01.18-02.00.26:111][  0]SourceControl: Source control is disabled
[2018.01.18-02.00.26:112][  0]Cmd: MAP LOAD FILE="../../../../../../Documents/GitHub/FITA/FITA_0/Content/Level_0.umap" TEMPLATE=0 SHOWPROGRESS=1 FEATURELEVEL=3
[2018.01.18-02.00.26:112][  0]LightingResults: New page: Lighting Build
[2018.01.18-02.00.26:201][  0]MapCheck: New page: Map Check
[2018.01.18-02.00.26:201][  0]LightingResults: New page: Lighting Build
[2018.01.18-02.00.46:602][  0]LogAIModule: Creating AISystem for world Level_0
[2018.01.18-02.00.46:899][  0]LogEditorServer: Finished looking for orphan Actors (0.000 secs)
[2018.01.18-02.00.46:928][  0]Cmd: MAP CHECKDEP NOCLEARLOG
[2018.01.18-02.00.47:045][  0]MapCheck: Map check complete: 0 Error(s), 0 Warning(s), took 116.534ms to complete.
[2018.01.18-02.00.47:045][  0]LogFileHelpers: Loading map 'Level_0' took 20.933
[2018.01.18-02.00.48:783][  0]LogCollectionManager: Loaded 0 collections in 0.065673 seconds
[2018.01.18-02.00.48:932][  0]LogFileCache: Scanning file cache for directory 'E:/Documents/GitHub/FITA/FITA_0/Saved/Collections/' took 0.01s
[2018.01.18-02.00.48:932][  0]LogFileCache: Scanning file cache for directory 'E:/Documents/GitHub/FITA/FITA_0/Content/Developers/Mrgds2/Collections/' took 0.01s
[2018.01.18-02.00.48:932][  0]LogFileCache: Scanning file cache for directory 'E:/Documents/GitHub/FITA/FITA_0/Content/Collections/' took 0.01s
[2018.01.18-02.00.48:932][  0]LogCollectionManager: Rebuilt the GUID cache for 0 collections in 0.000000 seconds
[2018.01.18-02.00.48:948][  0]LogContentBrowser: Native class hierarchy populated in 0.0156 seconds. Added 2368 classes and 523 folders.
[2018.01.18-02.00.49:078][  0]LogContentBrowser: Native class hierarchy updated for 'WidgetCarousel' in 0.0010 seconds. Added 0 classes and 0 folders.
[2018.01.18-02.00.55:067][  0]LogContentBrowser: Native class hierarchy updated for 'AddContentDialog' in 0.0010 seconds. Added 0 classes and 0 folders.
[2018.01.18-02.00.55:167][  0]LogSlate: Took 0.013458 seconds to synchronously load lazily loaded font '../../../Engine/Content/Slate/Fonts/Roboto-Regular.ttf' (155K)
[2018.01.18-02.00.55:180][  0]LogSlate: Took 0.007164 seconds to synchronously load lazily loaded font '../../../Engine/Content/Slate/Fonts/Roboto-Bold.ttf' (160K)
[2018.01.18-02.00.55:224][  0]LogSlate: Took 0.039414 seconds to synchronously load lazily loaded font '../../../Engine/Content/Editor/Slate/Fonts/FontAwesome.ttf' (139K)
[2018.01.18-02.00.55:651][  0]LogRenderer: Reallocating scene render targets to support 1200x688 Format 10 NumSamples 1 (Frame:1).
[2018.01.18-02.00.55:763][  0]LogSlate: Took 0.008333 seconds to synchronously load lazily loaded font '../../../Engine/Content/Slate/Fonts/Roboto-Light.ttf' (159K)
[2018.01.18-02.00.56:129][  0]LogContentBrowser: Native class hierarchy updated for 'HierarchicalLODOutliner' in 0.0011 seconds. Added 1 classes and 2 folders.
[2018.01.18-02.00.56:129][  0]LogLoad: (Engine Initialization) Total time: 443.35 seconds
[2018.01.18-02.00.56:129][  0]LogLoad: (Engine Initialization) Total Blueprint compile time: 0.00 seconds
[2018.01.18-02.00.56:130][  0]LogExternalProfiler: Found external profiler: VSPerf
[2018.01.18-02.00.56:130][  0]LogExternalProfiler: Using external profiler: VSPerf
[2018.01.18-02.00.56:165][  0]LogContentStreaming: Texture pool size now 1000 MB
[2018.01.18-02.00.56:398][  2]LogAssetRegistry: Asset discovery search completed in 96.4299 seconds
[2018.01.18-02.00.56:402][  2]LogCollectionManager: Rebuilt the object cache for 0 collections in 0.000000 seconds (found 0 objects)
[2018.01.18-02.00.56:402][  2]LogCollectionManager: Fixed up redirectors for 0 collections in 0.000158 seconds (updated 0 objects)
[2018.01.18-03.09.03:267][854]Cmd: QUIT_EDITOR
[2018.01.18-03.09.03:789][854]LogExit: Preparing to exit.
[2018.01.18-03.09.04:853][854]LogDirectoryWatcher: A directory notification for 'E:/Documents/GitHub/FITA/FITA_0/Content/' was aborted.
[2018.01.18-03.09.05:072][854]LogExit: Editor shut down
[2018.01.18-03.09.05:087][854]LogExit: Transaction tracking system shut down
[2018.01.18-03.09.05:449][854]LogDirectoryWatcher: A directory notification for '../../../Engine/Content/' was aborted.
[2018.01.18-03.09.05:449][854]LogDirectoryWatcher: A directory notification for '../../../../../../Documents/GitHub/FITA/FITA_0/Content/' was aborted.
[2018.01.18-03.09.05:449][854]LogDirectoryWatcher: A directory notification for '../../../Engine/Plugins/2D/Paper2D/Content/' was aborted.
[2018.01.18-03.09.05:449][854]LogDirectoryWatcher: A directory notification for '../../../Engine/Plugins/Media/MediaCompositing/Content/' was aborted.
[2018.01.18-03.09.05:450][854]LogDirectoryWatcher: A directory notification for '../../../Engine/Plugins/Runtime/AppleARKit/Content/' was aborted.
[2018.01.18-03.09.05:450][854]LogDirectoryWatcher: A directory notification for '../../../Engine/Plugins/Runtime/Oculus/OculusVR/Content/' was aborted.
[2018.01.18-03.09.05:450][854]LogDirectoryWatcher: A directory notification for '../../../Engine/Plugins/Runtime/Steam/SteamVR/Content/' was aborted.
[2018.01.18-03.09.06:943][854]LogExit: Object subsystem successfully closed.
[2018.01.18-03.09.07:142][854]LogD3D11RHI: Shutdown
[2018.01.18-03.09.07:154][854]LogD3D11RHI: CleanupD3DDevice
[2018.01.18-03.09.07:211][854]LogD3D11RHI: ~FD3D11DynamicRHI
[2018.01.18-03.09.08:212][854]LogModuleManager: Shutting down and abandoning module HierarchicalLODOutliner (550)
[2018.01.18-03.09.08:212][854]LogModuleManager: Shutting down and abandoning module AddContentDialog (548)
[2018.01.18-03.09.08:251][854]LogDirectoryWatcher: A directory notification for 'E:/Program Files/Epic Games/UE_4.18/FeaturePacks/' was aborted.
[2018.01.18-03.09.08:264][854]LogModuleManager: Shutting down and abandoning module WidgetCarousel (547)
[2018.01.18-03.09.08:264][854]LogModuleManager: Shutting down and abandoning module EditorWidgets (544)
[2018.01.18-03.09.08:264][854]LogModuleManager: Shutting down and abandoning module CollectionManager (542)
[2018.01.18-03.09.08:284][854]LogDirectoryWatcher: A directory notification for 'E:/Documents/GitHub/FITA/FITA_0/Content/Collections/' was aborted.
[2018.01.18-03.09.08:284][854]LogDirectoryWatcher: A directory notification for 'E:/Documents/GitHub/FITA/FITA_0/Content/Developers/Mrgds2/Collections/' was aborted.
[2018.01.18-03.09.08:284][854]LogDirectoryWatcher: A directory notification for 'E:/Documents/GitHub/FITA/FITA_0/Saved/Collections/' was aborted.
[2018.01.18-03.09.08:284][854]LogModuleManager: Shutting down and abandoning module SceneOutliner (540)
[2018.01.18-03.09.08:290][854]LogModuleManager: Shutting down and abandoning module StatsViewer (538)
[2018.01.18-03.09.08:312][854]LogModuleManager: Shutting down and abandoning module FoliageEdit (536)
[2018.01.18-03.09.08:312][854]LogModuleManager: Shutting down and abandoning module LandscapeEditor (534)
[2018.01.18-03.09.08:331][854]LogModuleManager: Shutting down and abandoning module MeshPaintMode (532)
[2018.01.18-03.09.08:331][854]LogModuleManager: Shutting down and abandoning module SceneDepthPickerMode (530)
[2018.01.18-03.09.08:331][854]LogModuleManager: Shutting down and abandoning module ActorPickerMode (528)
[2018.01.18-03.09.08:331][854]LogModuleManager: Shutting down and abandoning module GeometryMode (526)
[2018.01.18-03.09.08:331][854]LogModuleManager: Shutting down and abandoning module TextureAlignMode (524)
[2018.01.18-03.09.08:331][854]LogModuleManager: Shutting down and abandoning module BspMode (522)
[2018.01.18-03.09.08:331][854]LogModuleManager: Shutting down and abandoning module PIEPreviewDeviceProfileSelector (520)
[2018.01.18-03.09.08:332][854]LogModuleManager: Shutting down and abandoning module HardwareSurvey (518)
[2018.01.18-03.09.08:332][854]LogModuleManager: Shutting down and abandoning module SequenceRecorderSections (516)
[2018.01.18-03.09.08:332][854]LogModuleManager: Shutting down and abandoning module AutomationWorker (514)
[2018.01.18-03.09.08:339][854]LogModuleManager: Shutting down and abandoning module MatineeToLevelSequence (512)
[2018.01.18-03.09.08:348][854]LogModuleManager: Shutting down and abandoning module LevelSequenceEditor (510)
[2018.01.18-03.09.08:393][854]LogModuleManager: Shutting down and abandoning module PlacementMode (509)
[2018.01.18-03.09.08:393][854]LogModuleManager: Shutting down and abandoning module WmfMediaFactory (506)
[2018.01.18-03.09.08:393][854]LogModuleManager: Shutting down and abandoning module WmfMediaEditor (504)
[2018.01.18-03.09.08:393][854]LogModuleManager: Shutting down and abandoning module OpenExrWrapper (502)
[2018.01.18-03.09.08:393][854]LogModuleManager: Shutting down and abandoning module ImgMediaFactory (500)
[2018.01.18-03.09.08:393][854]LogModuleManager: Shutting down and abandoning module ImgMediaEditor (498)
[2018.01.18-03.09.08:393][854]LogModuleManager: Shutting down and abandoning module AvfMediaFactory (496)
[2018.01.18-03.09.08:393][854]LogModuleManager: Shutting down and abandoning module AvfMediaEditor (494)
[2018.01.18-03.09.08:393][854]LogModuleManager: Shutting down and abandoning module AndroidMediaFactory (492)
[2018.01.18-03.09.08:393][854]LogModuleManager: Shutting down and abandoning module AndroidMediaEditor (490)
[2018.01.18-03.09.08:393][854]LogModuleManager: Shutting down and abandoning module CharacterAI (488)
[2018.01.18-03.09.08:393][854]LogModuleManager: Shutting down and abandoning module AudioCapture (486)
[2018.01.18-03.09.08:400][854]LogModuleManager: Shutting down and abandoning module SequenceRecorder (485)
[2018.01.18-03.09.08:422][854]LogModuleManager: Shutting down and abandoning module SmartSnapping (482)
[2018.01.18-03.09.08:422][854]LogModuleManager: Shutting down and abandoning module SessionServices (480)
[2018.01.18-03.09.08:422][854]LogModuleManager: Shutting down and abandoning module ViewportSnapping (478)
[2018.01.18-03.09.08:422][854]LogModuleManager: Shutting down and abandoning module ViewportInteraction (476)
[2018.01.18-03.09.08:422][854]LogModuleManager: Shutting down and abandoning module ClothPainter (474)
[2018.01.18-03.09.08:456][854]LogModuleManager: Shutting down and abandoning module SkeletalMeshEditor (473)
[2018.01.18-03.09.08:502][854]LogModuleManager: Shutting down and abandoning module LogVisualizer (470)
[2018.01.18-03.09.08:503][854]LogModuleManager: Shutting down and abandoning module IntroTutorials (468)
[2018.01.18-03.09.08:542][854]LogModuleManager: Shutting down and abandoning module GameProjectGeneration (467)
[2018.01.18-03.09.08:555][854]LogModuleManager: Shutting down and abandoning module IOSPlatformEditor (464)
[2018.01.18-03.09.08:555][854]LogModuleManager: Shutting down and abandoning module HTML5PlatformEditor (462)
[2018.01.18-03.09.08:555][854]LogModuleManager: Shutting down and abandoning module AndroidPlatformEditor (460)
[2018.01.18-03.09.08:555][854]LogModuleManager: Shutting down and abandoning module AndroidDeviceDetection (459)
[2018.01.18-03.09.08:801][854]LogModuleManager: Shutting down and abandoning module WindowsPlatformEditor (456)
[2018.01.18-03.09.08:801][854]LogModuleManager: Shutting down and abandoning module IOSRuntimeSettings (454)
[2018.01.18-03.09.08:801][854]LogModuleManager: Shutting down and abandoning module AndroidRuntimeSettings (452)
[2018.01.18-03.09.08:801][854]LogModuleManager: Shutting down and abandoning module InputBindingEditor (450)
[2018.01.18-03.09.08:815][854]LogModuleManager: Shutting down and abandoning module MergeActors (448)
[2018.01.18-03.09.08:841][854]LogModuleManager: Shutting down and abandoning module SizeMap (446)
[2018.01.18-03.09.08:841][854]LogModuleManager: Shutting down and abandoning module TreeMap (444)
[2018.01.18-03.09.08:876][854]LogModuleManager: Shutting down and abandoning module ReferenceViewer (442)
[2018.01.18-03.09.08:876][854]LogModuleManager: Shutting down and abandoning module LocalizationDashboard (440)
[2018.01.18-03.09.08:887][854]LogModuleManager: Shutting down and abandoning module LocalizationService (439)
[2018.01.18-03.09.08:898][854]LogModuleManager: Shutting down and abandoning module HardwareTargeting (436)
[2018.01.18-03.09.08:899][854]LogModuleManager: Shutting down and abandoning module DeviceProfileEditor (434)
[2018.01.18-03.09.08:899][854]LogModuleManager: Shutting down and abandoning module UndoHistory (432)
[2018.01.18-03.09.08:899][854]LogModuleManager: Shutting down and abandoning module XmlParser (430)
[2018.01.18-03.09.08:899][854]LogModuleManager: Shutting down and abandoning module Blutility (428)
[2018.01.18-03.09.08:899][854]LogModuleManager: Shutting down and abandoning module ProjectSettingsViewer (426)
[2018.01.18-03.09.08:899][854]LogModuleManager: Shutting down and abandoning module ProjectTargetPlatformEditor (425)
[2018.01.18-03.09.08:899][854]LogModuleManager: Shutting down and abandoning module EditorSettingsViewer (422)
[2018.01.18-03.09.08:899][854]LogModuleManager: Shutting down and abandoning module SettingsEditor (420)
[2018.01.18-03.09.08:925][854]LogModuleManager: Shutting down and abandoning module ProjectLauncher (418)
[2018.01.18-03.09.08:942][854]LogModuleManager: Shutting down and abandoning module SessionFrontend (416)
[2018.01.18-03.09.08:959][854]LogModuleManager: Shutting down and abandoning module ProfilerClient (414)
[2018.01.18-03.09.08:975][854]LogModuleManager: Shutting down and abandoning module DeviceManager (412)
[2018.01.18-03.09.08:990][854]LogModuleManager: Shutting down and abandoning module TargetDeviceServices (411)
[2018.01.18-03.09.09:043][854]LogModuleManager: Shutting down and abandoning module AutomationController (408)
[2018.01.18-03.09.09:068][854]LogModuleManager: Shutting down and abandoning module AutomationWindow (406)
[2018.01.18-03.09.09:088][854]LogModuleManager: Shutting down and abandoning module Layers (404)
[2018.01.18-03.09.09:112][854]LogModuleManager: Shutting down and abandoning module ComponentVisualizers (402)
[2018.01.18-03.09.09:113][854]LogModuleManager: Shutting down and abandoning module DetailCustomizations (400)
[2018.01.18-03.09.09:144][854]LogModuleManager: Shutting down and abandoning module PackagesDialog (398)
[2018.01.18-03.09.09:177][854]LogModuleManager: Shutting down and abandoning module Persona (396)
[2018.01.18-03.09.09:219][854]LogModuleManager: Shutting down and abandoning module AdvancedPreviewScene (395)
[2018.01.18-03.09.09:219][854]LogModuleManager: Shutting down and abandoning module AnimGraph (393)
[2018.01.18-03.09.09:219][854]LogModuleManager: Shutting down and abandoning module Kismet (390)
[2018.01.18-03.09.09:246][854]LogModuleManager: Shutting down and abandoning module ClassViewer (388)
[2018.01.18-03.09.09:246][854]LogModuleManager: Shutting down and abandoning module Toolbox (386)
[2018.01.18-03.09.09:246][854]LogModuleManager: Shutting down and abandoning module ModuleUI (384)
[2018.01.18-03.09.09:261][854]LogModuleManager: Shutting down and abandoning module MovieSceneTools (382)
[2018.01.18-03.09.09:294][854]LogModuleManager: Shutting down and abandoning module OutputLog (380)
[2018.01.18-03.09.09:294][854]LogModuleManager: Shutting down and abandoning module GammaUI (378)
[2018.01.18-03.09.09:302][854]LogModuleManager: Shutting down and abandoning module Documentation (376)
[2018.01.18-03.09.09:302][854]LogModuleManager: Shutting down and abandoning module MovieSceneTracks (374)
[2018.01.18-03.09.09:302][854]LogModuleManager: Shutting down and abandoning module MovieScene (372)
[2018.01.18-03.09.09:302][854]LogModuleManager: Shutting down and abandoning module StreamingPauseRendering (370)
[2018.01.18-03.09.09:302][854]LogModuleManager: Shutting down and abandoning module LauncherPlatform (368)
[2018.01.18-03.09.09:302][854]LogModuleManager: Shutting down and abandoning module AnalyticsET (366)
[2018.01.18-03.09.09:302][854]LogModuleManager: Shutting down and abandoning module PortalServices (364)
[2018.01.18-03.09.09:302][854]LogModuleManager: Shutting down and abandoning module PortalRpc (362)
[2018.01.18-03.09.09:302][854]LogModuleManager: Shutting down and abandoning module MessagingRpc (360)
[2018.01.18-03.09.09:302][854]LogModuleManager: Shutting down and abandoning module AIModule (358)
[2018.01.18-03.09.09:315][854]LogModuleManager: Shutting down and abandoning module GameplayDebugger (357)
[2018.01.18-03.09.09:315][854]LogModuleManager: Shutting down and abandoning module AITestSuite (355)
[2018.01.18-03.09.09:324][854]LogModuleManager: Shutting down and abandoning module ProfilerService (352)
[2018.01.18-03.09.09:567][854]LogModuleManager: Shutting down and abandoning module TaskGraph (350)
[2018.01.18-03.09.09:630][854]LogModuleManager: Shutting down and abandoning module SteamVRController (348)
[2018.01.18-03.09.09:630][854]LogModuleManager: Shutting down and abandoning module ProceduralMeshComponentEditor (346)
[2018.01.18-03.09.09:630][854]LogModuleManager: Shutting down and abandoning module ProceduralMeshComponent (344)
[2018.01.18-03.09.09:639][854]LogModuleManager: Shutting down and abandoning module OculusInput (342)
[2018.01.18-03.09.09:639][854]LogModuleManager: Shutting down and abandoning module MobilePatchingUtils (340)
[2018.01.18-03.09.09:639][854]LogModuleManager: Shutting down and abandoning module CustomMeshComponent (338)
[2018.01.18-03.09.09:639][854]LogModuleManager: Shutting down and abandoning module CableComponent (336)
[2018.01.18-03.09.09:646][854]LogModuleManager: Shutting down and abandoning module ArchVisCharacter (334)
[2018.01.18-03.09.09:646][854]LogModuleManager: Shutting down and abandoning module AndroidPermission (332)
[2018.01.18-03.09.09:647][854]LogModuleManager: Shutting down and abandoning module ActorSequence (328)
[2018.01.18-03.09.09:647][854]LogModuleManager: Shutting down and abandoning module MediaPlayerEditor (326)
[2018.01.18-03.09.09:669][854]LogModuleManager: Shutting down and abandoning module MediaCompositingEditor (324)
[2018.01.18-03.09.09:669][854]LogModuleManager: Shutting down and abandoning module MediaCompositing (322)
[2018.01.18-03.09.09:669][854]LogModuleManager: Shutting down and abandoning module HTML5Networking (320)
[2018.01.18-03.09.09:669][854]LogModuleManager: Shutting down and abandoning module AlembicImporter (318)
[2018.01.18-03.09.09:682][854]LogModuleManager: Shutting down and abandoning module AlembicLibrary (317)
[2018.01.18-03.09.09:682][854]LogModuleManager: Shutting down and abandoning module GeometryCache (316)
[2018.01.18-03.09.09:694][854]LogModuleManager: Shutting down and abandoning module GeometryCacheEd (315)
[2018.01.18-03.09.09:694][854]LogModuleManager: Shutting down and abandoning module SpeedTreeImporter (310)
[2018.01.18-03.09.09:694][854]LogModuleManager: Shutting down and abandoning module PluginBrowser (308)
[2018.01.18-03.09.09:721][854]LogModuleManager: Shutting down and abandoning module MobileLauncherProfileWizard (306)
[2018.01.18-03.09.09:746][854]LogModuleManager: Shutting down and abandoning module VisualStudioSourceCodeAccess (304)
[2018.01.18-03.09.09:746][854]LogModuleManager: Shutting down and abandoning module VisualStudioCodeSourceCodeAccess (302)
[2018.01.18-03.09.09:746][854]LogModuleManager: Shutting down and abandoning module UObjectPlugin (300)
[2018.01.18-03.09.09:746][854]LogModuleManager: Shutting down and abandoning module SubversionSourceControl (298)
[2018.01.18-03.09.09:766][854]LogModuleManager: Shutting down and abandoning module PerforceSourceControl (296)
[2018.01.18-03.09.09:786][854]LogModuleManager: Shutting down and abandoning module GitSourceControl (294)
[2018.01.18-03.09.09:810][854]LogModuleManager: Shutting down and abandoning module SourceControl (293)
[2018.01.18-03.09.09:842][854]LogModuleManager: Shutting down and abandoning module LightPropagationVolumeEditor (290)
[2018.01.18-03.09.09:842][854]LogModuleManager: Shutting down and abandoning module PaperTiledImporter (288)
[2018.01.18-03.09.09:842][854]LogModuleManager: Shutting down and abandoning module PaperSpriteSheetImporter (286)
[2018.01.18-03.09.09:842][854]LogModuleManager: Shutting down and abandoning module Paper2DEditor (284)
[2018.01.18-03.09.09:872][854]LogModuleManager: Shutting down and abandoning module MeshPaint (283)
[2018.01.18-03.09.09:888][854]LogModuleManager: Shutting down and abandoning module LevelEditor (281)
[2018.01.18-03.09.09:900][854]LogModuleManager: Shutting down and abandoning module PixelInspectorModule (280)
[2018.01.18-03.09.09:905][854]LogModuleManager: Shutting down and abandoning module MainFrame (278)
[2018.01.18-03.09.09:916][854]LogModuleManager: Shutting down and abandoning module HotReload (277)
[2018.01.18-03.09.09:934][854]LogDirectoryWatcher: A directory notification for 'E:/Documents/GitHub/FITA/FITA_0/Binaries/Win64' was aborted.
[2018.01.18-03.09.09:944][854]LogModuleManager: Shutting down and abandoning module FITA_0 (272)
[2018.01.18-03.09.09:945][854]LogModuleManager: Shutting down and abandoning module RuntimePhysXCooking (270)
[2018.01.18-03.09.09:945][854]LogModuleManager: Shutting down and abandoning module PhysXVehiclesEditor (268)
[2018.01.18-03.09.09:945][854]LogModuleManager: Shutting down and abandoning module PhysXVehicles (266)
[2018.01.18-03.09.09:945][854]LogModuleManager: Shutting down and abandoning module OculusEditor (264)
[2018.01.18-03.09.09:945][854]LogModuleManager: Shutting down and abandoning module LocationServicesBPLibrary (262)
[2018.01.18-03.09.09:945][854]LogModuleManager: Shutting down and abandoning module ImmediatePhysicsEditor (260)
[2018.01.18-03.09.09:945][854]LogModuleManager: Shutting down and abandoning module ImmediatePhysics (258)
[2018.01.18-03.09.09:970][854]LogModuleManager: Shutting down and abandoning module UdpMessaging (256)
[2018.01.18-03.09.10:103][854]LogModuleManager: Shutting down and abandoning module TcpMessaging (254)
[2018.01.18-03.09.10:214][854]LogModuleManager: Shutting down and abandoning module GameplayTagsEditor (252)
[2018.01.18-03.09.10:253][854]LogModuleManager: Shutting down and abandoning module FacialAnimationEditor (250)
[2018.01.18-03.09.10:253][854]LogModuleManager: Shutting down and abandoning module FacialAnimation (248)
[2018.01.18-03.09.10:253][854]LogModuleManager: Shutting down and abandoning module AssetManagerEditor (246)
[2018.01.18-03.09.10:278][854]LogModuleManager: Shutting down and abandoning module GraphEditor (245)
[2018.01.18-03.09.10:346][854]LogModuleManager: Shutting down and abandoning module ContentBrowser (243)
[2018.01.18-03.09.10:348][854]LogModuleManager: Shutting down and abandoning module LightPropagationVolumeRuntime (240)
[2018.01.18-03.09.10:348][854]LogModuleManager: Shutting down and abandoning module Paper2D (238)
[2018.01.18-03.09.10:348][854]LogModuleManager: Shutting down and abandoning module WindowsMoviePlayer (236)
[2018.01.18-03.09.10:356][854]LogModuleManager: Shutting down and abandoning module WmfMedia (234)
[2018.01.18-03.09.10:374][854]LogModuleManager: Shutting down and abandoning module ImgMedia (232)
[2018.01.18-03.09.10:374][854]LogModuleManager: Shutting down and abandoning module PacketHandler (230)
[2018.01.18-03.09.10:374][854]LogModuleManager: Shutting down and abandoning module ClothingSystemEditor (228)
[2018.01.18-03.09.10:374][854]LogModuleManager: Shutting down and abandoning module ClothingSystemRuntime (226)
[2018.01.18-03.09.10:403][854]LogModuleManager: Shutting down and abandoning module MediaAssets (224)
[2018.01.18-03.09.10:403][854]LogModuleManager: Shutting down and abandoning module Media (223)
[2018.01.18-03.09.10:410][854]LogModuleManager: Shutting down and abandoning module Overlay (220)
[2018.01.18-03.09.10:410][854]LogModuleManager: Shutting down and abandoning module OverlayEditor (219)
[2018.01.18-03.09.10:410][854]LogModuleManager: Shutting down and abandoning module VREditor (216)
[2018.01.18-03.09.10:447][854]LogModuleManager: Shutting down and abandoning module StringTableEditor (214)
[2018.01.18-03.09.10:460][854]LogModuleManager: Shutting down and abandoning module GameplayTasksEditor (212)
[2018.01.18-03.09.10:460][854]LogModuleManager: Shutting down and abandoning module BehaviorTreeEditor (210)
[2018.01.18-03.09.10:488][854]LogModuleManager: Shutting down and abandoning module FunctionalTesting (208)
[2018.01.18-03.09.10:522][854]LogModuleManager: Shutting down and abandoning module CollisionAnalyzer (206)
[2018.01.18-03.09.10:541][854]LogModuleManager: Shutting down and abandoning module WorkspaceMenuStructure (205)
[2018.01.18-03.09.10:541][854]LogModuleManager: Shutting down and abandoning module UMG (202)
[2018.01.18-03.09.10:571][854]LogModuleManager: Shutting down and abandoning module UMGEditor (201)
[2018.01.18-03.09.10:598][854]LogModuleManager: Shutting down and abandoning module Sequencer (200)
[2018.01.18-03.09.10:623][854]LogModuleManager: Shutting down and abandoning module MessageLog (197)
[2018.01.18-03.09.10:623][854]LogModuleManager: Shutting down and abandoning module SlateReflector (192)
[2018.01.18-03.09.10:646][854]LogModuleManager: Shutting down and abandoning module Slate (190)
[2018.01.18-03.09.10:646][854]LogModuleManager: Shutting down and abandoning module EditorStyle (188)
[2018.01.18-03.09.10:649][854]LogModuleManager: Shutting down and abandoning module MRMesh (186)
[2018.01.18-03.09.10:649][854]LogModuleManager: Shutting down and abandoning module SourceCodeAccess (184)
[2018.01.18-03.09.10:649][854]LogModuleManager: Shutting down and abandoning module HeadMountedDisplay (182)
[2018.01.18-03.09.10:649][854]LogModuleManager: Shutting down and abandoning module XAudio2 (180)
[2018.01.18-03.09.10:649][854]LogModuleManager: Shutting down and abandoning module Networking (178)
[2018.01.18-03.09.10:649][854]LogModuleManager: Shutting down and abandoning module Core (174)
[2018.01.18-03.09.10:649][854]LogModuleManager: Shutting down and abandoning module LevelSequence (170)
[2018.01.18-03.09.10:659][854]LogModuleManager: Shutting down and abandoning module DirectoryWatcher (168)
[2018.01.18-03.09.10:662][854]LogModuleManager: Shutting down and abandoning module KismetCompiler (166)
[2018.01.18-03.09.10:662][854]LogModuleManager: Shutting down and abandoning module MeshUtilities (164)
[2018.01.18-03.09.10:687][854]LogModuleManager: Shutting down and abandoning module MeshMergeUtilities (163)
[2018.01.18-03.09.10:702][854]LogModuleManager: Shutting down and abandoning module MeshReductionInterface (162)
[2018.01.18-03.09.10:703][854]LogModuleManager: Shutting down and abandoning module SimplygonSwarm (161)
[2018.01.18-03.09.10:715][854]LogModuleManager: Shutting down and abandoning module SimplygonMeshReduction (159)
[2018.01.18-03.09.10:715][854]LogModuleManager: Shutting down and abandoning module QuadricMeshReduction (157)
[2018.01.18-03.09.10:715][854]LogModuleManager: Shutting down and abandoning module MaterialBaking (153)
[2018.01.18-03.09.10:729][854]LogModuleManager: Shutting down and abandoning module DerivedDataCache (150)
[2018.01.18-03.09.10:798][854]LogDerivedDataCache: Shutdown
[2018.01.18-03.09.10:798][854]LogModuleManager: Shutting down and abandoning module TargetPlatform (148)
[2018.01.18-03.09.10:799][854]LogModuleManager: Shutting down and abandoning module VulkanShaderFormat (147)
[2018.01.18-03.09.10:809][854]LogModuleManager: Shutting down and abandoning module ShaderFormatVectorVM (145)
[2018.01.18-03.09.10:817][854]LogModuleManager: Shutting down and abandoning module ShaderFormatOpenGL (143)
[2018.01.18-03.09.10:824][854]LogModuleManager: Shutting down and abandoning module ShaderFormatD3D (141)
[2018.01.18-03.09.10:824][854]LogModuleManager: Shutting down and abandoning module MetalShaderFormat (139)
[2018.01.18-03.09.10:841][854]LogModuleManager: Shutting down and abandoning module TextureFormatUncompressed (137)
[2018.01.18-03.09.10:841][854]LogModuleManager: Shutting down and abandoning module TextureFormatPVR (135)
[2018.01.18-03.09.10:841][854]LogModuleManager: Shutting down and abandoning module TextureFormatDXT (133)
[2018.01.18-03.09.10:841][854]LogModuleManager: Shutting down and abandoning module TextureFormatIntelISPCTexComp (131)
[2018.01.18-03.09.10:841][854]LogModuleManager: Shutting down and abandoning module TextureFormatASTC (129)
[2018.01.18-03.09.10:841][854]LogModuleManager: Shutting down and abandoning module ImageWrapper (128)
[2018.01.18-03.09.10:841][854]LogModuleManager: Shutting down and abandoning module TextureFormatAndroid (125)
[2018.01.18-03.09.10:841][854]LogModuleManager: Shutting down and abandoning module AudioFormatOpus (123)
[2018.01.18-03.09.10:841][854]LogModuleManager: Shutting down and abandoning module AudioFormatOgg (121)
[2018.01.18-03.09.10:841][854]LogModuleManager: Shutting down and abandoning module AudioFormatADPCM (119)
[2018.01.18-03.09.10:841][854]LogModuleManager: Shutting down and abandoning module LinuxTargetPlatform (117)
[2018.01.18-03.09.10:841][854]LogModuleManager: Shutting down and abandoning module LinuxServerTargetPlatform (115)
[2018.01.18-03.09.10:841][854]LogModuleManager: Shutting down and abandoning module LinuxNoEditorTargetPlatform (113)
[2018.01.18-03.09.10:841][854]LogModuleManager: Shutting down and abandoning module LinuxClientTargetPlatform (111)
[2018.01.18-03.09.10:841][854]LogModuleManager: Shutting down and abandoning module TVOSTargetPlatform (109)
[2018.01.18-03.09.10:841][854]LogModuleManager: Shutting down and abandoning module Messaging (107)
[2018.01.18-03.09.10:842][854]LogModuleManager: Shutting down and abandoning module IOSTargetPlatform (105)
[2018.01.18-03.09.10:842][854]LogModuleManager: Shutting down and abandoning module HTML5TargetPlatform (103)
[2018.01.18-03.09.10:842][854]LogModuleManager: Shutting down and abandoning module AndroidTargetPlatform (101)
[2018.01.18-03.09.10:842][854]LogModuleManager: Shutting down and abandoning module Android_PVRTCTargetPlatform (99)
[2018.01.18-03.09.10:842][854]LogModuleManager: Shutting down and abandoning module Android_MultiTargetPlatform (97)
[2018.01.18-03.09.10:842][854]LogModuleManager: Shutting down and abandoning module Android_ETC2TargetPlatform (95)
[2018.01.18-03.09.10:842][854]LogModuleManager: Shutting down and abandoning module Android_ETC1TargetPlatform (93)
[2018.01.18-03.09.10:842][854]LogModuleManager: Shutting down and abandoning module Android_DXTTargetPlatform (91)
[2018.01.18-03.09.10:842][854]LogModuleManager: Shutting down and abandoning module Android_ATCTargetPlatform (89)
[2018.01.18-03.09.10:842][854]LogModuleManager: Shutting down and abandoning module Android_ASTCTargetPlatform (87)
[2018.01.18-03.09.10:842][854]LogModuleManager: Shutting down and abandoning module WindowsTargetPlatform (85)
[2018.01.18-03.09.10:842][854]LogModuleManager: Shutting down and abandoning module WindowsServerTargetPlatform (83)
[2018.01.18-03.09.10:842][854]LogModuleManager: Shutting down and abandoning module WindowsNoEditorTargetPlatform (81)
[2018.01.18-03.09.10:842][854]LogModuleManager: Shutting down and abandoning module WindowsClientTargetPlatform (79)
[2018.01.18-03.09.10:842][854]LogModuleManager: Shutting down and abandoning module MacTargetPlatform (77)
[2018.01.18-03.09.10:842][854]LogModuleManager: Shutting down and abandoning module MacServerTargetPlatform (75)
[2018.01.18-03.09.10:842][854]LogModuleManager: Shutting down and abandoning module MacNoEditorTargetPlatform (73)
[2018.01.18-03.09.10:842][854]LogModuleManager: Shutting down and abandoning module MacClientTargetPlatform (71)
[2018.01.18-03.09.10:842][854]LogModuleManager: Shutting down and abandoning module AllDesktopTargetPlatform (69)
[2018.01.18-03.09.10:842][854]LogModuleManager: Shutting down and abandoning module InputCore (66)
[2018.01.18-03.09.10:842][854]LogModuleManager: Shutting down and abandoning module Settings (64)
[2018.01.18-03.09.10:842][854]LogModuleManager: Shutting down and abandoning module PhysXCooking (62)
[2018.01.18-03.09.10:842][854]LogModuleManager: Shutting down and abandoning module SteamVR (60)
[2018.01.18-03.09.10:842][854]LogModuleManager: Shutting down and abandoning module OculusHMD (58)
[2018.01.18-03.09.10:857][854]LogModuleManager: Shutting down and abandoning module ExampleDeviceProfileSelector (56)
[2018.01.18-03.09.10:857][854]LogModuleManager: Shutting down and abandoning module AppleARKit (54)
[2018.01.18-03.09.10:857][854]LogModuleManager: Shutting down and abandoning module AugmentedReality (53)
[2018.01.18-03.09.10:857][854]LogModuleManager: Shutting down and abandoning module OnlineBlueprintSupport (50)
[2018.01.18-03.09.10:857][854]LogModuleManager: Shutting down and abandoning module OnlineSubsystem (46)
[2018.01.18-03.09.10:885][854]LogModuleManager: Shutting down and abandoning module XMPP (45)
[2018.01.18-03.09.10:907][854]LogModuleManager: Shutting down and abandoning module HTTP (43)
[2018.01.18-03.09.10:907][854]LogHttp: Display: Http module shutting down, but needs to wait on 1 outstanding Http requests:
[2018.01.18-03.09.10:922][854]LogHttp: Display: 	verb=[POST] url=[https://datarouter.ol.epicgames.com/datarouter/api/v1/public/data?SessionID=%7B5BE50DFD-49FE-4792-C94A-F88EE14FD1FD%7D&AppID=UEEditor.Rocket.Release&AppVersion=4.18.2-3794801%2B%2B%2BUE4%2BRelease-4.18&UserID=f9dbcee846651c3a225fce8ac4323ecf%7C07face00fc92496e89cc018656e266dc%7C7b1b610e-aa61-4dbb-aa05-d832d376c77f&AppEnvironment=datacollector-binary&UploadType=eteventstream] status=Processing
[2018.01.18-03.09.10:944][854]LogModuleManager: Shutting down and abandoning module SSL (42)
[2018.01.18-03.09.10:955][854]LogModuleManager: Shutting down and abandoning module DesktopPlatform (38)
[2018.01.18-03.09.10:971][854]LogModuleManager: Shutting down and abandoning module AnimationModifiers (36)
[2018.01.18-03.09.10:976][854]LogModuleManager: Shutting down and abandoning module PropertyEditor (35)
[2018.01.18-03.09.10:976][854]LogModuleManager: Shutting down and abandoning module AudioEditor (32)
[2018.01.18-03.09.11:000][854]LogModuleManager: Shutting down and abandoning module TextureCompressor (30)
[2018.01.18-03.09.11:019][854]LogModuleManager: Shutting down and abandoning module ShaderCore (28)
[2018.01.18-03.09.11:019][854]LogModuleManager: Shutting down and abandoning module Landscape (26)
[2018.01.18-03.09.11:019][854]LogModuleManager: Shutting down and abandoning module SlateRHIRenderer (24)
[2018.01.18-03.09.11:042][854]LogModuleManager: Shutting down and abandoning module OpenGLDrv (22)
[2018.01.18-03.09.11:060][854]LogModuleManager: Shutting down and abandoning module D3D11RHI (20)
[2018.01.18-03.09.11:060][854]LogModuleManager: Shutting down and abandoning module AnimGraphRuntime (18)
[2018.01.18-03.09.11:085][854]LogModuleManager: Shutting down and abandoning module Renderer (16)
[2018.01.18-03.09.11:085][854]LogModuleManager: Shutting down and abandoning module Engine (14)
[2018.01.18-03.09.11:102][854]LogModuleManager: Shutting down and abandoning module CoreUObject (12)
[2018.01.18-03.09.11:102][854]LogModuleManager: Shutting down and abandoning module NetworkFile (10)
[2018.01.18-03.09.11:102][854]LogModuleManager: Shutting down and abandoning module CookedIterativeFile (8)
[2018.01.18-03.09.11:102][854]LogModuleManager: Shutting down and abandoning module StreamingFile (6)
[2018.01.18-03.09.11:102][854]LogModuleManager: Shutting down and abandoning module SandboxFile (4)
[2018.01.18-03.09.11:102][854]LogModuleManager: Shutting down and abandoning module PakFile (2)
[2018.01.18-03.09.11:122][854]LogExit: Exiting.
[2018.01.18-03.09.11:154][854]Log file closed, 01/17/18 22:09:11
