Log file open, 01/13/18 17:01:14
LogWindows: Failed to load 'aqProf.dll' (GetLastError=126)
LogWindows: File 'aqProf.dll' does not exist
LogWindows: Failed to load 'VtuneApi.dll' (GetLastError=126)
LogWindows: File 'VtuneApi.dll' does not exist
LogWindows: Failed to load 'VtuneApi32e.dll' (GetLastError=126)
LogWindows: File 'VtuneApi32e.dll' does not exist
LogInit: Display: Running engine without a game
LogPlatformFile: Not using cached read wrapper
LogInit: Display: Loading recent project file: ../../../../../../Documents/GitHub/FITA/FITA_0/FITA_0.uproject
LogInit: Display: RandInit(-1535606270) SRandInit(-1535606270).
LogInit: Read version file with build ID '3709383'
LogInit: Overriding engine version to CL 3794801, compatible CL 3709383
LogInit: Registered custom module enumerator with build ID '3709383'
LogTaskGraph: Started task graph with 5 named threads and 11 total threads with 3 sets of task threads.
LogStats: Stats thread started at 0.523882
LogD3D11RHI: Aftermath initialized
LogPluginManager: Mounting plugin Paper2D
LogPluginManager: Mounting plugin LightPropagationVolume
LogPluginManager: Mounting plugin CodeLiteSourceCodeAccess
LogPluginManager: Mounting plugin GitSourceControl
LogPluginManager: Mounting plugin KDevelopSourceCodeAccess
LogPluginManager: Mounting plugin NullSourceCodeAccess
LogPluginManager: Mounting plugin PerforceSourceControl
LogPluginManager: Mounting plugin SubversionSourceControl
LogPluginManager: Mounting plugin UObjectPlugin
LogPluginManager: Mounting plugin VisualStudioCodeSourceCodeAccess
LogPluginManager: Mounting plugin VisualStudioSourceCodeAccess
LogPluginManager: Mounting plugin XCodeSourceCodeAccess
LogPluginManager: Mounting plugin AssetManagerEditor
LogPluginManager: Mounting plugin AudioCapture
LogPluginManager: Mounting plugin FacialAnimation
LogPluginManager: Mounting plugin GameplayTagsEditor
LogPluginManager: Mounting plugin MobileLauncherProfileWizard
LogPluginManager: Mounting plugin PluginBrowser
LogPluginManager: Mounting plugin SpeedTreeImporter
LogPluginManager: Mounting plugin AlembicImporter
LogPluginManager: Mounting plugin CharacterAI
LogPluginManager: Mounting plugin HTML5Networking
LogPluginManager: Mounting plugin AndroidMedia
LogPluginManager: Mounting plugin AvfMedia
LogPluginManager: Mounting plugin ImgMedia
LogPluginManager: Mounting plugin MediaCompositing
LogPluginManager: Mounting plugin MediaPlayerEditor
LogPluginManager: Mounting plugin WmfMedia
LogPluginManager: Mounting plugin TcpMessaging
LogPluginManager: Mounting plugin UdpMessaging
LogPluginManager: Mounting plugin ActorSequence
LogPluginManager: Mounting plugin LevelSequenceEditor
LogPluginManager: Mounting plugin MatineeToLevelSequence
LogPluginManager: Mounting plugin OnlineSubsystemGooglePlay
LogPluginManager: Mounting plugin OnlineSubsystemIOS
LogPluginManager: Mounting plugin OnlineSubsystem
LogPluginManager: Mounting plugin OnlineSubsystemNull
LogPluginManager: Mounting plugin OnlineSubsystemUtils
LogPluginManager: Mounting plugin AndroidDeviceProfileSelector
LogPluginManager: Mounting plugin AndroidMoviePlayer
LogPluginManager: Mounting plugin AndroidPermission
LogPluginManager: Mounting plugin AppleARKit
LogPluginManager: Mounting plugin AppleMoviePlayer
LogPluginManager: Mounting plugin ArchVisCharacter
LogPluginManager: Mounting plugin CableComponent
LogPluginManager: Mounting plugin CustomMeshComponent
LogPluginManager: Mounting plugin ExampleDeviceProfileSelector
LogPluginManager: Mounting plugin GoogleCloudMessaging
LogPluginManager: Mounting plugin ImmediatePhysics
LogPluginManager: Mounting plugin IOSDeviceProfileSelector
LogPluginManager: Mounting plugin LinuxDeviceProfileSelector
LogPluginManager: Mounting plugin LocationServicesBPLibrary
LogPluginManager: Mounting plugin MobilePatchingUtils
LogPluginManager: Mounting plugin OculusVR
LogPluginManager: Plugin shader directory ../../../Engine/Plugins/Runtime/Oculus/OculusVR/Shaders found
LogPluginManager: Mapping shader source directory ../../../Engine/Plugins/Runtime/Oculus/OculusVR/Shaders to virtual directory /Plugin/OculusVR
LogPluginManager: Mounting plugin PhysXVehicles
LogPluginManager: Mounting plugin ProceduralMeshComponent
LogPluginManager: Mounting plugin RuntimePhysXCooking
LogPluginManager: Mounting plugin SteamVR
LogPluginManager: Mounting plugin WindowsMoviePlayer
LogModuleManager: Display: Found up-to-date module file ../../../../../../Documents/GitHub/FITA/FITA_0/Binaries/Win64/UE4Editor-FITA_0-4349.dll (API version 3709383).
LogModuleManager: Display: Found up-to-date module file ../../../Engine/Plugins/2D/Paper2D/Binaries/Win64/UE4Editor-Paper2D.dll (API version 3709383).
LogModuleManager: Display: Found up-to-date module file ../../../Engine/Plugins/2D/Paper2D/Binaries/Win64/UE4Editor-Paper2DEditor.dll (API version 3709383).
LogModuleManager: Display: Found up-to-date module file ../../../Engine/Plugins/2D/Paper2D/Binaries/Win64/UE4Editor-PaperSpriteSheetImporter.dll (API version 3709383).
LogModuleManager: Display: Found up-to-date module file ../../../Engine/Plugins/2D/Paper2D/Binaries/Win64/UE4Editor-PaperTiledImporter.dll (API version 3709383).
LogModuleManager: Display: Found up-to-date module file ../../../Engine/Plugins/2D/Paper2D/Binaries/Win64/UE4Editor-SmartSnapping.dll (API version 3709383).
LogModuleManager: Display: Found up-to-date module file ../../../Engine/Plugins/Blendables/LightPropagationVolume/Binaries/Win64/UE4Editor-LightPropagationVolumeRuntime.dll (API version 3709383).
LogModuleManager: Display: Found up-to-date module file ../../../Engine/Plugins/Blendables/LightPropagationVolume/Binaries/Win64/UE4Editor-LightPropagationVolumeEditor.dll (API version 3709383).
LogModuleManager: Display: Found up-to-date module file ../../../Engine/Plugins/Developer/GitSourceControl/Binaries/Win64/UE4Editor-GitSourceControl.dll (API version 3709383).
LogModuleManager: Display: Found up-to-date module file ../../../Engine/Plugins/Developer/PerforceSourceControl/Binaries/Win64/UE4Editor-PerforceSourceControl.dll (API version 3709383).
LogModuleManager: Display: Found up-to-date module file ../../../Engine/Plugins/Developer/SubversionSourceControl/Binaries/Win64/UE4Editor-SubversionSourceControl.dll (API version 3709383).
LogModuleManager: Display: Found up-to-date module file ../../../Engine/Plugins/Developer/UObjectPlugin/Binaries/Win64/UE4Editor-UObjectPlugin.dll (API version 3709383).
LogModuleManager: Display: Found up-to-date module file ../../../Engine/Plugins/Developer/VisualStudioCodeSourceCodeAccess/Binaries/Win64/UE4Editor-VisualStudioCodeSourceCodeAccess.dll (API version 3709383).
LogModuleManager: Display: Found up-to-date module file ../../../Engine/Plugins/Developer/VisualStudioSourceCodeAccess/Binaries/Win64/UE4Editor-VisualStudioSourceCodeAccess.dll (API version 3709383).
LogModuleManager: Display: Found up-to-date module file ../../../Engine/Plugins/Editor/AssetManagerEditor/Binaries/Win64/UE4Editor-AssetManagerEditor.dll (API version 3709383).
LogModuleManager: Display: Found up-to-date module file ../../../Engine/Plugins/Editor/AudioCapture/Binaries/Win64/UE4Editor-AudioCapture.dll (API version 3709383).
LogModuleManager: Display: Found up-to-date module file ../../../Engine/Plugins/Editor/FacialAnimation/Binaries/Win64/UE4Editor-FacialAnimation.dll (API version 3709383).
LogModuleManager: Display: Found up-to-date module file ../../../Engine/Plugins/Editor/FacialAnimation/Binaries/Win64/UE4Editor-FacialAnimationEditor.dll (API version 3709383).
LogModuleManager: Display: Found up-to-date module file ../../../Engine/Plugins/Editor/GameplayTagsEditor/Binaries/Win64/UE4Editor-GameplayTagsEditor.dll (API version 3709383).
LogModuleManager: Display: Found up-to-date module file ../../../Engine/Plugins/Editor/MobileLauncherProfileWizard/Binaries/Win64/UE4Editor-MobileLauncherProfileWizard.dll (API version 3709383).
LogModuleManager: Display: Found up-to-date module file ../../../Engine/Plugins/Editor/PluginBrowser/Binaries/Win64/UE4Editor-PluginBrowser.dll (API version 3709383).
LogModuleManager: Display: Found up-to-date module file ../../../Engine/Plugins/Editor/SpeedTreeImporter/Binaries/Win64/UE4Editor-SpeedTreeImporter.dll (API version 3709383).
LogModuleManager: Display: Found up-to-date module file ../../../Engine/Plugins/Experimental/AlembicImporter/Binaries/Win64/UE4Editor-AlembicImporter.dll (API version 3709383).
LogModuleManager: Display: Found up-to-date module file ../../../Engine/Plugins/Experimental/AlembicImporter/Binaries/Win64/UE4Editor-AlembicLibrary.dll (API version 3709383).
LogModuleManager: Display: Found up-to-date module file ../../../Engine/Plugins/Experimental/CharacterAI/Binaries/Win64/UE4Editor-CharacterAI.dll (API version 3709383).
LogModuleManager: Display: Found up-to-date module file ../../../Engine/Plugins/Experimental/HTML5Networking/Binaries/Win64/UE4Editor-HTML5Networking.dll (API version 3709383).
LogModuleManager: Display: Found up-to-date module file ../../../Engine/Plugins/Media/AndroidMedia/Binaries/Win64/UE4Editor-AndroidMediaEditor.dll (API version 3709383).
LogModuleManager: Display: Found up-to-date module file ../../../Engine/Plugins/Media/AndroidMedia/Binaries/Win64/UE4Editor-AndroidMediaFactory.dll (API version 3709383).
LogModuleManager: Display: Found up-to-date module file ../../../Engine/Plugins/Media/AvfMedia/Binaries/Win64/UE4Editor-AvfMediaEditor.dll (API version 3709383).
LogModuleManager: Display: Found up-to-date module file ../../../Engine/Plugins/Media/AvfMedia/Binaries/Win64/UE4Editor-AvfMediaFactory.dll (API version 3709383).
LogModuleManager: Display: Found up-to-date module file ../../../Engine/Plugins/Media/AvfMedia/Binaries/Win64/UE4Editor-AvfMediaFactory.dll (API version 3709383).
LogModuleManager: Display: Found up-to-date module file ../../../Engine/Plugins/Media/ImgMedia/Binaries/Win64/UE4Editor-ImgMedia.dll (API version 3709383).
LogModuleManager: Display: Found up-to-date module file ../../../Engine/Plugins/Media/ImgMedia/Binaries/Win64/UE4Editor-ImgMediaEditor.dll (API version 3709383).
LogModuleManager: Display: Found up-to-date module file ../../../Engine/Plugins/Media/ImgMedia/Binaries/Win64/UE4Editor-ImgMediaFactory.dll (API version 3709383).
LogModuleManager: Display: Found up-to-date module file ../../../Engine/Plugins/Media/ImgMedia/Binaries/Win64/UE4Editor-ImgMediaFactory.dll (API version 3709383).
LogModuleManager: Display: Found up-to-date module file ../../../Engine/Plugins/Media/ImgMedia/Binaries/Win64/UE4Editor-OpenExrWrapper.dll (API version 3709383).
LogModuleManager: Display: Found up-to-date module file ../../../Engine/Plugins/Media/MediaCompositing/Binaries/Win64/UE4Editor-MediaCompositing.dll (API version 3709383).
LogModuleManager: Display: Found up-to-date module file ../../../Engine/Plugins/Media/MediaCompositing/Binaries/Win64/UE4Editor-MediaCompositingEditor.dll (API version 3709383).
LogModuleManager: Display: Found up-to-date module file ../../../Engine/Plugins/Media/MediaPlayerEditor/Binaries/Win64/UE4Editor-MediaPlayerEditor.dll (API version 3709383).
LogModuleManager: Display: Found up-to-date module file ../../../Engine/Plugins/Media/WmfMedia/Binaries/Win64/UE4Editor-WmfMedia.dll (API version 3709383).
LogModuleManager: Display: Found up-to-date module file ../../../Engine/Plugins/Media/WmfMedia/Binaries/Win64/UE4Editor-WmfMediaEditor.dll (API version 3709383).
LogModuleManager: Display: Found up-to-date module file ../../../Engine/Plugins/Media/WmfMedia/Binaries/Win64/UE4Editor-WmfMediaFactory.dll (API version 3709383).
LogModuleManager: Display: Found up-to-date module file ../../../Engine/Plugins/Media/WmfMedia/Binaries/Win64/UE4Editor-WmfMediaFactory.dll (API version 3709383).
LogModuleManager: Display: Found up-to-date module file ../../../Engine/Plugins/Messaging/TcpMessaging/Binaries/Win64/UE4Editor-TcpMessaging.dll (API version 3709383).
LogModuleManager: Display: Found up-to-date module file ../../../Engine/Plugins/Messaging/UdpMessaging/Binaries/Win64/UE4Editor-UdpMessaging.dll (API version 3709383).
LogModuleManager: Display: Found up-to-date module file ../../../Engine/Plugins/MovieScene/ActorSequence/Binaries/Win64/UE4Editor-ActorSequence.dll (API version 3709383).
LogModuleManager: Display: Found up-to-date module file ../../../Engine/Plugins/MovieScene/LevelSequenceEditor/Binaries/Win64/UE4Editor-LevelSequenceEditor.dll (API version 3709383).
LogModuleManager: Display: Found up-to-date module file ../../../Engine/Plugins/MovieScene/MatineeToLevelSequence/Binaries/Win64/UE4Editor-MatineeToLevelSequence.dll (API version 3709383).
LogModuleManager: Display: Found up-to-date module file ../../../Engine/Plugins/Online/OnlineSubsystem/Binaries/Win64/UE4Editor-OnlineSubsystem.dll (API version 3709383).
LogModuleManager: Display: Found up-to-date module file ../../../Engine/Plugins/Online/OnlineSubsystemNull/Binaries/Win64/UE4Editor-OnlineSubsystemNull.dll (API version 3709383).
LogModuleManager: Display: Found up-to-date module file ../../../Engine/Plugins/Online/OnlineSubsystemUtils/Binaries/Win64/UE4Editor-OnlineSubsystemUtils.dll (API version 3709383).
LogModuleManager: Display: Found up-to-date module file ../../../Engine/Plugins/Online/OnlineSubsystemUtils/Binaries/Win64/UE4Editor-OnlineBlueprintSupport.dll (API version 3709383).
LogModuleManager: Display: Found up-to-date module file ../../../Engine/Plugins/Runtime/AndroidDeviceProfileSelector/Binaries/Win64/UE4Editor-AndroidDeviceProfileSelector.dll (API version 3709383).
LogModuleManager: Display: Found up-to-date module file ../../../Engine/Plugins/Runtime/AndroidPermission/Binaries/Win64/UE4Editor-AndroidPermission.dll (API version 3709383).
LogModuleManager: Display: Found up-to-date module file ../../../Engine/Plugins/Runtime/AppleARKit/Binaries/Win64/UE4Editor-AppleARKit.dll (API version 3709383).
LogModuleManager: Display: Found up-to-date module file ../../../Engine/Plugins/Runtime/ArchVisCharacter/Binaries/Win64/UE4Editor-ArchVisCharacter.dll (API version 3709383).
LogModuleManager: Display: Found up-to-date module file ../../../Engine/Plugins/Runtime/CableComponent/Binaries/Win64/UE4Editor-CableComponent.dll (API version 3709383).
LogModuleManager: Display: Found up-to-date module file ../../../Engine/Plugins/Runtime/CustomMeshComponent/Binaries/Win64/UE4Editor-CustomMeshComponent.dll (API version 3709383).
LogModuleManager: Display: Found up-to-date module file ../../../Engine/Plugins/Runtime/ExampleDeviceProfileSelector/Binaries/Win64/UE4Editor-ExampleDeviceProfileSelector.dll (API version 3709383).
LogModuleManager: Display: Found up-to-date module file ../../../Engine/Plugins/Runtime/ImmediatePhysics/Binaries/Win64/UE4Editor-ImmediatePhysics.dll (API version 3709383).
LogModuleManager: Display: Found up-to-date module file ../../../Engine/Plugins/Runtime/ImmediatePhysics/Binaries/Win64/UE4Editor-ImmediatePhysicsEditor.dll (API version 3709383).
LogModuleManager: Display: Found up-to-date module file ../../../Engine/Plugins/Runtime/LocationServicesBPLibrary/Binaries/Win64/UE4Editor-LocationServicesBPLibrary.dll (API version 3709383).
LogModuleManager: Display: Found up-to-date module file ../../../Engine/Plugins/Runtime/MobilePatchingUtils/Binaries/Win64/UE4Editor-MobilePatchingUtils.dll (API version 3709383).
LogModuleManager: Display: Found up-to-date module file ../../../Engine/Plugins/Runtime/Oculus/OculusVR/Binaries/Win64/UE4Editor-OculusHMD.dll (API version 3709383).
LogModuleManager: Display: Found up-to-date module file ../../../Engine/Plugins/Runtime/Oculus/OculusVR/Binaries/Win64/UE4Editor-OculusInput.dll (API version 3709383).
LogModuleManager: Display: Found up-to-date module file ../../../Engine/Plugins/Runtime/Oculus/OculusVR/Binaries/Win64/UE4Editor-OculusEditor.dll (API version 3709383).
LogModuleManager: Display: Found up-to-date module file ../../../Engine/Plugins/Runtime/PhysXVehicles/Binaries/Win64/UE4Editor-PhysXVehicles.dll (API version 3709383).
LogModuleManager: Display: Found up-to-date module file ../../../Engine/Plugins/Runtime/PhysXVehicles/Binaries/Win64/UE4Editor-PhysXVehiclesEditor.dll (API version 3709383).
LogModuleManager: Display: Found up-to-date module file ../../../Engine/Plugins/Runtime/ProceduralMeshComponent/Binaries/Win64/UE4Editor-ProceduralMeshComponent.dll (API version 3709383).
LogModuleManager: Display: Found up-to-date module file ../../../Engine/Plugins/Runtime/ProceduralMeshComponent/Binaries/Win64/UE4Editor-ProceduralMeshComponentEditor.dll (API version 3709383).
LogModuleManager: Display: Found up-to-date module file ../../../Engine/Plugins/Runtime/RuntimePhysXCooking/Binaries/Win64/UE4Editor-RuntimePhysXCooking.dll (API version 3709383).
LogModuleManager: Display: Found up-to-date module file ../../../Engine/Plugins/Runtime/Steam/SteamVR/Binaries/Win64/UE4Editor-SteamVR.dll (API version 3709383).
LogModuleManager: Display: Found up-to-date module file ../../../Engine/Plugins/Runtime/Steam/SteamVR/Binaries/Win64/UE4Editor-SteamVRController.dll (API version 3709383).
LogModuleManager: Display: Found up-to-date module file ../../../Engine/Plugins/Runtime/WindowsMoviePlayer/Binaries/Win64/UE4Editor-WindowsMoviePlayer.dll (API version 3709383).
LogInit: Using libcurl 7.47.1
LogInit:  - built for x86_64-pc-win32
LogInit:  - supports SSL with OpenSSL/1.0.2g
LogInit:  - supports HTTP deflate (compression) using libz 1.2.8
LogInit:  - other features:
LogInit:      CURL_VERSION_SSL
LogInit:      CURL_VERSION_LIBZ
LogInit:      CURL_VERSION_IPV6
LogInit:      CURL_VERSION_ASYNCHDNS
LogInit:      CURL_VERSION_LARGEFILE
LogInit:      CURL_VERSION_IDN
LogInit:  CurlRequestOptions (configurable via config and command line):
LogInit:  - bVerifyPeer = false  - Libcurl will NOT verify peer certificate
LogInit:  - bUseHttpProxy = false  - Libcurl will NOT use HTTP proxy
LogInit:  - bDontReuseConnections = false  - Libcurl will reuse connections
LogInit:  - CertBundlePath = nullptr  - Libcurl will use whatever was configured at build time.
LogInit: Build: ++UE4+Release-4.18-CL-3794801
LogInit: Engine Version: 4.18.2-3794801+++UE4+Release-4.18
LogInit: Compatible Engine Version: 4.18.0-3709383+++UE4+Release-4.18
LogInit: Net CL: 3709383
LogDevObjectVersion: Number of dev versions registered: 16
LogDevObjectVersion:   Dev-Blueprints (B0D832E4-1F89-4F0D-ACCF-7EB736FD4AA2): 10
LogDevObjectVersion:   Dev-Build (E1C64328-A22C-4D53-A36C-8E866417BD8C): 0
LogDevObjectVersion:   Dev-Core (375EC13C-06E4-48FB-B500-84F0262A717E): 2
LogDevObjectVersion:   Dev-Editor (E4B068ED-F494-42E9-A231-DA0B2E46BB41): 20
LogDevObjectVersion:   Dev-Framework (CFFC743F-43B0-4480-9391-14DF171D2073): 30
LogDevObjectVersion:   Dev-Mobile (B02B49B5-BB20-44E9-A304-32B752E40360): 0
LogDevObjectVersion:   Dev-Networking (A4E4105C-59A1-49B5-A7C5-40C4547EDFEE): 0
LogDevObjectVersion:   Dev-Online (39C831C9-5AE6-47DC-9A44-9C173E1C8E7C): 0
LogDevObjectVersion:   Dev-Physics (78F01B33-EBEA-4F98-B9B4-84EACCB95AA2): 0
LogDevObjectVersion:   Dev-Platform (6631380F-2D4D-43E0-8009-CF276956A95A): 0
LogDevObjectVersion:   Dev-Rendering (12F88B9F-8875-4AFC-A67C-D90C383ABD29): 20
LogDevObjectVersion:   Dev-Sequencer (7B5AE74C-D270-4C10-A958-57980B212A5A): 4
LogDevObjectVersion:   Dev-VR (D7296918-1DD6-4BDD-9DE2-64A83CC13884): 0
LogDevObjectVersion:   Dev-LoadTimes (C2A15278-BFE7-4AFE-6C17-90FF531DF755): 1
LogDevObjectVersion:   Private-Geometry (6EACA3D4-40EC-4CC1-B786-8BED09428FC5): 1
LogDevObjectVersion:   Dev-AnimPhys (29E575DD-E0A3-4627-9D10-D276232CDCEA): 12
LogInit: Compiled (64-bit): Dec  8 2017 02:04:53
LogInit: Compiled with Visual C++: 19.00.24215.01
LogInit: Build Configuration: Development
LogInit: Branch Name: ++UE4+Release-4.18
LogInit: Command line: -EpicPortal 
LogInit: Base directory: E:/Program Files/Epic Games/UE_4.18/Engine/Binaries/Win64/
LogInit: Installed Engine Build: 1
LogInit: Presizing for max 8388607 objects, including 0 objects not considered by GC, pre-allocating 0 bytes for permanent pool.
LogInit: Object subsystem initialized
[2018.01.13-22.01.22:691][  0]LogInit: Selected Device Profile: [Windows]
[2018.01.13-22.01.22:691][  0]LogInit: Applying CVar settings loaded from the selected device profile: [Windows]
[2018.01.13-22.01.22:839][  0]LogInit: Computer: PEARL
[2018.01.13-22.01.22:839][  0]LogInit: User: Mrgds2
[2018.01.13-22.01.22:839][  0]LogInit: CPU Page size=4096, Cores=3
[2018.01.13-22.01.22:839][  0]LogInit: High frequency timer resolution =3.429443 MHz
[2018.01.13-22.01.22:854][  0]LogMemory: Memory total: Physical=7.9GB (8GB approx)
[2018.01.13-22.01.22:854][  0]LogMemory: Platform Memory Stats for Windows
[2018.01.13-22.01.22:854][  0]LogMemory: Process Physical Memory: 271.49 MB used, 271.49 MB peak
[2018.01.13-22.01.22:854][  0]LogMemory: Process Virtual Memory: 269.53 MB used, 269.53 MB peak
[2018.01.13-22.01.22:854][  0]LogMemory: Physical Memory: 6246.30 MB used,  1846.57 MB free, 8092.87 MB total
[2018.01.13-22.01.22:854][  0]LogMemory: Virtual Memory: 680.64 MB used,  1846.57 MB free, 134217728.00 MB total
[2018.01.13-22.01.24:084][  0]LogInit: Using OS detected language (en-US).
[2018.01.13-22.01.24:084][  0]LogInit: Using OS detected locale (en-US).
[2018.01.13-22.01.24:468][  0]LogTextLocalizationManager: No specific localization for 'en-US' exists, so the 'en' localization will be used.
[2018.01.13-22.01.25:755][  0]LogInit: Setting process to per monitor DPI aware
[2018.01.13-22.01.32:507][  0]LogD3D11RHI: D3D11 adapters:
[2018.01.13-22.01.32:615][  0]LogD3D11RHI:    0. 'NVIDIA GeForce GTX 970' (Feature Level 11_0)
[2018.01.13-22.01.32:615][  0]LogD3D11RHI:       4058/0/4046 MB DedicatedVideo/DedicatedSystem/SharedSystem, Outputs:2, VendorId:0x10de
[2018.01.13-22.01.32:622][  0]LogD3D11RHI:    1. 'Microsoft Basic Render Driver' (Feature Level 11_0)
[2018.01.13-22.01.32:622][  0]LogD3D11RHI:       0/0/4046 MB DedicatedVideo/DedicatedSystem/SharedSystem, Outputs:0, VendorId:0x1414
[2018.01.13-22.01.32:622][  0]LogD3D11RHI: Chosen D3D11 Adapter: 0
[2018.01.13-22.01.32:636][  0]LogD3D11RHI: Creating new Direct3DDevice
[2018.01.13-22.01.32:637][  0]LogD3D11RHI:     GPU DeviceId: 0x13c2 (for the marketing name, search the web for "GPU Device Id")
[2018.01.13-22.01.32:637][  0]LogWindows: EnumDisplayDevices:
[2018.01.13-22.01.32:637][  0]LogWindows:    0. 'NVIDIA GeForce GTX 970' (P:0 D:1)
[2018.01.13-22.01.32:644][  0]LogWindows:    1. 'NVIDIA GeForce GTX 970' (P:1 D:1)
[2018.01.13-22.01.32:644][  0]LogWindows:    2. 'NVIDIA GeForce GTX 970' (P:0 D:0)
[2018.01.13-22.01.32:644][  0]LogWindows:    3. 'NVIDIA GeForce GTX 970' (P:0 D:0)
[2018.01.13-22.01.32:645][  0]LogWindows: DebugString: GetVideoDriverDetailsInvalid PrimaryIsNotTheChoosenAdapter GetVideoDriverDetailsInvalid PrimaryIsNotTheChoosenAdapter GetVideoDriverDetailsInvalid PrimaryIsNotTheChoosenAdapter GetVideoDriverDetailsInvalid PrimaryIsNotTheChoosenAdapter FoundDriverCount:0 
[2018.01.13-22.01.32:645][  0]LogD3D11RHI:     Adapter Name: NVIDIA GeForce GTX 970
[2018.01.13-22.01.32:645][  0]LogD3D11RHI:   Driver Version: Unknown (internal:Unknown, unified:Unknown)
[2018.01.13-22.01.32:645][  0]LogD3D11RHI:      Driver Date: Unknown
[2018.01.13-22.01.32:645][  0]LogRHI: Texture pool is 2840 MB (70% of 4058 MB)
[2018.01.13-22.01.32:708][  0]LogD3D11RHI: Async texture creation enabled
[2018.01.13-22.01.33:259][  0]LogD3D11RHI: GPU Timing Frequency: 1000.000000 (Debug: 2 2)
[2018.01.13-22.01.33:426][  0]LogShaderCompilers: Guid format shader working directory is 0 characters bigger than the processId version (../../../../../../Documents/GitHub/FITA/FITA_0/Intermediate/Shaders/WorkingDirectory/2764/).
[2018.01.13-22.01.33:427][  0]LogShaderCompilers: Cleaned the shader compiler working directory 'C:/Users/Mrgds/AppData/Local/Temp/UnrealShaderWorkingDir/76AE17B14E61A32055E1C2998B0C5985/'.
[2018.01.13-22.01.33:427][  0]LogShaderCompilers: Display: Using Local Shader Compiler.
[2018.01.13-22.01.42:338][  0]LogTemp: Display: Loaded TP AllDesktopTargetPlatform
[2018.01.13-22.01.42:455][  0]LogTemp: Display: Loaded TP MacClientTargetPlatform
[2018.01.13-22.01.42:574][  0]LogTemp: Display: Loaded TP MacNoEditorTargetPlatform
[2018.01.13-22.01.42:693][  0]LogTemp: Display: Loaded TP MacServerTargetPlatform
[2018.01.13-22.01.42:860][  0]LogTemp: Display: Loaded TP MacTargetPlatform
[2018.01.13-22.01.42:981][  0]LogTemp: Display: Loaded TP WindowsClientTargetPlatform
[2018.01.13-22.01.43:115][  0]LogTemp: Display: Loaded TP WindowsNoEditorTargetPlatform
[2018.01.13-22.01.43:232][  0]LogTemp: Display: Loaded TP WindowsServerTargetPlatform
[2018.01.13-22.01.43:343][  0]LogTemp: Display: Loaded TP WindowsTargetPlatform
[2018.01.13-22.01.43:453][  0]LogTemp: Display: Loaded TP Android_ASTCTargetPlatform
[2018.01.13-22.01.43:564][  0]LogTemp: Display: Loaded TP Android_ATCTargetPlatform
[2018.01.13-22.01.43:677][  0]LogTemp: Display: Loaded TP Android_DXTTargetPlatform
[2018.01.13-22.01.43:790][  0]LogTemp: Display: Loaded TP Android_ETC1TargetPlatform
[2018.01.13-22.01.43:907][  0]LogTemp: Display: Loaded TP Android_ETC2TargetPlatform
[2018.01.13-22.01.44:153][  0]LogTemp: Display: Loaded TP Android_MultiTargetPlatform
[2018.01.13-22.01.44:153][  0]LogTemp: Display: Loaded TP Android_PVRTCTargetPlatform
[2018.01.13-22.01.44:298][  0]LogTemp: Display: Loaded TP AndroidTargetPlatform
[2018.01.13-22.01.44:402][  0]LogTemp: Display: Loaded TP HTML5TargetPlatform
[2018.01.13-22.01.44:691][  0]LogTemp: Display: Loaded TP IOSTargetPlatform
[2018.01.13-22.01.44:766][  0]LogTemp: Display: Loaded TP TVOSTargetPlatform
[2018.01.13-22.01.44:888][  0]LogTemp: Display: Loaded TP LinuxClientTargetPlatform
[2018.01.13-22.01.45:015][  0]LogTemp: Display: Loaded TP LinuxNoEditorTargetPlatform
[2018.01.13-22.01.45:149][  0]LogTemp: Display: Loaded TP LinuxServerTargetPlatform
[2018.01.13-22.01.45:310][  0]LogTemp: Display: Loaded TP LinuxTargetPlatform
[2018.01.13-22.01.45:315][  0]LogTargetPlatformManager: Display: Building Assets For Windows
[2018.01.13-22.01.47:816][  0]LogDerivedDataCache: Display: Max Cache Size: 512 MB
[2018.01.13-22.01.48:496][  0]LogDerivedDataCache: Loaded boot cache 0.68s 78MB C:/Users/Mrgds/AppData/Local/UnrealEngine/4.18/DerivedDataCache/Boot.ddc.
[2018.01.13-22.01.48:496][  0]LogDerivedDataCache: Display: Loaded Boot cache: C:/Users/Mrgds/AppData/Local/UnrealEngine/4.18/DerivedDataCache/Boot.ddc
[2018.01.13-22.01.48:497][  0]LogDerivedDataCache: FDerivedDataBackendGraph:  Pak pak cache file ../../../../../../Documents/GitHub/FITA/FITA_0/DerivedDataCache/DDC.ddp not found, will not use a pak cache.
[2018.01.13-22.01.48:497][  0]LogDerivedDataCache: Unable to find inner node Pak for hierarchical cache Hierarchy.
[2018.01.13-22.01.48:497][  0]LogDerivedDataCache: FDerivedDataBackendGraph:  CompressedPak pak cache file ../../../../../../Documents/GitHub/FITA/FITA_0/DerivedDataCache/Compressed.ddp not found, will not use a pak cache.
[2018.01.13-22.01.48:497][  0]LogDerivedDataCache: Unable to find inner node CompressedPak for hierarchical cache Hierarchy.
[2018.01.13-22.01.48:667][  0]LogDerivedDataCache: Display: Pak cache opened for reading ../../../Engine/DerivedDataCache/Compressed.ddp.
[2018.01.13-22.01.48:681][  0]LogDerivedDataCache: Using Local data cache path C:/Users/Mrgds/AppData/Local/UnrealEngine/Common/DerivedDataCache: Writable
[2018.01.13-22.01.48:796][  0]LogMaterial: Verifying Global Shaders for PCD3D_SM5
[2018.01.13-22.01.48:906][  0]LogSlate: Using Freetype 2.6.0
[2018.01.13-22.01.49:090][  0]LogSlate: SlateFontCache - WITH_FREETYPE: 1, WITH_HARFBUZZ: 1
[2018.01.13-22.01.49:096][  0]LogSlate: SlateFontCache - WITH_FREETYPE: 1, WITH_HARFBUZZ: 1
[2018.01.13-22.02.01:148][  0]LogInit: Selected Device Profile: [Windows]
[2018.01.13-22.02.03:722][  0]LogSimplygon: Simplygon DLL not present - disabling.
[2018.01.13-22.02.03:866][  0]LogMeshReduction: Using SimplygonSwarm for distributed automatic mesh merging
[2018.01.13-22.02.03:867][  0]LogMeshReduction: Using QuadricMeshReduction for automatic static mesh reduction
[2018.01.13-22.02.03:867][  0]LogMeshReduction: No automatic skeletal mesh reduction module available
[2018.01.13-22.02.03:867][  0]LogMeshReduction: No automatic mesh merging module available
[2018.01.13-22.02.03:867][  0]LogMeshMerging: No automatic mesh merging module available
[2018.01.13-22.02.04:722][  0]LogNetVersion: FITA_0 , NetCL: 3709383, EngineNetVer: 2, GameNetVer: 0 (Checksum: 2661453100)
[2018.01.13-22.02.07:471][  0]LogAssetRegistry: FAssetRegistry took 0.0600 seconds to start up
[2018.01.13-22.02.18:376][  0]LogPackageLocalizationCache: Processed 7 localized package path(s) for 2 prioritized culture(s) in 0.228663 seconds
[2018.01.13-22.02.18:416][  0]LogUObjectArray: 35900 objects as part of root set at end of initial load.
[2018.01.13-22.02.18:416][  0]LogUObjectAllocator: 7372016 out of 0 bytes used by permanent object pool.
[2018.01.13-22.02.18:416][  0]LogUObjectArray: CloseDisregardForGC: 0/0 objects in disregard for GC pool
[2018.01.13-22.02.18:638][  0]LogInit: WinSock: version 1.1 (2.2), MaxSocks=32767, MaxUdp=65467
[2018.01.13-22.02.50:737][  0]LogTcpMessaging: Initializing TcpMessaging bridge
[2018.01.13-22.02.50:847][  0]LogUdpMessaging: Initializing bridge on interface 0.0.0.0:0 to multicast group 230.0.0.1:6666.
[2018.01.13-22.02.54:305][  0]LogMaterial: Uniform references updated for custom material expression Custom.
[2018.01.13-22.02.56:356][  0]SourceControl: Source control is disabled
[2018.01.13-22.02.56:384][  0]SourceControl: Source control is disabled
[2018.01.13-22.02.56:602][  0]SourceControl: Source control is disabled
[2018.01.13-22.02.56:805][  0]SourceControl: Source control is disabled
[2018.01.13-22.02.59:904][  0]LogAndroidPermission: UAndroidPermissionCallbackProxy::GetInstance
[2018.01.13-22.03.00:731][  0]LogOcInput: OculusInput pre-init called
[2018.01.13-22.03.02:166][  0]LogEngine: Initializing Engine...
[2018.01.13-22.03.02:450][  0]LogHMD: Failed to initialize OpenVR with code 105
[2018.01.13-22.03.03:872][  0]LogStats: UGameplayTagsManager::ConstructGameplayTagTree: Construct from data asset -  0.000 s
[2018.01.13-22.03.03:873][  0]LogStats: UGameplayTagsManager::ConstructGameplayTagTree: GameplayTagTreeChangedEvent.Broadcast -  0.000 s
[2018.01.13-22.03.05:016][  0]LogAIModule: Creating AISystem for world Untitled
[2018.01.13-22.03.05:225][  0]LogInit: XAudio2 using 'Speakers (Razer Surround Audio Controller)' : 6 channels at 48 kHz using 16 bits per sample (channel mask 0x3f)
[2018.01.13-22.03.05:243][  0]LogInit: FAudioDevice initialized.
[2018.01.13-22.03.05:387][  0]LogDerivedDataCache: Saved boot cache 0.12s 78MB C:/Users/Mrgds/AppData/Local/UnrealEngine/4.18/DerivedDataCache/Boot.ddc.
[2018.01.13-22.03.05:424][  0]LogInit: Texture streaming: Enabled
[2018.01.13-22.03.05:849][  0]LogEngineSessionManager: EngineSessionManager initialized
[2018.01.13-22.03.05:850][  0]LogEngineSessionManager: EngineSessionManager sent abnormal shutdown report. Type=Crashed, SessionId={11BD4BBD-4663-5CEB-A734-ED9D59ED1F83}
[2018.01.13-22.03.06:464][  0]LogInit: Transaction tracking system initialized
[2018.01.13-22.03.07:661][  0]BlueprintLog: New page: Editor Load
[2018.01.13-22.03.11:848][  0]LocalizationService: Localization service is disabled
[2018.01.13-22.03.15:040][  0]LogConsoleResponse: Display: 
[2018.01.13-22.03.20:733][  0]LogFileCache: Scanning file cache for directory 'E:/Documents/GitHub/FITA/FITA_0/Content/' took 0.08s
[2018.01.13-22.03.20:733][  0]LogCook: Display: Max memory allowance for cook 16384mb min free memory 0mb
[2018.01.13-22.03.20:815][  0]LogCook: Display: Mobile HDR setting 1
[2018.01.13-22.03.20:917][  0]LogGameplayTags: Display: UGameplayTagsManager::DoneAddingNativeTags. DelegateIsBound: 0
[2018.01.13-22.03.26:582][  0]SourceControl: Source control is disabled
[2018.01.13-22.03.26:644][  0]Cmd: MAP LOAD FILE="../../../../../../Documents/GitHub/FITA/FITA_0/Content/Level_0.umap" TEMPLATE=0 SHOWPROGRESS=1 FEATURELEVEL=3
[2018.01.13-22.03.26:704][  0]LightingResults: New page: Lighting Build
[2018.01.13-22.03.27:121][  0]MapCheck: New page: Map Check
[2018.01.13-22.03.27:121][  0]LightingResults: New page: Lighting Build
[2018.01.13-22.03.32:477][  0]LogAIModule: Creating AISystem for world Level_0
[2018.01.13-22.03.33:256][  0]LogEditorServer: Finished looking for orphan Actors (0.000 secs)
[2018.01.13-22.03.33:393][  0]Cmd: MAP CHECKDEP NOCLEARLOG
[2018.01.13-22.03.33:512][  0]MapCheck: Map check complete: 0 Error(s), 0 Warning(s), took 119.621ms to complete.
[2018.01.13-22.03.33:513][  0]LogFileHelpers: Loading map 'Level_0' took 6.883
[2018.01.13-22.03.36:326][  0]LogCollectionManager: Loaded 0 collections in 0.003447 seconds
[2018.01.13-22.03.36:577][  0]LogFileCache: Scanning file cache for directory 'E:/Documents/GitHub/FITA/FITA_0/Saved/Collections/' took 0.01s
[2018.01.13-22.03.36:578][  0]LogFileCache: Scanning file cache for directory 'E:/Documents/GitHub/FITA/FITA_0/Content/Developers/Mrgds2/Collections/' took 0.01s
[2018.01.13-22.03.36:578][  0]LogFileCache: Scanning file cache for directory 'E:/Documents/GitHub/FITA/FITA_0/Content/Collections/' took 0.01s
[2018.01.13-22.03.36:578][  0]LogCollectionManager: Rebuilt the GUID cache for 0 collections in 0.000001 seconds
[2018.01.13-22.03.36:633][  0]LogContentBrowser: Native class hierarchy populated in 0.0545 seconds. Added 2368 classes and 523 folders.
[2018.01.13-22.03.37:008][  0]LogContentBrowser: Native class hierarchy updated for 'WidgetCarousel' in 0.0015 seconds. Added 0 classes and 0 folders.
[2018.01.13-22.03.39:469][  0]LogContentBrowser: Native class hierarchy updated for 'AddContentDialog' in 0.0024 seconds. Added 0 classes and 0 folders.
[2018.01.13-22.03.40:535][  0]LogSlate: Took 0.014394 seconds to synchronously load lazily loaded font '../../../Engine/Content/Slate/Fonts/Roboto-Regular.ttf' (155K)
[2018.01.13-22.03.40:659][  0]LogSlate: Took 0.007120 seconds to synchronously load lazily loaded font '../../../Engine/Content/Slate/Fonts/Roboto-Bold.ttf' (160K)
[2018.01.13-22.03.40:701][  0]LogSlate: Took 0.023375 seconds to synchronously load lazily loaded font '../../../Engine/Content/Editor/Slate/Fonts/FontAwesome.ttf' (139K)
[2018.01.13-22.03.40:719][  0]LogSlate: Took 0.017119 seconds to synchronously load lazily loaded font '../../../Engine/Content/Editor/Slate/Fonts/DroidSansMono.ttf' (77K)
[2018.01.13-22.03.41:655][  0]LogRenderer: Reallocating scene render targets to support 1200x688 Format 10 NumSamples 1 (Frame:1).
[2018.01.13-22.03.42:748][  0]LogContentBrowser: Native class hierarchy updated for 'HierarchicalLODOutliner' in 0.0016 seconds. Added 1 classes and 2 folders.
[2018.01.13-22.03.42:748][  0]LogLoad: (Engine Initialization) Total time: 177.52 seconds
[2018.01.13-22.03.42:748][  0]LogLoad: (Engine Initialization) Total Blueprint compile time: 0.00 seconds
[2018.01.13-22.03.42:781][  0]LogExternalProfiler: Found external profiler: VSPerf
[2018.01.13-22.03.42:781][  0]LogExternalProfiler: Using external profiler: VSPerf
[2018.01.13-22.03.43:285][  0]LogContentStreaming: Texture pool size now 1000 MB
[2018.01.13-22.03.43:921][  4]LogAssetRegistry: Asset discovery search completed in 96.4733 seconds
[2018.01.13-22.03.43:962][  4]LogCollectionManager: Rebuilt the object cache for 0 collections in 0.000001 seconds (found 0 objects)
[2018.01.13-22.03.43:962][  4]LogCollectionManager: Fixed up redirectors for 0 collections in 0.019147 seconds (updated 0 objects)
[2018.01.13-22.03.48:499][376]LogVSAccessor: Warning: Couldn't access Visual Studio
[2018.01.13-22.03.48:595][376]Candidate modules for hot reload:
[2018.01.13-22.03.48:595][376]  FITA_0
[2018.01.13-22.03.48:605][376]Launching UnrealBuildTool... [E:/Program Files/Epic Games/UE_4.18/Engine/Binaries/DotNET/UnrealBuildTool.exe FITA_0 -ModuleWithSuffix FITA_0 6803 Win64 Development -editorrecompile -canskiplink "E:/Documents/GitHub/FITA/FITA_0/FITA_0.uproject" ]
[2018.01.13-22.03.48:816][376]Warning: Starting HotReload took  0.4s.
[2018.01.13-22.12.33:910][977]CompilerResultsLog: New page: Compilation - Jan 13, 2018, 12:12:33 PM
[2018.01.13-22.12.33:911][977]CompilerResultsLog: Using 'git status' to determine working set for adaptive non-unity build.
[2018.01.13-22.12.33:911][977]CompilerResultsLog: Compiling game modules for hot reload
[2018.01.13-22.12.33:911][977]CompilerResultsLog: Parsing headers for FITA_0Editor
[2018.01.13-22.12.33:912][977]CompilerResultsLog:   Running UnrealHeaderTool "E:\Documents\GitHub\FITA\FITA_0\FITA_0.uproject" "E:\Documents\GitHub\FITA\FITA_0\Intermediate\Build\Win64\FITA_0Editor\Development\FITA_0Editor.uhtmanifest" -LogCmds="loginit warning, logexit warning, logdatabase error" -Unattended -WarningsAsErrors -installed
[2018.01.13-22.12.33:912][977]CompilerResultsLog: Reflection code generated for FITA_0Editor in 50.8252955 seconds
[2018.01.13-22.12.33:913][977]CompilerResultsLog: Performing 4 actions (3 in parallel)
[2018.01.13-22.12.33:913][977]CompilerResultsLog: Grabber.gen.cpp
[2018.01.13-22.12.33:913][977]CompilerResultsLog: Grabber.cpp
[2018.01.13-22.12.33:913][977]CompilerResultsLog: [3/4] Link UE4Editor-FITA_0-6803.dll
[2018.01.13-22.12.33:913][977]CompilerResultsLog: [4/4] Link UE4Editor-FITA_0-6803.lib
[2018.01.13-22.12.33:913][977]CompilerResultsLog:    Creating library E:\Documents\GitHub\FITA\FITA_0\Intermediate\Build\Win64\UE4Editor\Development\UE4Editor-FITA_0-6803.lib and object E:\Documents\GitHub\FITA\FITA_0\Intermediate\Build\Win64\UE4Editor\Development\UE4Editor-FITA_0-6803.exp
[2018.01.13-22.12.33:914][977]CompilerResultsLog:    Creating library E:\Documents\GitHub\FITA\FITA_0\Intermediate\Build\Win64\UE4Editor\Development\UE4Editor-FITA_0-6803.suppressed.lib and object E:\Documents\GitHub\FITA\FITA_0\Intermediate\Build\Win64\UE4Editor\Development\UE4Editor-FITA_0-6803.suppressed.exp
[2018.01.13-22.12.33:914][977]CompilerResultsLog: Total build time: 523.99 seconds (Local executor: 456.58 seconds)
[2018.01.13-22.12.33:930][977]LogMainFrame: MainFrame: Module compiling took 525.416 seconds
[2018.01.13-22.12.35:936][977]LogClass: Could not find existing class Grabber in package /Script/FITA_0 for HotReload, assuming new class
[2018.01.13-22.12.35:965][977]LogHotReload: Re-instancing Grabber after hot-reload.
[2018.01.13-22.12.36:656][977]LogContentBrowser: Native class hierarchy updated for 'FITA_0' in 0.0016 seconds. Added 4 classes and 2 folders.
[2018.01.13-22.12.36:661][977]Display: HotReload successful (0 functions remapped  0 scriptstructs remapped)
[2018.01.13-22.12.36:829][977]LogContentBrowser: Native class hierarchy populated in 0.0218 seconds. Added 2369 classes and 525 folders.
[2018.01.13-22.12.36:876][977]Display: HotReload took 528.4s.
[2018.01.13-22.15.46:626][545]LogTemp: Repeating last play command: New Editor Window (PIE)
[2018.01.13-22.15.46:830][545]LogPlayLevel: PlayLevel: No blueprints needed recompiling
[2018.01.13-22.15.46:953][545]PIE: New page: PIE session: Level_0 (Jan 13, 2018, 12:15:46 PM)
[2018.01.13-22.15.46:979][545]LogPlayLevel: Creating play world package: /Game/UEDPIE_0_Level_0
[2018.01.13-22.15.47:054][545]LogPlayLevel: PIE: StaticDuplicateObject took: (0.075013s)
[2018.01.13-22.15.47:055][545]LogAIModule: Creating AISystem for world Level_0
[2018.01.13-22.15.47:076][545]LogPlayLevel: PIE: World Init took: (0.022224s)
[2018.01.13-22.15.47:093][545]LogPlayLevel: PIE: Created PIE world by copying editor world from /Game/Level_0.Level_0 to /Game/UEDPIE_0_Level_0.Level_0 (0.114489s)
[2018.01.13-22.15.47:158][545]LogInit: XAudio2 using 'Speakers (Razer Surround Audio Controller)' : 6 channels at 48 kHz using 16 bits per sample (channel mask 0x3f)
[2018.01.13-22.15.47:165][545]LogInit: FAudioDevice initialized.
[2018.01.13-22.15.47:414][545]LogLoad: Game class is 'MyFITA_0GameModeBase_BP_C'
[2018.01.13-22.15.47:549][545]LogWorld: Bringing World /Game/UEDPIE_0_Level_0.Level_0 up for play (max tick rate 0) at 2018.01.13-17.15.47
[2018.01.13-22.15.47:632][545]LogWorld: Bringing up level for play took: 0.088087
[2018.01.13-22.15.48:240][545]LogContentBrowser: Native class hierarchy updated for 'MovieSceneCapture' in 0.0012 seconds. Added 11 classes and 0 folders.
[2018.01.13-22.15.48:346][545]LogTemp: Warning: Grabber has spawned
[2018.01.13-22.15.48:346][545]LogTemp: Warning: SM_Chair2_8 is at X=-220.000 Y=380.000 Z=20.000 
[2018.01.13-22.15.48:376][545]PIE: Play in editor start time for /Game/UEDPIE_0_Level_0 2.36
[2018.01.13-22.15.48:673][545]LogRenderer: Reallocating scene render targets to support 1292x756 Format 10 NumSamples 1 (Frame:1).
[2018.01.13-22.15.52:125][690]LogTemp: Warning: Your looking at the: SM_Chair3_11 
[2018.01.13-22.15.52:149][691]LogTemp: Warning: Your looking at the: SM_Chair3_11 
[2018.01.13-22.15.52:171][692]LogTemp: Warning: Your looking at the: SM_Chair3_11 
[2018.01.13-22.15.52:193][693]LogTemp: Warning: Your looking at the: SM_Chair3_11 
[2018.01.13-22.15.52:215][694]LogTemp: Warning: Your looking at the: SM_Chair3_11 
[2018.01.13-22.15.52:237][695]LogTemp: Warning: Your looking at the: SM_Chair3_11 
[2018.01.13-22.15.52:259][696]LogTemp: Warning: Your looking at the: SM_Chair3_11 
[2018.01.13-22.15.52:280][697]LogTemp: Warning: Your looking at the: SM_Chair3_11 
[2018.01.13-22.15.52:302][698]LogTemp: Warning: Your looking at the: SM_Chair3_11 
[2018.01.13-22.15.52:324][699]LogTemp: Warning: Your looking at the: SM_Chair3_11 
[2018.01.13-22.15.52:346][700]LogTemp: Warning: Your looking at the: SM_Chair3_11 
[2018.01.13-22.15.52:368][701]LogTemp: Warning: Your looking at the: SM_Chair3_11 
[2018.01.13-22.15.52:389][702]LogTemp: Warning: Your looking at the: SM_Chair3_11 
[2018.01.13-22.15.52:412][703]LogTemp: Warning: Your looking at the: SM_Chair3_11 
[2018.01.13-22.15.52:435][704]LogTemp: Warning: Your looking at the: SM_Chair3_11 
[2018.01.13-22.15.52:456][705]LogTemp: Warning: Your looking at the: SM_Chair3_11 
[2018.01.13-22.15.52:478][706]LogTemp: Warning: Your looking at the: SM_Chair3_11 
[2018.01.13-22.15.52:500][707]LogTemp: Warning: Your looking at the: SM_Chair3_11 
[2018.01.13-22.15.52:523][708]LogTemp: Warning: Your looking at the: SM_Chair3_11 
[2018.01.13-22.15.52:544][709]LogTemp: Warning: Your looking at the: SM_Chair3_11 
[2018.01.13-22.15.52:567][710]LogTemp: Warning: Your looking at the: SM_Chair3_11 
[2018.01.13-22.15.52:588][711]LogTemp: Warning: Your looking at the: SM_Chair3_11 
[2018.01.13-22.15.52:610][712]LogTemp: Warning: Your looking at the: SM_Chair3_11 
[2018.01.13-22.15.52:631][713]LogTemp: Warning: Your looking at the: SM_Chair3_11 
[2018.01.13-22.15.52:653][714]LogTemp: Warning: Your looking at the: SM_Chair3_11 
[2018.01.13-22.15.52:675][715]LogTemp: Warning: Your looking at the: SM_Chair3_11 
[2018.01.13-22.15.52:698][716]LogTemp: Warning: Your looking at the: SM_Chair3_11 
[2018.01.13-22.15.52:721][717]LogTemp: Warning: Your looking at the: SM_Chair3_11 
[2018.01.13-22.15.52:743][718]LogTemp: Warning: Your looking at the: SM_Chair3_11 
[2018.01.13-22.15.52:765][719]LogTemp: Warning: Your looking at the: SM_Chair3_11 
[2018.01.13-22.15.52:787][720]LogTemp: Warning: Your looking at the: SM_Chair3_11 
[2018.01.13-22.15.52:809][721]LogTemp: Warning: Your looking at the: SM_Chair3_11 
[2018.01.13-22.15.53:274][742]LogTemp: Warning: Your looking at the: SM_Chair4_14 
[2018.01.13-22.15.53:296][743]LogTemp: Warning: Your looking at the: SM_Chair4_14 
[2018.01.13-22.15.53:319][744]LogTemp: Warning: Your looking at the: SM_Chair4_14 
[2018.01.13-22.15.53:341][745]LogTemp: Warning: Your looking at the: SM_Chair4_14 
[2018.01.13-22.15.53:362][746]LogTemp: Warning: Your looking at the: SM_Chair4_14 
[2018.01.13-22.15.53:385][747]LogTemp: Warning: Your looking at the: SM_Chair4_14 
[2018.01.13-22.15.53:406][748]LogTemp: Warning: Your looking at the: SM_Chair4_14 
[2018.01.13-22.15.53:429][749]LogTemp: Warning: Your looking at the: SM_Chair4_14 
[2018.01.13-22.15.53:451][750]LogTemp: Warning: Your looking at the: SM_Chair4_14 
[2018.01.13-22.15.53:472][751]LogTemp: Warning: Your looking at the: SM_Chair4_14 
[2018.01.13-22.15.53:493][752]LogTemp: Warning: Your looking at the: SM_Chair4_14 
[2018.01.13-22.15.53:517][753]LogTemp: Warning: Your looking at the: SM_Chair4_14 
[2018.01.13-22.15.53:539][754]LogTemp: Warning: Your looking at the: SM_Chair4_14 
[2018.01.13-22.15.53:561][755]LogTemp: Warning: Your looking at the: SM_Chair4_14 
[2018.01.13-22.15.53:583][756]LogTemp: Warning: Your looking at the: SM_Chair4_14 
[2018.01.13-22.15.53:606][757]LogTemp: Warning: Your looking at the: SM_Chair4_14 
[2018.01.13-22.15.53:628][758]LogTemp: Warning: Your looking at the: SM_Chair4_14 
[2018.01.13-22.15.53:650][759]LogTemp: Warning: Your looking at the: SM_Chair4_14 
[2018.01.13-22.15.53:672][760]LogTemp: Warning: Your looking at the: SM_Chair4_14 
[2018.01.13-22.15.53:695][761]LogTemp: Warning: Your looking at the: SM_Chair4_14 
[2018.01.13-22.15.53:718][762]LogTemp: Warning: Your looking at the: SM_Chair4_14 
[2018.01.13-22.15.53:741][763]LogTemp: Warning: Your looking at the: SM_Chair4_14 
[2018.01.13-22.15.53:763][764]LogTemp: Warning: Your looking at the: SM_Chair4_14 
[2018.01.13-22.15.53:786][765]LogTemp: Warning: Your looking at the: SM_Chair4_14 
[2018.01.13-22.15.53:808][766]LogTemp: Warning: Your looking at the: SM_Chair4_14 
[2018.01.13-22.15.53:829][767]LogTemp: Warning: Your looking at the: SM_Chair4_14 
[2018.01.13-22.15.53:852][768]LogTemp: Warning: Your looking at the: SM_Chair4_14 
[2018.01.13-22.15.53:874][769]LogTemp: Warning: Your looking at the: SM_Chair4_14 
[2018.01.13-22.15.53:897][770]LogTemp: Warning: Your looking at the: SM_Chair4_14 
[2018.01.13-22.15.53:920][771]LogTemp: Warning: Your looking at the: SM_Chair4_14 
[2018.01.13-22.15.53:942][772]LogTemp: Warning: Your looking at the: SM_Chair4_14 
[2018.01.13-22.15.53:965][773]LogTemp: Warning: Your looking at the: SM_Chair4_14 
[2018.01.13-22.15.53:988][774]LogTemp: Warning: Your looking at the: SM_Chair4_14 
[2018.01.13-22.15.54:032][775]LogTemp: Warning: Your looking at the: SM_Chair4_14 
[2018.01.13-22.15.54:061][776]LogTemp: Warning: Your looking at the: SM_Chair4_14 
[2018.01.13-22.15.54:089][777]LogTemp: Warning: Your looking at the: SM_TableRound_5 
[2018.01.13-22.15.55:081][816]LogTemp: Warning: Your looking at the: SM_Chair3_11 
[2018.01.13-22.15.55:107][817]LogTemp: Warning: Your looking at the: SM_Chair3_11 
[2018.01.13-22.15.55:134][818]LogTemp: Warning: Your looking at the: SM_Chair3_11 
[2018.01.13-22.15.55:176][819]LogTemp: Warning: Your looking at the: SM_Chair3_11 
[2018.01.13-22.15.55:203][820]LogTemp: Warning: Your looking at the: SM_Chair3_11 
[2018.01.13-22.15.55:233][821]LogTemp: Warning: Your looking at the: SM_Chair3_11 
[2018.01.13-22.15.56:630][875]LogTemp: Warning: Your looking at the: SM_Chair4_14 
[2018.01.13-22.15.56:654][876]LogTemp: Warning: Your looking at the: SM_Chair4_14 
[2018.01.13-22.15.56:676][877]LogTemp: Warning: Your looking at the: SM_Chair4_14 
[2018.01.13-22.15.56:698][878]LogTemp: Warning: Your looking at the: SM_Chair4_14 
[2018.01.13-22.15.56:720][879]LogTemp: Warning: Your looking at the: SM_Chair4_14 
[2018.01.13-22.15.56:743][880]LogTemp: Warning: Your looking at the: SM_Chair4_14 
[2018.01.13-22.15.56:765][881]LogTemp: Warning: Your looking at the: SM_Chair4_14 
[2018.01.13-22.15.56:788][882]LogTemp: Warning: Your looking at the: SM_Chair4_14 
[2018.01.13-22.15.56:812][883]LogTemp: Warning: Your looking at the: SM_Chair4_14 
[2018.01.13-22.15.56:834][884]LogTemp: Warning: Your looking at the: SM_TableRound_5 
[2018.01.13-22.15.56:858][885]LogTemp: Warning: Your looking at the: SM_TableRound_5 
[2018.01.13-22.15.56:879][886]LogTemp: Warning: Your looking at the: SM_TableRound_5 
[2018.01.13-22.15.56:899][887]LogTemp: Warning: Your looking at the: SM_TableRound_5 
[2018.01.13-22.15.56:921][888]LogTemp: Warning: Your looking at the: SM_TableRound_5 
[2018.01.13-22.15.56:943][889]LogTemp: Warning: Your looking at the: SM_TableRound_5 
[2018.01.13-22.15.56:966][890]LogTemp: Warning: Your looking at the: SM_TableRound_5 
[2018.01.13-22.15.57:008][892]LogTemp: Warning: Your looking at the: SM_Chair3_11 
[2018.01.13-22.15.57:030][893]LogTemp: Warning: Your looking at the: SM_Chair3_11 
[2018.01.13-22.15.57:053][894]LogTemp: Warning: Your looking at the: SM_Chair3_11 
[2018.01.13-22.15.57:074][895]LogTemp: Warning: Your looking at the: SM_Chair3_11 
[2018.01.13-22.15.57:118][897]LogTemp: Warning: Your looking at the: SM_TableRound_5 
[2018.01.13-22.15.57:141][898]LogTemp: Warning: Your looking at the: SM_TableRound_5 
[2018.01.13-22.15.57:165][899]LogTemp: Warning: Your looking at the: SM_TableRound_5 
[2018.01.13-22.15.57:188][900]LogTemp: Warning: Your looking at the: SM_TableRound_5 
[2018.01.13-22.15.57:209][901]LogTemp: Warning: Your looking at the: SM_TableRound_5 
[2018.01.13-22.15.57:231][902]LogTemp: Warning: Your looking at the: SM_TableRound_5 
[2018.01.13-22.15.57:253][903]LogTemp: Warning: Your looking at the: SM_TableRound_5 
[2018.01.13-22.15.57:275][904]LogTemp: Warning: Your looking at the: SM_TableRound_5 
[2018.01.13-22.15.57:298][905]LogTemp: Warning: Your looking at the: SM_TableRound_5 
[2018.01.13-22.15.57:320][906]LogTemp: Warning: Your looking at the: SM_TableRound_5 
[2018.01.13-22.15.57:341][907]LogTemp: Warning: Your looking at the: SM_TableRound_5 
[2018.01.13-22.15.57:363][908]LogTemp: Warning: Your looking at the: SM_Chair4_14 
[2018.01.13-22.15.57:386][909]LogTemp: Warning: Your looking at the: SM_Chair4_14 
[2018.01.13-22.15.57:408][910]LogTemp: Warning: Your looking at the: SM_Chair4_14 
[2018.01.13-22.15.57:428][911]LogTemp: Warning: Your looking at the: SM_Chair4_14 
[2018.01.13-22.15.57:448][912]LogTemp: Warning: Your looking at the: SM_Chair4_14 
[2018.01.13-22.15.57:470][913]LogTemp: Warning: Your looking at the: SM_Chair4_14 
[2018.01.13-22.16.00:594][ 56]LogTemp: Warning: Your looking at the: SM_Chair3_11 
[2018.01.13-22.16.00:617][ 57]LogTemp: Warning: Your looking at the: SM_Chair3_11 
[2018.01.13-22.16.00:640][ 58]LogTemp: Warning: Your looking at the: SM_Chair3_11 
[2018.01.13-22.20.24:571][375]LogVSAccessor: Warning: Couldn't access Visual Studio
[2018.01.13-22.20.24:584][375]Candidate modules for hot reload:
[2018.01.13-22.20.24:584][375]  FITA_0
[2018.01.13-22.20.24:584][375]Launching UnrealBuildTool... [E:/Program Files/Epic Games/UE_4.18/Engine/Binaries/DotNET/UnrealBuildTool.exe FITA_0 -ModuleWithSuffix FITA_0 5151 Win64 Development -editorrecompile -canskiplink "E:/Documents/GitHub/FITA/FITA_0/FITA_0.uproject" ]
[2018.01.13-22.20.25:972][375]Warning: Starting HotReload took  1.5s.
[2018.01.13-22.26.47:695][383]CompilerResultsLog: New page: Compilation - Jan 13, 2018, 12:26:47 PM
[2018.01.13-22.26.47:696][383]CompilerResultsLog: Using 'git status' to determine working set for adaptive non-unity build.
[2018.01.13-22.26.47:696][383]CompilerResultsLog: Compiling game modules for hot reload
[2018.01.13-22.26.47:696][383]CompilerResultsLog: Parsing headers for FITA_0Editor
[2018.01.13-22.26.47:696][383]CompilerResultsLog:   Running UnrealHeaderTool "E:\Documents\GitHub\FITA\FITA_0\FITA_0.uproject" "E:\Documents\GitHub\FITA\FITA_0\Intermediate\Build\Win64\FITA_0Editor\Development\FITA_0Editor.uhtmanifest" -LogCmds="loginit warning, logexit warning, logdatabase error" -Unattended -WarningsAsErrors -installed
[2018.01.13-22.26.47:697][383]CompilerResultsLog: Reflection code generated for FITA_0Editor in 51.3444084 seconds
[2018.01.13-22.26.47:697][383]CompilerResultsLog: Performing 4 actions (3 in parallel)
[2018.01.13-22.26.47:697][383]CompilerResultsLog: Grabber.gen.cpp
[2018.01.13-22.26.47:697][383]CompilerResultsLog: Grabber.cpp
[2018.01.13-22.26.47:697][383]CompilerResultsLog: [3/4] Link UE4Editor-FITA_0-5151.dll
[2018.01.13-22.26.47:697][383]CompilerResultsLog: [4/4] Link UE4Editor-FITA_0-5151.lib
[2018.01.13-22.26.47:697][383]CompilerResultsLog:    Creating library E:\Documents\GitHub\FITA\FITA_0\Intermediate\Build\Win64\UE4Editor\Development\UE4Editor-FITA_0-5151.lib and object E:\Documents\GitHub\FITA\FITA_0\Intermediate\Build\Win64\UE4Editor\Development\UE4Editor-FITA_0-5151.exp
[2018.01.13-22.26.47:698][383]CompilerResultsLog:    Creating library E:\Documents\GitHub\FITA\FITA_0\Intermediate\Build\Win64\UE4Editor\Development\UE4Editor-FITA_0-5151.suppressed.lib and object E:\Documents\GitHub\FITA\FITA_0\Intermediate\Build\Win64\UE4Editor\Development\UE4Editor-FITA_0-5151.suppressed.exp
[2018.01.13-22.26.47:698][383]CompilerResultsLog: Total build time: 380.31 seconds (Local executor: 284.38 seconds)
[2018.01.13-22.26.47:699][383]LogMainFrame: MainFrame: Module compiling took 383.128 seconds
[2018.01.13-22.26.49:469][383]LogClass: Could not find existing class Grabber in package /Script/FITA_0 for HotReload, assuming new class
[2018.01.13-22.26.49:482][383]LogHotReload: Re-instancing Grabber after hot-reload.
[2018.01.13-22.26.49:604][383]LogContentBrowser: Native class hierarchy updated for 'FITA_0' in 0.0011 seconds. Added 4 classes and 2 folders.
[2018.01.13-22.26.49:607][383]Display: HotReload successful (0 functions remapped  0 scriptstructs remapped)
[2018.01.13-22.26.49:684][383]LogContentBrowser: Native class hierarchy populated in 0.0150 seconds. Added 2369 classes and 525 folders.
[2018.01.13-22.26.49:684][383]Display: HotReload took 385.2s.
[2018.01.13-22.27.41:998][262]LogTemp: Repeating last play command: New Editor Window (PIE)
[2018.01.13-22.27.42:021][262]LogPlayLevel: PlayLevel: No blueprints needed recompiling
[2018.01.13-22.27.42:022][262]PIE: New page: PIE session: Level_0 (Jan 13, 2018, 12:27:42 PM)
[2018.01.13-22.27.42:022][262]LogPlayLevel: Creating play world package: /Game/UEDPIE_0_Level_0
[2018.01.13-22.27.42:047][262]LogPlayLevel: PIE: StaticDuplicateObject took: (0.024810s)
[2018.01.13-22.27.42:541][262]LogAIModule: Creating AISystem for world Level_0
[2018.01.13-22.27.42:542][262]LogPlayLevel: PIE: World Init took: (0.494363s)
[2018.01.13-22.27.42:542][262]LogPlayLevel: PIE: Created PIE world by copying editor world from /Game/Level_0.Level_0 to /Game/UEDPIE_0_Level_0.Level_0 (0.519912s)
[2018.01.13-22.27.42:583][262]LogInit: XAudio2 using 'Speakers (Razer Surround Audio Controller)' : 6 channels at 48 kHz using 16 bits per sample (channel mask 0x3f)
[2018.01.13-22.27.42:589][262]LogInit: FAudioDevice initialized.
[2018.01.13-22.27.42:660][262]LogLoad: Game class is 'MyFITA_0GameModeBase_BP_C'
[2018.01.13-22.27.42:662][262]LogWorld: Bringing World /Game/UEDPIE_0_Level_0.Level_0 up for play (max tick rate 0) at 2018.01.13-17.27.42
[2018.01.13-22.27.42:663][262]LogWorld: Bringing up level for play took: 0.002179
[2018.01.13-22.27.42:665][262]LogTemp: Warning: Grabber has spawned
[2018.01.13-22.27.42:665][262]LogTemp: Warning: SM_Chair2_8 is at X=-220.000 Y=380.000 Z=20.000 
[2018.01.13-22.27.42:669][262]PIE: Play in editor start time for /Game/UEDPIE_0_Level_0 0.653
[2018.01.13-22.28.10:902][134]LogSlate: Took 0.069470 seconds to synchronously load lazily loaded font '../../../Engine/Content/Slate/Fonts/Roboto-Light.ttf' (159K)
[2018.01.13-22.28.19:686][378]LogSlate: Took 0.000312 seconds to synchronously load lazily loaded font '../../../Engine/Content/Slate/Fonts/Roboto-Light.ttf' (159K)
[2018.01.13-22.28.24:161][378]LogSlate: Took 0.057254 seconds to synchronously load lazily loaded font '../../../Engine/Content/Slate/Fonts/Roboto-Regular.ttf' (155K)
[2018.01.13-22.28.27:968][378]LogContentBrowser: Native class hierarchy updated for 'BlueprintGraph' in 0.0018 seconds. Added 116 classes and 0 folders.
[2018.01.13-22.28.33:170][378]LogSlate: Took 0.203538 seconds to synchronously load lazily loaded font '../../../Engine/Content/Editor/Slate/Fonts/Roboto-BoldCondensed.ttf' (158K)
[2018.01.13-22.29.01:110][323]LogSlate: Took 0.027906 seconds to synchronously load lazily loaded font '../../../Engine/Content/Editor/Slate/Fonts/Roboto-Italic.ttf' (157K)
[2018.01.13-22.29.18:539][776]BlueprintLog: New page: Compile DefaultPawn_BP
[2018.01.13-22.29.30:073][275]Cmd: OBJ SAVEPACKAGE PACKAGE="/Game/DefaultPawn_BP" FILE="../../../../../../Documents/GitHub/FITA/FITA_0/Content/DefaultPawn_BP.uasset" SILENT=true
[2018.01.13-22.29.30:458][275]LogSavePackage: Save=107.09ms
[2018.01.13-22.29.30:458][275]LogSavePackage: Moving '../../../../../../Documents/GitHub/FITA/FITA_0/Saved/DefaultPawn_BP113F18CB406EEC022B6B4987112501D5.tmp' to '../../../../../../Documents/GitHub/FITA/FITA_0/Content/DefaultPawn_BP.uasset'
[2018.01.13-22.29.30:523][275]LogSavePackage: Display: Finished SavePackage ../../../../../../Documents/GitHub/FITA/FITA_0/Content/DefaultPawn_BP.uasset
[2018.01.13-22.29.34:315][557]LogTemp: Repeating last play command: New Editor Window (PIE)
[2018.01.13-22.29.34:355][557]LogPlayLevel: PlayLevel: No blueprints needed recompiling
[2018.01.13-22.29.34:355][557]PIE: New page: PIE session: Level_0 (Jan 13, 2018, 12:29:34 PM)
[2018.01.13-22.29.34:356][557]LogPlayLevel: Creating play world package: /Game/UEDPIE_0_Level_0
[2018.01.13-22.29.34:364][557]LogPlayLevel: PIE: StaticDuplicateObject took: (0.007709s)
[2018.01.13-22.29.34:364][557]LogAIModule: Creating AISystem for world Level_0
[2018.01.13-22.29.34:365][557]LogPlayLevel: PIE: World Init took: (0.001021s)
[2018.01.13-22.29.34:365][557]LogPlayLevel: PIE: Created PIE world by copying editor world from /Game/Level_0.Level_0 to /Game/UEDPIE_0_Level_0.Level_0 (0.009428s)
[2018.01.13-22.29.34:440][557]LogInit: XAudio2 using 'Speakers (Razer Surround Audio Controller)' : 6 channels at 48 kHz using 16 bits per sample (channel mask 0x3f)
[2018.01.13-22.29.34:446][557]LogInit: FAudioDevice initialized.
[2018.01.13-22.29.34:514][557]LogLoad: Game class is 'MyFITA_0GameModeBase_BP_C'
[2018.01.13-22.29.34:517][557]LogWorld: Bringing World /Game/UEDPIE_0_Level_0.Level_0 up for play (max tick rate 0) at 2018.01.13-17.29.34
[2018.01.13-22.29.34:517][557]LogWorld: Bringing up level for play took: 0.002397
[2018.01.13-22.29.34:519][557]LogTemp: Warning: Grabber has spawned
[2018.01.13-22.29.34:519][557]LogTemp: Warning: SM_Chair2_8 is at X=-220.000 Y=380.000 Z=20.000 
[2018.01.13-22.29.34:523][557]PIE: Play in editor start time for /Game/UEDPIE_0_Level_0 0.508
[2018.01.13-22.29.45:856][984]LogVSAccessor: Warning: Couldn't access Visual Studio
[2018.01.13-22.29.45:867][984]Candidate modules for hot reload:
[2018.01.13-22.29.45:867][984]  FITA_0
[2018.01.13-22.29.45:868][984]Launching UnrealBuildTool... [E:/Program Files/Epic Games/UE_4.18/Engine/Binaries/DotNET/UnrealBuildTool.exe FITA_0 -ModuleWithSuffix FITA_0 1015 Win64 Development -editorrecompile -canskiplink "E:/Documents/GitHub/FITA/FITA_0/FITA_0.uproject" ]
[2018.01.13-22.29.46:008][984]Warning: Starting HotReload took  0.2s.
[2018.01.13-22.29.53:470][155]CompilerResultsLog: New page: Compilation - Jan 13, 2018, 12:29:53 PM
[2018.01.13-22.29.53:471][155]CompilerResultsLog: Using 'git status' to determine working set for adaptive non-unity build.
[2018.01.13-22.29.53:471][155]CompilerResultsLog: Compiling game modules for hot reload
[2018.01.13-22.29.53:471][155]CompilerResultsLog: Target is up to date
[2018.01.13-22.29.53:471][155]CompilerResultsLog: Total build time: 6.89 seconds (NoActionsToExecute executor: 0.00 seconds)
[2018.01.13-22.29.53:471][155]LogMainFrame: MainFrame: Module compiling took 7.615 seconds
[2018.01.13-22.29.53:846][155]LogContentBrowser: Native class hierarchy populated in 0.0149 seconds. Added 2369 classes and 525 folders.
[2018.01.13-22.29.53:847][155]Display: HotReload took  8.0s.
[2018.01.13-22.29.56:866][210]LogPlayLevel: PlayLevel: No blueprints needed recompiling
[2018.01.13-22.29.56:867][210]PIE: New page: PIE session: Level_0 (Jan 13, 2018, 12:29:56 PM)
[2018.01.13-22.29.56:867][210]LogPlayLevel: Creating play world package: /Game/UEDPIE_0_Level_0
[2018.01.13-22.29.56:877][210]LogPlayLevel: PIE: StaticDuplicateObject took: (0.009554s)
[2018.01.13-22.29.56:878][210]LogAIModule: Creating AISystem for world Level_0
[2018.01.13-22.29.56:879][210]LogPlayLevel: PIE: World Init took: (0.001670s)
[2018.01.13-22.29.56:879][210]LogPlayLevel: PIE: Created PIE world by copying editor world from /Game/Level_0.Level_0 to /Game/UEDPIE_0_Level_0.Level_0 (0.012425s)
[2018.01.13-22.29.56:981][210]LogInit: XAudio2 using 'Speakers (Razer Surround Audio Controller)' : 6 channels at 48 kHz using 16 bits per sample (channel mask 0x3f)
[2018.01.13-22.29.56:987][210]LogInit: FAudioDevice initialized.
[2018.01.13-22.29.57:111][210]LogLoad: Game class is 'MyFITA_0GameModeBase_BP_C'
[2018.01.13-22.29.57:113][210]LogWorld: Bringing World /Game/UEDPIE_0_Level_0.Level_0 up for play (max tick rate 0) at 2018.01.13-17.29.57
[2018.01.13-22.29.57:114][210]LogWorld: Bringing up level for play took: 0.001912
[2018.01.13-22.29.57:115][210]LogTemp: Warning: Grabber has spawned
[2018.01.13-22.29.57:115][210]LogTemp: Warning: SM_Chair2_8 is at X=-220.000 Y=380.000 Z=20.000 
[2018.01.13-22.29.57:116][210]PIE: Play in editor start time for /Game/UEDPIE_0_Level_0 1.1
[2018.01.13-22.30.26:472][495]LogVSAccessor: Warning: Couldn't access Visual Studio
[2018.01.13-22.30.26:514][495]Candidate modules for hot reload:
[2018.01.13-22.30.26:514][495]  FITA_0
[2018.01.13-22.30.26:514][495]Launching UnrealBuildTool... [E:/Program Files/Epic Games/UE_4.18/Engine/Binaries/DotNET/UnrealBuildTool.exe FITA_0 -ModuleWithSuffix FITA_0 3478 Win64 Development -editorrecompile -canskiplink "E:/Documents/GitHub/FITA/FITA_0/FITA_0.uproject" ]
[2018.01.13-22.30.26:672][495]Warning: Starting HotReload took  0.2s.
[2018.01.13-22.34.54:623][801]CompilerResultsLog: New page: Compilation - Jan 13, 2018, 12:34:54 PM
[2018.01.13-22.34.54:624][801]CompilerResultsLog: Using 'git status' to determine working set for adaptive non-unity build.
[2018.01.13-22.34.54:624][801]CompilerResultsLog: Compiling game modules for hot reload
[2018.01.13-22.34.54:624][801]CompilerResultsLog: Parsing headers for FITA_0Editor
[2018.01.13-22.34.54:624][801]CompilerResultsLog:   Running UnrealHeaderTool "E:\Documents\GitHub\FITA\FITA_0\FITA_0.uproject" "E:\Documents\GitHub\FITA\FITA_0\Intermediate\Build\Win64\FITA_0Editor\Development\FITA_0Editor.uhtmanifest" -LogCmds="loginit warning, logexit warning, logdatabase error" -Unattended -WarningsAsErrors -installed
[2018.01.13-22.34.54:625][801]CompilerResultsLog: Reflection code generated for FITA_0Editor in 49.0755664 seconds
[2018.01.13-22.34.54:625][801]CompilerResultsLog: Performing 4 actions (3 in parallel)
[2018.01.13-22.34.54:625][801]CompilerResultsLog: Grabber.cpp
[2018.01.13-22.34.54:625][801]CompilerResultsLog: Grabber.gen.cpp
[2018.01.13-22.34.54:626][801]CompilerResultsLog: [3/4] Link UE4Editor-FITA_0-3478.dll
[2018.01.13-22.34.54:626][801]CompilerResultsLog: [4/4] Link UE4Editor-FITA_0-3478.lib
[2018.01.13-22.34.54:626][801]CompilerResultsLog:    Creating library E:\Documents\GitHub\FITA\FITA_0\Intermediate\Build\Win64\UE4Editor\Development\UE4Editor-FITA_0-3478.lib and object E:\Documents\GitHub\FITA\FITA_0\Intermediate\Build\Win64\UE4Editor\Development\UE4Editor-FITA_0-3478.exp
[2018.01.13-22.34.54:626][801]CompilerResultsLog:    Creating library E:\Documents\GitHub\FITA\FITA_0\Intermediate\Build\Win64\UE4Editor\Development\UE4Editor-FITA_0-3478.suppressed.lib and object E:\Documents\GitHub\FITA\FITA_0\Intermediate\Build\Win64\UE4Editor\Development\UE4Editor-FITA_0-3478.suppressed.exp
[2018.01.13-22.34.54:627][801]CompilerResultsLog: Total build time: 267.62 seconds (Local executor: 216.33 seconds)
[2018.01.13-22.34.54:627][801]LogMainFrame: MainFrame: Module compiling took 268.155 seconds
[2018.01.13-22.34.56:254][801]LogClass: Could not find existing class Grabber in package /Script/FITA_0 for HotReload, assuming new class
[2018.01.13-22.34.56:263][801]LogHotReload: Re-instancing Grabber after hot-reload.
[2018.01.13-22.34.56:395][801]LogContentBrowser: Native class hierarchy updated for 'FITA_0' in 0.0013 seconds. Added 4 classes and 2 folders.
[2018.01.13-22.34.56:399][801]Display: HotReload successful (0 functions remapped  0 scriptstructs remapped)
[2018.01.13-22.34.56:841][801]LogContentBrowser: Native class hierarchy populated in 0.0149 seconds. Added 2369 classes and 525 folders.
[2018.01.13-22.34.56:841][801]Display: HotReload took 270.4s.
[2018.01.13-22.38.59:790][439]LogTemp: Repeating last play command: Selected Viewport
[2018.01.13-22.38.59:815][439]LogPlayLevel: PlayLevel: No blueprints needed recompiling
[2018.01.13-22.38.59:815][439]PIE: New page: PIE session: Level_0 (Jan 13, 2018, 12:38:59 PM)
[2018.01.13-22.38.59:815][439]LogPlayLevel: Creating play world package: /Game/UEDPIE_0_Level_0
[2018.01.13-22.38.59:838][439]LogPlayLevel: PIE: StaticDuplicateObject took: (0.022889s)
[2018.01.13-22.38.59:840][439]LogAIModule: Creating AISystem for world Level_0
[2018.01.13-22.38.59:840][439]LogPlayLevel: PIE: World Init took: (0.001816s)
[2018.01.13-22.38.59:841][439]LogPlayLevel: PIE: Created PIE world by copying editor world from /Game/Level_0.Level_0 to /Game/UEDPIE_0_Level_0.Level_0 (0.025617s)
[2018.01.13-22.38.59:947][439]LogInit: XAudio2 using 'Speakers (Razer Surround Audio Controller)' : 6 channels at 48 kHz using 16 bits per sample (channel mask 0x3f)
[2018.01.13-22.38.59:953][439]LogInit: FAudioDevice initialized.
[2018.01.13-22.38.59:987][439]LogLoad: Game class is 'MyFITA_0GameModeBase_BP_C'
[2018.01.13-22.38.59:989][439]LogWorld: Bringing World /Game/UEDPIE_0_Level_0.Level_0 up for play (max tick rate 0) at 2018.01.13-17.38.59
[2018.01.13-22.38.59:990][439]LogWorld: Bringing up level for play took: 0.001752
[2018.01.13-22.38.59:991][439]LogTemp: Warning: Grabber has spawned
[2018.01.13-22.39.10:295][439]LogWindows: Error: === Critical error: ===
[2018.01.13-22.39.10:295][439]LogWindows: Error: 
[2018.01.13-22.39.10:295][439]LogWindows: Error: Fatal error!
[2018.01.13-22.39.10:295][439]LogWindows: Error: 
[2018.01.13-22.39.10:295][439]LogWindows: Error: Unhandled Exception: EXCEPTION_ACCESS_VIOLATION reading address 0x000000bb
[2018.01.13-22.39.10:295][439]LogWindows: Error: 
[2018.01.13-22.39.10:295][439]LogWindows: Error: [Callstack] 0x00000000337F253E UE4Editor-FITA_0-3478.dll!UGrabber::BeginPlay() [e:\documents\github\fita\fita_0\source\fita_0\grabber.cpp:28]
[2018.01.13-22.39.10:295][439]LogWindows: Error: [Callstack] 0x00000000268EF78A UE4Editor-Engine.dll!UnknownFunction []
[2018.01.13-22.39.10:295][439]LogWindows: Error: [Callstack] 0x00000000268FCAEB UE4Editor-Engine.dll!UnknownFunction []
[2018.01.13-22.39.10:295][439]LogWindows: Error: [Callstack] 0x0000000027AF5790 UE4Editor-Engine.dll!UnknownFunction []
[2018.01.13-22.39.10:295][439]LogWindows: Error: [Callstack] 0x000000002704DAC1 UE4Editor-Engine.dll!UnknownFunction []
[2018.01.13-22.39.10:295][439]LogWindows: Error: [Callstack] 0x0000000027AE06AE UE4Editor-Engine.dll!UnknownFunction []
[2018.01.13-22.39.10:295][439]LogWindows: Error: [Callstack] 0x00000000270704CE UE4Editor-Engine.dll!UnknownFunction []
[2018.01.13-22.39.10:295][439]LogWindows: Error: [Callstack] 0x0000000036C4B235 UE4Editor-UnrealEd.dll!UnknownFunction []
[2018.01.13-22.39.10:295][439]LogWindows: Error: [Callstack] 0x0000000036C7556E UE4Editor-UnrealEd.dll!UnknownFunction []
[2018.01.13-22.39.10:295][439]LogWindows: Error: [Callstack] 0x0000000036C9192F UE4Editor-UnrealEd.dll!UnknownFunction []
[2018.01.13-22.39.10:295][439]LogWindows: Error: [Callstack] 0x00000000366E6024 UE4Editor-UnrealEd.dll!UnknownFunction []
[2018.01.13-22.39.10:295][439]LogWindows: Error: [Callstack] 0x0000000036F94AC6 UE4Editor-UnrealEd.dll!UnknownFunction []
[2018.01.13-22.39.10:295][439]LogWindows: Error: [Callstack] 0x00000000BFCA5A26 UE4Editor.exe!UnknownFunction []
[2018.01.13-22.39.10:295][439]LogWindows: Error: [Callstack] 0x00000000BFCB5430 UE4Editor.exe!UnknownFunction []
[2018.01.13-22.39.10:295][439]LogWindows: Error: [Callstack] 0x00000000BFCB54AA UE4Editor.exe!UnknownFunction []
[2018.01.13-22.39.10:295][439]LogWindows: Error: [Callstack] 0x00000000BFCC2379 UE4Editor.exe!UnknownFunction []
[2018.01.13-22.39.10:295][439]LogWindows: Error: [Callstack] 0x00000000BFCC3D57 UE4Editor.exe!UnknownFunction []
[2018.01.13-22.39.10:295][439]LogWindows: Error: [Callstack] 0x0000000069D81FE4 KERNEL32.DLL!UnknownFunction []
[2018.01.13-22.39.10:295][439]LogWindows: Error: [Callstack] 0x000000006A42EF91 ntdll.dll!UnknownFunction []
[2018.01.13-22.39.10:295][439]LogWindows: Error: [Callstack] 0x000000006A42EF91 ntdll.dll!UnknownFunction []
[2018.01.13-22.39.10:295][439]LogWindows: Error: 
[2018.01.13-22.39.10:325][439]LogExit: Executing StaticShutdownAfterError
[2018.01.13-22.39.10:488][439]LogWindows: FPlatformMisc::RequestExit(1)
[2018.01.13-22.39.10:505][439]Log file closed, 01/13/18 17:39:10
