Log file open, 01/13/18 17:39:29
LogWindows: Failed to load 'aqProf.dll' (GetLastError=126)
LogWindows: File 'aqProf.dll' does not exist
LogWindows: Failed to load 'VtuneApi.dll' (GetLastError=126)
LogWindows: File 'VtuneApi.dll' does not exist
LogWindows: Failed to load 'VtuneApi32e.dll' (GetLastError=126)
LogWindows: File 'VtuneApi32e.dll' does not exist
LogInit: Display: Running engine without a game
LogPlatformFile: Not using cached read wrapper
LogInit: Display: Loading recent project file: ../../../../../../Documents/GitHub/FITA/FITA_0/FITA_0.uproject
LogInit: Display: RandInit(2089724532) SRandInit(2089724532).
LogInit: Read version file with build ID '3709383'
LogInit: Overriding engine version to CL 3794801, compatible CL 3709383
LogInit: Registered custom module enumerator with build ID '3709383'
LogTaskGraph: Started task graph with 5 named threads and 11 total threads with 3 sets of task threads.
LogStats: Stats thread started at 0.190802
LogD3D11RHI: Aftermath initialized
LogPluginManager: Mounting plugin Paper2D
LogPluginManager: Mounting plugin LightPropagationVolume
LogPluginManager: Mounting plugin CodeLiteSourceCodeAccess
LogPluginManager: Mounting plugin GitSourceControl
LogPluginManager: Mounting plugin KDevelopSourceCodeAccess
LogPluginManager: Mounting plugin NullSourceCodeAccess
LogPluginManager: Mounting plugin PerforceSourceControl
LogPluginManager: Mounting plugin SubversionSourceControl
LogPluginManager: Mounting plugin UObjectPlugin
LogPluginManager: Mounting plugin VisualStudioCodeSourceCodeAccess
LogPluginManager: Mounting plugin VisualStudioSourceCodeAccess
LogPluginManager: Mounting plugin XCodeSourceCodeAccess
LogPluginManager: Mounting plugin AssetManagerEditor
LogPluginManager: Mounting plugin AudioCapture
LogPluginManager: Mounting plugin FacialAnimation
LogPluginManager: Mounting plugin GameplayTagsEditor
LogPluginManager: Mounting plugin MobileLauncherProfileWizard
LogPluginManager: Mounting plugin PluginBrowser
LogPluginManager: Mounting plugin SpeedTreeImporter
LogPluginManager: Mounting plugin AlembicImporter
LogPluginManager: Mounting plugin CharacterAI
LogPluginManager: Mounting plugin HTML5Networking
LogPluginManager: Mounting plugin AndroidMedia
LogPluginManager: Mounting plugin AvfMedia
LogPluginManager: Mounting plugin ImgMedia
LogPluginManager: Mounting plugin MediaCompositing
LogPluginManager: Mounting plugin MediaPlayerEditor
LogPluginManager: Mounting plugin WmfMedia
LogPluginManager: Mounting plugin TcpMessaging
LogPluginManager: Mounting plugin UdpMessaging
LogPluginManager: Mounting plugin ActorSequence
LogPluginManager: Mounting plugin LevelSequenceEditor
LogPluginManager: Mounting plugin MatineeToLevelSequence
LogPluginManager: Mounting plugin OnlineSubsystemGooglePlay
LogPluginManager: Mounting plugin OnlineSubsystemIOS
LogPluginManager: Mounting plugin OnlineSubsystem
LogPluginManager: Mounting plugin OnlineSubsystemNull
LogPluginManager: Mounting plugin OnlineSubsystemUtils
LogPluginManager: Mounting plugin AndroidDeviceProfileSelector
LogPluginManager: Mounting plugin AndroidMoviePlayer
LogPluginManager: Mounting plugin AndroidPermission
LogPluginManager: Mounting plugin AppleARKit
LogPluginManager: Mounting plugin AppleMoviePlayer
LogPluginManager: Mounting plugin ArchVisCharacter
LogPluginManager: Mounting plugin CableComponent
LogPluginManager: Mounting plugin CustomMeshComponent
LogPluginManager: Mounting plugin ExampleDeviceProfileSelector
LogPluginManager: Mounting plugin GoogleCloudMessaging
LogPluginManager: Mounting plugin ImmediatePhysics
LogPluginManager: Mounting plugin IOSDeviceProfileSelector
LogPluginManager: Mounting plugin LinuxDeviceProfileSelector
LogPluginManager: Mounting plugin LocationServicesBPLibrary
LogPluginManager: Mounting plugin MobilePatchingUtils
LogPluginManager: Mounting plugin OculusVR
LogPluginManager: Plugin shader directory ../../../Engine/Plugins/Runtime/Oculus/OculusVR/Shaders found
LogPluginManager: Mapping shader source directory ../../../Engine/Plugins/Runtime/Oculus/OculusVR/Shaders to virtual directory /Plugin/OculusVR
LogPluginManager: Mounting plugin PhysXVehicles
LogPluginManager: Mounting plugin ProceduralMeshComponent
LogPluginManager: Mounting plugin RuntimePhysXCooking
LogPluginManager: Mounting plugin SteamVR
LogPluginManager: Mounting plugin WindowsMoviePlayer
LogModuleManager: Display: Found up-to-date module file ../../../../../../Documents/GitHub/FITA/FITA_0/Binaries/Win64/UE4Editor-FITA_0-3478.dll (API version 3709383).
LogModuleManager: Display: Found up-to-date module file ../../../Engine/Plugins/2D/Paper2D/Binaries/Win64/UE4Editor-Paper2D.dll (API version 3709383).
LogModuleManager: Display: Found up-to-date module file ../../../Engine/Plugins/2D/Paper2D/Binaries/Win64/UE4Editor-Paper2DEditor.dll (API version 3709383).
LogModuleManager: Display: Found up-to-date module file ../../../Engine/Plugins/2D/Paper2D/Binaries/Win64/UE4Editor-PaperSpriteSheetImporter.dll (API version 3709383).
LogModuleManager: Display: Found up-to-date module file ../../../Engine/Plugins/2D/Paper2D/Binaries/Win64/UE4Editor-PaperTiledImporter.dll (API version 3709383).
LogModuleManager: Display: Found up-to-date module file ../../../Engine/Plugins/2D/Paper2D/Binaries/Win64/UE4Editor-SmartSnapping.dll (API version 3709383).
LogModuleManager: Display: Found up-to-date module file ../../../Engine/Plugins/Blendables/LightPropagationVolume/Binaries/Win64/UE4Editor-LightPropagationVolumeRuntime.dll (API version 3709383).
LogModuleManager: Display: Found up-to-date module file ../../../Engine/Plugins/Blendables/LightPropagationVolume/Binaries/Win64/UE4Editor-LightPropagationVolumeEditor.dll (API version 3709383).
LogModuleManager: Display: Found up-to-date module file ../../../Engine/Plugins/Developer/GitSourceControl/Binaries/Win64/UE4Editor-GitSourceControl.dll (API version 3709383).
LogModuleManager: Display: Found up-to-date module file ../../../Engine/Plugins/Developer/PerforceSourceControl/Binaries/Win64/UE4Editor-PerforceSourceControl.dll (API version 3709383).
LogModuleManager: Display: Found up-to-date module file ../../../Engine/Plugins/Developer/SubversionSourceControl/Binaries/Win64/UE4Editor-SubversionSourceControl.dll (API version 3709383).
LogModuleManager: Display: Found up-to-date module file ../../../Engine/Plugins/Developer/UObjectPlugin/Binaries/Win64/UE4Editor-UObjectPlugin.dll (API version 3709383).
LogModuleManager: Display: Found up-to-date module file ../../../Engine/Plugins/Developer/VisualStudioCodeSourceCodeAccess/Binaries/Win64/UE4Editor-VisualStudioCodeSourceCodeAccess.dll (API version 3709383).
LogModuleManager: Display: Found up-to-date module file ../../../Engine/Plugins/Developer/VisualStudioSourceCodeAccess/Binaries/Win64/UE4Editor-VisualStudioSourceCodeAccess.dll (API version 3709383).
LogModuleManager: Display: Found up-to-date module file ../../../Engine/Plugins/Editor/AssetManagerEditor/Binaries/Win64/UE4Editor-AssetManagerEditor.dll (API version 3709383).
LogModuleManager: Display: Found up-to-date module file ../../../Engine/Plugins/Editor/AudioCapture/Binaries/Win64/UE4Editor-AudioCapture.dll (API version 3709383).
LogModuleManager: Display: Found up-to-date module file ../../../Engine/Plugins/Editor/FacialAnimation/Binaries/Win64/UE4Editor-FacialAnimation.dll (API version 3709383).
LogModuleManager: Display: Found up-to-date module file ../../../Engine/Plugins/Editor/FacialAnimation/Binaries/Win64/UE4Editor-FacialAnimationEditor.dll (API version 3709383).
LogModuleManager: Display: Found up-to-date module file ../../../Engine/Plugins/Editor/GameplayTagsEditor/Binaries/Win64/UE4Editor-GameplayTagsEditor.dll (API version 3709383).
LogModuleManager: Display: Found up-to-date module file ../../../Engine/Plugins/Editor/MobileLauncherProfileWizard/Binaries/Win64/UE4Editor-MobileLauncherProfileWizard.dll (API version 3709383).
LogModuleManager: Display: Found up-to-date module file ../../../Engine/Plugins/Editor/PluginBrowser/Binaries/Win64/UE4Editor-PluginBrowser.dll (API version 3709383).
LogModuleManager: Display: Found up-to-date module file ../../../Engine/Plugins/Editor/SpeedTreeImporter/Binaries/Win64/UE4Editor-SpeedTreeImporter.dll (API version 3709383).
LogModuleManager: Display: Found up-to-date module file ../../../Engine/Plugins/Experimental/AlembicImporter/Binaries/Win64/UE4Editor-AlembicImporter.dll (API version 3709383).
LogModuleManager: Display: Found up-to-date module file ../../../Engine/Plugins/Experimental/AlembicImporter/Binaries/Win64/UE4Editor-AlembicLibrary.dll (API version 3709383).
LogModuleManager: Display: Found up-to-date module file ../../../Engine/Plugins/Experimental/CharacterAI/Binaries/Win64/UE4Editor-CharacterAI.dll (API version 3709383).
LogModuleManager: Display: Found up-to-date module file ../../../Engine/Plugins/Experimental/HTML5Networking/Binaries/Win64/UE4Editor-HTML5Networking.dll (API version 3709383).
LogModuleManager: Display: Found up-to-date module file ../../../Engine/Plugins/Media/AndroidMedia/Binaries/Win64/UE4Editor-AndroidMediaEditor.dll (API version 3709383).
LogModuleManager: Display: Found up-to-date module file ../../../Engine/Plugins/Media/AndroidMedia/Binaries/Win64/UE4Editor-AndroidMediaFactory.dll (API version 3709383).
LogModuleManager: Display: Found up-to-date module file ../../../Engine/Plugins/Media/AvfMedia/Binaries/Win64/UE4Editor-AvfMediaEditor.dll (API version 3709383).
LogModuleManager: Display: Found up-to-date module file ../../../Engine/Plugins/Media/AvfMedia/Binaries/Win64/UE4Editor-AvfMediaFactory.dll (API version 3709383).
LogModuleManager: Display: Found up-to-date module file ../../../Engine/Plugins/Media/AvfMedia/Binaries/Win64/UE4Editor-AvfMediaFactory.dll (API version 3709383).
LogModuleManager: Display: Found up-to-date module file ../../../Engine/Plugins/Media/ImgMedia/Binaries/Win64/UE4Editor-ImgMedia.dll (API version 3709383).
LogModuleManager: Display: Found up-to-date module file ../../../Engine/Plugins/Media/ImgMedia/Binaries/Win64/UE4Editor-ImgMediaEditor.dll (API version 3709383).
LogModuleManager: Display: Found up-to-date module file ../../../Engine/Plugins/Media/ImgMedia/Binaries/Win64/UE4Editor-ImgMediaFactory.dll (API version 3709383).
LogModuleManager: Display: Found up-to-date module file ../../../Engine/Plugins/Media/ImgMedia/Binaries/Win64/UE4Editor-ImgMediaFactory.dll (API version 3709383).
LogModuleManager: Display: Found up-to-date module file ../../../Engine/Plugins/Media/ImgMedia/Binaries/Win64/UE4Editor-OpenExrWrapper.dll (API version 3709383).
LogModuleManager: Display: Found up-to-date module file ../../../Engine/Plugins/Media/MediaCompositing/Binaries/Win64/UE4Editor-MediaCompositing.dll (API version 3709383).
LogModuleManager: Display: Found up-to-date module file ../../../Engine/Plugins/Media/MediaCompositing/Binaries/Win64/UE4Editor-MediaCompositingEditor.dll (API version 3709383).
LogModuleManager: Display: Found up-to-date module file ../../../Engine/Plugins/Media/MediaPlayerEditor/Binaries/Win64/UE4Editor-MediaPlayerEditor.dll (API version 3709383).
LogModuleManager: Display: Found up-to-date module file ../../../Engine/Plugins/Media/WmfMedia/Binaries/Win64/UE4Editor-WmfMedia.dll (API version 3709383).
LogModuleManager: Display: Found up-to-date module file ../../../Engine/Plugins/Media/WmfMedia/Binaries/Win64/UE4Editor-WmfMediaEditor.dll (API version 3709383).
LogModuleManager: Display: Found up-to-date module file ../../../Engine/Plugins/Media/WmfMedia/Binaries/Win64/UE4Editor-WmfMediaFactory.dll (API version 3709383).
LogModuleManager: Display: Found up-to-date module file ../../../Engine/Plugins/Media/WmfMedia/Binaries/Win64/UE4Editor-WmfMediaFactory.dll (API version 3709383).
LogModuleManager: Display: Found up-to-date module file ../../../Engine/Plugins/Messaging/TcpMessaging/Binaries/Win64/UE4Editor-TcpMessaging.dll (API version 3709383).
LogModuleManager: Display: Found up-to-date module file ../../../Engine/Plugins/Messaging/UdpMessaging/Binaries/Win64/UE4Editor-UdpMessaging.dll (API version 3709383).
LogModuleManager: Display: Found up-to-date module file ../../../Engine/Plugins/MovieScene/ActorSequence/Binaries/Win64/UE4Editor-ActorSequence.dll (API version 3709383).
LogModuleManager: Display: Found up-to-date module file ../../../Engine/Plugins/MovieScene/LevelSequenceEditor/Binaries/Win64/UE4Editor-LevelSequenceEditor.dll (API version 3709383).
LogModuleManager: Display: Found up-to-date module file ../../../Engine/Plugins/MovieScene/MatineeToLevelSequence/Binaries/Win64/UE4Editor-MatineeToLevelSequence.dll (API version 3709383).
LogModuleManager: Display: Found up-to-date module file ../../../Engine/Plugins/Online/OnlineSubsystem/Binaries/Win64/UE4Editor-OnlineSubsystem.dll (API version 3709383).
LogModuleManager: Display: Found up-to-date module file ../../../Engine/Plugins/Online/OnlineSubsystemNull/Binaries/Win64/UE4Editor-OnlineSubsystemNull.dll (API version 3709383).
LogModuleManager: Display: Found up-to-date module file ../../../Engine/Plugins/Online/OnlineSubsystemUtils/Binaries/Win64/UE4Editor-OnlineSubsystemUtils.dll (API version 3709383).
LogModuleManager: Display: Found up-to-date module file ../../../Engine/Plugins/Online/OnlineSubsystemUtils/Binaries/Win64/UE4Editor-OnlineBlueprintSupport.dll (API version 3709383).
LogModuleManager: Display: Found up-to-date module file ../../../Engine/Plugins/Runtime/AndroidDeviceProfileSelector/Binaries/Win64/UE4Editor-AndroidDeviceProfileSelector.dll (API version 3709383).
LogModuleManager: Display: Found up-to-date module file ../../../Engine/Plugins/Runtime/AndroidPermission/Binaries/Win64/UE4Editor-AndroidPermission.dll (API version 3709383).
LogModuleManager: Display: Found up-to-date module file ../../../Engine/Plugins/Runtime/AppleARKit/Binaries/Win64/UE4Editor-AppleARKit.dll (API version 3709383).
LogModuleManager: Display: Found up-to-date module file ../../../Engine/Plugins/Runtime/ArchVisCharacter/Binaries/Win64/UE4Editor-ArchVisCharacter.dll (API version 3709383).
LogModuleManager: Display: Found up-to-date module file ../../../Engine/Plugins/Runtime/CableComponent/Binaries/Win64/UE4Editor-CableComponent.dll (API version 3709383).
LogModuleManager: Display: Found up-to-date module file ../../../Engine/Plugins/Runtime/CustomMeshComponent/Binaries/Win64/UE4Editor-CustomMeshComponent.dll (API version 3709383).
LogModuleManager: Display: Found up-to-date module file ../../../Engine/Plugins/Runtime/ExampleDeviceProfileSelector/Binaries/Win64/UE4Editor-ExampleDeviceProfileSelector.dll (API version 3709383).
LogModuleManager: Display: Found up-to-date module file ../../../Engine/Plugins/Runtime/ImmediatePhysics/Binaries/Win64/UE4Editor-ImmediatePhysics.dll (API version 3709383).
LogModuleManager: Display: Found up-to-date module file ../../../Engine/Plugins/Runtime/ImmediatePhysics/Binaries/Win64/UE4Editor-ImmediatePhysicsEditor.dll (API version 3709383).
LogModuleManager: Display: Found up-to-date module file ../../../Engine/Plugins/Runtime/LocationServicesBPLibrary/Binaries/Win64/UE4Editor-LocationServicesBPLibrary.dll (API version 3709383).
LogModuleManager: Display: Found up-to-date module file ../../../Engine/Plugins/Runtime/MobilePatchingUtils/Binaries/Win64/UE4Editor-MobilePatchingUtils.dll (API version 3709383).
LogModuleManager: Display: Found up-to-date module file ../../../Engine/Plugins/Runtime/Oculus/OculusVR/Binaries/Win64/UE4Editor-OculusHMD.dll (API version 3709383).
LogModuleManager: Display: Found up-to-date module file ../../../Engine/Plugins/Runtime/Oculus/OculusVR/Binaries/Win64/UE4Editor-OculusInput.dll (API version 3709383).
LogModuleManager: Display: Found up-to-date module file ../../../Engine/Plugins/Runtime/Oculus/OculusVR/Binaries/Win64/UE4Editor-OculusEditor.dll (API version 3709383).
LogModuleManager: Display: Found up-to-date module file ../../../Engine/Plugins/Runtime/PhysXVehicles/Binaries/Win64/UE4Editor-PhysXVehicles.dll (API version 3709383).
LogModuleManager: Display: Found up-to-date module file ../../../Engine/Plugins/Runtime/PhysXVehicles/Binaries/Win64/UE4Editor-PhysXVehiclesEditor.dll (API version 3709383).
LogModuleManager: Display: Found up-to-date module file ../../../Engine/Plugins/Runtime/ProceduralMeshComponent/Binaries/Win64/UE4Editor-ProceduralMeshComponent.dll (API version 3709383).
LogModuleManager: Display: Found up-to-date module file ../../../Engine/Plugins/Runtime/ProceduralMeshComponent/Binaries/Win64/UE4Editor-ProceduralMeshComponentEditor.dll (API version 3709383).
LogModuleManager: Display: Found up-to-date module file ../../../Engine/Plugins/Runtime/RuntimePhysXCooking/Binaries/Win64/UE4Editor-RuntimePhysXCooking.dll (API version 3709383).
LogModuleManager: Display: Found up-to-date module file ../../../Engine/Plugins/Runtime/Steam/SteamVR/Binaries/Win64/UE4Editor-SteamVR.dll (API version 3709383).
LogModuleManager: Display: Found up-to-date module file ../../../Engine/Plugins/Runtime/Steam/SteamVR/Binaries/Win64/UE4Editor-SteamVRController.dll (API version 3709383).
LogModuleManager: Display: Found up-to-date module file ../../../Engine/Plugins/Runtime/WindowsMoviePlayer/Binaries/Win64/UE4Editor-WindowsMoviePlayer.dll (API version 3709383).
LogInit: Using libcurl 7.47.1
LogInit:  - built for x86_64-pc-win32
LogInit:  - supports SSL with OpenSSL/1.0.2g
LogInit:  - supports HTTP deflate (compression) using libz 1.2.8
LogInit:  - other features:
LogInit:      CURL_VERSION_SSL
LogInit:      CURL_VERSION_LIBZ
LogInit:      CURL_VERSION_IPV6
LogInit:      CURL_VERSION_ASYNCHDNS
LogInit:      CURL_VERSION_LARGEFILE
LogInit:      CURL_VERSION_IDN
LogInit:  CurlRequestOptions (configurable via config and command line):
LogInit:  - bVerifyPeer = false  - Libcurl will NOT verify peer certificate
LogInit:  - bUseHttpProxy = false  - Libcurl will NOT use HTTP proxy
LogInit:  - bDontReuseConnections = false  - Libcurl will reuse connections
LogInit:  - CertBundlePath = nullptr  - Libcurl will use whatever was configured at build time.
LogInit: Build: ++UE4+Release-4.18-CL-3794801
LogInit: Engine Version: 4.18.2-3794801+++UE4+Release-4.18
LogInit: Compatible Engine Version: 4.18.0-3709383+++UE4+Release-4.18
LogInit: Net CL: 3709383
LogDevObjectVersion: Number of dev versions registered: 16
LogDevObjectVersion:   Dev-Blueprints (B0D832E4-1F89-4F0D-ACCF-7EB736FD4AA2): 10
LogDevObjectVersion:   Dev-Build (E1C64328-A22C-4D53-A36C-8E866417BD8C): 0
LogDevObjectVersion:   Dev-Core (375EC13C-06E4-48FB-B500-84F0262A717E): 2
LogDevObjectVersion:   Dev-Editor (E4B068ED-F494-42E9-A231-DA0B2E46BB41): 20
LogDevObjectVersion:   Dev-Framework (CFFC743F-43B0-4480-9391-14DF171D2073): 30
LogDevObjectVersion:   Dev-Mobile (B02B49B5-BB20-44E9-A304-32B752E40360): 0
LogDevObjectVersion:   Dev-Networking (A4E4105C-59A1-49B5-A7C5-40C4547EDFEE): 0
LogDevObjectVersion:   Dev-Online (39C831C9-5AE6-47DC-9A44-9C173E1C8E7C): 0
LogDevObjectVersion:   Dev-Physics (78F01B33-EBEA-4F98-B9B4-84EACCB95AA2): 0
LogDevObjectVersion:   Dev-Platform (6631380F-2D4D-43E0-8009-CF276956A95A): 0
LogDevObjectVersion:   Dev-Rendering (12F88B9F-8875-4AFC-A67C-D90C383ABD29): 20
LogDevObjectVersion:   Dev-Sequencer (7B5AE74C-D270-4C10-A958-57980B212A5A): 4
LogDevObjectVersion:   Dev-VR (D7296918-1DD6-4BDD-9DE2-64A83CC13884): 0
LogDevObjectVersion:   Dev-LoadTimes (C2A15278-BFE7-4AFE-6C17-90FF531DF755): 1
LogDevObjectVersion:   Private-Geometry (6EACA3D4-40EC-4CC1-B786-8BED09428FC5): 1
LogDevObjectVersion:   Dev-AnimPhys (29E575DD-E0A3-4627-9D10-D276232CDCEA): 12
LogInit: Compiled (64-bit): Dec  8 2017 02:04:53
LogInit: Compiled with Visual C++: 19.00.24215.01
LogInit: Build Configuration: Development
LogInit: Branch Name: ++UE4+Release-4.18
LogInit: Command line: -EpicPortal
LogInit: Base directory: E:/Program Files/Epic Games/UE_4.18/Engine/Binaries/Win64/
LogInit: Installed Engine Build: 1
LogInit: Presizing for max 8388607 objects, including 0 objects not considered by GC, pre-allocating 0 bytes for permanent pool.
LogInit: Object subsystem initialized
[2018.01.13-22.39.35:270][  0]LogInit: Selected Device Profile: [Windows]
[2018.01.13-22.39.35:270][  0]LogInit: Applying CVar settings loaded from the selected device profile: [Windows]
[2018.01.13-22.39.35:329][  0]LogInit: Computer: PEARL
[2018.01.13-22.39.35:329][  0]LogInit: User: Mrgds2
[2018.01.13-22.39.35:329][  0]LogInit: CPU Page size=4096, Cores=3
[2018.01.13-22.39.35:329][  0]LogInit: High frequency timer resolution =3.429443 MHz
[2018.01.13-22.39.35:329][  0]LogMemory: Memory total: Physical=7.9GB (8GB approx)
[2018.01.13-22.39.35:329][  0]LogMemory: Platform Memory Stats for Windows
[2018.01.13-22.39.35:330][  0]LogMemory: Process Physical Memory: 271.61 MB used, 271.61 MB peak
[2018.01.13-22.39.35:330][  0]LogMemory: Process Virtual Memory: 269.59 MB used, 269.59 MB peak
[2018.01.13-22.39.35:330][  0]LogMemory: Physical Memory: 3789.68 MB used,  4303.19 MB free, 8092.87 MB total
[2018.01.13-22.39.35:330][  0]LogMemory: Virtual Memory: 680.64 MB used,  4303.19 MB free, 134217728.00 MB total
[2018.01.13-22.39.35:842][  0]LogInit: Using OS detected language (en-US).
[2018.01.13-22.39.35:842][  0]LogInit: Using OS detected locale (en-US).
[2018.01.13-22.39.35:888][  0]LogTextLocalizationManager: No specific localization for 'en-US' exists, so the 'en' localization will be used.
[2018.01.13-22.39.37:526][  0]LogInit: Setting process to per monitor DPI aware
[2018.01.13-22.39.43:461][  0]LogD3D11RHI: D3D11 adapters:
[2018.01.13-22.39.43:539][  0]LogD3D11RHI:    0. 'NVIDIA GeForce GTX 970' (Feature Level 11_0)
[2018.01.13-22.39.43:539][  0]LogD3D11RHI:       4058/0/4046 MB DedicatedVideo/DedicatedSystem/SharedSystem, Outputs:2, VendorId:0x10de
[2018.01.13-22.39.43:545][  0]LogD3D11RHI:    1. 'Microsoft Basic Render Driver' (Feature Level 11_0)
[2018.01.13-22.39.43:545][  0]LogD3D11RHI:       0/0/4046 MB DedicatedVideo/DedicatedSystem/SharedSystem, Outputs:0, VendorId:0x1414
[2018.01.13-22.39.43:545][  0]LogD3D11RHI: Chosen D3D11 Adapter: 0
[2018.01.13-22.39.43:554][  0]LogD3D11RHI: Creating new Direct3DDevice
[2018.01.13-22.39.43:554][  0]LogD3D11RHI:     GPU DeviceId: 0x13c2 (for the marketing name, search the web for "GPU Device Id")
[2018.01.13-22.39.43:554][  0]LogWindows: EnumDisplayDevices:
[2018.01.13-22.39.43:555][  0]LogWindows:    0. 'NVIDIA GeForce GTX 970' (P:0 D:1)
[2018.01.13-22.39.43:555][  0]LogWindows:    1. 'NVIDIA GeForce GTX 970' (P:1 D:1)
[2018.01.13-22.39.43:555][  0]LogWindows:    2. 'NVIDIA GeForce GTX 970' (P:0 D:0)
[2018.01.13-22.39.43:555][  0]LogWindows:    3. 'NVIDIA GeForce GTX 970' (P:0 D:0)
[2018.01.13-22.39.43:555][  0]LogWindows: DebugString: GetVideoDriverDetailsInvalid PrimaryIsNotTheChoosenAdapter GetVideoDriverDetailsInvalid PrimaryIsNotTheChoosenAdapter GetVideoDriverDetailsInvalid PrimaryIsNotTheChoosenAdapter GetVideoDriverDetailsInvalid PrimaryIsNotTheChoosenAdapter FoundDriverCount:0 
[2018.01.13-22.39.43:555][  0]LogD3D11RHI:     Adapter Name: NVIDIA GeForce GTX 970
[2018.01.13-22.39.43:555][  0]LogD3D11RHI:   Driver Version: Unknown (internal:Unknown, unified:Unknown)
[2018.01.13-22.39.43:555][  0]LogD3D11RHI:      Driver Date: Unknown
[2018.01.13-22.39.43:555][  0]LogRHI: Texture pool is 2840 MB (70% of 4058 MB)
[2018.01.13-22.39.43:606][  0]LogD3D11RHI: Async texture creation enabled
[2018.01.13-22.39.43:689][  0]LogD3D11RHI: GPU Timing Frequency: 1000.000000 (Debug: 2 1)
[2018.01.13-22.39.43:789][  0]LogShaderCompilers: Guid format shader working directory is -1 characters bigger than the processId version (../../../../../../Documents/GitHub/FITA/FITA_0/Intermediate/Shaders/WorkingDirectory/10428/).
[2018.01.13-22.39.43:789][  0]LogShaderCompilers: Cleaned the shader compiler working directory 'C:/Users/Mrgds/AppData/Local/Temp/UnrealShaderWorkingDir/15C3D85940AED2AD3E23A599F1867548/'.
[2018.01.13-22.39.43:789][  0]LogShaderCompilers: Display: Using Local Shader Compiler.
[2018.01.13-22.39.47:488][  0]LogTemp: Display: Loaded TP AllDesktopTargetPlatform
[2018.01.13-22.39.47:614][  0]LogTemp: Display: Loaded TP MacClientTargetPlatform
[2018.01.13-22.39.47:731][  0]LogTemp: Display: Loaded TP MacNoEditorTargetPlatform
[2018.01.13-22.39.47:847][  0]LogTemp: Display: Loaded TP MacServerTargetPlatform
[2018.01.13-22.39.47:979][  0]LogTemp: Display: Loaded TP MacTargetPlatform
[2018.01.13-22.39.48:135][  0]LogTemp: Display: Loaded TP WindowsClientTargetPlatform
[2018.01.13-22.39.48:231][  0]LogTemp: Display: Loaded TP WindowsNoEditorTargetPlatform
[2018.01.13-22.39.48:331][  0]LogTemp: Display: Loaded TP WindowsServerTargetPlatform
[2018.01.13-22.39.48:412][  0]LogTemp: Display: Loaded TP WindowsTargetPlatform
[2018.01.13-22.39.48:521][  0]LogTemp: Display: Loaded TP Android_ASTCTargetPlatform
[2018.01.13-22.39.48:643][  0]LogTemp: Display: Loaded TP Android_ATCTargetPlatform
[2018.01.13-22.39.48:769][  0]LogTemp: Display: Loaded TP Android_DXTTargetPlatform
[2018.01.13-22.39.48:896][  0]LogTemp: Display: Loaded TP Android_ETC1TargetPlatform
[2018.01.13-22.39.48:999][  0]LogTemp: Display: Loaded TP Android_ETC2TargetPlatform
[2018.01.13-22.39.49:209][  0]LogTemp: Display: Loaded TP Android_MultiTargetPlatform
[2018.01.13-22.39.49:209][  0]LogTemp: Display: Loaded TP Android_PVRTCTargetPlatform
[2018.01.13-22.39.49:328][  0]LogTemp: Display: Loaded TP AndroidTargetPlatform
[2018.01.13-22.39.49:431][  0]LogTemp: Display: Loaded TP HTML5TargetPlatform
[2018.01.13-22.39.49:685][  0]LogTemp: Display: Loaded TP IOSTargetPlatform
[2018.01.13-22.39.49:743][  0]LogTemp: Display: Loaded TP TVOSTargetPlatform
[2018.01.13-22.39.49:824][  0]LogTemp: Display: Loaded TP LinuxClientTargetPlatform
[2018.01.13-22.39.49:939][  0]LogTemp: Display: Loaded TP LinuxNoEditorTargetPlatform
[2018.01.13-22.39.50:054][  0]LogTemp: Display: Loaded TP LinuxServerTargetPlatform
[2018.01.13-22.39.50:169][  0]LogTemp: Display: Loaded TP LinuxTargetPlatform
[2018.01.13-22.39.50:169][  0]LogTargetPlatformManager: Display: Building Assets For Windows
[2018.01.13-22.39.51:787][  0]LogDerivedDataCache: Display: Max Cache Size: 512 MB
[2018.01.13-22.39.52:230][  0]LogDerivedDataCache: Loaded boot cache 0.44s 78MB C:/Users/Mrgds/AppData/Local/UnrealEngine/4.18/DerivedDataCache/Boot.ddc.
[2018.01.13-22.39.52:230][  0]LogDerivedDataCache: Display: Loaded Boot cache: C:/Users/Mrgds/AppData/Local/UnrealEngine/4.18/DerivedDataCache/Boot.ddc
[2018.01.13-22.39.52:230][  0]LogDerivedDataCache: FDerivedDataBackendGraph:  Pak pak cache file ../../../../../../Documents/GitHub/FITA/FITA_0/DerivedDataCache/DDC.ddp not found, will not use a pak cache.
[2018.01.13-22.39.52:230][  0]LogDerivedDataCache: Unable to find inner node Pak for hierarchical cache Hierarchy.
[2018.01.13-22.39.52:230][  0]LogDerivedDataCache: FDerivedDataBackendGraph:  CompressedPak pak cache file ../../../../../../Documents/GitHub/FITA/FITA_0/DerivedDataCache/Compressed.ddp not found, will not use a pak cache.
[2018.01.13-22.39.52:231][  0]LogDerivedDataCache: Unable to find inner node CompressedPak for hierarchical cache Hierarchy.
[2018.01.13-22.39.52:254][  0]LogDerivedDataCache: Display: Pak cache opened for reading ../../../Engine/DerivedDataCache/Compressed.ddp.
[2018.01.13-22.39.52:266][  0]LogDerivedDataCache: Using Local data cache path C:/Users/Mrgds/AppData/Local/UnrealEngine/Common/DerivedDataCache: Writable
[2018.01.13-22.39.52:283][  0]LogMaterial: Verifying Global Shaders for PCD3D_SM5
[2018.01.13-22.39.52:283][  0]LogSlate: Using Freetype 2.6.0
[2018.01.13-22.39.52:284][  0]LogSlate: SlateFontCache - WITH_FREETYPE: 1, WITH_HARFBUZZ: 1
[2018.01.13-22.39.52:284][  0]LogSlate: SlateFontCache - WITH_FREETYPE: 1, WITH_HARFBUZZ: 1
[2018.01.13-22.39.56:423][  0]LogInit: Selected Device Profile: [Windows]
[2018.01.13-22.39.57:164][  0]LogSimplygon: Simplygon DLL not present - disabling.
[2018.01.13-22.39.57:254][  0]LogMeshReduction: Using SimplygonSwarm for distributed automatic mesh merging
[2018.01.13-22.39.57:254][  0]LogMeshReduction: Using QuadricMeshReduction for automatic static mesh reduction
[2018.01.13-22.39.57:254][  0]LogMeshReduction: No automatic skeletal mesh reduction module available
[2018.01.13-22.39.57:254][  0]LogMeshReduction: No automatic mesh merging module available
[2018.01.13-22.39.57:254][  0]LogMeshMerging: No automatic mesh merging module available
[2018.01.13-22.39.57:301][  0]LogNetVersion: FITA_0 , NetCL: 3709383, EngineNetVer: 2, GameNetVer: 0 (Checksum: 2661453100)
[2018.01.13-22.39.57:538][  0]LogAssetRegistry: FAssetRegistry took 0.0278 seconds to start up
[2018.01.13-22.39.58:380][  0]LogPackageLocalizationCache: Processed 7 localized package path(s) for 2 prioritized culture(s) in 0.178478 seconds
[2018.01.13-22.39.58:394][  0]LogUObjectArray: 35900 objects as part of root set at end of initial load.
[2018.01.13-22.39.58:394][  0]LogUObjectAllocator: 7372016 out of 0 bytes used by permanent object pool.
[2018.01.13-22.39.58:394][  0]LogUObjectArray: CloseDisregardForGC: 0/0 objects in disregard for GC pool
[2018.01.13-22.39.58:505][  0]LogInit: WinSock: version 1.1 (2.2), MaxSocks=32767, MaxUdp=65467
[2018.01.13-22.40.27:214][  0]LogTcpMessaging: Initializing TcpMessaging bridge
[2018.01.13-22.40.27:344][  0]LogUdpMessaging: Initializing bridge on interface 0.0.0.0:0 to multicast group 230.0.0.1:6666.
[2018.01.13-22.40.29:169][  0]LogMaterial: Uniform references updated for custom material expression Custom.
[2018.01.13-22.40.29:938][  0]SourceControl: Source control is disabled
[2018.01.13-22.40.29:939][  0]SourceControl: Source control is disabled
[2018.01.13-22.40.30:044][  0]SourceControl: Source control is disabled
[2018.01.13-22.40.30:180][  0]SourceControl: Source control is disabled
[2018.01.13-22.40.32:134][  0]LogAndroidPermission: UAndroidPermissionCallbackProxy::GetInstance
[2018.01.13-22.40.32:733][  0]LogOcInput: OculusInput pre-init called
[2018.01.13-22.40.33:419][  0]LogEngine: Initializing Engine...
[2018.01.13-22.40.33:617][  0]LogHMD: Failed to initialize OpenVR with code 105
[2018.01.13-22.40.33:950][  0]LogStats: UGameplayTagsManager::ConstructGameplayTagTree: Construct from data asset -  0.000 s
[2018.01.13-22.40.33:950][  0]LogStats: UGameplayTagsManager::ConstructGameplayTagTree: GameplayTagTreeChangedEvent.Broadcast -  0.000 s
[2018.01.13-22.40.34:197][  0]LogAIModule: Creating AISystem for world Untitled
[2018.01.13-22.40.34:223][  0]LogInit: XAudio2 using 'Speakers (Razer Surround Audio Controller)' : 6 channels at 48 kHz using 16 bits per sample (channel mask 0x3f)
[2018.01.13-22.40.34:245][  0]LogInit: FAudioDevice initialized.
[2018.01.13-22.40.34:357][  0]LogDerivedDataCache: Saved boot cache 0.11s 78MB C:/Users/Mrgds/AppData/Local/UnrealEngine/4.18/DerivedDataCache/Boot.ddc.
[2018.01.13-22.40.34:383][  0]LogInit: Texture streaming: Enabled
[2018.01.13-22.40.34:623][  0]LogEngineSessionManager: EngineSessionManager initialized
[2018.01.13-22.40.34:623][  0]LogEngineSessionManager: EngineSessionManager sent abnormal shutdown report. Type=Crashed, SessionId={DC82AD4C-4049-7FEC-7232-B0B305D91F5F}
[2018.01.13-22.40.35:087][  0]LogInit: Transaction tracking system initialized
[2018.01.13-22.40.36:029][  0]BlueprintLog: New page: Editor Load
[2018.01.13-22.40.39:026][  0]LocalizationService: Localization service is disabled
[2018.01.13-22.40.41:957][  0]LogConsoleResponse: Display: 
[2018.01.13-22.40.42:860][  0]LogCook: Display: Max memory allowance for cook 16384mb min free memory 0mb
[2018.01.13-22.40.42:860][  0]LogCook: Display: Mobile HDR setting 1
[2018.01.13-22.40.42:860][  0]LogGameplayTags: Display: UGameplayTagsManager::DoneAddingNativeTags. DelegateIsBound: 0
[2018.01.13-22.40.43:029][  0]LogFileCache: Scanning file cache for directory 'E:/Documents/GitHub/FITA/FITA_0/Content/' took 0.02s
[2018.01.13-22.40.47:615][  0]SourceControl: Source control is disabled
[2018.01.13-22.40.47:616][  0]Cmd: MAP LOAD FILE="../../../../../../Documents/GitHub/FITA/FITA_0/Content/Level_0.umap" TEMPLATE=0 SHOWPROGRESS=1 FEATURELEVEL=3
[2018.01.13-22.40.47:616][  0]LightingResults: New page: Lighting Build
[2018.01.13-22.40.47:695][  0]MapCheck: New page: Map Check
[2018.01.13-22.40.47:695][  0]LightingResults: New page: Lighting Build
[2018.01.13-22.40.49:553][  0]LogAIModule: Creating AISystem for world Level_0
[2018.01.13-22.40.49:572][  0]LogEditorServer: Finished looking for orphan Actors (0.000 secs)
[2018.01.13-22.40.49:605][  0]Cmd: MAP CHECKDEP NOCLEARLOG
[2018.01.13-22.40.49:692][  0]MapCheck: Map check complete: 0 Error(s), 0 Warning(s), took 87.213ms to complete.
[2018.01.13-22.40.49:693][  0]LogFileHelpers: Loading map 'Level_0' took 2.077
[2018.01.13-22.40.50:459][  0]LogCollectionManager: Loaded 0 collections in 0.006832 seconds
[2018.01.13-22.40.50:601][  0]LogFileCache: Scanning file cache for directory 'E:/Documents/GitHub/FITA/FITA_0/Saved/Collections/' took 0.01s
[2018.01.13-22.40.50:601][  0]LogFileCache: Scanning file cache for directory 'E:/Documents/GitHub/FITA/FITA_0/Content/Developers/Mrgds2/Collections/' took 0.01s
[2018.01.13-22.40.50:601][  0]LogFileCache: Scanning file cache for directory 'E:/Documents/GitHub/FITA/FITA_0/Content/Collections/' took 0.01s
[2018.01.13-22.40.50:601][  0]LogCollectionManager: Rebuilt the GUID cache for 0 collections in 0.000000 seconds
[2018.01.13-22.40.50:615][  0]LogContentBrowser: Native class hierarchy populated in 0.0142 seconds. Added 2368 classes and 523 folders.
[2018.01.13-22.40.50:736][  0]LogContentBrowser: Native class hierarchy updated for 'WidgetCarousel' in 0.0010 seconds. Added 0 classes and 0 folders.
[2018.01.13-22.40.57:434][  0]LogContentBrowser: Native class hierarchy updated for 'AddContentDialog' in 0.0010 seconds. Added 0 classes and 0 folders.
[2018.01.13-22.40.57:497][  0]LogSlate: Took 0.000302 seconds to synchronously load lazily loaded font '../../../Engine/Content/Slate/Fonts/Roboto-Regular.ttf' (155K)
[2018.01.13-22.40.57:505][  0]LogSlate: Took 0.000297 seconds to synchronously load lazily loaded font '../../../Engine/Content/Slate/Fonts/Roboto-Bold.ttf' (160K)
[2018.01.13-22.40.57:523][  0]LogSlate: Took 0.014691 seconds to synchronously load lazily loaded font '../../../Engine/Content/Editor/Slate/Fonts/FontAwesome.ttf' (139K)
[2018.01.13-22.40.57:541][  0]LogSlate: Took 0.018065 seconds to synchronously load lazily loaded font '../../../Engine/Content/Editor/Slate/Fonts/DroidSansMono.ttf' (77K)
[2018.01.13-22.40.57:733][  0]LogRenderer: Reallocating scene render targets to support 1200x688 Format 10 NumSamples 1 (Frame:1).
[2018.01.13-22.40.58:002][  0]LogContentBrowser: Native class hierarchy updated for 'HierarchicalLODOutliner' in 0.0011 seconds. Added 1 classes and 2 folders.
[2018.01.13-22.40.58:002][  0]LogLoad: (Engine Initialization) Total time: 102.95 seconds
[2018.01.13-22.40.58:002][  0]LogLoad: (Engine Initialization) Total Blueprint compile time: 0.00 seconds
[2018.01.13-22.40.58:003][  0]LogExternalProfiler: Found external profiler: VSPerf
[2018.01.13-22.40.58:003][  0]LogExternalProfiler: Using external profiler: VSPerf
[2018.01.13-22.40.58:363][  0]LogContentStreaming: Texture pool size now 1000 MB
[2018.01.13-22.40.58:690][  1]LogAssetRegistry: Asset discovery search completed in 61.1735 seconds
[2018.01.13-22.40.58:692][  1]LogCollectionManager: Rebuilt the object cache for 0 collections in 0.000000 seconds (found 0 objects)
[2018.01.13-22.40.58:693][  1]LogCollectionManager: Fixed up redirectors for 0 collections in 0.000232 seconds (updated 0 objects)
[2018.01.13-22.41.34:079][229]LogVSAccessor: Warning: Couldn't access Visual Studio
[2018.01.13-22.41.34:091][229]Candidate modules for hot reload:
[2018.01.13-22.41.34:091][229]  FITA_0
[2018.01.13-22.41.34:091][229]Launching UnrealBuildTool... [E:/Program Files/Epic Games/UE_4.18/Engine/Binaries/DotNET/UnrealBuildTool.exe FITA_0 -ModuleWithSuffix FITA_0 467 Win64 Development -editorrecompile -canskiplink "E:/Documents/GitHub/FITA/FITA_0/FITA_0.uproject" ]
[2018.01.13-22.41.34:190][229]Warning: Starting HotReload took  0.1s.
[2018.01.13-22.41.52:163][ 32]CompilerResultsLog: New page: Compilation - Jan 13, 2018, 12:41:52 PM
[2018.01.13-22.41.52:164][ 32]CompilerResultsLog: Using 'git status' to determine working set for adaptive non-unity build.
[2018.01.13-22.41.52:164][ 32]CompilerResultsLog: Compiling game modules for hot reload
[2018.01.13-22.41.52:164][ 32]CompilerResultsLog: Performing 3 actions (3 in parallel)
[2018.01.13-22.41.52:164][ 32]CompilerResultsLog: Grabber.cpp
[2018.01.13-22.41.52:164][ 32]CompilerResultsLog: [2/3] Link UE4Editor-FITA_0-467.dll
[2018.01.13-22.41.52:164][ 32]CompilerResultsLog: [3/3] Link UE4Editor-FITA_0-467.lib
[2018.01.13-22.41.52:164][ 32]CompilerResultsLog:    Creating library E:\Documents\GitHub\FITA\FITA_0\Intermediate\Build\Win64\UE4Editor\Development\UE4Editor-FITA_0-467.lib and object E:\Documents\GitHub\FITA\FITA_0\Intermediate\Build\Win64\UE4Editor\Development\UE4Editor-FITA_0-467.exp
[2018.01.13-22.41.52:165][ 32]CompilerResultsLog:    Creating library E:\Documents\GitHub\FITA\FITA_0\Intermediate\Build\Win64\UE4Editor\Development\UE4Editor-FITA_0-467.suppressed.lib and object E:\Documents\GitHub\FITA\FITA_0\Intermediate\Build\Win64\UE4Editor\Development\UE4Editor-FITA_0-467.suppressed.exp
[2018.01.13-22.41.52:165][ 32]CompilerResultsLog: Total build time: 17.63 seconds (Local executor: 15.32 seconds)
[2018.01.13-22.41.52:166][ 32]LogMainFrame: MainFrame: Module compiling took 18.087 seconds
[2018.01.13-22.41.52:284][ 32]LogContentBrowser: Native class hierarchy updated for 'FITA_0' in 0.0011 seconds. Added 4 classes and 2 folders.
[2018.01.13-22.41.52:286][ 32]Display: HotReload successful (0 functions remapped  0 scriptstructs remapped)
[2018.01.13-22.41.52:405][ 32]LogContentBrowser: Native class hierarchy populated in 0.0170 seconds. Added 2369 classes and 525 folders.
[2018.01.13-22.41.52:405][ 32]Display: HotReload took 18.4s.
[2018.01.13-22.42.09:100][472]LogTemp: Repeating last play command: Selected Viewport
[2018.01.13-22.42.09:154][472]LogPlayLevel: PlayLevel: No blueprints needed recompiling
[2018.01.13-22.42.09:154][472]PIE: New page: PIE session: Level_0 (Jan 13, 2018, 12:42:09 PM)
[2018.01.13-22.42.09:154][472]LogPlayLevel: Creating play world package: /Game/UEDPIE_0_Level_0
[2018.01.13-22.42.09:164][472]LogPlayLevel: PIE: StaticDuplicateObject took: (0.009255s)
[2018.01.13-22.42.09:165][472]LogAIModule: Creating AISystem for world Level_0
[2018.01.13-22.42.09:165][472]LogPlayLevel: PIE: World Init took: (0.001379s)
[2018.01.13-22.42.09:166][472]LogPlayLevel: PIE: Created PIE world by copying editor world from /Game/Level_0.Level_0 to /Game/UEDPIE_0_Level_0.Level_0 (0.011448s)
[2018.01.13-22.42.09:213][472]LogInit: XAudio2 using 'Speakers (Razer Surround Audio Controller)' : 6 channels at 48 kHz using 16 bits per sample (channel mask 0x3f)
[2018.01.13-22.42.09:220][472]LogInit: FAudioDevice initialized.
[2018.01.13-22.42.09:285][472]LogLoad: Game class is 'MyFITA_0GameModeBase_BP_C'
[2018.01.13-22.42.09:290][472]LogWorld: Bringing World /Game/UEDPIE_0_Level_0.Level_0 up for play (max tick rate 0) at 2018.01.13-17.42.09
[2018.01.13-22.42.09:291][472]LogWorld: Bringing up level for play took: 0.002931
[2018.01.13-22.42.09:387][472]LogContentBrowser: Native class hierarchy updated for 'MovieSceneCapture' in 0.0011 seconds. Added 11 classes and 0 folders.
[2018.01.13-22.42.09:389][472]LogTemp: Warning: Grabber has spawned
[2018.01.13-22.42.09:389][472]LogTemp: Warning: SM_Chair2_8 is at X=-220.000 Y=380.000 Z=20.000 
[2018.01.13-22.42.09:389][472]PIE: Play in editor start time for /Game/UEDPIE_0_Level_0 -0.626
[2018.01.13-22.42.23:832][445]LogSlate: Took 0.018085 seconds to synchronously load lazily loaded font '../../../Engine/Content/Slate/Fonts/Roboto-Light.ttf' (159K)
[2018.01.13-22.42.26:340][615]LogTemp: Repeating last play command: Selected Viewport
[2018.01.13-22.42.26:366][615]LogPlayLevel: PlayLevel: No blueprints needed recompiling
[2018.01.13-22.42.26:366][615]PIE: New page: PIE session: Level_0 (Jan 13, 2018, 12:42:26 PM)
[2018.01.13-22.42.26:366][615]LogPlayLevel: Creating play world package: /Game/UEDPIE_0_Level_0
[2018.01.13-22.42.26:374][615]LogPlayLevel: PIE: StaticDuplicateObject took: (0.007783s)
[2018.01.13-22.42.26:376][615]LogAIModule: Creating AISystem for world Level_0
[2018.01.13-22.42.26:376][615]LogPlayLevel: PIE: World Init took: (0.001256s)
[2018.01.13-22.42.26:376][615]LogPlayLevel: PIE: Created PIE world by copying editor world from /Game/Level_0.Level_0 to /Game/UEDPIE_0_Level_0.Level_0 (0.009866s)
[2018.01.13-22.42.26:416][615]LogInit: XAudio2 using 'Speakers (Razer Surround Audio Controller)' : 6 channels at 48 kHz using 16 bits per sample (channel mask 0x3f)
[2018.01.13-22.42.26:422][615]LogInit: FAudioDevice initialized.
[2018.01.13-22.42.26:454][615]LogLoad: Game class is 'MyFITA_0GameModeBase_BP_C'
[2018.01.13-22.42.26:457][615]LogWorld: Bringing World /Game/UEDPIE_0_Level_0.Level_0 up for play (max tick rate 0) at 2018.01.13-17.42.26
[2018.01.13-22.42.26:458][615]LogWorld: Bringing up level for play took: 0.002232
[2018.01.13-22.42.26:460][615]LogTemp: Warning: Grabber has spawned
[2018.01.13-22.42.26:460][615]LogTemp: Warning: SM_Chair2_8 is at X=-220.000 Y=380.000 Z=20.000 
[2018.01.13-22.42.26:460][615]PIE: Play in editor start time for /Game/UEDPIE_0_Level_0 0.444
[2018.01.13-22.42.28:799][884]Set new viewmode: Wireframe
[2018.01.13-22.42.30:358][ 70]Set new viewmode: Unlit
[2018.01.13-22.42.30:899][134]Set new viewmode: Lit
[2018.01.13-22.42.35:834][723]Set new viewmode: Wireframe
[2018.01.13-22.42.37:194][886]Set new viewmode: Wireframe
[2018.01.13-22.42.37:602][935]Set new viewmode: Wireframe
[2018.01.13-22.42.38:243][ 11]Set new viewmode: Unlit
[2018.01.13-22.42.38:746][ 70]Set new viewmode: Lit
[2018.01.13-22.42.40:809][317]Set new viewmode: Wireframe
[2018.01.13-22.42.41:918][450]Set new viewmode: Unlit
[2018.01.13-22.42.42:285][494]Set new viewmode: Lit
[2018.01.13-22.42.50:450][252]LogEditorViewport: Clicking on Actor (LMB): DefaultPawn_BP_C (DefaultPawn_BP)
[2018.01.13-22.42.51:736][321]LogSlate: Took 0.015010 seconds to synchronously load lazily loaded font '../../../Engine/Content/Editor/Slate/Fonts/Roboto-Italic.ttf' (157K)
[2018.01.13-22.43.23:633][644]LogVSAccessor: Warning: Couldn't access Visual Studio
[2018.01.13-22.43.23:654][644]Candidate modules for hot reload:
[2018.01.13-22.43.23:654][644]  FITA_0
[2018.01.13-22.43.23:654][644]Launching UnrealBuildTool... [E:/Program Files/Epic Games/UE_4.18/Engine/Binaries/DotNET/UnrealBuildTool.exe FITA_0 -ModuleWithSuffix FITA_0 5933 Win64 Development -editorrecompile -canskiplink "E:/Documents/GitHub/FITA/FITA_0/FITA_0.uproject" ]
[2018.01.13-22.43.23:749][644]Warning: Starting HotReload took  0.1s.
[2018.01.13-22.43.40:900][317]CompilerResultsLog: New page: Compilation - Jan 13, 2018, 12:43:40 PM
[2018.01.13-22.43.40:900][317]CompilerResultsLog: Using 'git status' to determine working set for adaptive non-unity build.
[2018.01.13-22.43.40:900][317]CompilerResultsLog: Compiling game modules for hot reload
[2018.01.13-22.43.40:901][317]CompilerResultsLog: Performing 3 actions (3 in parallel)
[2018.01.13-22.43.40:901][317]CompilerResultsLog: Grabber.cpp
[2018.01.13-22.43.40:901][317]CompilerResultsLog: [2/3] Link UE4Editor-FITA_0-5933.dll
[2018.01.13-22.43.40:901][317]CompilerResultsLog: [3/3] Link UE4Editor-FITA_0-5933.lib
[2018.01.13-22.43.40:901][317]CompilerResultsLog:    Creating library E:\Documents\GitHub\FITA\FITA_0\Intermediate\Build\Win64\UE4Editor\Development\UE4Editor-FITA_0-5933.lib and object E:\Documents\GitHub\FITA\FITA_0\Intermediate\Build\Win64\UE4Editor\Development\UE4Editor-FITA_0-5933.exp
[2018.01.13-22.43.40:902][317]CompilerResultsLog:    Creating library E:\Documents\GitHub\FITA\FITA_0\Intermediate\Build\Win64\UE4Editor\Development\UE4Editor-FITA_0-5933.suppressed.lib and object E:\Documents\GitHub\FITA\FITA_0\Intermediate\Build\Win64\UE4Editor\Development\UE4Editor-FITA_0-5933.suppressed.exp
[2018.01.13-22.43.40:902][317]CompilerResultsLog: Total build time: 16.86 seconds (Local executor: 15.02 seconds)
[2018.01.13-22.43.40:902][317]LogMainFrame: MainFrame: Module compiling took 17.268 seconds
[2018.01.13-22.43.41:031][317]LogContentBrowser: Native class hierarchy updated for 'FITA_0' in 0.0013 seconds. Added 4 classes and 2 folders.
[2018.01.13-22.43.41:033][317]Display: HotReload successful (0 functions remapped  0 scriptstructs remapped)
[2018.01.13-22.43.41:123][317]LogContentBrowser: Native class hierarchy populated in 0.0156 seconds. Added 2369 classes and 525 folders.
[2018.01.13-22.43.41:123][317]Display: HotReload took 17.5s.
[2018.01.13-22.43.51:722][998]LogTemp: Repeating last play command: Selected Viewport
[2018.01.13-22.43.51:746][998]LogPlayLevel: PlayLevel: No blueprints needed recompiling
[2018.01.13-22.43.51:747][998]PIE: New page: PIE session: Level_0 (Jan 13, 2018, 12:43:51 PM)
[2018.01.13-22.43.51:747][998]LogPlayLevel: Creating play world package: /Game/UEDPIE_0_Level_0
[2018.01.13-22.43.51:755][998]LogPlayLevel: PIE: StaticDuplicateObject took: (0.007888s)
[2018.01.13-22.43.51:756][998]LogAIModule: Creating AISystem for world Level_0
[2018.01.13-22.43.51:757][998]LogPlayLevel: PIE: World Init took: (0.001506s)
[2018.01.13-22.43.51:757][998]LogPlayLevel: PIE: Created PIE world by copying editor world from /Game/Level_0.Level_0 to /Game/UEDPIE_0_Level_0.Level_0 (0.010205s)
[2018.01.13-22.43.51:797][998]LogInit: XAudio2 using 'Speakers (Razer Surround Audio Controller)' : 6 channels at 48 kHz using 16 bits per sample (channel mask 0x3f)
[2018.01.13-22.43.51:804][998]LogInit: FAudioDevice initialized.
[2018.01.13-22.43.51:840][998]LogLoad: Game class is 'MyFITA_0GameModeBase_BP_C'
[2018.01.13-22.43.51:843][998]LogWorld: Bringing World /Game/UEDPIE_0_Level_0.Level_0 up for play (max tick rate 0) at 2018.01.13-17.43.51
[2018.01.13-22.43.51:843][998]LogWorld: Bringing up level for play took: 0.001845
[2018.01.13-22.43.51:844][998]LogTemp: Warning: Grabber has spawned
[2018.01.13-22.43.52:871][998]LogWindows: Error: === Critical error: ===
[2018.01.13-22.43.52:871][998]LogWindows: Error: 
[2018.01.13-22.43.52:871][998]LogWindows: Error: Fatal error!
[2018.01.13-22.43.52:871][998]LogWindows: Error: 
[2018.01.13-22.43.52:871][998]LogWindows: Error: Unhandled Exception: EXCEPTION_ACCESS_VIOLATION reading address 0x000000bb
[2018.01.13-22.43.52:871][998]LogWindows: Error: 
[2018.01.13-22.43.52:871][998]LogWindows: Error: [Callstack] 0x0000000022B6253A UE4Editor-FITA_0-5933.dll!UGrabber::BeginPlay() [e:\documents\github\fita\fita_0\source\fita_0\grabber.cpp:28]
[2018.01.13-22.43.52:871][998]LogWindows: Error: [Callstack] 0x00000000268EF78A UE4Editor-Engine.dll!UnknownFunction []
[2018.01.13-22.43.52:871][998]LogWindows: Error: [Callstack] 0x00000000268FCAEB UE4Editor-Engine.dll!UnknownFunction []
[2018.01.13-22.43.52:871][998]LogWindows: Error: [Callstack] 0x0000000027AF5790 UE4Editor-Engine.dll!UnknownFunction []
[2018.01.13-22.43.52:871][998]LogWindows: Error: [Callstack] 0x000000002704DAC1 UE4Editor-Engine.dll!UnknownFunction []
[2018.01.13-22.43.52:871][998]LogWindows: Error: [Callstack] 0x0000000027AE06AE UE4Editor-Engine.dll!UnknownFunction []
[2018.01.13-22.43.52:871][998]LogWindows: Error: [Callstack] 0x00000000270704CE UE4Editor-Engine.dll!UnknownFunction []
[2018.01.13-22.43.52:871][998]LogWindows: Error: [Callstack] 0x0000000036C4B235 UE4Editor-UnrealEd.dll!UnknownFunction []
[2018.01.13-22.43.52:871][998]LogWindows: Error: [Callstack] 0x0000000036C7556E UE4Editor-UnrealEd.dll!UnknownFunction []
[2018.01.13-22.43.52:871][998]LogWindows: Error: [Callstack] 0x0000000036C9192F UE4Editor-UnrealEd.dll!UnknownFunction []
[2018.01.13-22.43.52:871][998]LogWindows: Error: [Callstack] 0x00000000366E6024 UE4Editor-UnrealEd.dll!UnknownFunction []
[2018.01.13-22.43.52:871][998]LogWindows: Error: [Callstack] 0x0000000036F94AC6 UE4Editor-UnrealEd.dll!UnknownFunction []
[2018.01.13-22.43.52:871][998]LogWindows: Error: [Callstack] 0x00000000BFCA5A26 UE4Editor.exe!UnknownFunction []
[2018.01.13-22.43.52:872][998]LogWindows: Error: [Callstack] 0x00000000BFCB5430 UE4Editor.exe!UnknownFunction []
[2018.01.13-22.43.52:872][998]LogWindows: Error: [Callstack] 0x00000000BFCB54AA UE4Editor.exe!UnknownFunction []
[2018.01.13-22.43.52:872][998]LogWindows: Error: [Callstack] 0x00000000BFCC2379 UE4Editor.exe!UnknownFunction []
[2018.01.13-22.43.52:872][998]LogWindows: Error: [Callstack] 0x00000000BFCC3D57 UE4Editor.exe!UnknownFunction []
[2018.01.13-22.43.52:872][998]LogWindows: Error: [Callstack] 0x0000000069D81FE4 KERNEL32.DLL!UnknownFunction []
[2018.01.13-22.43.52:872][998]LogWindows: Error: [Callstack] 0x000000006A42EF91 ntdll.dll!UnknownFunction []
[2018.01.13-22.43.52:872][998]LogWindows: Error: [Callstack] 0x000000006A42EF91 ntdll.dll!UnknownFunction []
[2018.01.13-22.43.52:872][998]LogWindows: Error: 
[2018.01.13-22.43.52:890][998]LogExit: Executing StaticShutdownAfterError
[2018.01.13-22.43.52:894][998]LogWindows: FPlatformMisc::RequestExit(1)
[2018.01.13-22.43.52:894][998]Log file closed, 01/13/18 17:43:52
