Log file open, 01/13/18 16:09:13
LogWindows: Failed to load 'aqProf.dll' (GetLastError=126)
LogWindows: File 'aqProf.dll' does not exist
LogWindows: Failed to load 'VtuneApi.dll' (GetLastError=126)
LogWindows: File 'VtuneApi.dll' does not exist
LogWindows: Failed to load 'VtuneApi32e.dll' (GetLastError=126)
LogWindows: File 'VtuneApi32e.dll' does not exist
LogInit: Display: Running engine without a game
LogPlatformFile: Not using cached read wrapper
LogInit: Display: Loading recent project file: ../../../../../../Documents/GitHub/FITA/FITA_0/FITA_0.uproject
LogInit: Display: RandInit(741002491) SRandInit(741002491).
LogInit: Read version file with build ID '3709383'
LogInit: Overriding engine version to CL 3794801, compatible CL 3709383
LogInit: Registered custom module enumerator with build ID '3709383'
LogTaskGraph: Started task graph with 5 named threads and 11 total threads with 3 sets of task threads.
LogStats: Stats thread started at 0.187498
LogD3D11RHI: Aftermath initialized
LogPluginManager: Mounting plugin Paper2D
LogPluginManager: Mounting plugin LightPropagationVolume
LogPluginManager: Mounting plugin CodeLiteSourceCodeAccess
LogPluginManager: Mounting plugin GitSourceControl
LogPluginManager: Mounting plugin KDevelopSourceCodeAccess
LogPluginManager: Mounting plugin NullSourceCodeAccess
LogPluginManager: Mounting plugin PerforceSourceControl
LogPluginManager: Mounting plugin SubversionSourceControl
LogPluginManager: Mounting plugin UObjectPlugin
LogPluginManager: Mounting plugin VisualStudioCodeSourceCodeAccess
LogPluginManager: Mounting plugin VisualStudioSourceCodeAccess
LogPluginManager: Mounting plugin XCodeSourceCodeAccess
LogPluginManager: Mounting plugin AssetManagerEditor
LogPluginManager: Mounting plugin AudioCapture
LogPluginManager: Mounting plugin FacialAnimation
LogPluginManager: Mounting plugin GameplayTagsEditor
LogPluginManager: Mounting plugin MobileLauncherProfileWizard
LogPluginManager: Mounting plugin PluginBrowser
LogPluginManager: Mounting plugin SpeedTreeImporter
LogPluginManager: Mounting plugin AlembicImporter
LogPluginManager: Mounting plugin CharacterAI
LogPluginManager: Mounting plugin HTML5Networking
LogPluginManager: Mounting plugin AndroidMedia
LogPluginManager: Mounting plugin AvfMedia
LogPluginManager: Mounting plugin ImgMedia
LogPluginManager: Mounting plugin MediaCompositing
LogPluginManager: Mounting plugin MediaPlayerEditor
LogPluginManager: Mounting plugin WmfMedia
LogPluginManager: Mounting plugin TcpMessaging
LogPluginManager: Mounting plugin UdpMessaging
LogPluginManager: Mounting plugin ActorSequence
LogPluginManager: Mounting plugin LevelSequenceEditor
LogPluginManager: Mounting plugin MatineeToLevelSequence
LogPluginManager: Mounting plugin OnlineSubsystemGooglePlay
LogPluginManager: Mounting plugin OnlineSubsystemIOS
LogPluginManager: Mounting plugin OnlineSubsystem
LogPluginManager: Mounting plugin OnlineSubsystemNull
LogPluginManager: Mounting plugin OnlineSubsystemUtils
LogPluginManager: Mounting plugin AndroidDeviceProfileSelector
LogPluginManager: Mounting plugin AndroidMoviePlayer
LogPluginManager: Mounting plugin AndroidPermission
LogPluginManager: Mounting plugin AppleARKit
LogPluginManager: Mounting plugin AppleMoviePlayer
LogPluginManager: Mounting plugin ArchVisCharacter
LogPluginManager: Mounting plugin CableComponent
LogPluginManager: Mounting plugin CustomMeshComponent
LogPluginManager: Mounting plugin ExampleDeviceProfileSelector
LogPluginManager: Mounting plugin GoogleCloudMessaging
LogPluginManager: Mounting plugin ImmediatePhysics
LogPluginManager: Mounting plugin IOSDeviceProfileSelector
LogPluginManager: Mounting plugin LinuxDeviceProfileSelector
LogPluginManager: Mounting plugin LocationServicesBPLibrary
LogPluginManager: Mounting plugin MobilePatchingUtils
LogPluginManager: Mounting plugin OculusVR
LogPluginManager: Plugin shader directory ../../../Engine/Plugins/Runtime/Oculus/OculusVR/Shaders found
LogPluginManager: Mapping shader source directory ../../../Engine/Plugins/Runtime/Oculus/OculusVR/Shaders to virtual directory /Plugin/OculusVR
LogPluginManager: Mounting plugin PhysXVehicles
LogPluginManager: Mounting plugin ProceduralMeshComponent
LogPluginManager: Mounting plugin RuntimePhysXCooking
LogPluginManager: Mounting plugin SteamVR
LogPluginManager: Mounting plugin WindowsMoviePlayer
LogModuleManager: Display: Found up-to-date module file ../../../../../../Documents/GitHub/FITA/FITA_0/Binaries/Win64/UE4Editor-FITA_0-3481.dll (API version 3709383).
LogModuleManager: Display: Found up-to-date module file ../../../Engine/Plugins/2D/Paper2D/Binaries/Win64/UE4Editor-Paper2D.dll (API version 3709383).
LogModuleManager: Display: Found up-to-date module file ../../../Engine/Plugins/2D/Paper2D/Binaries/Win64/UE4Editor-Paper2DEditor.dll (API version 3709383).
LogModuleManager: Display: Found up-to-date module file ../../../Engine/Plugins/2D/Paper2D/Binaries/Win64/UE4Editor-PaperSpriteSheetImporter.dll (API version 3709383).
LogModuleManager: Display: Found up-to-date module file ../../../Engine/Plugins/2D/Paper2D/Binaries/Win64/UE4Editor-PaperTiledImporter.dll (API version 3709383).
LogModuleManager: Display: Found up-to-date module file ../../../Engine/Plugins/2D/Paper2D/Binaries/Win64/UE4Editor-SmartSnapping.dll (API version 3709383).
LogModuleManager: Display: Found up-to-date module file ../../../Engine/Plugins/Blendables/LightPropagationVolume/Binaries/Win64/UE4Editor-LightPropagationVolumeRuntime.dll (API version 3709383).
LogModuleManager: Display: Found up-to-date module file ../../../Engine/Plugins/Blendables/LightPropagationVolume/Binaries/Win64/UE4Editor-LightPropagationVolumeEditor.dll (API version 3709383).
LogModuleManager: Display: Found up-to-date module file ../../../Engine/Plugins/Developer/GitSourceControl/Binaries/Win64/UE4Editor-GitSourceControl.dll (API version 3709383).
LogModuleManager: Display: Found up-to-date module file ../../../Engine/Plugins/Developer/PerforceSourceControl/Binaries/Win64/UE4Editor-PerforceSourceControl.dll (API version 3709383).
LogModuleManager: Display: Found up-to-date module file ../../../Engine/Plugins/Developer/SubversionSourceControl/Binaries/Win64/UE4Editor-SubversionSourceControl.dll (API version 3709383).
LogModuleManager: Display: Found up-to-date module file ../../../Engine/Plugins/Developer/UObjectPlugin/Binaries/Win64/UE4Editor-UObjectPlugin.dll (API version 3709383).
LogModuleManager: Display: Found up-to-date module file ../../../Engine/Plugins/Developer/VisualStudioCodeSourceCodeAccess/Binaries/Win64/UE4Editor-VisualStudioCodeSourceCodeAccess.dll (API version 3709383).
LogModuleManager: Display: Found up-to-date module file ../../../Engine/Plugins/Developer/VisualStudioSourceCodeAccess/Binaries/Win64/UE4Editor-VisualStudioSourceCodeAccess.dll (API version 3709383).
LogModuleManager: Display: Found up-to-date module file ../../../Engine/Plugins/Editor/AssetManagerEditor/Binaries/Win64/UE4Editor-AssetManagerEditor.dll (API version 3709383).
LogModuleManager: Display: Found up-to-date module file ../../../Engine/Plugins/Editor/AudioCapture/Binaries/Win64/UE4Editor-AudioCapture.dll (API version 3709383).
LogModuleManager: Display: Found up-to-date module file ../../../Engine/Plugins/Editor/FacialAnimation/Binaries/Win64/UE4Editor-FacialAnimation.dll (API version 3709383).
LogModuleManager: Display: Found up-to-date module file ../../../Engine/Plugins/Editor/FacialAnimation/Binaries/Win64/UE4Editor-FacialAnimationEditor.dll (API version 3709383).
LogModuleManager: Display: Found up-to-date module file ../../../Engine/Plugins/Editor/GameplayTagsEditor/Binaries/Win64/UE4Editor-GameplayTagsEditor.dll (API version 3709383).
LogModuleManager: Display: Found up-to-date module file ../../../Engine/Plugins/Editor/MobileLauncherProfileWizard/Binaries/Win64/UE4Editor-MobileLauncherProfileWizard.dll (API version 3709383).
LogModuleManager: Display: Found up-to-date module file ../../../Engine/Plugins/Editor/PluginBrowser/Binaries/Win64/UE4Editor-PluginBrowser.dll (API version 3709383).
LogModuleManager: Display: Found up-to-date module file ../../../Engine/Plugins/Editor/SpeedTreeImporter/Binaries/Win64/UE4Editor-SpeedTreeImporter.dll (API version 3709383).
LogModuleManager: Display: Found up-to-date module file ../../../Engine/Plugins/Experimental/AlembicImporter/Binaries/Win64/UE4Editor-AlembicImporter.dll (API version 3709383).
LogModuleManager: Display: Found up-to-date module file ../../../Engine/Plugins/Experimental/AlembicImporter/Binaries/Win64/UE4Editor-AlembicLibrary.dll (API version 3709383).
LogModuleManager: Display: Found up-to-date module file ../../../Engine/Plugins/Experimental/CharacterAI/Binaries/Win64/UE4Editor-CharacterAI.dll (API version 3709383).
LogModuleManager: Display: Found up-to-date module file ../../../Engine/Plugins/Experimental/HTML5Networking/Binaries/Win64/UE4Editor-HTML5Networking.dll (API version 3709383).
LogModuleManager: Display: Found up-to-date module file ../../../Engine/Plugins/Media/AndroidMedia/Binaries/Win64/UE4Editor-AndroidMediaEditor.dll (API version 3709383).
LogModuleManager: Display: Found up-to-date module file ../../../Engine/Plugins/Media/AndroidMedia/Binaries/Win64/UE4Editor-AndroidMediaFactory.dll (API version 3709383).
LogModuleManager: Display: Found up-to-date module file ../../../Engine/Plugins/Media/AvfMedia/Binaries/Win64/UE4Editor-AvfMediaEditor.dll (API version 3709383).
LogModuleManager: Display: Found up-to-date module file ../../../Engine/Plugins/Media/AvfMedia/Binaries/Win64/UE4Editor-AvfMediaFactory.dll (API version 3709383).
LogModuleManager: Display: Found up-to-date module file ../../../Engine/Plugins/Media/AvfMedia/Binaries/Win64/UE4Editor-AvfMediaFactory.dll (API version 3709383).
LogModuleManager: Display: Found up-to-date module file ../../../Engine/Plugins/Media/ImgMedia/Binaries/Win64/UE4Editor-ImgMedia.dll (API version 3709383).
LogModuleManager: Display: Found up-to-date module file ../../../Engine/Plugins/Media/ImgMedia/Binaries/Win64/UE4Editor-ImgMediaEditor.dll (API version 3709383).
LogModuleManager: Display: Found up-to-date module file ../../../Engine/Plugins/Media/ImgMedia/Binaries/Win64/UE4Editor-ImgMediaFactory.dll (API version 3709383).
LogModuleManager: Display: Found up-to-date module file ../../../Engine/Plugins/Media/ImgMedia/Binaries/Win64/UE4Editor-ImgMediaFactory.dll (API version 3709383).
LogModuleManager: Display: Found up-to-date module file ../../../Engine/Plugins/Media/ImgMedia/Binaries/Win64/UE4Editor-OpenExrWrapper.dll (API version 3709383).
LogModuleManager: Display: Found up-to-date module file ../../../Engine/Plugins/Media/MediaCompositing/Binaries/Win64/UE4Editor-MediaCompositing.dll (API version 3709383).
LogModuleManager: Display: Found up-to-date module file ../../../Engine/Plugins/Media/MediaCompositing/Binaries/Win64/UE4Editor-MediaCompositingEditor.dll (API version 3709383).
LogModuleManager: Display: Found up-to-date module file ../../../Engine/Plugins/Media/MediaPlayerEditor/Binaries/Win64/UE4Editor-MediaPlayerEditor.dll (API version 3709383).
LogModuleManager: Display: Found up-to-date module file ../../../Engine/Plugins/Media/WmfMedia/Binaries/Win64/UE4Editor-WmfMedia.dll (API version 3709383).
LogModuleManager: Display: Found up-to-date module file ../../../Engine/Plugins/Media/WmfMedia/Binaries/Win64/UE4Editor-WmfMediaEditor.dll (API version 3709383).
LogModuleManager: Display: Found up-to-date module file ../../../Engine/Plugins/Media/WmfMedia/Binaries/Win64/UE4Editor-WmfMediaFactory.dll (API version 3709383).
LogModuleManager: Display: Found up-to-date module file ../../../Engine/Plugins/Media/WmfMedia/Binaries/Win64/UE4Editor-WmfMediaFactory.dll (API version 3709383).
LogModuleManager: Display: Found up-to-date module file ../../../Engine/Plugins/Messaging/TcpMessaging/Binaries/Win64/UE4Editor-TcpMessaging.dll (API version 3709383).
LogModuleManager: Display: Found up-to-date module file ../../../Engine/Plugins/Messaging/UdpMessaging/Binaries/Win64/UE4Editor-UdpMessaging.dll (API version 3709383).
LogModuleManager: Display: Found up-to-date module file ../../../Engine/Plugins/MovieScene/ActorSequence/Binaries/Win64/UE4Editor-ActorSequence.dll (API version 3709383).
LogModuleManager: Display: Found up-to-date module file ../../../Engine/Plugins/MovieScene/LevelSequenceEditor/Binaries/Win64/UE4Editor-LevelSequenceEditor.dll (API version 3709383).
LogModuleManager: Display: Found up-to-date module file ../../../Engine/Plugins/MovieScene/MatineeToLevelSequence/Binaries/Win64/UE4Editor-MatineeToLevelSequence.dll (API version 3709383).
LogModuleManager: Display: Found up-to-date module file ../../../Engine/Plugins/Online/OnlineSubsystem/Binaries/Win64/UE4Editor-OnlineSubsystem.dll (API version 3709383).
LogModuleManager: Display: Found up-to-date module file ../../../Engine/Plugins/Online/OnlineSubsystemNull/Binaries/Win64/UE4Editor-OnlineSubsystemNull.dll (API version 3709383).
LogModuleManager: Display: Found up-to-date module file ../../../Engine/Plugins/Online/OnlineSubsystemUtils/Binaries/Win64/UE4Editor-OnlineSubsystemUtils.dll (API version 3709383).
LogModuleManager: Display: Found up-to-date module file ../../../Engine/Plugins/Online/OnlineSubsystemUtils/Binaries/Win64/UE4Editor-OnlineBlueprintSupport.dll (API version 3709383).
LogModuleManager: Display: Found up-to-date module file ../../../Engine/Plugins/Runtime/AndroidDeviceProfileSelector/Binaries/Win64/UE4Editor-AndroidDeviceProfileSelector.dll (API version 3709383).
LogModuleManager: Display: Found up-to-date module file ../../../Engine/Plugins/Runtime/AndroidPermission/Binaries/Win64/UE4Editor-AndroidPermission.dll (API version 3709383).
LogModuleManager: Display: Found up-to-date module file ../../../Engine/Plugins/Runtime/AppleARKit/Binaries/Win64/UE4Editor-AppleARKit.dll (API version 3709383).
LogModuleManager: Display: Found up-to-date module file ../../../Engine/Plugins/Runtime/ArchVisCharacter/Binaries/Win64/UE4Editor-ArchVisCharacter.dll (API version 3709383).
LogModuleManager: Display: Found up-to-date module file ../../../Engine/Plugins/Runtime/CableComponent/Binaries/Win64/UE4Editor-CableComponent.dll (API version 3709383).
LogModuleManager: Display: Found up-to-date module file ../../../Engine/Plugins/Runtime/CustomMeshComponent/Binaries/Win64/UE4Editor-CustomMeshComponent.dll (API version 3709383).
LogModuleManager: Display: Found up-to-date module file ../../../Engine/Plugins/Runtime/ExampleDeviceProfileSelector/Binaries/Win64/UE4Editor-ExampleDeviceProfileSelector.dll (API version 3709383).
LogModuleManager: Display: Found up-to-date module file ../../../Engine/Plugins/Runtime/ImmediatePhysics/Binaries/Win64/UE4Editor-ImmediatePhysics.dll (API version 3709383).
LogModuleManager: Display: Found up-to-date module file ../../../Engine/Plugins/Runtime/ImmediatePhysics/Binaries/Win64/UE4Editor-ImmediatePhysicsEditor.dll (API version 3709383).
LogModuleManager: Display: Found up-to-date module file ../../../Engine/Plugins/Runtime/LocationServicesBPLibrary/Binaries/Win64/UE4Editor-LocationServicesBPLibrary.dll (API version 3709383).
LogModuleManager: Display: Found up-to-date module file ../../../Engine/Plugins/Runtime/MobilePatchingUtils/Binaries/Win64/UE4Editor-MobilePatchingUtils.dll (API version 3709383).
LogModuleManager: Display: Found up-to-date module file ../../../Engine/Plugins/Runtime/Oculus/OculusVR/Binaries/Win64/UE4Editor-OculusHMD.dll (API version 3709383).
LogModuleManager: Display: Found up-to-date module file ../../../Engine/Plugins/Runtime/Oculus/OculusVR/Binaries/Win64/UE4Editor-OculusInput.dll (API version 3709383).
LogModuleManager: Display: Found up-to-date module file ../../../Engine/Plugins/Runtime/Oculus/OculusVR/Binaries/Win64/UE4Editor-OculusEditor.dll (API version 3709383).
LogModuleManager: Display: Found up-to-date module file ../../../Engine/Plugins/Runtime/PhysXVehicles/Binaries/Win64/UE4Editor-PhysXVehicles.dll (API version 3709383).
LogModuleManager: Display: Found up-to-date module file ../../../Engine/Plugins/Runtime/PhysXVehicles/Binaries/Win64/UE4Editor-PhysXVehiclesEditor.dll (API version 3709383).
LogModuleManager: Display: Found up-to-date module file ../../../Engine/Plugins/Runtime/ProceduralMeshComponent/Binaries/Win64/UE4Editor-ProceduralMeshComponent.dll (API version 3709383).
LogModuleManager: Display: Found up-to-date module file ../../../Engine/Plugins/Runtime/ProceduralMeshComponent/Binaries/Win64/UE4Editor-ProceduralMeshComponentEditor.dll (API version 3709383).
LogModuleManager: Display: Found up-to-date module file ../../../Engine/Plugins/Runtime/RuntimePhysXCooking/Binaries/Win64/UE4Editor-RuntimePhysXCooking.dll (API version 3709383).
LogModuleManager: Display: Found up-to-date module file ../../../Engine/Plugins/Runtime/Steam/SteamVR/Binaries/Win64/UE4Editor-SteamVR.dll (API version 3709383).
LogModuleManager: Display: Found up-to-date module file ../../../Engine/Plugins/Runtime/Steam/SteamVR/Binaries/Win64/UE4Editor-SteamVRController.dll (API version 3709383).
LogModuleManager: Display: Found up-to-date module file ../../../Engine/Plugins/Runtime/WindowsMoviePlayer/Binaries/Win64/UE4Editor-WindowsMoviePlayer.dll (API version 3709383).
LogInit: Using libcurl 7.47.1
LogInit:  - built for x86_64-pc-win32
LogInit:  - supports SSL with OpenSSL/1.0.2g
LogInit:  - supports HTTP deflate (compression) using libz 1.2.8
LogInit:  - other features:
LogInit:      CURL_VERSION_SSL
LogInit:      CURL_VERSION_LIBZ
LogInit:      CURL_VERSION_IPV6
LogInit:      CURL_VERSION_ASYNCHDNS
LogInit:      CURL_VERSION_LARGEFILE
LogInit:      CURL_VERSION_IDN
LogInit:  CurlRequestOptions (configurable via config and command line):
LogInit:  - bVerifyPeer = false  - Libcurl will NOT verify peer certificate
LogInit:  - bUseHttpProxy = false  - Libcurl will NOT use HTTP proxy
LogInit:  - bDontReuseConnections = false  - Libcurl will reuse connections
LogInit:  - CertBundlePath = nullptr  - Libcurl will use whatever was configured at build time.
LogInit: Build: ++UE4+Release-4.18-CL-3794801
LogInit: Engine Version: 4.18.2-3794801+++UE4+Release-4.18
LogInit: Compatible Engine Version: 4.18.0-3709383+++UE4+Release-4.18
LogInit: Net CL: 3709383
LogDevObjectVersion: Number of dev versions registered: 16
LogDevObjectVersion:   Dev-Blueprints (B0D832E4-1F89-4F0D-ACCF-7EB736FD4AA2): 10
LogDevObjectVersion:   Dev-Build (E1C64328-A22C-4D53-A36C-8E866417BD8C): 0
LogDevObjectVersion:   Dev-Core (375EC13C-06E4-48FB-B500-84F0262A717E): 2
LogDevObjectVersion:   Dev-Editor (E4B068ED-F494-42E9-A231-DA0B2E46BB41): 20
LogDevObjectVersion:   Dev-Framework (CFFC743F-43B0-4480-9391-14DF171D2073): 30
LogDevObjectVersion:   Dev-Mobile (B02B49B5-BB20-44E9-A304-32B752E40360): 0
LogDevObjectVersion:   Dev-Networking (A4E4105C-59A1-49B5-A7C5-40C4547EDFEE): 0
LogDevObjectVersion:   Dev-Online (39C831C9-5AE6-47DC-9A44-9C173E1C8E7C): 0
LogDevObjectVersion:   Dev-Physics (78F01B33-EBEA-4F98-B9B4-84EACCB95AA2): 0
LogDevObjectVersion:   Dev-Platform (6631380F-2D4D-43E0-8009-CF276956A95A): 0
LogDevObjectVersion:   Dev-Rendering (12F88B9F-8875-4AFC-A67C-D90C383ABD29): 20
LogDevObjectVersion:   Dev-Sequencer (7B5AE74C-D270-4C10-A958-57980B212A5A): 4
LogDevObjectVersion:   Dev-VR (D7296918-1DD6-4BDD-9DE2-64A83CC13884): 0
LogDevObjectVersion:   Dev-LoadTimes (C2A15278-BFE7-4AFE-6C17-90FF531DF755): 1
LogDevObjectVersion:   Private-Geometry (6EACA3D4-40EC-4CC1-B786-8BED09428FC5): 1
LogDevObjectVersion:   Dev-AnimPhys (29E575DD-E0A3-4627-9D10-D276232CDCEA): 12
LogInit: Compiled (64-bit): Dec  8 2017 02:04:53
LogInit: Compiled with Visual C++: 19.00.24215.01
LogInit: Build Configuration: Development
LogInit: Branch Name: ++UE4+Release-4.18
LogInit: Command line: 
LogInit: Base directory: E:/Program Files/Epic Games/UE_4.18/Engine/Binaries/Win64/
LogInit: Installed Engine Build: 1
LogInit: Presizing for max 8388607 objects, including 0 objects not considered by GC, pre-allocating 0 bytes for permanent pool.
LogInit: Object subsystem initialized
[2018.01.13-21.09.17:136][  0]LogInit: Selected Device Profile: [Windows]
[2018.01.13-21.09.17:136][  0]LogInit: Applying CVar settings loaded from the selected device profile: [Windows]
[2018.01.13-21.09.17:157][  0]LogInit: Computer: PEARL
[2018.01.13-21.09.17:157][  0]LogInit: User: Mrgds2
[2018.01.13-21.09.17:157][  0]LogInit: CPU Page size=4096, Cores=3
[2018.01.13-21.09.17:157][  0]LogInit: High frequency timer resolution =3.429443 MHz
[2018.01.13-21.09.17:157][  0]LogMemory: Memory total: Physical=7.9GB (8GB approx)
[2018.01.13-21.09.17:157][  0]LogMemory: Platform Memory Stats for Windows
[2018.01.13-21.09.17:157][  0]LogMemory: Process Physical Memory: 271.71 MB used, 271.71 MB peak
[2018.01.13-21.09.17:157][  0]LogMemory: Process Virtual Memory: 269.75 MB used, 269.75 MB peak
[2018.01.13-21.09.17:157][  0]LogMemory: Physical Memory: 5102.50 MB used,  2990.36 MB free, 8092.87 MB total
[2018.01.13-21.09.17:157][  0]LogMemory: Virtual Memory: 680.64 MB used,  2990.36 MB free, 134217728.00 MB total
[2018.01.13-21.09.17:455][  0]LogInit: Using OS detected language (en-US).
[2018.01.13-21.09.17:455][  0]LogInit: Using OS detected locale (en-US).
[2018.01.13-21.09.17:459][  0]LogTextLocalizationManager: No specific localization for 'en-US' exists, so the 'en' localization will be used.
[2018.01.13-21.09.18:049][  0]LogInit: Setting process to per monitor DPI aware
[2018.01.13-21.09.18:506][  0]LogD3D11RHI: D3D11 adapters:
[2018.01.13-21.09.18:581][  0]LogD3D11RHI:    0. 'NVIDIA GeForce GTX 970' (Feature Level 11_0)
[2018.01.13-21.09.18:581][  0]LogD3D11RHI:       4058/0/4046 MB DedicatedVideo/DedicatedSystem/SharedSystem, Outputs:2, VendorId:0x10de
[2018.01.13-21.09.18:584][  0]LogD3D11RHI:    1. 'Microsoft Basic Render Driver' (Feature Level 11_0)
[2018.01.13-21.09.18:584][  0]LogD3D11RHI:       0/0/4046 MB DedicatedVideo/DedicatedSystem/SharedSystem, Outputs:0, VendorId:0x1414
[2018.01.13-21.09.18:584][  0]LogD3D11RHI: Chosen D3D11 Adapter: 0
[2018.01.13-21.09.18:594][  0]LogD3D11RHI: Creating new Direct3DDevice
[2018.01.13-21.09.18:594][  0]LogD3D11RHI:     GPU DeviceId: 0x13c2 (for the marketing name, search the web for "GPU Device Id")
[2018.01.13-21.09.18:594][  0]LogWindows: EnumDisplayDevices:
[2018.01.13-21.09.18:594][  0]LogWindows:    0. 'NVIDIA GeForce GTX 970' (P:0 D:1)
[2018.01.13-21.09.18:594][  0]LogWindows:    1. 'NVIDIA GeForce GTX 970' (P:1 D:1)
[2018.01.13-21.09.18:595][  0]LogWindows:    2. 'NVIDIA GeForce GTX 970' (P:0 D:0)
[2018.01.13-21.09.18:595][  0]LogWindows:    3. 'NVIDIA GeForce GTX 970' (P:0 D:0)
[2018.01.13-21.09.18:595][  0]LogWindows: DebugString: GetVideoDriverDetailsInvalid PrimaryIsNotTheChoosenAdapter GetVideoDriverDetailsInvalid PrimaryIsNotTheChoosenAdapter GetVideoDriverDetailsInvalid PrimaryIsNotTheChoosenAdapter GetVideoDriverDetailsInvalid PrimaryIsNotTheChoosenAdapter FoundDriverCount:0 
[2018.01.13-21.09.18:595][  0]LogD3D11RHI:     Adapter Name: NVIDIA GeForce GTX 970
[2018.01.13-21.09.18:595][  0]LogD3D11RHI:   Driver Version: Unknown (internal:Unknown, unified:Unknown)
[2018.01.13-21.09.18:595][  0]LogD3D11RHI:      Driver Date: Unknown
[2018.01.13-21.09.18:595][  0]LogRHI: Texture pool is 2840 MB (70% of 4058 MB)
[2018.01.13-21.09.18:642][  0]LogD3D11RHI: Async texture creation enabled
[2018.01.13-21.09.18:759][  0]LogD3D11RHI: GPU Timing Frequency: 1000.000000 (Debug: 2 1)
[2018.01.13-21.09.18:860][  0]LogShaderCompilers: Guid format shader working directory is -1 characters bigger than the processId version (../../../../../../Documents/GitHub/FITA/FITA_0/Intermediate/Shaders/WorkingDirectory/11852/).
[2018.01.13-21.09.18:860][  0]LogShaderCompilers: Cleaned the shader compiler working directory 'C:/Users/Mrgds/AppData/Local/Temp/UnrealShaderWorkingDir/E63E8BF14EB702E927A72E9FE06F6A8D/'.
[2018.01.13-21.09.18:860][  0]LogShaderCompilers: Display: Using Local Shader Compiler.
[2018.01.13-21.09.22:630][  0]LogTemp: Display: Loaded TP AllDesktopTargetPlatform
[2018.01.13-21.09.22:728][  0]LogTemp: Display: Loaded TP MacClientTargetPlatform
[2018.01.13-21.09.22:829][  0]LogTemp: Display: Loaded TP MacNoEditorTargetPlatform
[2018.01.13-21.09.22:930][  0]LogTemp: Display: Loaded TP MacServerTargetPlatform
[2018.01.13-21.09.23:029][  0]LogTemp: Display: Loaded TP MacTargetPlatform
[2018.01.13-21.09.23:129][  0]LogTemp: Display: Loaded TP WindowsClientTargetPlatform
[2018.01.13-21.09.23:233][  0]LogTemp: Display: Loaded TP WindowsNoEditorTargetPlatform
[2018.01.13-21.09.23:355][  0]LogTemp: Display: Loaded TP WindowsServerTargetPlatform
[2018.01.13-21.09.23:442][  0]LogTemp: Display: Loaded TP WindowsTargetPlatform
[2018.01.13-21.09.23:544][  0]LogTemp: Display: Loaded TP Android_ASTCTargetPlatform
[2018.01.13-21.09.23:654][  0]LogTemp: Display: Loaded TP Android_ATCTargetPlatform
[2018.01.13-21.09.23:755][  0]LogTemp: Display: Loaded TP Android_DXTTargetPlatform
[2018.01.13-21.09.23:851][  0]LogTemp: Display: Loaded TP Android_ETC1TargetPlatform
[2018.01.13-21.09.23:972][  0]LogTemp: Display: Loaded TP Android_ETC2TargetPlatform
[2018.01.13-21.09.24:175][  0]LogTemp: Display: Loaded TP Android_MultiTargetPlatform
[2018.01.13-21.09.24:175][  0]LogTemp: Display: Loaded TP Android_PVRTCTargetPlatform
[2018.01.13-21.09.24:280][  0]LogTemp: Display: Loaded TP AndroidTargetPlatform
[2018.01.13-21.09.24:375][  0]LogTemp: Display: Loaded TP HTML5TargetPlatform
[2018.01.13-21.09.24:530][  0]LogTemp: Display: Loaded TP IOSTargetPlatform
[2018.01.13-21.09.24:584][  0]LogTemp: Display: Loaded TP TVOSTargetPlatform
[2018.01.13-21.09.24:681][  0]LogTemp: Display: Loaded TP LinuxClientTargetPlatform
[2018.01.13-21.09.24:786][  0]LogTemp: Display: Loaded TP LinuxNoEditorTargetPlatform
[2018.01.13-21.09.24:885][  0]LogTemp: Display: Loaded TP LinuxServerTargetPlatform
[2018.01.13-21.09.24:986][  0]LogTemp: Display: Loaded TP LinuxTargetPlatform
[2018.01.13-21.09.24:987][  0]LogTargetPlatformManager: Display: Building Assets For Windows
[2018.01.13-21.09.25:934][  0]LogDerivedDataCache: Display: Max Cache Size: 512 MB
[2018.01.13-21.09.26:085][  0]LogDerivedDataCache: Loaded boot cache 0.15s 78MB C:/Users/Mrgds/AppData/Local/UnrealEngine/4.18/DerivedDataCache/Boot.ddc.
[2018.01.13-21.09.26:086][  0]LogDerivedDataCache: Display: Loaded Boot cache: C:/Users/Mrgds/AppData/Local/UnrealEngine/4.18/DerivedDataCache/Boot.ddc
[2018.01.13-21.09.26:086][  0]LogDerivedDataCache: FDerivedDataBackendGraph:  Pak pak cache file ../../../../../../Documents/GitHub/FITA/FITA_0/DerivedDataCache/DDC.ddp not found, will not use a pak cache.
[2018.01.13-21.09.26:086][  0]LogDerivedDataCache: Unable to find inner node Pak for hierarchical cache Hierarchy.
[2018.01.13-21.09.26:086][  0]LogDerivedDataCache: FDerivedDataBackendGraph:  CompressedPak pak cache file ../../../../../../Documents/GitHub/FITA/FITA_0/DerivedDataCache/Compressed.ddp not found, will not use a pak cache.
[2018.01.13-21.09.26:086][  0]LogDerivedDataCache: Unable to find inner node CompressedPak for hierarchical cache Hierarchy.
[2018.01.13-21.09.26:114][  0]LogDerivedDataCache: Display: Pak cache opened for reading ../../../Engine/DerivedDataCache/Compressed.ddp.
[2018.01.13-21.09.26:126][  0]LogDerivedDataCache: Using Local data cache path C:/Users/Mrgds/AppData/Local/UnrealEngine/Common/DerivedDataCache: Writable
[2018.01.13-21.09.26:148][  0]LogMaterial: Verifying Global Shaders for PCD3D_SM5
[2018.01.13-21.09.26:148][  0]LogSlate: Using Freetype 2.6.0
[2018.01.13-21.09.26:149][  0]LogSlate: SlateFontCache - WITH_FREETYPE: 1, WITH_HARFBUZZ: 1
[2018.01.13-21.09.26:149][  0]LogSlate: SlateFontCache - WITH_FREETYPE: 1, WITH_HARFBUZZ: 1
[2018.01.13-21.09.26:791][  0]LogInit: Selected Device Profile: [Windows]
[2018.01.13-21.09.27:410][  0]LogSimplygon: Simplygon DLL not present - disabling.
[2018.01.13-21.09.27:499][  0]LogMeshReduction: Using SimplygonSwarm for distributed automatic mesh merging
[2018.01.13-21.09.27:499][  0]LogMeshReduction: Using QuadricMeshReduction for automatic static mesh reduction
[2018.01.13-21.09.27:499][  0]LogMeshReduction: No automatic skeletal mesh reduction module available
[2018.01.13-21.09.27:499][  0]LogMeshReduction: No automatic mesh merging module available
[2018.01.13-21.09.27:499][  0]LogMeshMerging: No automatic mesh merging module available
[2018.01.13-21.09.27:553][  0]LogNetVersion: FITA_0 , NetCL: 3709383, EngineNetVer: 2, GameNetVer: 0 (Checksum: 2661453100)
[2018.01.13-21.09.27:805][  0]LogAssetRegistry: FAssetRegistry took 0.0306 seconds to start up
[2018.01.13-21.09.28:676][  0]LogPackageLocalizationCache: Processed 7 localized package path(s) for 2 prioritized culture(s) in 0.085127 seconds
[2018.01.13-21.09.28:683][  0]LogUObjectArray: 35900 objects as part of root set at end of initial load.
[2018.01.13-21.09.28:683][  0]LogUObjectAllocator: 7372016 out of 0 bytes used by permanent object pool.
[2018.01.13-21.09.28:683][  0]LogUObjectArray: CloseDisregardForGC: 0/0 objects in disregard for GC pool
[2018.01.13-21.09.28:798][  0]LogInit: WinSock: version 1.1 (2.2), MaxSocks=32767, MaxUdp=65467
[2018.01.13-21.09.33:651][  0]LogTcpMessaging: Initializing TcpMessaging bridge
[2018.01.13-21.09.33:727][  0]LogUdpMessaging: Initializing bridge on interface 0.0.0.0:0 to multicast group 230.0.0.1:6666.
[2018.01.13-21.09.35:172][  0]LogMaterial: Uniform references updated for custom material expression Custom.
[2018.01.13-21.09.36:001][  0]SourceControl: Source control is disabled
[2018.01.13-21.09.36:001][  0]SourceControl: Source control is disabled
[2018.01.13-21.09.36:110][  0]SourceControl: Source control is disabled
[2018.01.13-21.09.36:221][  0]SourceControl: Source control is disabled
[2018.01.13-21.09.37:929][  0]LogAndroidPermission: UAndroidPermissionCallbackProxy::GetInstance
[2018.01.13-21.09.38:509][  0]LogOcInput: OculusInput pre-init called
[2018.01.13-21.09.39:017][  0]LogEngine: Initializing Engine...
[2018.01.13-21.09.39:024][  0]LogHMD: Failed to initialize OpenVR with code 105
[2018.01.13-21.09.39:399][  0]LogStats: UGameplayTagsManager::ConstructGameplayTagTree: Construct from data asset -  0.000 s
[2018.01.13-21.09.39:399][  0]LogStats: UGameplayTagsManager::ConstructGameplayTagTree: GameplayTagTreeChangedEvent.Broadcast -  0.000 s
[2018.01.13-21.09.39:649][  0]LogAIModule: Creating AISystem for world Untitled
[2018.01.13-21.09.39:676][  0]LogInit: XAudio2 using 'Speakers (Razer Surround Audio Controller)' : 6 channels at 48 kHz using 16 bits per sample (channel mask 0x3f)
[2018.01.13-21.09.39:690][  0]LogInit: FAudioDevice initialized.
[2018.01.13-21.09.39:814][  0]LogDerivedDataCache: Saved boot cache 0.12s 78MB C:/Users/Mrgds/AppData/Local/UnrealEngine/4.18/DerivedDataCache/Boot.ddc.
[2018.01.13-21.09.39:843][  0]LogInit: Texture streaming: Enabled
[2018.01.13-21.09.40:033][  0]LogEngineSessionManager: EngineSessionManager initialized
[2018.01.13-21.09.40:033][  0]LogEngineSessionManager: EngineSessionManager sent abnormal shutdown report. Type=Crashed, SessionId={526EBA99-4143-AF68-D473-808865DA45B2}
[2018.01.13-21.09.40:286][  0]LogInit: Transaction tracking system initialized
[2018.01.13-21.09.40:879][  0]BlueprintLog: New page: Editor Load
[2018.01.13-21.09.42:680][  0]LocalizationService: Localization service is disabled
[2018.01.13-21.09.44:209][  0]LogConsoleResponse: Display: 
[2018.01.13-21.09.44:509][  0]LogCook: Display: Max memory allowance for cook 16384mb min free memory 0mb
[2018.01.13-21.09.44:509][  0]LogCook: Display: Mobile HDR setting 1
[2018.01.13-21.09.44:510][  0]LogGameplayTags: Display: UGameplayTagsManager::DoneAddingNativeTags. DelegateIsBound: 0
[2018.01.13-21.09.44:887][  0]LogFileCache: Scanning file cache for directory 'E:/Documents/GitHub/FITA/FITA_0/Content/' took 0.02s
[2018.01.13-21.09.46:851][  0]SourceControl: Source control is disabled
[2018.01.13-21.09.46:851][  0]Cmd: MAP LOAD FILE="../../../../../../Documents/GitHub/FITA/FITA_0/Content/Level_0.umap" TEMPLATE=0 SHOWPROGRESS=1 FEATURELEVEL=3
[2018.01.13-21.09.46:852][  0]LightingResults: New page: Lighting Build
[2018.01.13-21.09.46:928][  0]MapCheck: New page: Map Check
[2018.01.13-21.09.46:928][  0]LightingResults: New page: Lighting Build
[2018.01.13-21.09.47:612][  0]LogAIModule: Creating AISystem for world Level_0
[2018.01.13-21.09.47:626][  0]LogEditorServer: Finished looking for orphan Actors (0.000 secs)
[2018.01.13-21.09.47:654][  0]Cmd: MAP CHECKDEP NOCLEARLOG
[2018.01.13-21.09.47:745][  0]MapCheck: Map check complete: 0 Error(s), 0 Warning(s), took 91.241ms to complete.
[2018.01.13-21.09.47:746][  0]LogFileHelpers: Loading map 'Level_0' took 0.894
[2018.01.13-21.09.48:051][  0]LogCollectionManager: Loaded 0 collections in 0.002843 seconds
[2018.01.13-21.09.48:182][  0]LogFileCache: Scanning file cache for directory 'E:/Documents/GitHub/FITA/FITA_0/Saved/Collections/' took 0.01s
[2018.01.13-21.09.48:182][  0]LogFileCache: Scanning file cache for directory 'E:/Documents/GitHub/FITA/FITA_0/Content/Developers/Mrgds2/Collections/' took 0.01s
[2018.01.13-21.09.48:182][  0]LogFileCache: Scanning file cache for directory 'E:/Documents/GitHub/FITA/FITA_0/Content/Collections/' took 0.01s
[2018.01.13-21.09.48:182][  0]LogCollectionManager: Rebuilt the GUID cache for 0 collections in 0.000001 seconds
[2018.01.13-21.09.48:198][  0]LogContentBrowser: Native class hierarchy populated in 0.0162 seconds. Added 2368 classes and 523 folders.
[2018.01.13-21.09.48:333][  0]LogContentBrowser: Native class hierarchy updated for 'WidgetCarousel' in 0.0013 seconds. Added 0 classes and 0 folders.
[2018.01.13-21.09.48:406][  0]LogContentBrowser: Native class hierarchy updated for 'AddContentDialog' in 0.0009 seconds. Added 0 classes and 0 folders.
[2018.01.13-21.09.48:470][  0]LogSlate: Took 0.000300 seconds to synchronously load lazily loaded font '../../../Engine/Content/Slate/Fonts/Roboto-Regular.ttf' (155K)
[2018.01.13-21.09.48:476][  0]LogSlate: Took 0.000404 seconds to synchronously load lazily loaded font '../../../Engine/Content/Slate/Fonts/Roboto-Bold.ttf' (160K)
[2018.01.13-21.09.48:480][  0]LogSlate: Took 0.000272 seconds to synchronously load lazily loaded font '../../../Engine/Content/Editor/Slate/Fonts/FontAwesome.ttf' (139K)
[2018.01.13-21.09.48:480][  0]LogSlate: Took 0.000169 seconds to synchronously load lazily loaded font '../../../Engine/Content/Editor/Slate/Fonts/DroidSansMono.ttf' (77K)
[2018.01.13-21.09.48:667][  0]LogRenderer: Reallocating scene render targets to support 1200x688 Format 10 NumSamples 1 (Frame:1).
[2018.01.13-21.09.48:963][  0]LogContentBrowser: Native class hierarchy updated for 'HierarchicalLODOutliner' in 0.0012 seconds. Added 1 classes and 2 folders.
[2018.01.13-21.09.48:964][  0]LogLoad: (Engine Initialization) Total time: 36.71 seconds
[2018.01.13-21.09.48:964][  0]LogLoad: (Engine Initialization) Total Blueprint compile time: 0.00 seconds
[2018.01.13-21.09.48:964][  0]LogExternalProfiler: Found external profiler: VSPerf
[2018.01.13-21.09.48:964][  0]LogExternalProfiler: Using external profiler: VSPerf
[2018.01.13-21.09.49:325][  0]LogContentStreaming: Texture pool size now 1000 MB
[2018.01.13-21.09.49:653][  1]LogAssetRegistry: Asset discovery search completed in 21.8706 seconds
[2018.01.13-21.09.49:655][  1]LogCollectionManager: Rebuilt the object cache for 0 collections in 0.000000 seconds (found 0 objects)
[2018.01.13-21.09.49:655][  1]LogCollectionManager: Fixed up redirectors for 0 collections in 0.000199 seconds (updated 0 objects)
[2018.01.13-21.10.59:678][156]LogSlate: Took 0.018168 seconds to synchronously load lazily loaded font '../../../Engine/Content/Slate/Fonts/Roboto-Light.ttf' (159K)
[2018.01.13-21.11.05:180][416]LogSlate: Took 0.000227 seconds to synchronously load lazily loaded font '../../../Engine/Content/Slate/Fonts/Roboto-Light.ttf' (159K)
[2018.01.13-21.11.06:039][416]LogSlate: Took 0.000253 seconds to synchronously load lazily loaded font '../../../Engine/Content/Slate/Fonts/Roboto-Regular.ttf' (155K)
[2018.01.13-21.11.06:322][416]LogContentBrowser: Native class hierarchy updated for 'BlueprintGraph' in 0.0018 seconds. Added 116 classes and 0 folders.
[2018.01.13-21.11.08:543][416]LogSlate: Took 0.025030 seconds to synchronously load lazily loaded font '../../../Engine/Content/Editor/Slate/Fonts/Roboto-BoldCondensed.ttf' (158K)
[2018.01.13-21.11.13:684][572]LogSlate: Took 0.018926 seconds to synchronously load lazily loaded font '../../../Engine/Content/Editor/Slate/Fonts/Roboto-Italic.ttf' (157K)
[2018.01.13-21.11.28:264][993]LogVSAccessor: Warning: Couldn't access Visual Studio
[2018.01.13-21.11.28:276][993]Candidate modules for hot reload:
[2018.01.13-21.11.28:277][993]  FITA_0
[2018.01.13-21.11.28:277][993]Launching UnrealBuildTool... [E:/Program Files/Epic Games/UE_4.18/Engine/Binaries/DotNET/UnrealBuildTool.exe FITA_0 -ModuleWithSuffix FITA_0 4062 Win64 Development -editorrecompile -canskiplink "E:/Documents/GitHub/FITA/FITA_0/FITA_0.uproject" ]
[2018.01.13-21.11.28:413][993]Warning: Starting HotReload took  0.2s.
[2018.01.13-21.17.20:803][533]CompilerResultsLog: New page: Compilation - Jan 13, 2018, 11:17:20 AM
[2018.01.13-21.17.20:818][533]CompilerResultsLog: Using 'git status' to determine working set for adaptive non-unity build.
[2018.01.13-21.17.20:818][533]CompilerResultsLog: Compiling game modules for hot reload
[2018.01.13-21.17.20:819][533]CompilerResultsLog: Parsing headers for FITA_0Editor
[2018.01.13-21.17.20:819][533]CompilerResultsLog:   Running UnrealHeaderTool "E:\Documents\GitHub\FITA\FITA_0\FITA_0.uproject" "E:\Documents\GitHub\FITA\FITA_0\Intermediate\Build\Win64\FITA_0Editor\Development\FITA_0Editor.uhtmanifest" -LogCmds="loginit warning, logexit warning, logdatabase error" -Unattended -WarningsAsErrors -installed
[2018.01.13-21.17.20:820][533]CompilerResultsLog: Reflection code generated for FITA_0Editor in 29.050542 seconds
[2018.01.13-21.17.20:821][533]CompilerResultsLog: Performing 4 actions (3 in parallel)
[2018.01.13-21.17.20:821][533]CompilerResultsLog: Grabber.gen.cpp
[2018.01.13-21.17.20:822][533]CompilerResultsLog: Grabber.cpp
[2018.01.13-21.17.20:844][533]LogMainFrame: MainFrame: Module compiling took 352.581 seconds
[2018.01.13-21.17.20:845][533]Warning: HotReload failed, recompile failed
[2018.01.13-21.17.37:192][794]LogEditorViewport: Clicking on Actor (LMB): StaticMeshActor (Floor)
[2018.01.13-21.23.34:750][368]LogVSAccessor: Warning: Couldn't access Visual Studio
[2018.01.13-21.23.34:765][368]Candidate modules for hot reload:
[2018.01.13-21.23.34:765][368]  FITA_0
[2018.01.13-21.23.34:765][368]Launching UnrealBuildTool... [E:/Program Files/Epic Games/UE_4.18/Engine/Binaries/DotNET/UnrealBuildTool.exe FITA_0 -ModuleWithSuffix FITA_0 7883 Win64 Development -editorrecompile -canskiplink "E:/Documents/GitHub/FITA/FITA_0/FITA_0.uproject" ]
[2018.01.13-21.23.34:906][368]Warning: Starting HotReload took  0.2s.
[2018.01.13-21.31.48:507][109]CompilerResultsLog: New page: Compilation - Jan 13, 2018, 11:31:48 AM
[2018.01.13-21.31.48:517][109]CompilerResultsLog: Performing full C++ include scan (hot reloading a new target)
[2018.01.13-21.31.48:518][109]CompilerResultsLog: Using 'git status' to determine working set for adaptive non-unity build.
[2018.01.13-21.31.48:518][109]CompilerResultsLog: Creating makefile for hot reloading FITA_0 (game project files are newer)
[2018.01.13-21.31.48:518][109]CompilerResultsLog: Compiling game modules for hot reload
[2018.01.13-21.31.48:519][109]CompilerResultsLog: Performing 4 actions (3 in parallel)
[2018.01.13-21.31.48:519][109]CompilerResultsLog: [2/4] Resource PCLaunch.rc
[2018.01.13-21.31.48:519][109]CompilerResultsLog: Grabber.cpp
[2018.01.13-21.31.48:519][109]CompilerResultsLog: Error: E:\Documents\GitHub\FITA\FITA_0\Source\FITA_0\Grabber.cpp(45) : error C2672: 'UInputComponent::BindAction': no matching overloaded function found
[2018.01.13-21.31.48:520][109]CompilerResultsLog: Error: E:\Documents\GitHub\FITA\FITA_0\Source\FITA_0\Grabber.cpp(45) : error C2780: 'FInputActionBinding &UInputComponent::BindAction(const FName,const EInputEvent,UserClass *,DelegateType::TUObjectMethodDelegate<UserClass>::FMethodPtr,VarTypes...)': expects 5 arguments - 3 provided
[2018.01.13-21.31.48:521][109]CompilerResultsLog: Error: E:\Program Files\Epic Games\UE_4.18\Engine\Source\Runtime\Engine\Classes\Components/InputComponent.h(688) : note: see declaration of 'UInputComponent::BindAction'
[2018.01.13-21.31.48:522][109]CompilerResultsLog: Error: E:\Documents\GitHub\FITA\FITA_0\Source\FITA_0\Grabber.cpp(45) : error C2780: 'FInputActionBinding &UInputComponent::BindAction(const FName,const EInputEvent,UserClass *,TBaseDelegate<void,FKey>::TUObjectMethodDelegate<UserClass>::FMethodPtr)': expects 4 arguments - 3 provided
[2018.01.13-21.31.48:523][109]CompilerResultsLog: Error: E:\Program Files\Epic Games\UE_4.18\Engine\Source\Runtime\Engine\Classes\Components/InputComponent.h(676) : note: see declaration of 'UInputComponent::BindAction'
[2018.01.13-21.31.48:523][109]CompilerResultsLog: Error: E:\Documents\GitHub\FITA\FITA_0\Source\FITA_0\Grabber.cpp(45) : error C2780: 'FInputActionBinding &UInputComponent::BindAction(const FName,const EInputEvent,UserClass *,TBaseDelegate<void>::TUObjectMethodDelegate<UserClass>::FMethodPtr)': expects 4 arguments - 3 provided
[2018.01.13-21.31.48:524][109]CompilerResultsLog: Error: E:\Program Files\Epic Games\UE_4.18\Engine\Source\Runtime\Engine\Classes\Components/InputComponent.h(664) : note: see declaration of 'UInputComponent::BindAction'
[2018.01.13-21.31.48:524][109]CompilerResultsLog: ERROR: UBT ERROR: Failed to produce item: E:\Documents\GitHub\FITA\FITA_0\Binaries\Win64\UE4Editor-FITA_0-7883.dll
[2018.01.13-21.31.48:524][109]CompilerResultsLog: Total build time: 493.04 seconds (Local executor: 0.00 seconds)
[2018.01.13-21.31.48:527][109]LogMainFrame: MainFrame: Module compiling took 493.777 seconds
[2018.01.13-21.31.48:528][109]Warning: HotReload failed, recompile failed
[2018.01.13-21.32.49:396][670]LogVSAccessor: Warning: Visual Studio is open but could not be queried - it may be blocked by a modal operation
[2018.01.13-21.32.58:160][688]LogVSAccessor: Warning: Visual Studio is open but could not be queried - it may be blocked by a modal operation
[2018.01.13-21.32.58:198][689]LogVSAccessor: Warning: Visual Studio is open but could not be queried - it may be blocked by a modal operation
[2018.01.13-21.32.58:300][690]LogVSAccessor: Warning: Visual Studio is open but could not be queried - it may be blocked by a modal operation
[2018.01.13-21.32.58:349][691]LogVSAccessor: Warning: Visual Studio is open but could not be queried - it may be blocked by a modal operation
[2018.01.13-21.32.58:399][692]LogVSAccessor: Warning: Visual Studio is open but could not be queried - it may be blocked by a modal operation
[2018.01.13-21.34.32:871][ 16]LogVSAccessor: Warning: Couldn't access Visual Studio
[2018.01.13-21.34.32:929][ 16]Candidate modules for hot reload:
[2018.01.13-21.34.32:929][ 16]  FITA_0
[2018.01.13-21.34.32:930][ 16]Launching UnrealBuildTool... [E:/Program Files/Epic Games/UE_4.18/Engine/Binaries/DotNET/UnrealBuildTool.exe FITA_0 -ModuleWithSuffix FITA_0 4349 Win64 Development -editorrecompile -canskiplink "E:/Documents/GitHub/FITA/FITA_0/FITA_0.uproject" ]
[2018.01.13-21.34.33:598][ 16]Warning: Starting HotReload took  0.7s.
[2018.01.13-21.37.26:760][557]LogWindows: LaunchFileInExternalEditor E:\Documents\GitHub\FITA\FITA_0\Source\FITA_0\Grabber.cpp 
[2018.01.13-21.37.28:884][557]LogWindows: Launch application code for E:\Documents\GitHub\FITA\FITA_0\Source\FITA_0\Grabber.cpp : 42
[2018.01.13-21.37.28:884][557]LogVSAccessor: Warning: Couldn't access Visual Studio
[2018.01.13-21.37.28:941][557]LogVSAccessor: Warning: Couldn't access module table
[2018.01.13-21.37.28:942][557]LogVSAccessor: Warning: Couldn't access module table
[2018.01.13-21.37.28:942][557]LogVSAccessor: Warning: Couldn't access module table
[2018.01.13-21.37.28:942][557]LogVSAccessor: Warning: Couldn't access module table
[2018.01.13-21.37.28:942][557]LogVSAccessor: Warning: Couldn't access module table
[2018.01.13-21.37.28:943][557]LogVSAccessor: Warning: Couldn't access module table
[2018.01.13-21.37.28:943][557]LogVSAccessor: Warning: Couldn't access module table
[2018.01.13-21.37.28:943][557]LogVSAccessor: Warning: Couldn't access module table
[2018.01.13-21.37.28:943][557]LogVSAccessor: Warning: Couldn't access module table
[2018.01.13-21.37.28:943][557]LogVSAccessor: Warning: Couldn't access module table
[2018.01.13-21.37.28:946][557]LogVSAccessor: Warning: Couldn't access module table
[2018.01.13-21.37.28:947][557]LogVSAccessor: Warning: Couldn't access module table
[2018.01.13-21.37.28:947][557]LogVSAccessor: Warning: Couldn't access module table
[2018.01.13-21.37.28:947][557]LogVSAccessor: Warning: Couldn't access module table
[2018.01.13-21.37.28:947][557]LogVSAccessor: Warning: Couldn't access module table
[2018.01.13-21.37.28:947][557]LogVSAccessor: Warning: Couldn't access module table
[2018.01.13-21.37.28:948][557]LogVSAccessor: Warning: Couldn't access module table
[2018.01.13-21.37.28:948][557]LogVSAccessor: Warning: Couldn't access module table
[2018.01.13-21.37.28:948][557]LogVSAccessor: Warning: Couldn't access module table
[2018.01.13-21.37.28:948][557]LogVSAccessor: Warning: Couldn't access module table
[2018.01.13-21.37.28:949][557]LogVSAccessor: Warning: Couldn't access module table
[2018.01.13-21.37.28:949][557]LogVSAccessor: Warning: Couldn't access module table
[2018.01.13-21.37.28:949][557]LogVSAccessor: Warning: Couldn't access module table
[2018.01.13-21.37.28:949][557]LogVSAccessor: Warning: Couldn't access module table
[2018.01.13-21.37.28:949][557]LogVSAccessor: Warning: Couldn't access module table
[2018.01.13-21.37.28:950][557]LogVSAccessor: Warning: Couldn't access module table
[2018.01.13-21.37.28:950][557]LogVSAccessor: Warning: Couldn't access module table
[2018.01.13-21.37.28:950][557]LogVSAccessor: Warning: Couldn't access module table
[2018.01.13-21.37.28:950][557]LogVSAccessor: Warning: Couldn't access module table
[2018.01.13-21.37.28:951][557]LogVSAccessor: Warning: Couldn't access module table
[2018.01.13-21.37.28:951][557]LogVSAccessor: Warning: Couldn't access module table
[2018.01.13-21.37.28:951][557]LogVSAccessor: Warning: Couldn't access module table
[2018.01.13-21.37.28:951][557]LogVSAccessor: Warning: Couldn't access module table
[2018.01.13-21.37.28:952][557]LogVSAccessor: Warning: Couldn't access module table
[2018.01.13-21.37.28:952][557]LogVSAccessor: Warning: Couldn't access module table
[2018.01.13-21.37.28:952][557]LogVSAccessor: Warning: Couldn't access module table
[2018.01.13-21.37.28:952][557]LogVSAccessor: Warning: Couldn't access module table
[2018.01.13-21.37.28:952][557]LogVSAccessor: Warning: Couldn't access module table
[2018.01.13-21.37.28:952][557]LogVSAccessor: Warning: Couldn't access module table
[2018.01.13-21.37.28:953][557]LogVSAccessor: Warning: Couldn't access module table
[2018.01.13-21.37.28:953][557]LogVSAccessor: Warning: Couldn't access module table
[2018.01.13-21.37.28:953][557]LogVSAccessor: Warning: Couldn't access module table
[2018.01.13-21.37.28:953][557]LogVSAccessor: Warning: Couldn't access module table
[2018.01.13-21.37.28:954][557]LogVSAccessor: Warning: Couldn't access module table
[2018.01.13-21.37.28:954][557]LogVSAccessor: Warning: Couldn't access module table
[2018.01.13-21.37.28:954][557]LogVSAccessor: Warning: Couldn't access module table
[2018.01.13-21.37.28:955][557]LogVSAccessor: Warning: Couldn't access module table
[2018.01.13-21.37.28:955][557]LogVSAccessor: Warning: Couldn't access module table
[2018.01.13-21.37.28:955][557]LogVSAccessor: Warning: Couldn't access module table
[2018.01.13-21.37.28:955][557]LogVSAccessor: Warning: Couldn't access module table
[2018.01.13-21.37.28:955][557]LogVSAccessor: Warning: Couldn't access module table
[2018.01.13-21.37.28:955][557]LogVSAccessor: Warning: Couldn't access module table
[2018.01.13-21.37.28:956][557]LogVSAccessor: Warning: Couldn't access module table
[2018.01.13-21.37.28:956][557]LogVSAccessor: Warning: Couldn't access module table
[2018.01.13-21.37.28:956][557]LogVSAccessor: Warning: Couldn't access module table
[2018.01.13-21.37.28:956][557]LogVSAccessor: Warning: Couldn't access module table
[2018.01.13-21.37.28:956][557]LogVSAccessor: Warning: Couldn't access module table
[2018.01.13-21.37.28:957][557]LogVSAccessor: Warning: Couldn't access module table
[2018.01.13-21.37.28:957][557]LogVSAccessor: Warning: Couldn't access module table
[2018.01.13-21.37.28:957][557]LogVSAccessor: Warning: Couldn't access module table
[2018.01.13-21.37.28:957][557]LogVSAccessor: Warning: Couldn't access module table
[2018.01.13-21.37.28:957][557]LogVSAccessor: Warning: Couldn't access module table
[2018.01.13-21.37.28:958][557]LogVSAccessor: Warning: Couldn't access module table
[2018.01.13-21.37.28:958][557]LogVSAccessor: Warning: Couldn't access module table
[2018.01.13-21.37.28:958][557]LogVSAccessor: Warning: Couldn't access module table
[2018.01.13-21.37.28:958][557]LogVSAccessor: Warning: Couldn't access module table
[2018.01.13-21.37.28:958][557]LogVSAccessor: Warning: Couldn't access module table
[2018.01.13-21.37.28:959][557]LogVSAccessor: Warning: Couldn't access module table
[2018.01.13-21.37.28:959][557]LogVSAccessor: Warning: Couldn't access module table
[2018.01.13-21.37.28:959][557]LogVSAccessor: Warning: Couldn't access module table
[2018.01.13-21.37.28:959][557]LogVSAccessor: Warning: Couldn't access module table
[2018.01.13-21.37.28:960][557]LogVSAccessor: Warning: Couldn't access module table
[2018.01.13-21.37.28:961][557]LogVSAccessor: Warning: Couldn't access module table
[2018.01.13-21.37.28:961][557]LogVSAccessor: Warning: Couldn't access module table
[2018.01.13-21.37.28:961][557]LogVSAccessor: Warning: Couldn't access module table
[2018.01.13-21.37.28:961][557]LogVSAccessor: Warning: Couldn't access module table
[2018.01.13-21.37.28:961][557]LogVSAccessor: Warning: Couldn't access module table
[2018.01.13-21.37.28:962][557]LogVSAccessor: Warning: Couldn't access module table
[2018.01.13-21.37.28:962][557]LogVSAccessor: Warning: Couldn't access module table
[2018.01.13-21.37.28:962][557]LogVSAccessor: Warning: Couldn't access module table
[2018.01.13-21.37.28:962][557]LogVSAccessor: Warning: Couldn't access module table
[2018.01.13-21.37.28:963][557]LogVSAccessor: Warning: Couldn't access module table
[2018.01.13-21.37.28:963][557]LogVSAccessor: Warning: Couldn't access module table
[2018.01.13-21.37.28:963][557]LogVSAccessor: Warning: Couldn't access module table
[2018.01.13-21.37.28:963][557]LogVSAccessor: Warning: Couldn't access module table
[2018.01.13-21.37.28:963][557]LogVSAccessor: Warning: Couldn't access module table
[2018.01.13-21.37.28:964][557]LogVSAccessor: Warning: Couldn't access module table
[2018.01.13-21.37.28:964][557]LogVSAccessor: Warning: Couldn't access module table
[2018.01.13-21.37.28:964][557]LogVSAccessor: Warning: Couldn't access module table
[2018.01.13-21.37.28:964][557]LogVSAccessor: Warning: Couldn't access module table
[2018.01.13-21.37.28:972][557]LogVSAccessor: Warning: Couldn't access module table
[2018.01.13-21.37.28:973][557]LogVSAccessor: Warning: Couldn't access module table
[2018.01.13-21.37.28:973][557]LogVSAccessor: Warning: Couldn't access module table
[2018.01.13-21.37.28:973][557]LogVSAccessor: Warning: Couldn't access module table
[2018.01.13-21.37.28:973][557]LogVSAccessor: Warning: Couldn't access module table
[2018.01.13-21.37.28:974][557]LogVSAccessor: Warning: Couldn't access module table
[2018.01.13-21.37.29:020][557]LogVSAccessor: Warning: Couldn't access module table
[2018.01.13-21.37.29:055][557]LogVSAccessor: Warning: Couldn't access module table
[2018.01.13-21.37.29:055][557]LogVSAccessor: Warning: Couldn't access module table
[2018.01.13-21.37.29:060][557]LogVSAccessor: Warning: Couldn't access module table
[2018.01.13-21.37.29:060][557]LogVSAccessor: Warning: Couldn't access module table
[2018.01.13-21.37.29:061][557]LogVSAccessor: Warning: Couldn't access module table
[2018.01.13-21.37.29:062][557]LogVSAccessor: Warning: Couldn't access module table
[2018.01.13-21.37.29:085][557]LogVSAccessor: Warning: Couldn't access module table
[2018.01.13-21.37.29:086][557]LogVSAccessor: Warning: Couldn't access module table
[2018.01.13-21.37.29:086][557]LogVSAccessor: Warning: Couldn't access module table
[2018.01.13-21.37.29:086][557]LogVSAccessor: Warning: Couldn't access module table
[2018.01.13-21.37.29:092][557]LogVSAccessor: Warning: Couldn't access module table
[2018.01.13-21.37.29:097][557]LogVSAccessor: Warning: Couldn't access module table
[2018.01.13-21.37.29:100][557]LogVSAccessor: Warning: Couldn't access module table
[2018.01.13-21.37.29:100][557]LogVSAccessor: Warning: Couldn't access module table
[2018.01.13-21.37.29:100][557]LogVSAccessor: Warning: Couldn't access module table
[2018.01.13-21.37.29:100][557]LogVSAccessor: Warning: Couldn't access module table
[2018.01.13-21.49.42:208][785]CompilerResultsLog: New page: Compilation - Jan 13, 2018, 11:49:42 AM
[2018.01.13-21.49.42:209][785]CompilerResultsLog: Using 'git status' to determine working set for adaptive non-unity build.
[2018.01.13-21.49.42:209][785]CompilerResultsLog: Compiling game modules for hot reload
[2018.01.13-21.49.42:210][785]CompilerResultsLog: Performing 3 actions (3 in parallel)
[2018.01.13-21.49.42:210][785]CompilerResultsLog: Grabber.cpp
[2018.01.13-21.49.42:210][785]CompilerResultsLog: [2/3] Link UE4Editor-FITA_0-4349.dll
[2018.01.13-21.49.42:210][785]CompilerResultsLog: [3/3] Link UE4Editor-FITA_0-4349.lib
[2018.01.13-21.49.42:211][785]CompilerResultsLog:    Creating library E:\Documents\GitHub\FITA\FITA_0\Intermediate\Build\Win64\UE4Editor\Development\UE4Editor-FITA_0-4349.lib and object E:\Documents\GitHub\FITA\FITA_0\Intermediate\Build\Win64\UE4Editor\Development\UE4Editor-FITA_0-4349.exp
[2018.01.13-21.49.42:212][785]CompilerResultsLog:    Creating library E:\Documents\GitHub\FITA\FITA_0\Intermediate\Build\Win64\UE4Editor\Development\UE4Editor-FITA_0-4349.suppressed.lib and object E:\Documents\GitHub\FITA\FITA_0\Intermediate\Build\Win64\UE4Editor\Development\UE4Editor-FITA_0-4349.suppressed.exp
[2018.01.13-21.49.42:214][785]CompilerResultsLog: Total build time: 906.91 seconds (Local executor: 859.64 seconds)
[2018.01.13-21.49.42:214][785]LogMainFrame: MainFrame: Module compiling took 909.343 seconds
[2018.01.13-21.49.47:012][785]LogContentBrowser: Native class hierarchy updated for 'FITA_0' in 0.0599 seconds. Added 4 classes and 2 folders.
[2018.01.13-21.49.47:048][785]Display: HotReload successful (0 functions remapped  0 scriptstructs remapped)
[2018.01.13-21.49.50:562][785]LogContentBrowser: Native class hierarchy populated in 0.0520 seconds. Added 2369 classes and 525 folders.
[2018.01.13-21.49.50:601][785]Display: HotReload took 917.7s.
[2018.01.13-21.50.02:690][914]LogTemp: Repeating last play command: New Editor Window (PIE)
[2018.01.13-21.50.03:044][914]LogPlayLevel: PlayLevel: No blueprints needed recompiling
[2018.01.13-21.50.03:118][914]PIE: New page: PIE session: Level_0 (Jan 13, 2018, 11:50:03 AM)
[2018.01.13-21.50.03:142][914]LogPlayLevel: Creating play world package: /Game/UEDPIE_0_Level_0
[2018.01.13-21.50.03:764][914]LogPlayLevel: PIE: StaticDuplicateObject took: (0.591852s)
[2018.01.13-21.50.04:018][914]LogAIModule: Creating AISystem for world Level_0
[2018.01.13-21.50.04:120][914]LogPlayLevel: PIE: World Init took: (0.355988s)
[2018.01.13-21.50.04:136][914]LogPlayLevel: PIE: Created PIE world by copying editor world from /Game/Level_0.Level_0 to /Game/UEDPIE_0_Level_0.Level_0 (0.997385s)
[2018.01.13-21.50.04:614][914]LogInit: XAudio2 using 'Speakers (Razer Surround Audio Controller)' : 6 channels at 48 kHz using 16 bits per sample (channel mask 0x3f)
[2018.01.13-21.50.04:662][914]LogInit: FAudioDevice initialized.
[2018.01.13-21.50.05:743][914]LogLoad: Game class is 'MyFITA_0GameModeBase_BP_C'
[2018.01.13-21.50.06:004][914]LogWorld: Bringing World /Game/UEDPIE_0_Level_0.Level_0 up for play (max tick rate 0) at 2018.01.13-16.50.06
[2018.01.13-21.50.06:025][914]LogWorld: Bringing up level for play took: 0.161697
[2018.01.13-21.50.07:151][914]LogContentBrowser: Native class hierarchy updated for 'MovieSceneCapture' in 0.0015 seconds. Added 11 classes and 0 folders.
[2018.01.13-21.50.07:395][914]LogTemp: Warning: Grabber has spawned
[2018.01.13-21.50.18:864][914]LogWindows: Error: === Critical error: ===
[2018.01.13-21.50.18:864][914]LogWindows: Error: 
[2018.01.13-21.50.18:875][914]LogWindows: Error: Fatal error!
[2018.01.13-21.50.18:875][914]LogWindows: Error: 
[2018.01.13-21.50.18:875][914]LogWindows: Error: Unhandled Exception: EXCEPTION_ACCESS_VIOLATION reading address 0x000000bb
[2018.01.13-21.50.18:875][914]LogWindows: Error: 
[2018.01.13-21.50.18:875][914]LogWindows: Error: [Callstack] 0x00000000646429C6 UE4Editor-FITA_0-4349.dll!UGrabber::BeginPlay() [e:\documents\github\fita\fita_0\source\fita_0\grabber.cpp:28]
[2018.01.13-21.50.18:875][914]LogWindows: Error: [Callstack] 0x00000000268EF78A UE4Editor-Engine.dll!UnknownFunction []
[2018.01.13-21.50.18:875][914]LogWindows: Error: [Callstack] 0x00000000268FCAEB UE4Editor-Engine.dll!UnknownFunction []
[2018.01.13-21.50.18:875][914]LogWindows: Error: [Callstack] 0x0000000027AF5790 UE4Editor-Engine.dll!UnknownFunction []
[2018.01.13-21.50.18:875][914]LogWindows: Error: [Callstack] 0x000000002704DAC1 UE4Editor-Engine.dll!UnknownFunction []
[2018.01.13-21.50.18:875][914]LogWindows: Error: [Callstack] 0x0000000027AE06AE UE4Editor-Engine.dll!UnknownFunction []
[2018.01.13-21.50.18:875][914]LogWindows: Error: [Callstack] 0x00000000270704CE UE4Editor-Engine.dll!UnknownFunction []
[2018.01.13-21.50.18:875][914]LogWindows: Error: [Callstack] 0x0000000036C4B235 UE4Editor-UnrealEd.dll!UnknownFunction []
[2018.01.13-21.50.18:875][914]LogWindows: Error: [Callstack] 0x0000000036C7556E UE4Editor-UnrealEd.dll!UnknownFunction []
[2018.01.13-21.50.18:875][914]LogWindows: Error: [Callstack] 0x0000000036C9192F UE4Editor-UnrealEd.dll!UnknownFunction []
[2018.01.13-21.50.18:875][914]LogWindows: Error: [Callstack] 0x00000000366E6024 UE4Editor-UnrealEd.dll!UnknownFunction []
[2018.01.13-21.50.18:875][914]LogWindows: Error: [Callstack] 0x0000000036F94AC6 UE4Editor-UnrealEd.dll!UnknownFunction []
[2018.01.13-21.50.18:875][914]LogWindows: Error: [Callstack] 0x00000000D8155A26 UE4Editor.exe!UnknownFunction []
[2018.01.13-21.50.18:875][914]LogWindows: Error: [Callstack] 0x00000000D8165430 UE4Editor.exe!UnknownFunction []
[2018.01.13-21.50.18:875][914]LogWindows: Error: [Callstack] 0x00000000D81654AA UE4Editor.exe!UnknownFunction []
[2018.01.13-21.50.18:875][914]LogWindows: Error: [Callstack] 0x00000000D8172379 UE4Editor.exe!UnknownFunction []
[2018.01.13-21.50.18:875][914]LogWindows: Error: [Callstack] 0x00000000D8173D57 UE4Editor.exe!UnknownFunction []
[2018.01.13-21.50.18:875][914]LogWindows: Error: [Callstack] 0x0000000069D81FE4 KERNEL32.DLL!UnknownFunction []
[2018.01.13-21.50.18:875][914]LogWindows: Error: [Callstack] 0x000000006A42EF91 ntdll.dll!UnknownFunction []
[2018.01.13-21.50.18:875][914]LogWindows: Error: [Callstack] 0x000000006A42EF91 ntdll.dll!UnknownFunction []
[2018.01.13-21.50.18:875][914]LogWindows: Error: 
[2018.01.13-21.50.18:967][914]LogExit: Executing StaticShutdownAfterError
[2018.01.13-21.50.19:456][914]LogWindows: FPlatformMisc::RequestExit(1)
[2018.01.13-21.50.19:474][914]Log file closed, 01/13/18 16:50:19
